2023-03-28 13:47:23 [main] INFO  c.m.d.t.t.k.s.TwitterToKafkaServiceApplication - Starting TwitterToKafkaServiceApplication on DESKTOP-JJNK2Q2 with PID 13956 (C:\Spring Boot projects\microservices-demo\twitter-to-kafka-service\target\classes started by Daiana in C:\Spring Boot projects\microservices-demo\twitter-to-kafka-service)
2023-03-28 13:47:23 [main] INFO  c.m.d.t.t.k.s.TwitterToKafkaServiceApplication - No active profile set, falling back to default profiles: default
2023-03-28 13:47:23 [main] INFO  o.a.k.c.admin.AdminClientConfig - AdminClientConfig values: 
	bootstrap.servers = [localhost:19092, localhost:29092, localhost:39092]
	client.dns.lookup = default
	client.id = 
	connections.max.idle.ms = 300000
	default.api.timeout.ms = 60000
	metadata.max.age.ms = 300000
	metric.reporters = []
	metrics.num.samples = 2
	metrics.recording.level = INFO
	metrics.sample.window.ms = 30000
	receive.buffer.bytes = 65536
	reconnect.backoff.max.ms = 1000
	reconnect.backoff.ms = 50
	request.timeout.ms = 30000
	retries = 2147483647
	retry.backoff.ms = 100
	sasl.client.callback.handler.class = null
	sasl.jaas.config = null
	sasl.kerberos.kinit.cmd = /usr/bin/kinit
	sasl.kerberos.min.time.before.relogin = 60000
	sasl.kerberos.service.name = null
	sasl.kerberos.ticket.renew.jitter = 0.05
	sasl.kerberos.ticket.renew.window.factor = 0.8
	sasl.login.callback.handler.class = null
	sasl.login.class = null
	sasl.login.refresh.buffer.seconds = 300
	sasl.login.refresh.min.period.seconds = 60
	sasl.login.refresh.window.factor = 0.8
	sasl.login.refresh.window.jitter = 0.05
	sasl.mechanism = GSSAPI
	security.protocol = PLAINTEXT
	security.providers = null
	send.buffer.bytes = 131072
	ssl.cipher.suites = null
	ssl.enabled.protocols = [TLSv1.2]
	ssl.endpoint.identification.algorithm = https
	ssl.key.password = null
	ssl.keymanager.algorithm = SunX509
	ssl.keystore.location = null
	ssl.keystore.password = null
	ssl.keystore.type = JKS
	ssl.protocol = TLSv1.2
	ssl.provider = null
	ssl.secure.random.implementation = null
	ssl.trustmanager.algorithm = PKIX
	ssl.truststore.location = null
	ssl.truststore.password = null
	ssl.truststore.type = JKS

2023-03-28 13:47:23 [main] INFO  o.a.kafka.common.utils.AppInfoParser - Kafka version: 2.5.1
2023-03-28 13:47:23 [main] INFO  o.a.kafka.common.utils.AppInfoParser - Kafka commitId: 0efa8fb0f4c73d92
2023-03-28 13:47:23 [main] INFO  o.a.kafka.common.utils.AppInfoParser - Kafka startTimeMs: 1680000443967
2023-03-28 13:47:24 [main] INFO  o.s.b.w.e.netty.NettyWebServer - Netty started on port(s): 8080
2023-03-28 13:47:24 [main] INFO  c.m.d.t.t.k.s.TwitterToKafkaServiceApplication - Started TwitterToKafkaServiceApplication in 1.958 seconds (JVM running for 2.493)
2023-03-28 13:47:24 [main] INFO  c.m.d.t.t.k.s.TwitterToKafkaServiceApplication - App starts...
2023-03-28 13:47:24 [main] INFO  c.m.d.k.a.client.KafkaAdminClient - Creating 1 topic(s), attempts 0
2023-03-28 13:47:24 [main] INFO  c.m.d.k.a.client.KafkaAdminClient - Reading kafka topic [twitter-topic], attempt 0
2023-03-28 13:47:24 [main] INFO  c.m.d.k.a.client.KafkaAdminClient - Topic with name twitter-topic
2023-03-28 13:47:24 [main] INFO  c.m.d.k.a.client.KafkaAdminClient - Topic with name _schemas
2023-03-28 13:47:24 [main] INFO  c.m.d.k.a.client.KafkaAdminClient - Topic with name __confluent.support.metrics
2023-03-28 13:47:25 [main] INFO  c.m.d.t.t.k.s.i.i.KafkaStreamInitializer - Topics with name twitter-topic is ready for operations!
2023-03-28 13:47:25 [main] INFO  c.m.d.t.t.k.s.r.i.MockKafkaStreamRunner - Starting mock filtering mock streams for keywords [Java, Microservices, Spring, Kafka, Elasticsearch]
2023-03-28 13:47:25 [pool-1-thread-1] INFO  c.m.d.t.t.k.s.l.TwitterKafkaStatusListener - Twitter status text ipsum ipsum ipsum lectus libero porttitor Spring Lorem amet pulvinar Fusce sending to kafka topic twitter-topic
2023-03-28 13:47:25 [pool-1-thread-1] INFO  c.m.d.k.p.s.i.TwitterKafkaProducer - Sending message='{"userId": 218591215891291552, "id": 2002595622957454028, "text": "ipsum ipsum ipsum lectus libero porttitor Spring Lorem amet pulvinar Fusce", "createdAt": 1680000445000}' to topic='twitter-topic'
2023-03-28 13:49:03 [SpringContextShutdownHook] INFO  c.m.d.k.p.s.i.TwitterKafkaProducer - Closing kafka producer!
2023-03-28 13:50:21 [main] INFO  c.m.d.t.t.k.s.TwitterToKafkaServiceApplication - Starting TwitterToKafkaServiceApplication on DESKTOP-JJNK2Q2 with PID 20440 (C:\Spring Boot projects\microservices-demo\twitter-to-kafka-service\target\classes started by Daiana in C:\Spring Boot projects\microservices-demo\twitter-to-kafka-service)
2023-03-28 13:50:21 [main] INFO  c.m.d.t.t.k.s.TwitterToKafkaServiceApplication - No active profile set, falling back to default profiles: default
2023-03-28 13:50:21 [main] WARN  o.s.b.w.r.c.AnnotationConfigReactiveWebServerApplicationContext - Exception encountered during context initialization - cancelling refresh attempt: org.springframework.beans.factory.BeanCreationException: Error creating bean with name 'org.springframework.aop.config.internalAutoProxyCreator': Initialization of bean failed; nested exception is java.lang.NoClassDefFoundError: org/aspectj/lang/annotation/Pointcut
2023-03-28 13:50:21 [main] INFO  o.s.b.a.l.ConditionEvaluationReportLoggingListener - 

Error starting ApplicationContext. To display the conditions report re-run your application with 'debug' enabled.
2023-03-28 13:50:21 [main] ERROR o.s.boot.SpringApplication - Application run failed
org.springframework.beans.factory.BeanCreationException: Error creating bean with name 'org.springframework.aop.config.internalAutoProxyCreator': Initialization of bean failed; nested exception is java.lang.NoClassDefFoundError: org/aspectj/lang/annotation/Pointcut
	at org.springframework.beans.factory.support.AbstractAutowireCapableBeanFactory.doCreateBean(AbstractAutowireCapableBeanFactory.java:602)
	at org.springframework.beans.factory.support.AbstractAutowireCapableBeanFactory.createBean(AbstractAutowireCapableBeanFactory.java:516)
	at org.springframework.beans.factory.support.AbstractBeanFactory.lambda$doGetBean$0(AbstractBeanFactory.java:324)
	at org.springframework.beans.factory.support.DefaultSingletonBeanRegistry.getSingleton(DefaultSingletonBeanRegistry.java:234)
	at org.springframework.beans.factory.support.AbstractBeanFactory.doGetBean(AbstractBeanFactory.java:322)
	at org.springframework.beans.factory.support.AbstractBeanFactory.getBean(AbstractBeanFactory.java:207)
	at org.springframework.context.support.PostProcessorRegistrationDelegate.registerBeanPostProcessors(PostProcessorRegistrationDelegate.java:229)
	at org.springframework.context.support.AbstractApplicationContext.registerBeanPostProcessors(AbstractApplicationContext.java:723)
	at org.springframework.context.support.AbstractApplicationContext.refresh(AbstractApplicationContext.java:536)
	at org.springframework.boot.web.reactive.context.ReactiveWebServerApplicationContext.refresh(ReactiveWebServerApplicationContext.java:62)
	at org.springframework.boot.SpringApplication.refresh(SpringApplication.java:758)
	at org.springframework.boot.SpringApplication.refresh(SpringApplication.java:750)
	at org.springframework.boot.SpringApplication.refreshContext(SpringApplication.java:397)
	at org.springframework.boot.SpringApplication.run(SpringApplication.java:315)
	at org.springframework.boot.SpringApplication.run(SpringApplication.java:1237)
	at org.springframework.boot.SpringApplication.run(SpringApplication.java:1226)
	at com.microservices.demo.twitter.to.kafka.service.TwitterToKafkaServiceApplication.main(TwitterToKafkaServiceApplication.java:23)
Caused by: java.lang.NoClassDefFoundError: org/aspectj/lang/annotation/Pointcut
	at org.springframework.aop.aspectj.annotation.AbstractAspectJAdvisorFactory.<clinit>(AbstractAspectJAdvisorFactory.java:62)
	at org.springframework.aop.aspectj.annotation.AnnotationAwareAspectJAutoProxyCreator.initBeanFactory(AnnotationAwareAspectJAutoProxyCreator.java:82)
	at org.springframework.aop.framework.autoproxy.AbstractAdvisorAutoProxyCreator.setBeanFactory(AbstractAdvisorAutoProxyCreator.java:65)
	at org.springframework.beans.factory.support.AbstractAutowireCapableBeanFactory.invokeAwareMethods(AbstractAutowireCapableBeanFactory.java:1816)
	at org.springframework.beans.factory.support.AbstractAutowireCapableBeanFactory.initializeBean(AbstractAutowireCapableBeanFactory.java:1781)
	at org.springframework.beans.factory.support.AbstractAutowireCapableBeanFactory.doCreateBean(AbstractAutowireCapableBeanFactory.java:594)
	... 16 common frames omitted
Caused by: java.lang.ClassNotFoundException: org.aspectj.lang.annotation.Pointcut
	at java.base/jdk.internal.loader.BuiltinClassLoader.loadClass(BuiltinClassLoader.java:581)
	at java.base/jdk.internal.loader.ClassLoaders$AppClassLoader.loadClass(ClassLoaders.java:178)
	at java.base/java.lang.ClassLoader.loadClass(ClassLoader.java:521)
	... 22 common frames omitted
2023-03-28 13:51:50 [main] INFO  c.m.d.t.t.k.s.TwitterToKafkaServiceApplication - Starting TwitterToKafkaServiceApplication on DESKTOP-JJNK2Q2 with PID 7304 (C:\Spring Boot projects\microservices-demo\twitter-to-kafka-service\target\classes started by Daiana in C:\Spring Boot projects\microservices-demo\twitter-to-kafka-service)
2023-03-28 13:51:50 [main] INFO  c.m.d.t.t.k.s.TwitterToKafkaServiceApplication - No active profile set, falling back to default profiles: default
2023-03-28 13:51:51 [main] INFO  o.a.k.c.admin.AdminClientConfig - AdminClientConfig values: 
	bootstrap.servers = [localhost:19092, localhost:29092, localhost:39092]
	client.dns.lookup = default
	client.id = 
	connections.max.idle.ms = 300000
	default.api.timeout.ms = 60000
	metadata.max.age.ms = 300000
	metric.reporters = []
	metrics.num.samples = 2
	metrics.recording.level = INFO
	metrics.sample.window.ms = 30000
	receive.buffer.bytes = 65536
	reconnect.backoff.max.ms = 1000
	reconnect.backoff.ms = 50
	request.timeout.ms = 30000
	retries = 2147483647
	retry.backoff.ms = 100
	sasl.client.callback.handler.class = null
	sasl.jaas.config = null
	sasl.kerberos.kinit.cmd = /usr/bin/kinit
	sasl.kerberos.min.time.before.relogin = 60000
	sasl.kerberos.service.name = null
	sasl.kerberos.ticket.renew.jitter = 0.05
	sasl.kerberos.ticket.renew.window.factor = 0.8
	sasl.login.callback.handler.class = null
	sasl.login.class = null
	sasl.login.refresh.buffer.seconds = 300
	sasl.login.refresh.min.period.seconds = 60
	sasl.login.refresh.window.factor = 0.8
	sasl.login.refresh.window.jitter = 0.05
	sasl.mechanism = GSSAPI
	security.protocol = PLAINTEXT
	security.providers = null
	send.buffer.bytes = 131072
	ssl.cipher.suites = null
	ssl.enabled.protocols = [TLSv1.2]
	ssl.endpoint.identification.algorithm = https
	ssl.key.password = null
	ssl.keymanager.algorithm = SunX509
	ssl.keystore.location = null
	ssl.keystore.password = null
	ssl.keystore.type = JKS
	ssl.protocol = TLSv1.2
	ssl.provider = null
	ssl.secure.random.implementation = null
	ssl.trustmanager.algorithm = PKIX
	ssl.truststore.location = null
	ssl.truststore.password = null
	ssl.truststore.type = JKS

2023-03-28 13:51:51 [main] INFO  o.a.kafka.common.utils.AppInfoParser - Kafka version: 2.5.1
2023-03-28 13:51:51 [main] INFO  o.a.kafka.common.utils.AppInfoParser - Kafka commitId: 0efa8fb0f4c73d92
2023-03-28 13:51:51 [main] INFO  o.a.kafka.common.utils.AppInfoParser - Kafka startTimeMs: 1680000711828
2023-03-28 13:51:52 [main] INFO  o.s.b.w.e.netty.NettyWebServer - Netty started on port(s): 8080
2023-03-28 13:51:52 [main] INFO  c.m.d.t.t.k.s.TwitterToKafkaServiceApplication - Started TwitterToKafkaServiceApplication in 1.921 seconds (JVM running for 2.373)
2023-03-28 13:51:52 [main] INFO  c.m.d.t.t.k.s.TwitterToKafkaServiceApplication - App starts...
2023-03-28 13:51:52 [main] INFO  c.m.d.k.a.client.KafkaAdminClient - Creating 1 topic(s), attempts 0
2023-03-28 13:51:52 [main] INFO  c.m.d.k.a.client.KafkaAdminClient - Reading kafka topic [twitter-topic], attempt 0
2023-03-28 13:51:52 [main] INFO  c.m.d.k.a.client.KafkaAdminClient - Topic with name twitter-topic
2023-03-28 13:51:52 [main] INFO  c.m.d.k.a.client.KafkaAdminClient - Topic with name _schemas
2023-03-28 13:51:52 [main] INFO  c.m.d.k.a.client.KafkaAdminClient - Topic with name __confluent.support.metrics
2023-03-28 13:51:52 [main] INFO  c.m.d.t.t.k.s.i.i.KafkaStreamInitializer - Topics with name twitter-topic is ready for operations!
2023-03-28 13:51:52 [main] INFO  c.m.d.t.t.k.s.r.i.MockKafkaStreamRunner - Starting mock filtering mock streams for keywords [Java, Microservices, Spring, Kafka, Elasticsearch]
2023-03-28 13:51:52 [pool-1-thread-1] INFO  c.m.d.t.t.k.s.l.TwitterKafkaStatusListener - Twitter status text sed lectus elit porttitor lectus malesuada ipsum magna Elasticsearch magna elit ultricies dolor libero amet sending to kafka topic twitter-topic
2023-03-28 13:51:52 [pool-1-thread-1] INFO  c.m.d.k.p.s.i.TwitterKafkaProducer - Sending message='{"userId": 4458111772748917235, "id": 7646397953371968864, "text": "sed lectus elit porttitor lectus malesuada ipsum magna Elasticsearch magna elit ultricies dolor libero amet", "createdAt": 1680000712000}' to topic='twitter-topic'
2023-03-28 13:55:55 [SpringContextShutdownHook] INFO  c.m.d.k.p.s.i.TwitterKafkaProducer - Closing kafka producer!
2023-03-28 16:52:39 [main] INFO  c.m.d.t.t.k.s.TwitterToKafkaServiceApplication - Starting TwitterToKafkaServiceApplication on DESKTOP-JJNK2Q2 with PID 16912 (C:\Spring Boot projects\microservices-demo\twitter-to-kafka-service\target\classes started by Daiana in C:\Spring Boot projects\microservices-demo\twitter-to-kafka-service)
2023-03-28 16:52:39 [main] INFO  c.m.d.t.t.k.s.TwitterToKafkaServiceApplication - No active profile set, falling back to default profiles: default
2023-03-28 16:52:40 [main] INFO  o.a.k.c.admin.AdminClientConfig - AdminClientConfig values: 
	bootstrap.servers = [localhost:19092, localhost:29092, localhost:39092]
	client.dns.lookup = default
	client.id = 
	connections.max.idle.ms = 300000
	default.api.timeout.ms = 60000
	metadata.max.age.ms = 300000
	metric.reporters = []
	metrics.num.samples = 2
	metrics.recording.level = INFO
	metrics.sample.window.ms = 30000
	receive.buffer.bytes = 65536
	reconnect.backoff.max.ms = 1000
	reconnect.backoff.ms = 50
	request.timeout.ms = 30000
	retries = 2147483647
	retry.backoff.ms = 100
	sasl.client.callback.handler.class = null
	sasl.jaas.config = null
	sasl.kerberos.kinit.cmd = /usr/bin/kinit
	sasl.kerberos.min.time.before.relogin = 60000
	sasl.kerberos.service.name = null
	sasl.kerberos.ticket.renew.jitter = 0.05
	sasl.kerberos.ticket.renew.window.factor = 0.8
	sasl.login.callback.handler.class = null
	sasl.login.class = null
	sasl.login.refresh.buffer.seconds = 300
	sasl.login.refresh.min.period.seconds = 60
	sasl.login.refresh.window.factor = 0.8
	sasl.login.refresh.window.jitter = 0.05
	sasl.mechanism = GSSAPI
	security.protocol = PLAINTEXT
	security.providers = null
	send.buffer.bytes = 131072
	ssl.cipher.suites = null
	ssl.enabled.protocols = [TLSv1.2]
	ssl.endpoint.identification.algorithm = https
	ssl.key.password = null
	ssl.keymanager.algorithm = SunX509
	ssl.keystore.location = null
	ssl.keystore.password = null
	ssl.keystore.type = JKS
	ssl.protocol = TLSv1.2
	ssl.provider = null
	ssl.secure.random.implementation = null
	ssl.trustmanager.algorithm = PKIX
	ssl.truststore.location = null
	ssl.truststore.password = null
	ssl.truststore.type = JKS

2023-03-28 16:52:41 [main] INFO  o.a.kafka.common.utils.AppInfoParser - Kafka version: 2.5.1
2023-03-28 16:52:41 [main] INFO  o.a.kafka.common.utils.AppInfoParser - Kafka commitId: 0efa8fb0f4c73d92
2023-03-28 16:52:41 [main] INFO  o.a.kafka.common.utils.AppInfoParser - Kafka startTimeMs: 1680011561024
2023-03-28 16:52:42 [main] INFO  o.s.b.w.e.netty.NettyWebServer - Netty started on port(s): 8080
2023-03-28 16:52:42 [main] INFO  c.m.d.t.t.k.s.TwitterToKafkaServiceApplication - Started TwitterToKafkaServiceApplication in 2.606 seconds (JVM running for 3.16)
2023-03-28 16:52:42 [main] INFO  c.m.d.t.t.k.s.TwitterToKafkaServiceApplication - App starts...
2023-03-28 16:52:42 [main] INFO  c.m.d.k.a.client.KafkaAdminClient - Creating 1 topic(s), attempts 0
2023-03-28 16:52:42 [main] INFO  c.m.d.k.a.client.KafkaAdminClient - Create topic result [KafkaFuture{value=null,exception=null,done=false}]
2023-03-28 16:52:42 [main] INFO  c.m.d.k.a.client.KafkaAdminClient - Reading kafka topic [twitter-topic], attempt 0
2023-03-28 16:52:42 [main] INFO  c.m.d.k.a.client.KafkaAdminClient - Topic with name twitter-topic
2023-03-28 16:52:42 [main] INFO  c.m.d.k.a.client.KafkaAdminClient - Topic with name _schemas
2023-03-28 16:52:42 [main] INFO  c.m.d.k.a.client.KafkaAdminClient - Topic with name __confluent.support.metrics
2023-03-28 16:52:42 [main] INFO  c.m.d.t.t.k.s.i.i.KafkaStreamInitializer - Topics with name twitter-topic is ready for operations!
2023-03-28 16:52:42 [main] INFO  c.m.d.t.t.k.s.r.i.MockKafkaStreamRunner - Starting mock filtering mock streams for keywords [Java, Microservices, Spring, Kafka, Elasticsearch]
2023-03-28 16:52:42 [main] INFO  c.m.d.t.t.k.s.r.i.MockKafkaStreamRunner - ----->>> Here 111
2023-03-28 16:52:42 [pool-1-thread-1] INFO  c.m.d.t.t.k.s.r.i.MockKafkaStreamRunner - ----->>> inside while ----------->>>
2023-03-28 16:52:42 [pool-1-thread-1] INFO  c.m.d.t.t.k.s.r.i.MockKafkaStreamRunner - ----->>> Here 222
2023-03-28 16:52:42 [pool-1-thread-1] INFO  c.m.d.t.t.k.s.l.TwitterKafkaStatusListener - Twitter status text congue dolor Fusce ipsum malesuada Kafka elit malesuada porttitor sending to kafka topic twitter-topic
2023-03-28 16:52:42 [pool-1-thread-1] INFO  c.m.d.k.p.s.i.TwitterKafkaProducer - Sending message='{"userId": 4415767701968370283, "id": 4446882069518246188, "text": "congue dolor Fusce ipsum malesuada Kafka elit malesuada porttitor", "createdAt": 1680011562000}' to topic='twitter-topic'
2023-03-28 16:56:33 [SpringContextShutdownHook] INFO  c.m.d.k.p.s.i.TwitterKafkaProducer - Closing kafka producer!
2023-03-28 16:58:38 [main] INFO  c.m.d.t.t.k.s.TwitterToKafkaServiceApplication - Starting TwitterToKafkaServiceApplication on DESKTOP-JJNK2Q2 with PID 3084 (C:\Spring Boot projects\microservices-demo\twitter-to-kafka-service\target\classes started by Daiana in C:\Spring Boot projects\microservices-demo\twitter-to-kafka-service)
2023-03-28 16:58:38 [main] INFO  c.m.d.t.t.k.s.TwitterToKafkaServiceApplication - No active profile set, falling back to default profiles: default
2023-03-28 16:58:39 [main] INFO  o.a.k.c.admin.AdminClientConfig - AdminClientConfig values: 
	bootstrap.servers = [localhost:19092, localhost:29092, localhost:39092]
	client.dns.lookup = default
	client.id = 
	connections.max.idle.ms = 300000
	default.api.timeout.ms = 60000
	metadata.max.age.ms = 300000
	metric.reporters = []
	metrics.num.samples = 2
	metrics.recording.level = INFO
	metrics.sample.window.ms = 30000
	receive.buffer.bytes = 65536
	reconnect.backoff.max.ms = 1000
	reconnect.backoff.ms = 50
	request.timeout.ms = 30000
	retries = 2147483647
	retry.backoff.ms = 100
	sasl.client.callback.handler.class = null
	sasl.jaas.config = null
	sasl.kerberos.kinit.cmd = /usr/bin/kinit
	sasl.kerberos.min.time.before.relogin = 60000
	sasl.kerberos.service.name = null
	sasl.kerberos.ticket.renew.jitter = 0.05
	sasl.kerberos.ticket.renew.window.factor = 0.8
	sasl.login.callback.handler.class = null
	sasl.login.class = null
	sasl.login.refresh.buffer.seconds = 300
	sasl.login.refresh.min.period.seconds = 60
	sasl.login.refresh.window.factor = 0.8
	sasl.login.refresh.window.jitter = 0.05
	sasl.mechanism = GSSAPI
	security.protocol = PLAINTEXT
	security.providers = null
	send.buffer.bytes = 131072
	ssl.cipher.suites = null
	ssl.enabled.protocols = [TLSv1.2]
	ssl.endpoint.identification.algorithm = https
	ssl.key.password = null
	ssl.keymanager.algorithm = SunX509
	ssl.keystore.location = null
	ssl.keystore.password = null
	ssl.keystore.type = JKS
	ssl.protocol = TLSv1.2
	ssl.provider = null
	ssl.secure.random.implementation = null
	ssl.trustmanager.algorithm = PKIX
	ssl.truststore.location = null
	ssl.truststore.password = null
	ssl.truststore.type = JKS

2023-03-28 16:58:39 [main] INFO  o.a.kafka.common.utils.AppInfoParser - Kafka version: 2.5.1
2023-03-28 16:58:39 [main] INFO  o.a.kafka.common.utils.AppInfoParser - Kafka commitId: 0efa8fb0f4c73d92
2023-03-28 16:58:39 [main] INFO  o.a.kafka.common.utils.AppInfoParser - Kafka startTimeMs: 1680011919756
2023-03-28 16:58:40 [main] INFO  o.s.b.w.e.netty.NettyWebServer - Netty started on port(s): 8080
2023-03-28 16:58:40 [main] INFO  c.m.d.t.t.k.s.TwitterToKafkaServiceApplication - Started TwitterToKafkaServiceApplication in 2.589 seconds (JVM running for 3.092)
2023-03-28 16:58:40 [main] INFO  c.m.d.t.t.k.s.TwitterToKafkaServiceApplication - App starts...
2023-03-28 16:58:40 [main] INFO  c.m.d.k.a.client.KafkaAdminClient - Creating 1 topic(s), attempts 0
2023-03-28 16:58:40 [main] INFO  c.m.d.k.a.client.KafkaAdminClient - Create topic result [KafkaFuture{value=null,exception=null,done=false}]
2023-03-28 16:58:40 [main] INFO  c.m.d.k.a.client.KafkaAdminClient - Reading kafka topic [twitter-topic], attempt 0
2023-03-28 16:58:40 [main] INFO  c.m.d.k.a.client.KafkaAdminClient - Topic with name twitter-topic
2023-03-28 16:58:40 [main] INFO  c.m.d.k.a.client.KafkaAdminClient - Topic with name _schemas
2023-03-28 16:58:40 [main] INFO  c.m.d.k.a.client.KafkaAdminClient - Topic with name __confluent.support.metrics
2023-03-28 16:58:41 [main] INFO  c.m.d.t.t.k.s.i.i.KafkaStreamInitializer - Topics with name twitter-topic is ready for operations!
2023-03-28 16:58:41 [main] INFO  c.m.d.t.t.k.s.r.i.MockKafkaStreamRunner - Starting mock filtering mock streams for keywords [Java, Microservices, Spring, Kafka, Elasticsearch]
2023-03-28 16:58:41 [main] INFO  c.m.d.t.t.k.s.r.i.MockKafkaStreamRunner - ----->>> Here 111
2023-03-28 16:58:41 [pool-1-thread-1] INFO  c.m.d.t.t.k.s.r.i.MockKafkaStreamRunner - ----->>> inside while ----------->>>
2023-03-28 16:58:41 [pool-1-thread-1] INFO  c.m.d.t.t.k.s.r.i.MockKafkaStreamRunner - ----->>> Here 222
2023-03-28 16:58:41 [pool-1-thread-1] INFO  c.m.d.t.t.k.s.l.TwitterKafkaStatusListener - Twitter status text sit sed massa consectetuer elit malesuada elit Java malesuada lectus dolor adipiscing porttitor Fusce sending to kafka topic twitter-topic
2023-03-28 16:58:41 [pool-1-thread-1] INFO  c.m.d.k.p.s.i.TwitterKafkaProducer - Sending message='{"userId": 5258824298448861529, "id": 8060129457872450186, "text": "sit sed massa consectetuer elit malesuada elit Java malesuada lectus dolor adipiscing porttitor Fusce", "createdAt": 1680011921000}' to topic='twitter-topic'
2023-03-28 16:58:54 [SpringContextShutdownHook] INFO  c.m.d.k.p.s.i.TwitterKafkaProducer - Closing kafka producer!
2023-03-28 17:00:06 [main] INFO  c.m.d.t.t.k.s.TwitterToKafkaServiceApplication - Starting TwitterToKafkaServiceApplication on DESKTOP-JJNK2Q2 with PID 12880 (C:\Spring Boot projects\microservices-demo\twitter-to-kafka-service\target\classes started by Daiana in C:\Spring Boot projects\microservices-demo\twitter-to-kafka-service)
2023-03-28 17:00:06 [main] INFO  c.m.d.t.t.k.s.TwitterToKafkaServiceApplication - No active profile set, falling back to default profiles: default
2023-03-28 17:00:06 [main] INFO  o.a.k.c.admin.AdminClientConfig - AdminClientConfig values: 
	bootstrap.servers = [localhost:19092, localhost:29092, localhost:39092]
	client.dns.lookup = default
	client.id = 
	connections.max.idle.ms = 300000
	default.api.timeout.ms = 60000
	metadata.max.age.ms = 300000
	metric.reporters = []
	metrics.num.samples = 2
	metrics.recording.level = INFO
	metrics.sample.window.ms = 30000
	receive.buffer.bytes = 65536
	reconnect.backoff.max.ms = 1000
	reconnect.backoff.ms = 50
	request.timeout.ms = 30000
	retries = 2147483647
	retry.backoff.ms = 100
	sasl.client.callback.handler.class = null
	sasl.jaas.config = null
	sasl.kerberos.kinit.cmd = /usr/bin/kinit
	sasl.kerberos.min.time.before.relogin = 60000
	sasl.kerberos.service.name = null
	sasl.kerberos.ticket.renew.jitter = 0.05
	sasl.kerberos.ticket.renew.window.factor = 0.8
	sasl.login.callback.handler.class = null
	sasl.login.class = null
	sasl.login.refresh.buffer.seconds = 300
	sasl.login.refresh.min.period.seconds = 60
	sasl.login.refresh.window.factor = 0.8
	sasl.login.refresh.window.jitter = 0.05
	sasl.mechanism = GSSAPI
	security.protocol = PLAINTEXT
	security.providers = null
	send.buffer.bytes = 131072
	ssl.cipher.suites = null
	ssl.enabled.protocols = [TLSv1.2]
	ssl.endpoint.identification.algorithm = https
	ssl.key.password = null
	ssl.keymanager.algorithm = SunX509
	ssl.keystore.location = null
	ssl.keystore.password = null
	ssl.keystore.type = JKS
	ssl.protocol = TLSv1.2
	ssl.provider = null
	ssl.secure.random.implementation = null
	ssl.trustmanager.algorithm = PKIX
	ssl.truststore.location = null
	ssl.truststore.password = null
	ssl.truststore.type = JKS

2023-03-28 17:00:07 [main] INFO  o.a.kafka.common.utils.AppInfoParser - Kafka version: 2.5.1
2023-03-28 17:00:07 [main] INFO  o.a.kafka.common.utils.AppInfoParser - Kafka commitId: 0efa8fb0f4c73d92
2023-03-28 17:00:07 [main] INFO  o.a.kafka.common.utils.AppInfoParser - Kafka startTimeMs: 1680012007325
2023-03-28 17:00:08 [main] INFO  o.s.b.w.e.netty.NettyWebServer - Netty started on port(s): 8080
2023-03-28 17:00:08 [main] INFO  c.m.d.t.t.k.s.TwitterToKafkaServiceApplication - Started TwitterToKafkaServiceApplication in 2.528 seconds (JVM running for 3.084)
2023-03-28 17:00:08 [main] INFO  c.m.d.t.t.k.s.TwitterToKafkaServiceApplication - App starts...
2023-03-28 17:00:08 [main] INFO  c.m.d.k.a.client.KafkaAdminClient - Creating 1 topic(s), attempts 0
2023-03-28 17:00:08 [main] INFO  c.m.d.k.a.client.KafkaAdminClient - Create topic result [KafkaFuture{value=null,exception=null,done=false}]
2023-03-28 17:00:08 [main] INFO  c.m.d.k.a.client.KafkaAdminClient - Reading kafka topic [twitter-topic], attempt 0
2023-03-28 17:00:08 [main] INFO  c.m.d.k.a.client.KafkaAdminClient - Topic with name twitter-topic
2023-03-28 17:00:08 [main] INFO  c.m.d.k.a.client.KafkaAdminClient - Topic with name _schemas
2023-03-28 17:00:08 [main] INFO  c.m.d.k.a.client.KafkaAdminClient - Topic with name __confluent.support.metrics
2023-03-28 17:00:08 [main] INFO  c.m.d.t.t.k.s.i.i.KafkaStreamInitializer - Topics with name twitter-topic is ready for operations!
2023-03-28 17:00:08 [main] INFO  c.m.d.t.t.k.s.r.i.MockKafkaStreamRunner - Starting mock filtering mock streams for keywords [Java, Microservices, Spring, Kafka, Elasticsearch]
2023-03-28 17:00:08 [main] INFO  c.m.d.t.t.k.s.r.i.MockKafkaStreamRunner - ----->>> Here 111
2023-03-28 17:00:08 [pool-1-thread-1] INFO  c.m.d.t.t.k.s.r.i.MockKafkaStreamRunner - ----->>> inside while ----------->>>
2023-03-28 17:00:08 [pool-1-thread-1] INFO  c.m.d.t.t.k.s.r.i.MockKafkaStreamRunner - ----->>> Here 222
2023-03-28 17:00:08 [pool-1-thread-1] INFO  c.m.d.t.t.k.s.l.TwitterKafkaStatusListener - Twitter status text porttitor pulvinar malesuada ipsum pulvinar Maecenas porttitor elit Java Maecenas congue malesuada massa massa ultricies sending to kafka topic twitter-topic
2023-03-28 17:00:08 [pool-1-thread-1] INFO  c.m.d.k.p.s.i.TwitterKafkaProducer - Sending message='{"userId": 6167673006117588641, "id": 6680085235601370531, "text": "porttitor pulvinar malesuada ipsum pulvinar Maecenas porttitor elit Java Maecenas congue malesuada massa massa ultricies", "createdAt": 1680012008000}' to topic='twitter-topic'
2023-03-28 17:11:39 [SpringContextShutdownHook] INFO  c.m.d.k.p.s.i.TwitterKafkaProducer - Closing kafka producer!
