2023-04-29 19:59:19 [background-preinit] INFO  o.h.validator.internal.util.Version - HV000001: Hibernate Validator 6.1.5.Final
2023-04-29 19:59:20 [main] INFO  o.s.c.c.c.ConfigServicePropertySourceLocator - Fetching config from server at : http://localhost:8888
2023-04-29 19:59:20 [main] INFO  o.s.c.c.c.ConfigServicePropertySourceLocator - Fetching config from server at : http://localhost:8888
2023-04-29 19:59:21 [main] INFO  o.s.c.c.c.ConfigServicePropertySourceLocator - Located environment: name=elastic-query-web-client,config-client, profiles=[elastic_query_web], label=null, version=4d2c491ad9e84f22e824d928fdea3bee0e135401, state=null
2023-04-29 19:59:21 [main] INFO  o.s.c.c.c.ConfigServicePropertySourceLocator - Located environment: name=elastic-query-web-client,config-client, profiles=[elastic_query_web], label=null, version=4d2c491ad9e84f22e824d928fdea3bee0e135401, state=null
2023-04-29 19:59:21 [main] INFO  o.s.c.b.c.PropertySourceBootstrapConfiguration - Located property source: [BootstrapPropertySource {name='bootstrapProperties-configClient'}, BootstrapPropertySource {name='bootstrapProperties-https://github.com/software-dev2010/spring-cloud-config-server-repository/config-client-elastic_query_web.yml'}, BootstrapPropertySource {name='bootstrapProperties-https://github.com/software-dev2010/spring-cloud-config-server-repository/config-client.yml'}]
2023-04-29 19:59:21 [main] INFO  o.s.c.b.c.PropertySourceBootstrapConfiguration - Located property source: [BootstrapPropertySource {name='bootstrapProperties-configClient'}, BootstrapPropertySource {name='bootstrapProperties-https://github.com/software-dev2010/spring-cloud-config-server-repository/config-client-elastic_query_web.yml'}, BootstrapPropertySource {name='bootstrapProperties-https://github.com/software-dev2010/spring-cloud-config-server-repository/config-client.yml'}]
2023-04-29 19:59:21 [main] INFO  c.m.d.e.q.w.c.ElasticQueryWebClientApplication - The following profiles are active: elastic_query_web
2023-04-29 19:59:22 [main] INFO  o.s.cloud.context.scope.GenericScope - BeanFactory id=90e0c62f-6198-31c9-94f9-db18007b6beb
2023-04-29 19:59:22 [main] INFO  o.s.cloud.context.scope.GenericScope - BeanFactory id=90e0c62f-6198-31c9-94f9-db18007b6beb
2023-04-29 19:59:22 [main] INFO  o.s.b.w.e.tomcat.TomcatWebServer - Tomcat initialized with port(s): 8184 (http)
2023-04-29 19:59:22 [main] INFO  o.s.b.w.e.tomcat.TomcatWebServer - Tomcat initialized with port(s): 8184 (http)
2023-04-29 19:59:22 [main] INFO  o.a.coyote.http11.Http11NioProtocol - Initializing ProtocolHandler ["http-nio-8184"]
2023-04-29 19:59:22 [main] INFO  o.a.catalina.core.StandardService - Starting service [Tomcat]
2023-04-29 19:59:22 [main] INFO  o.a.catalina.core.StandardEngine - Starting Servlet engine: [Apache Tomcat/9.0.38]
2023-04-29 19:59:22 [main] INFO  o.a.c.c.C.[.[.[/elastic-query-web-client] - Initializing Spring embedded WebApplicationContext
2023-04-29 19:59:22 [main] INFO  o.s.b.w.s.c.ServletWebServerApplicationContext - Root WebApplicationContext: initialization completed in 1017 ms
2023-04-29 19:59:22 [main] INFO  o.s.b.w.s.c.ServletWebServerApplicationContext - Root WebApplicationContext: initialization completed in 1017 ms
2023-04-29 19:59:23 [main] INFO  o.s.s.web.DefaultSecurityFilterChain - Creating filter chain: any request, [org.springframework.security.web.context.request.async.WebAsyncManagerIntegrationFilter@6cbb175, org.springframework.security.web.context.SecurityContextPersistenceFilter@52d0f583, org.springframework.security.web.header.HeaderWriterFilter@6a950a3b, org.springframework.security.web.csrf.CsrfFilter@2c30c81d, org.springframework.security.web.authentication.logout.LogoutFilter@79ba0a6f, org.springframework.security.web.authentication.www.BasicAuthenticationFilter@5d352de0, org.springframework.security.web.savedrequest.RequestCacheAwareFilter@12d40609, org.springframework.security.web.servletapi.SecurityContextHolderAwareRequestFilter@7af0affa, org.springframework.security.web.authentication.AnonymousAuthenticationFilter@38fb50f8, org.springframework.security.web.session.SessionManagementFilter@4315c28c, org.springframework.security.web.access.ExceptionTranslationFilter@10177794, org.springframework.security.web.access.intercept.FilterSecurityInterceptor@668cc9a2]
2023-04-29 19:59:23 [main] INFO  o.s.s.web.DefaultSecurityFilterChain - Creating filter chain: any request, [org.springframework.security.web.context.request.async.WebAsyncManagerIntegrationFilter@6cbb175, org.springframework.security.web.context.SecurityContextPersistenceFilter@52d0f583, org.springframework.security.web.header.HeaderWriterFilter@6a950a3b, org.springframework.security.web.csrf.CsrfFilter@2c30c81d, org.springframework.security.web.authentication.logout.LogoutFilter@79ba0a6f, org.springframework.security.web.authentication.www.BasicAuthenticationFilter@5d352de0, org.springframework.security.web.savedrequest.RequestCacheAwareFilter@12d40609, org.springframework.security.web.servletapi.SecurityContextHolderAwareRequestFilter@7af0affa, org.springframework.security.web.authentication.AnonymousAuthenticationFilter@38fb50f8, org.springframework.security.web.session.SessionManagementFilter@4315c28c, org.springframework.security.web.access.ExceptionTranslationFilter@10177794, org.springframework.security.web.access.intercept.FilterSecurityInterceptor@668cc9a2]
2023-04-29 19:59:23 [main] INFO  o.s.s.c.ThreadPoolTaskExecutor - Initializing ExecutorService 'applicationTaskExecutor'
2023-04-29 19:59:23 [main] INFO  o.s.s.c.ThreadPoolTaskExecutor - Initializing ExecutorService 'applicationTaskExecutor'
2023-04-29 19:59:23 [main] INFO  o.s.b.a.w.s.WelcomePageHandlerMapping - Adding welcome page template: index
2023-04-29 19:59:23 [main] INFO  o.s.b.a.w.s.WelcomePageHandlerMapping - Adding welcome page template: index
2023-04-29 19:59:24 [main] INFO  o.a.coyote.http11.Http11NioProtocol - Starting ProtocolHandler ["http-nio-8184"]
2023-04-29 19:59:24 [main] INFO  o.s.b.w.e.tomcat.TomcatWebServer - Tomcat started on port(s): 8184 (http) with context path '/elastic-query-web-client'
2023-04-29 19:59:24 [main] INFO  o.s.b.w.e.tomcat.TomcatWebServer - Tomcat started on port(s): 8184 (http) with context path '/elastic-query-web-client'
2023-04-29 19:59:25 [main] INFO  c.m.d.e.q.w.c.ElasticQueryWebClientApplication - Started ElasticQueryWebClientApplication in 6.693 seconds (JVM running for 7.2)
2023-04-29 19:59:54 [http-nio-8184-exec-4] INFO  o.a.c.c.C.[.[.[/elastic-query-web-client] - Initializing Spring DispatcherServlet 'dispatcherServlet'
2023-04-29 19:59:54 [http-nio-8184-exec-4] INFO  o.s.web.servlet.DispatcherServlet - Initializing Servlet 'dispatcherServlet'
2023-04-29 19:59:54 [http-nio-8184-exec-4] INFO  o.s.web.servlet.DispatcherServlet - Initializing Servlet 'dispatcherServlet'
2023-04-29 19:59:54 [http-nio-8184-exec-4] INFO  o.s.web.servlet.DispatcherServlet - Completed initialization in 6 ms
2023-04-29 19:59:54 [http-nio-8184-exec-4] INFO  o.s.web.servlet.DispatcherServlet - Completed initialization in 6 ms
2023-04-29 20:00:40 [http-nio-8184-exec-8] WARN  o.a.c.util.SessionIdGeneratorBase - Creation of SecureRandom instance for session ID generation using [SHA1PRNG] took [270] milliseconds.
2023-04-29 20:01:20 [http-nio-8184-exec-7] INFO  c.m.d.e.q.w.c.api.QueryController - Querying wit text: test
2023-04-29 20:04:01 [http-nio-8184-exec-5] INFO  c.m.d.e.q.w.c.api.QueryController - Querying wit text: test
2023-04-29 20:04:13 [http-nio-8184-exec-1] INFO  c.m.d.e.q.w.c.api.QueryController - Querying wit text: test
2023-04-29 20:10:29 [SpringContextShutdownHook] INFO  o.s.s.c.ThreadPoolTaskExecutor - Shutting down ExecutorService 'applicationTaskExecutor'
2023-04-29 20:10:29 [SpringContextShutdownHook] INFO  o.s.s.c.ThreadPoolTaskExecutor - Shutting down ExecutorService 'applicationTaskExecutor'
2023-04-29 20:18:22 [background-preinit] INFO  o.h.validator.internal.util.Version - HV000001: Hibernate Validator 6.1.5.Final
2023-04-29 20:18:23 [main] INFO  o.s.c.c.c.ConfigServicePropertySourceLocator - Fetching config from server at : http://localhost:8888
2023-04-29 20:18:23 [main] INFO  o.s.c.c.c.ConfigServicePropertySourceLocator - Fetching config from server at : http://localhost:8888
2023-04-29 20:18:24 [main] INFO  o.s.c.c.c.ConfigServicePropertySourceLocator - Located environment: name=elastic-query-web-client,config-client, profiles=[elastic_query_web], label=null, version=4d2c491ad9e84f22e824d928fdea3bee0e135401, state=null
2023-04-29 20:18:24 [main] INFO  o.s.c.c.c.ConfigServicePropertySourceLocator - Located environment: name=elastic-query-web-client,config-client, profiles=[elastic_query_web], label=null, version=4d2c491ad9e84f22e824d928fdea3bee0e135401, state=null
2023-04-29 20:18:24 [main] INFO  o.s.c.b.c.PropertySourceBootstrapConfiguration - Located property source: [BootstrapPropertySource {name='bootstrapProperties-configClient'}, BootstrapPropertySource {name='bootstrapProperties-https://github.com/software-dev2010/spring-cloud-config-server-repository/config-client-elastic_query_web.yml'}, BootstrapPropertySource {name='bootstrapProperties-https://github.com/software-dev2010/spring-cloud-config-server-repository/config-client.yml'}]
2023-04-29 20:18:24 [main] INFO  o.s.c.b.c.PropertySourceBootstrapConfiguration - Located property source: [BootstrapPropertySource {name='bootstrapProperties-configClient'}, BootstrapPropertySource {name='bootstrapProperties-https://github.com/software-dev2010/spring-cloud-config-server-repository/config-client-elastic_query_web.yml'}, BootstrapPropertySource {name='bootstrapProperties-https://github.com/software-dev2010/spring-cloud-config-server-repository/config-client.yml'}]
2023-04-29 20:18:24 [main] INFO  c.m.d.e.q.w.c.ElasticQueryWebClientApplication - The following profiles are active: elastic_query_web
2023-04-29 20:18:25 [main] INFO  o.s.cloud.context.scope.GenericScope - BeanFactory id=90e0c62f-6198-31c9-94f9-db18007b6beb
2023-04-29 20:18:25 [main] INFO  o.s.cloud.context.scope.GenericScope - BeanFactory id=90e0c62f-6198-31c9-94f9-db18007b6beb
2023-04-29 20:18:25 [main] INFO  o.s.b.w.e.tomcat.TomcatWebServer - Tomcat initialized with port(s): 8184 (http)
2023-04-29 20:18:25 [main] INFO  o.s.b.w.e.tomcat.TomcatWebServer - Tomcat initialized with port(s): 8184 (http)
2023-04-29 20:18:25 [main] INFO  o.a.coyote.http11.Http11NioProtocol - Initializing ProtocolHandler ["http-nio-8184"]
2023-04-29 20:18:25 [main] INFO  o.a.catalina.core.StandardService - Starting service [Tomcat]
2023-04-29 20:18:25 [main] INFO  o.a.catalina.core.StandardEngine - Starting Servlet engine: [Apache Tomcat/9.0.38]
2023-04-29 20:18:25 [main] INFO  o.a.c.c.C.[.[.[/elastic-query-web-client] - Initializing Spring embedded WebApplicationContext
2023-04-29 20:18:25 [main] INFO  o.s.b.w.s.c.ServletWebServerApplicationContext - Root WebApplicationContext: initialization completed in 944 ms
2023-04-29 20:18:25 [main] INFO  o.s.b.w.s.c.ServletWebServerApplicationContext - Root WebApplicationContext: initialization completed in 944 ms
2023-04-29 20:18:26 [main] INFO  o.s.s.web.DefaultSecurityFilterChain - Creating filter chain: any request, [org.springframework.security.web.context.request.async.WebAsyncManagerIntegrationFilter@1f7cec93, org.springframework.security.web.context.SecurityContextPersistenceFilter@34330f77, org.springframework.security.web.header.HeaderWriterFilter@741741d0, org.springframework.security.web.csrf.CsrfFilter@226de93c, org.springframework.security.web.authentication.logout.LogoutFilter@7f97bc14, org.springframework.security.web.authentication.www.BasicAuthenticationFilter@4525e9e8, org.springframework.security.web.savedrequest.RequestCacheAwareFilter@4b033eac, org.springframework.security.web.servletapi.SecurityContextHolderAwareRequestFilter@76437e9b, org.springframework.security.web.authentication.AnonymousAuthenticationFilter@3c9ef6e9, org.springframework.security.web.session.SessionManagementFilter@59303963, org.springframework.security.web.access.ExceptionTranslationFilter@c2df90e, org.springframework.security.web.access.intercept.FilterSecurityInterceptor@3b7c58e7]
2023-04-29 20:18:26 [main] INFO  o.s.s.web.DefaultSecurityFilterChain - Creating filter chain: any request, [org.springframework.security.web.context.request.async.WebAsyncManagerIntegrationFilter@1f7cec93, org.springframework.security.web.context.SecurityContextPersistenceFilter@34330f77, org.springframework.security.web.header.HeaderWriterFilter@741741d0, org.springframework.security.web.csrf.CsrfFilter@226de93c, org.springframework.security.web.authentication.logout.LogoutFilter@7f97bc14, org.springframework.security.web.authentication.www.BasicAuthenticationFilter@4525e9e8, org.springframework.security.web.savedrequest.RequestCacheAwareFilter@4b033eac, org.springframework.security.web.servletapi.SecurityContextHolderAwareRequestFilter@76437e9b, org.springframework.security.web.authentication.AnonymousAuthenticationFilter@3c9ef6e9, org.springframework.security.web.session.SessionManagementFilter@59303963, org.springframework.security.web.access.ExceptionTranslationFilter@c2df90e, org.springframework.security.web.access.intercept.FilterSecurityInterceptor@3b7c58e7]
2023-04-29 20:18:26 [main] INFO  o.s.s.c.ThreadPoolTaskExecutor - Initializing ExecutorService 'applicationTaskExecutor'
2023-04-29 20:18:26 [main] INFO  o.s.s.c.ThreadPoolTaskExecutor - Initializing ExecutorService 'applicationTaskExecutor'
2023-04-29 20:18:26 [main] INFO  o.s.b.a.w.s.WelcomePageHandlerMapping - Adding welcome page template: index
2023-04-29 20:18:26 [main] INFO  o.s.b.a.w.s.WelcomePageHandlerMapping - Adding welcome page template: index
2023-04-29 20:18:27 [main] INFO  o.a.coyote.http11.Http11NioProtocol - Starting ProtocolHandler ["http-nio-8184"]
2023-04-29 20:18:27 [main] INFO  o.s.b.w.e.tomcat.TomcatWebServer - Tomcat started on port(s): 8184 (http) with context path '/elastic-query-web-client'
2023-04-29 20:18:27 [main] INFO  o.s.b.w.e.tomcat.TomcatWebServer - Tomcat started on port(s): 8184 (http) with context path '/elastic-query-web-client'
2023-04-29 20:18:28 [main] INFO  c.m.d.e.q.w.c.ElasticQueryWebClientApplication - Started ElasticQueryWebClientApplication in 6.589 seconds (JVM running for 7.062)
2023-04-29 20:18:38 [http-nio-8184-exec-1] INFO  o.a.c.c.C.[.[.[/elastic-query-web-client] - Initializing Spring DispatcherServlet 'dispatcherServlet'
2023-04-29 20:18:38 [http-nio-8184-exec-1] INFO  o.s.web.servlet.DispatcherServlet - Initializing Servlet 'dispatcherServlet'
2023-04-29 20:18:38 [http-nio-8184-exec-1] INFO  o.s.web.servlet.DispatcherServlet - Initializing Servlet 'dispatcherServlet'
2023-04-29 20:18:38 [http-nio-8184-exec-1] INFO  o.s.web.servlet.DispatcherServlet - Completed initialization in 6 ms
2023-04-29 20:18:38 [http-nio-8184-exec-1] INFO  o.s.web.servlet.DispatcherServlet - Completed initialization in 6 ms
2023-04-29 20:18:39 [http-nio-8184-exec-1] WARN  o.a.c.util.SessionIdGeneratorBase - Creation of SecureRandom instance for session ID generation using [SHA1PRNG] took [263] milliseconds.
2023-04-29 20:18:50 [http-nio-8184-exec-2] INFO  c.m.d.e.q.w.c.api.QueryController - Querying wit text: test
2023-04-29 20:18:57 [http-nio-8184-exec-4] ERROR c.m.d.e.q.w.c.a.e.h.ElasticQueryWebClientErrorHandler - Method argument validation exception!
org.springframework.validation.BindException: org.springframework.validation.BeanPropertyBindingResult: 1 errors
Field error in object 'elasticQueryWebClientRequestModel' on field 'text': rejected value []; codes [NotEmpty.elasticQueryWebClientRequestModel.text,NotEmpty.text,NotEmpty.java.lang.String,NotEmpty]; arguments [org.springframework.context.support.DefaultMessageSourceResolvable: codes [elasticQueryWebClientRequestModel.text,text]; arguments []; default message [text]]; default message [must not be empty]
	at org.springframework.web.method.annotation.ModelAttributeMethodProcessor.resolveArgument(ModelAttributeMethodProcessor.java:164)
	at org.springframework.web.method.support.HandlerMethodArgumentResolverComposite.resolveArgument(HandlerMethodArgumentResolverComposite.java:121)
	at org.springframework.web.method.support.InvocableHandlerMethod.getMethodArgumentValues(InvocableHandlerMethod.java:167)
	at org.springframework.web.method.support.InvocableHandlerMethod.invokeForRequest(InvocableHandlerMethod.java:134)
	at org.springframework.web.servlet.mvc.method.annotation.ServletInvocableHandlerMethod.invokeAndHandle(ServletInvocableHandlerMethod.java:105)
	at org.springframework.web.servlet.mvc.method.annotation.RequestMappingHandlerAdapter.invokeHandlerMethod(RequestMappingHandlerAdapter.java:878)
	at org.springframework.web.servlet.mvc.method.annotation.RequestMappingHandlerAdapter.handleInternal(RequestMappingHandlerAdapter.java:792)
	at org.springframework.web.servlet.mvc.method.AbstractHandlerMethodAdapter.handle(AbstractHandlerMethodAdapter.java:87)
	at org.springframework.web.servlet.DispatcherServlet.doDispatch(DispatcherServlet.java:1040)
	at org.springframework.web.servlet.DispatcherServlet.doService(DispatcherServlet.java:943)
	at org.springframework.web.servlet.FrameworkServlet.processRequest(FrameworkServlet.java:1006)
	at org.springframework.web.servlet.FrameworkServlet.doPost(FrameworkServlet.java:909)
	at javax.servlet.http.HttpServlet.service(HttpServlet.java:652)
	at org.springframework.web.servlet.FrameworkServlet.service(FrameworkServlet.java:883)
	at javax.servlet.http.HttpServlet.service(HttpServlet.java:733)
	at org.apache.catalina.core.ApplicationFilterChain.internalDoFilter(ApplicationFilterChain.java:231)
	at org.apache.catalina.core.ApplicationFilterChain.doFilter(ApplicationFilterChain.java:166)
	at org.apache.tomcat.websocket.server.WsFilter.doFilter(WsFilter.java:53)
	at org.apache.catalina.core.ApplicationFilterChain.internalDoFilter(ApplicationFilterChain.java:193)
	at org.apache.catalina.core.ApplicationFilterChain.doFilter(ApplicationFilterChain.java:166)
	at org.springframework.security.web.FilterChainProxy$VirtualFilterChain.doFilter(FilterChainProxy.java:320)
	at org.springframework.security.web.access.intercept.FilterSecurityInterceptor.invoke(FilterSecurityInterceptor.java:126)
	at org.springframework.security.web.access.intercept.FilterSecurityInterceptor.doFilter(FilterSecurityInterceptor.java:90)
	at org.springframework.security.web.FilterChainProxy$VirtualFilterChain.doFilter(FilterChainProxy.java:334)
	at org.springframework.security.web.access.ExceptionTranslationFilter.doFilter(ExceptionTranslationFilter.java:118)
	at org.springframework.security.web.FilterChainProxy$VirtualFilterChain.doFilter(FilterChainProxy.java:334)
	at org.springframework.security.web.session.SessionManagementFilter.doFilter(SessionManagementFilter.java:137)
	at org.springframework.security.web.FilterChainProxy$VirtualFilterChain.doFilter(FilterChainProxy.java:334)
	at org.springframework.security.web.authentication.AnonymousAuthenticationFilter.doFilter(AnonymousAuthenticationFilter.java:111)
	at org.springframework.security.web.FilterChainProxy$VirtualFilterChain.doFilter(FilterChainProxy.java:334)
	at org.springframework.security.web.servletapi.SecurityContextHolderAwareRequestFilter.doFilter(SecurityContextHolderAwareRequestFilter.java:158)
	at org.springframework.security.web.FilterChainProxy$VirtualFilterChain.doFilter(FilterChainProxy.java:334)
	at org.springframework.security.web.savedrequest.RequestCacheAwareFilter.doFilter(RequestCacheAwareFilter.java:63)
	at org.springframework.security.web.FilterChainProxy$VirtualFilterChain.doFilter(FilterChainProxy.java:334)
	at org.springframework.security.web.authentication.www.BasicAuthenticationFilter.doFilterInternal(BasicAuthenticationFilter.java:204)
	at org.springframework.web.filter.OncePerRequestFilter.doFilter(OncePerRequestFilter.java:119)
	at org.springframework.security.web.FilterChainProxy$VirtualFilterChain.doFilter(FilterChainProxy.java:334)
	at org.springframework.security.web.authentication.logout.LogoutFilter.doFilter(LogoutFilter.java:116)
	at org.springframework.security.web.FilterChainProxy$VirtualFilterChain.doFilter(FilterChainProxy.java:334)
	at org.springframework.security.web.csrf.CsrfFilter.doFilterInternal(CsrfFilter.java:141)
	at org.springframework.web.filter.OncePerRequestFilter.doFilter(OncePerRequestFilter.java:119)
	at org.springframework.security.web.FilterChainProxy$VirtualFilterChain.doFilter(FilterChainProxy.java:334)
	at org.springframework.security.web.header.HeaderWriterFilter.doHeadersAfter(HeaderWriterFilter.java:92)
	at org.springframework.security.web.header.HeaderWriterFilter.doFilterInternal(HeaderWriterFilter.java:77)
	at org.springframework.web.filter.OncePerRequestFilter.doFilter(OncePerRequestFilter.java:119)
	at org.springframework.security.web.FilterChainProxy$VirtualFilterChain.doFilter(FilterChainProxy.java:334)
	at org.springframework.security.web.context.SecurityContextPersistenceFilter.doFilter(SecurityContextPersistenceFilter.java:105)
	at org.springframework.security.web.FilterChainProxy$VirtualFilterChain.doFilter(FilterChainProxy.java:334)
	at org.springframework.security.web.context.request.async.WebAsyncManagerIntegrationFilter.doFilterInternal(WebAsyncManagerIntegrationFilter.java:56)
	at org.springframework.web.filter.OncePerRequestFilter.doFilter(OncePerRequestFilter.java:119)
	at org.springframework.security.web.FilterChainProxy$VirtualFilterChain.doFilter(FilterChainProxy.java:334)
	at org.springframework.security.web.FilterChainProxy.doFilterInternal(FilterChainProxy.java:215)
	at org.springframework.security.web.FilterChainProxy.doFilter(FilterChainProxy.java:178)
	at org.springframework.web.filter.DelegatingFilterProxy.invokeDelegate(DelegatingFilterProxy.java:358)
	at org.springframework.web.filter.DelegatingFilterProxy.doFilter(DelegatingFilterProxy.java:271)
	at org.apache.catalina.core.ApplicationFilterChain.internalDoFilter(ApplicationFilterChain.java:193)
	at org.apache.catalina.core.ApplicationFilterChain.doFilter(ApplicationFilterChain.java:166)
	at org.springframework.web.filter.RequestContextFilter.doFilterInternal(RequestContextFilter.java:100)
	at org.springframework.web.filter.OncePerRequestFilter.doFilter(OncePerRequestFilter.java:119)
	at org.apache.catalina.core.ApplicationFilterChain.internalDoFilter(ApplicationFilterChain.java:193)
	at org.apache.catalina.core.ApplicationFilterChain.doFilter(ApplicationFilterChain.java:166)
	at org.springframework.web.filter.FormContentFilter.doFilterInternal(FormContentFilter.java:93)
	at org.springframework.web.filter.OncePerRequestFilter.doFilter(OncePerRequestFilter.java:119)
	at org.apache.catalina.core.ApplicationFilterChain.internalDoFilter(ApplicationFilterChain.java:193)
	at org.apache.catalina.core.ApplicationFilterChain.doFilter(ApplicationFilterChain.java:166)
	at org.springframework.web.filter.CharacterEncodingFilter.doFilterInternal(CharacterEncodingFilter.java:201)
	at org.springframework.web.filter.OncePerRequestFilter.doFilter(OncePerRequestFilter.java:119)
	at org.apache.catalina.core.ApplicationFilterChain.internalDoFilter(ApplicationFilterChain.java:193)
	at org.apache.catalina.core.ApplicationFilterChain.doFilter(ApplicationFilterChain.java:166)
	at org.apache.catalina.core.StandardWrapperValve.invoke(StandardWrapperValve.java:202)
	at org.apache.catalina.core.StandardContextValve.invoke(StandardContextValve.java:97)
	at org.apache.catalina.authenticator.AuthenticatorBase.invoke(AuthenticatorBase.java:541)
	at org.apache.catalina.core.StandardHostValve.invoke(StandardHostValve.java:143)
	at org.apache.catalina.valves.ErrorReportValve.invoke(ErrorReportValve.java:92)
	at org.apache.catalina.core.StandardEngineValve.invoke(StandardEngineValve.java:78)
	at org.apache.catalina.connector.CoyoteAdapter.service(CoyoteAdapter.java:343)
	at org.apache.coyote.http11.Http11Processor.service(Http11Processor.java:374)
	at org.apache.coyote.AbstractProcessorLight.process(AbstractProcessorLight.java:65)
	at org.apache.coyote.AbstractProtocol$ConnectionHandler.process(AbstractProtocol.java:868)
	at org.apache.tomcat.util.net.NioEndpoint$SocketProcessor.doRun(NioEndpoint.java:1590)
	at org.apache.tomcat.util.net.SocketProcessorBase.run(SocketProcessorBase.java:49)
	at java.base/java.util.concurrent.ThreadPoolExecutor.runWorker(ThreadPoolExecutor.java:1128)
	at java.base/java.util.concurrent.ThreadPoolExecutor$Worker.run(ThreadPoolExecutor.java:628)
	at org.apache.tomcat.util.threads.TaskThread$WrappingRunnable.run(TaskThread.java:61)
	at java.base/java.lang.Thread.run(Thread.java:834)
2023-04-29 20:19:08 [http-nio-8184-exec-10] INFO  c.m.d.e.q.w.c.api.QueryController - Querying wit text: test
2023-04-29 20:19:26 [http-nio-8184-exec-6] INFO  c.m.d.e.q.w.c.api.QueryController - Querying wit text: a
2023-04-29 20:19:30 [http-nio-8184-exec-7] INFO  c.m.d.e.q.w.c.api.QueryController - Querying wit text: ds
2023-04-29 20:24:43 [SpringContextShutdownHook] INFO  o.s.s.c.ThreadPoolTaskExecutor - Shutting down ExecutorService 'applicationTaskExecutor'
2023-04-29 20:24:43 [SpringContextShutdownHook] INFO  o.s.s.c.ThreadPoolTaskExecutor - Shutting down ExecutorService 'applicationTaskExecutor'
2023-04-29 20:36:06 [background-preinit] INFO  o.h.validator.internal.util.Version - HV000001: Hibernate Validator 6.1.5.Final
2023-04-29 20:36:07 [main] INFO  o.s.c.c.c.ConfigServicePropertySourceLocator - Fetching config from server at : http://localhost:8888
2023-04-29 20:36:07 [main] INFO  o.s.c.c.c.ConfigServicePropertySourceLocator - Fetching config from server at : http://localhost:8888
2023-04-29 20:36:09 [main] INFO  o.s.c.c.c.ConfigServicePropertySourceLocator - Located environment: name=elastic-query-web-client,config-client, profiles=[elastic_query_web], label=null, version=4d2c491ad9e84f22e824d928fdea3bee0e135401, state=null
2023-04-29 20:36:09 [main] INFO  o.s.c.c.c.ConfigServicePropertySourceLocator - Located environment: name=elastic-query-web-client,config-client, profiles=[elastic_query_web], label=null, version=4d2c491ad9e84f22e824d928fdea3bee0e135401, state=null
2023-04-29 20:36:09 [main] INFO  o.s.c.b.c.PropertySourceBootstrapConfiguration - Located property source: [BootstrapPropertySource {name='bootstrapProperties-configClient'}, BootstrapPropertySource {name='bootstrapProperties-https://github.com/software-dev2010/spring-cloud-config-server-repository/config-client-elastic_query_web.yml'}, BootstrapPropertySource {name='bootstrapProperties-https://github.com/software-dev2010/spring-cloud-config-server-repository/config-client.yml'}]
2023-04-29 20:36:09 [main] INFO  o.s.c.b.c.PropertySourceBootstrapConfiguration - Located property source: [BootstrapPropertySource {name='bootstrapProperties-configClient'}, BootstrapPropertySource {name='bootstrapProperties-https://github.com/software-dev2010/spring-cloud-config-server-repository/config-client-elastic_query_web.yml'}, BootstrapPropertySource {name='bootstrapProperties-https://github.com/software-dev2010/spring-cloud-config-server-repository/config-client.yml'}]
2023-04-29 20:36:09 [main] INFO  c.m.d.e.q.w.c.ElasticQueryWebClientApplication - The following profiles are active: elastic_query_web
2023-04-29 20:36:09 [main] INFO  o.s.cloud.context.scope.GenericScope - BeanFactory id=90e0c62f-6198-31c9-94f9-db18007b6beb
2023-04-29 20:36:09 [main] INFO  o.s.cloud.context.scope.GenericScope - BeanFactory id=90e0c62f-6198-31c9-94f9-db18007b6beb
2023-04-29 20:36:10 [main] INFO  o.s.b.w.e.tomcat.TomcatWebServer - Tomcat initialized with port(s): 8184 (http)
2023-04-29 20:36:10 [main] INFO  o.s.b.w.e.tomcat.TomcatWebServer - Tomcat initialized with port(s): 8184 (http)
2023-04-29 20:36:10 [main] INFO  o.a.coyote.http11.Http11NioProtocol - Initializing ProtocolHandler ["http-nio-8184"]
2023-04-29 20:36:10 [main] INFO  o.a.catalina.core.StandardService - Starting service [Tomcat]
2023-04-29 20:36:10 [main] INFO  o.a.catalina.core.StandardEngine - Starting Servlet engine: [Apache Tomcat/9.0.38]
2023-04-29 20:36:10 [main] INFO  o.a.c.c.C.[.[.[/elastic-query-web-client] - Initializing Spring embedded WebApplicationContext
2023-04-29 20:36:10 [main] INFO  o.s.b.w.s.c.ServletWebServerApplicationContext - Root WebApplicationContext: initialization completed in 1100 ms
2023-04-29 20:36:10 [main] INFO  o.s.b.w.s.c.ServletWebServerApplicationContext - Root WebApplicationContext: initialization completed in 1100 ms
2023-04-29 20:36:11 [main] INFO  o.s.s.web.DefaultSecurityFilterChain - Creating filter chain: any request, [org.springframework.security.web.context.request.async.WebAsyncManagerIntegrationFilter@5729b410, org.springframework.security.web.context.SecurityContextPersistenceFilter@60e1d87c, org.springframework.security.web.header.HeaderWriterFilter@364b1061, org.springframework.security.web.csrf.CsrfFilter@6da4feeb, org.springframework.security.web.authentication.logout.LogoutFilter@7af0affa, org.springframework.security.web.authentication.www.BasicAuthenticationFilter@22d8f4ed, org.springframework.security.web.savedrequest.RequestCacheAwareFilter@87d9a01, org.springframework.security.web.servletapi.SecurityContextHolderAwareRequestFilter@61e86192, org.springframework.security.web.authentication.AnonymousAuthenticationFilter@64518270, org.springframework.security.web.session.SessionManagementFilter@5f9f3e58, org.springframework.security.web.access.ExceptionTranslationFilter@74667e6a, org.springframework.security.web.access.intercept.FilterSecurityInterceptor@46c10083]
2023-04-29 20:36:11 [main] INFO  o.s.s.web.DefaultSecurityFilterChain - Creating filter chain: any request, [org.springframework.security.web.context.request.async.WebAsyncManagerIntegrationFilter@5729b410, org.springframework.security.web.context.SecurityContextPersistenceFilter@60e1d87c, org.springframework.security.web.header.HeaderWriterFilter@364b1061, org.springframework.security.web.csrf.CsrfFilter@6da4feeb, org.springframework.security.web.authentication.logout.LogoutFilter@7af0affa, org.springframework.security.web.authentication.www.BasicAuthenticationFilter@22d8f4ed, org.springframework.security.web.savedrequest.RequestCacheAwareFilter@87d9a01, org.springframework.security.web.servletapi.SecurityContextHolderAwareRequestFilter@61e86192, org.springframework.security.web.authentication.AnonymousAuthenticationFilter@64518270, org.springframework.security.web.session.SessionManagementFilter@5f9f3e58, org.springframework.security.web.access.ExceptionTranslationFilter@74667e6a, org.springframework.security.web.access.intercept.FilterSecurityInterceptor@46c10083]
2023-04-29 20:36:11 [main] INFO  o.s.s.c.ThreadPoolTaskExecutor - Initializing ExecutorService 'applicationTaskExecutor'
2023-04-29 20:36:11 [main] INFO  o.s.s.c.ThreadPoolTaskExecutor - Initializing ExecutorService 'applicationTaskExecutor'
2023-04-29 20:36:11 [main] INFO  o.s.b.a.w.s.WelcomePageHandlerMapping - Adding welcome page template: index
2023-04-29 20:36:11 [main] INFO  o.s.b.a.w.s.WelcomePageHandlerMapping - Adding welcome page template: index
2023-04-29 20:36:12 [main] INFO  o.a.coyote.http11.Http11NioProtocol - Starting ProtocolHandler ["http-nio-8184"]
2023-04-29 20:36:12 [main] INFO  o.s.b.w.e.tomcat.TomcatWebServer - Tomcat started on port(s): 8184 (http) with context path '/elastic-query-web-client'
2023-04-29 20:36:12 [main] INFO  o.s.b.w.e.tomcat.TomcatWebServer - Tomcat started on port(s): 8184 (http) with context path '/elastic-query-web-client'
2023-04-29 20:36:13 [main] INFO  c.m.d.e.q.w.c.ElasticQueryWebClientApplication - Started ElasticQueryWebClientApplication in 7.649 seconds (JVM running for 8.2)
2023-04-29 20:37:09 [http-nio-8184-exec-2] INFO  o.a.c.c.C.[.[.[/elastic-query-web-client] - Initializing Spring DispatcherServlet 'dispatcherServlet'
2023-04-29 20:37:09 [http-nio-8184-exec-2] INFO  o.s.web.servlet.DispatcherServlet - Initializing Servlet 'dispatcherServlet'
2023-04-29 20:37:09 [http-nio-8184-exec-2] INFO  o.s.web.servlet.DispatcherServlet - Initializing Servlet 'dispatcherServlet'
2023-04-29 20:37:09 [http-nio-8184-exec-2] INFO  o.s.web.servlet.DispatcherServlet - Completed initialization in 6 ms
2023-04-29 20:37:09 [http-nio-8184-exec-2] INFO  o.s.web.servlet.DispatcherServlet - Completed initialization in 6 ms
2023-04-29 20:37:10 [http-nio-8184-exec-2] WARN  o.a.c.util.SessionIdGeneratorBase - Creation of SecureRandom instance for session ID generation using [SHA1PRNG] took [260] milliseconds.
2023-04-29 20:37:15 [http-nio-8184-exec-4] INFO  c.m.d.e.q.w.c.api.QueryController - Querying wit text: test
2023-04-29 20:37:17 [http-nio-8184-exec-5] ERROR c.m.d.e.q.w.c.a.e.h.ElasticQueryWebClientErrorHandler - Method argument validation exception!
org.springframework.validation.BindException: org.springframework.validation.BeanPropertyBindingResult: 1 errors
Field error in object 'elasticQueryWebClientRequestModel' on field 'text': rejected value []; codes [NotEmpty.elasticQueryWebClientRequestModel.text,NotEmpty.text,NotEmpty.java.lang.String,NotEmpty]; arguments [org.springframework.context.support.DefaultMessageSourceResolvable: codes [elasticQueryWebClientRequestModel.text,text]; arguments []; default message [text]]; default message [must not be empty]
	at org.springframework.web.method.annotation.ModelAttributeMethodProcessor.resolveArgument(ModelAttributeMethodProcessor.java:164)
	at org.springframework.web.method.support.HandlerMethodArgumentResolverComposite.resolveArgument(HandlerMethodArgumentResolverComposite.java:121)
	at org.springframework.web.method.support.InvocableHandlerMethod.getMethodArgumentValues(InvocableHandlerMethod.java:167)
	at org.springframework.web.method.support.InvocableHandlerMethod.invokeForRequest(InvocableHandlerMethod.java:134)
	at org.springframework.web.servlet.mvc.method.annotation.ServletInvocableHandlerMethod.invokeAndHandle(ServletInvocableHandlerMethod.java:105)
	at org.springframework.web.servlet.mvc.method.annotation.RequestMappingHandlerAdapter.invokeHandlerMethod(RequestMappingHandlerAdapter.java:878)
	at org.springframework.web.servlet.mvc.method.annotation.RequestMappingHandlerAdapter.handleInternal(RequestMappingHandlerAdapter.java:792)
	at org.springframework.web.servlet.mvc.method.AbstractHandlerMethodAdapter.handle(AbstractHandlerMethodAdapter.java:87)
	at org.springframework.web.servlet.DispatcherServlet.doDispatch(DispatcherServlet.java:1040)
	at org.springframework.web.servlet.DispatcherServlet.doService(DispatcherServlet.java:943)
	at org.springframework.web.servlet.FrameworkServlet.processRequest(FrameworkServlet.java:1006)
	at org.springframework.web.servlet.FrameworkServlet.doPost(FrameworkServlet.java:909)
	at javax.servlet.http.HttpServlet.service(HttpServlet.java:652)
	at org.springframework.web.servlet.FrameworkServlet.service(FrameworkServlet.java:883)
	at javax.servlet.http.HttpServlet.service(HttpServlet.java:733)
	at org.apache.catalina.core.ApplicationFilterChain.internalDoFilter(ApplicationFilterChain.java:231)
	at org.apache.catalina.core.ApplicationFilterChain.doFilter(ApplicationFilterChain.java:166)
	at org.apache.tomcat.websocket.server.WsFilter.doFilter(WsFilter.java:53)
	at org.apache.catalina.core.ApplicationFilterChain.internalDoFilter(ApplicationFilterChain.java:193)
	at org.apache.catalina.core.ApplicationFilterChain.doFilter(ApplicationFilterChain.java:166)
	at org.springframework.security.web.FilterChainProxy$VirtualFilterChain.doFilter(FilterChainProxy.java:320)
	at org.springframework.security.web.access.intercept.FilterSecurityInterceptor.invoke(FilterSecurityInterceptor.java:126)
	at org.springframework.security.web.access.intercept.FilterSecurityInterceptor.doFilter(FilterSecurityInterceptor.java:90)
	at org.springframework.security.web.FilterChainProxy$VirtualFilterChain.doFilter(FilterChainProxy.java:334)
	at org.springframework.security.web.access.ExceptionTranslationFilter.doFilter(ExceptionTranslationFilter.java:118)
	at org.springframework.security.web.FilterChainProxy$VirtualFilterChain.doFilter(FilterChainProxy.java:334)
	at org.springframework.security.web.session.SessionManagementFilter.doFilter(SessionManagementFilter.java:137)
	at org.springframework.security.web.FilterChainProxy$VirtualFilterChain.doFilter(FilterChainProxy.java:334)
	at org.springframework.security.web.authentication.AnonymousAuthenticationFilter.doFilter(AnonymousAuthenticationFilter.java:111)
	at org.springframework.security.web.FilterChainProxy$VirtualFilterChain.doFilter(FilterChainProxy.java:334)
	at org.springframework.security.web.servletapi.SecurityContextHolderAwareRequestFilter.doFilter(SecurityContextHolderAwareRequestFilter.java:158)
	at org.springframework.security.web.FilterChainProxy$VirtualFilterChain.doFilter(FilterChainProxy.java:334)
	at org.springframework.security.web.savedrequest.RequestCacheAwareFilter.doFilter(RequestCacheAwareFilter.java:63)
	at org.springframework.security.web.FilterChainProxy$VirtualFilterChain.doFilter(FilterChainProxy.java:334)
	at org.springframework.security.web.authentication.www.BasicAuthenticationFilter.doFilterInternal(BasicAuthenticationFilter.java:204)
	at org.springframework.web.filter.OncePerRequestFilter.doFilter(OncePerRequestFilter.java:119)
	at org.springframework.security.web.FilterChainProxy$VirtualFilterChain.doFilter(FilterChainProxy.java:334)
	at org.springframework.security.web.authentication.logout.LogoutFilter.doFilter(LogoutFilter.java:116)
	at org.springframework.security.web.FilterChainProxy$VirtualFilterChain.doFilter(FilterChainProxy.java:334)
	at org.springframework.security.web.csrf.CsrfFilter.doFilterInternal(CsrfFilter.java:141)
	at org.springframework.web.filter.OncePerRequestFilter.doFilter(OncePerRequestFilter.java:119)
	at org.springframework.security.web.FilterChainProxy$VirtualFilterChain.doFilter(FilterChainProxy.java:334)
	at org.springframework.security.web.header.HeaderWriterFilter.doHeadersAfter(HeaderWriterFilter.java:92)
	at org.springframework.security.web.header.HeaderWriterFilter.doFilterInternal(HeaderWriterFilter.java:77)
	at org.springframework.web.filter.OncePerRequestFilter.doFilter(OncePerRequestFilter.java:119)
	at org.springframework.security.web.FilterChainProxy$VirtualFilterChain.doFilter(FilterChainProxy.java:334)
	at org.springframework.security.web.context.SecurityContextPersistenceFilter.doFilter(SecurityContextPersistenceFilter.java:105)
	at org.springframework.security.web.FilterChainProxy$VirtualFilterChain.doFilter(FilterChainProxy.java:334)
	at org.springframework.security.web.context.request.async.WebAsyncManagerIntegrationFilter.doFilterInternal(WebAsyncManagerIntegrationFilter.java:56)
	at org.springframework.web.filter.OncePerRequestFilter.doFilter(OncePerRequestFilter.java:119)
	at org.springframework.security.web.FilterChainProxy$VirtualFilterChain.doFilter(FilterChainProxy.java:334)
	at org.springframework.security.web.FilterChainProxy.doFilterInternal(FilterChainProxy.java:215)
	at org.springframework.security.web.FilterChainProxy.doFilter(FilterChainProxy.java:178)
	at org.springframework.web.filter.DelegatingFilterProxy.invokeDelegate(DelegatingFilterProxy.java:358)
	at org.springframework.web.filter.DelegatingFilterProxy.doFilter(DelegatingFilterProxy.java:271)
	at org.apache.catalina.core.ApplicationFilterChain.internalDoFilter(ApplicationFilterChain.java:193)
	at org.apache.catalina.core.ApplicationFilterChain.doFilter(ApplicationFilterChain.java:166)
	at org.springframework.web.filter.RequestContextFilter.doFilterInternal(RequestContextFilter.java:100)
	at org.springframework.web.filter.OncePerRequestFilter.doFilter(OncePerRequestFilter.java:119)
	at org.apache.catalina.core.ApplicationFilterChain.internalDoFilter(ApplicationFilterChain.java:193)
	at org.apache.catalina.core.ApplicationFilterChain.doFilter(ApplicationFilterChain.java:166)
	at org.springframework.web.filter.FormContentFilter.doFilterInternal(FormContentFilter.java:93)
	at org.springframework.web.filter.OncePerRequestFilter.doFilter(OncePerRequestFilter.java:119)
	at org.apache.catalina.core.ApplicationFilterChain.internalDoFilter(ApplicationFilterChain.java:193)
	at org.apache.catalina.core.ApplicationFilterChain.doFilter(ApplicationFilterChain.java:166)
	at org.springframework.web.filter.CharacterEncodingFilter.doFilterInternal(CharacterEncodingFilter.java:201)
	at org.springframework.web.filter.OncePerRequestFilter.doFilter(OncePerRequestFilter.java:119)
	at org.apache.catalina.core.ApplicationFilterChain.internalDoFilter(ApplicationFilterChain.java:193)
	at org.apache.catalina.core.ApplicationFilterChain.doFilter(ApplicationFilterChain.java:166)
	at org.apache.catalina.core.StandardWrapperValve.invoke(StandardWrapperValve.java:202)
	at org.apache.catalina.core.StandardContextValve.invoke(StandardContextValve.java:97)
	at org.apache.catalina.authenticator.AuthenticatorBase.invoke(AuthenticatorBase.java:541)
	at org.apache.catalina.core.StandardHostValve.invoke(StandardHostValve.java:143)
	at org.apache.catalina.valves.ErrorReportValve.invoke(ErrorReportValve.java:92)
	at org.apache.catalina.core.StandardEngineValve.invoke(StandardEngineValve.java:78)
	at org.apache.catalina.connector.CoyoteAdapter.service(CoyoteAdapter.java:343)
	at org.apache.coyote.http11.Http11Processor.service(Http11Processor.java:374)
	at org.apache.coyote.AbstractProcessorLight.process(AbstractProcessorLight.java:65)
	at org.apache.coyote.AbstractProtocol$ConnectionHandler.process(AbstractProtocol.java:868)
	at org.apache.tomcat.util.net.NioEndpoint$SocketProcessor.doRun(NioEndpoint.java:1590)
	at org.apache.tomcat.util.net.SocketProcessorBase.run(SocketProcessorBase.java:49)
	at java.base/java.util.concurrent.ThreadPoolExecutor.runWorker(ThreadPoolExecutor.java:1128)
	at java.base/java.util.concurrent.ThreadPoolExecutor$Worker.run(ThreadPoolExecutor.java:628)
	at org.apache.tomcat.util.threads.TaskThread$WrappingRunnable.run(TaskThread.java:61)
	at java.base/java.lang.Thread.run(Thread.java:834)
2023-04-29 20:37:21 [http-nio-8184-exec-3] INFO  c.m.d.e.q.w.c.api.QueryController - Querying wit text: test
2023-04-29 20:37:29 [SpringContextShutdownHook] INFO  o.s.s.c.ThreadPoolTaskExecutor - Shutting down ExecutorService 'applicationTaskExecutor'
2023-04-29 20:37:29 [SpringContextShutdownHook] INFO  o.s.s.c.ThreadPoolTaskExecutor - Shutting down ExecutorService 'applicationTaskExecutor'
2023-04-29 20:40:17 [background-preinit] INFO  o.h.validator.internal.util.Version - HV000001: Hibernate Validator 6.1.5.Final
2023-04-29 20:40:17 [main] INFO  o.s.c.c.c.ConfigServicePropertySourceLocator - Fetching config from server at : http://localhost:8888
2023-04-29 20:40:17 [main] INFO  o.s.c.c.c.ConfigServicePropertySourceLocator - Fetching config from server at : http://localhost:8888
2023-04-29 20:40:18 [main] INFO  o.s.c.c.c.ConfigServicePropertySourceLocator - Located environment: name=elastic-query-web-client,config-client, profiles=[elastic_query_web], label=null, version=4d2c491ad9e84f22e824d928fdea3bee0e135401, state=null
2023-04-29 20:40:18 [main] INFO  o.s.c.c.c.ConfigServicePropertySourceLocator - Located environment: name=elastic-query-web-client,config-client, profiles=[elastic_query_web], label=null, version=4d2c491ad9e84f22e824d928fdea3bee0e135401, state=null
2023-04-29 20:40:18 [main] INFO  o.s.c.b.c.PropertySourceBootstrapConfiguration - Located property source: [BootstrapPropertySource {name='bootstrapProperties-configClient'}, BootstrapPropertySource {name='bootstrapProperties-https://github.com/software-dev2010/spring-cloud-config-server-repository/config-client-elastic_query_web.yml'}, BootstrapPropertySource {name='bootstrapProperties-https://github.com/software-dev2010/spring-cloud-config-server-repository/config-client.yml'}]
2023-04-29 20:40:18 [main] INFO  o.s.c.b.c.PropertySourceBootstrapConfiguration - Located property source: [BootstrapPropertySource {name='bootstrapProperties-configClient'}, BootstrapPropertySource {name='bootstrapProperties-https://github.com/software-dev2010/spring-cloud-config-server-repository/config-client-elastic_query_web.yml'}, BootstrapPropertySource {name='bootstrapProperties-https://github.com/software-dev2010/spring-cloud-config-server-repository/config-client.yml'}]
2023-04-29 20:40:18 [main] INFO  c.m.d.e.q.w.c.ElasticQueryWebClientApplication - The following profiles are active: elastic_query_web
2023-04-29 20:40:19 [main] INFO  o.s.cloud.context.scope.GenericScope - BeanFactory id=90e0c62f-6198-31c9-94f9-db18007b6beb
2023-04-29 20:40:19 [main] INFO  o.s.cloud.context.scope.GenericScope - BeanFactory id=90e0c62f-6198-31c9-94f9-db18007b6beb
2023-04-29 20:40:19 [main] INFO  o.s.b.w.e.tomcat.TomcatWebServer - Tomcat initialized with port(s): 8184 (http)
2023-04-29 20:40:19 [main] INFO  o.s.b.w.e.tomcat.TomcatWebServer - Tomcat initialized with port(s): 8184 (http)
2023-04-29 20:40:19 [main] INFO  o.a.coyote.http11.Http11NioProtocol - Initializing ProtocolHandler ["http-nio-8184"]
2023-04-29 20:40:19 [main] INFO  o.a.catalina.core.StandardService - Starting service [Tomcat]
2023-04-29 20:40:19 [main] INFO  o.a.catalina.core.StandardEngine - Starting Servlet engine: [Apache Tomcat/9.0.38]
2023-04-29 20:40:19 [main] INFO  o.a.c.c.C.[.[.[/elastic-query-web-client] - Initializing Spring embedded WebApplicationContext
2023-04-29 20:40:19 [main] INFO  o.s.b.w.s.c.ServletWebServerApplicationContext - Root WebApplicationContext: initialization completed in 917 ms
2023-04-29 20:40:19 [main] INFO  o.s.b.w.s.c.ServletWebServerApplicationContext - Root WebApplicationContext: initialization completed in 917 ms
2023-04-29 20:40:20 [main] INFO  o.s.s.web.DefaultSecurityFilterChain - Creating filter chain: any request, [org.springframework.security.web.context.request.async.WebAsyncManagerIntegrationFilter@6cbb175, org.springframework.security.web.context.SecurityContextPersistenceFilter@52d0f583, org.springframework.security.web.header.HeaderWriterFilter@6a950a3b, org.springframework.security.web.csrf.CsrfFilter@2c30c81d, org.springframework.security.web.authentication.logout.LogoutFilter@79ba0a6f, org.springframework.security.web.authentication.www.BasicAuthenticationFilter@5d352de0, org.springframework.security.web.savedrequest.RequestCacheAwareFilter@12d40609, org.springframework.security.web.servletapi.SecurityContextHolderAwareRequestFilter@7af0affa, org.springframework.security.web.authentication.AnonymousAuthenticationFilter@38fb50f8, org.springframework.security.web.session.SessionManagementFilter@4315c28c, org.springframework.security.web.access.ExceptionTranslationFilter@10177794, org.springframework.security.web.access.intercept.FilterSecurityInterceptor@668cc9a2]
2023-04-29 20:40:20 [main] INFO  o.s.s.web.DefaultSecurityFilterChain - Creating filter chain: any request, [org.springframework.security.web.context.request.async.WebAsyncManagerIntegrationFilter@6cbb175, org.springframework.security.web.context.SecurityContextPersistenceFilter@52d0f583, org.springframework.security.web.header.HeaderWriterFilter@6a950a3b, org.springframework.security.web.csrf.CsrfFilter@2c30c81d, org.springframework.security.web.authentication.logout.LogoutFilter@79ba0a6f, org.springframework.security.web.authentication.www.BasicAuthenticationFilter@5d352de0, org.springframework.security.web.savedrequest.RequestCacheAwareFilter@12d40609, org.springframework.security.web.servletapi.SecurityContextHolderAwareRequestFilter@7af0affa, org.springframework.security.web.authentication.AnonymousAuthenticationFilter@38fb50f8, org.springframework.security.web.session.SessionManagementFilter@4315c28c, org.springframework.security.web.access.ExceptionTranslationFilter@10177794, org.springframework.security.web.access.intercept.FilterSecurityInterceptor@668cc9a2]
2023-04-29 20:40:20 [main] INFO  o.s.s.c.ThreadPoolTaskExecutor - Initializing ExecutorService 'applicationTaskExecutor'
2023-04-29 20:40:20 [main] INFO  o.s.s.c.ThreadPoolTaskExecutor - Initializing ExecutorService 'applicationTaskExecutor'
2023-04-29 20:40:20 [main] INFO  o.s.b.a.w.s.WelcomePageHandlerMapping - Adding welcome page template: index
2023-04-29 20:40:20 [main] INFO  o.s.b.a.w.s.WelcomePageHandlerMapping - Adding welcome page template: index
2023-04-29 20:40:21 [main] INFO  o.a.coyote.http11.Http11NioProtocol - Starting ProtocolHandler ["http-nio-8184"]
2023-04-29 20:40:21 [main] INFO  o.s.b.w.e.tomcat.TomcatWebServer - Tomcat started on port(s): 8184 (http) with context path '/elastic-query-web-client'
2023-04-29 20:40:21 [main] INFO  o.s.b.w.e.tomcat.TomcatWebServer - Tomcat started on port(s): 8184 (http) with context path '/elastic-query-web-client'
2023-04-29 20:40:22 [main] INFO  c.m.d.e.q.w.c.ElasticQueryWebClientApplication - Started ElasticQueryWebClientApplication in 5.966 seconds (JVM running for 6.425)
2023-04-29 20:40:54 [http-nio-8184-exec-1] INFO  o.a.c.c.C.[.[.[/elastic-query-web-client] - Initializing Spring DispatcherServlet 'dispatcherServlet'
2023-04-29 20:40:54 [http-nio-8184-exec-1] INFO  o.s.web.servlet.DispatcherServlet - Initializing Servlet 'dispatcherServlet'
2023-04-29 20:40:54 [http-nio-8184-exec-1] INFO  o.s.web.servlet.DispatcherServlet - Initializing Servlet 'dispatcherServlet'
2023-04-29 20:40:54 [http-nio-8184-exec-1] INFO  o.s.web.servlet.DispatcherServlet - Completed initialization in 6 ms
2023-04-29 20:40:54 [http-nio-8184-exec-1] INFO  o.s.web.servlet.DispatcherServlet - Completed initialization in 6 ms
2023-04-29 20:40:54 [http-nio-8184-exec-1] WARN  o.a.c.util.SessionIdGeneratorBase - Creation of SecureRandom instance for session ID generation using [SHA1PRNG] took [263] milliseconds.
2023-04-29 20:41:05 [http-nio-8184-exec-6] INFO  c.m.d.e.q.w.c.api.QueryController - Querying wit text: test
2023-04-29 20:41:05 [http-nio-8184-exec-6] INFO  c.m.d.e.q.w.c.api.QueryController - responseModels: [ElasticQueryWebClientResponseModel(id=1, userId=null, text=test, createdAt=null)]
2023-04-29 20:41:05 [http-nio-8184-exec-6] INFO  c.m.d.e.q.w.c.api.QueryController - requestModel.getText(): test
2023-04-29 20:44:16 [SpringContextShutdownHook] INFO  o.s.s.c.ThreadPoolTaskExecutor - Shutting down ExecutorService 'applicationTaskExecutor'
2023-04-29 20:44:16 [SpringContextShutdownHook] INFO  o.s.s.c.ThreadPoolTaskExecutor - Shutting down ExecutorService 'applicationTaskExecutor'
2023-04-29 20:45:10 [background-preinit] INFO  o.h.validator.internal.util.Version - HV000001: Hibernate Validator 6.1.5.Final
2023-04-29 20:45:11 [main] INFO  o.s.c.c.c.ConfigServicePropertySourceLocator - Fetching config from server at : http://localhost:8888
2023-04-29 20:45:11 [main] INFO  o.s.c.c.c.ConfigServicePropertySourceLocator - Fetching config from server at : http://localhost:8888
2023-04-29 20:45:12 [main] INFO  o.s.c.c.c.ConfigServicePropertySourceLocator - Located environment: name=elastic-query-web-client,config-client, profiles=[elastic_query_web], label=null, version=4d2c491ad9e84f22e824d928fdea3bee0e135401, state=null
2023-04-29 20:45:12 [main] INFO  o.s.c.c.c.ConfigServicePropertySourceLocator - Located environment: name=elastic-query-web-client,config-client, profiles=[elastic_query_web], label=null, version=4d2c491ad9e84f22e824d928fdea3bee0e135401, state=null
2023-04-29 20:45:12 [main] INFO  o.s.c.b.c.PropertySourceBootstrapConfiguration - Located property source: [BootstrapPropertySource {name='bootstrapProperties-configClient'}, BootstrapPropertySource {name='bootstrapProperties-https://github.com/software-dev2010/spring-cloud-config-server-repository/config-client-elastic_query_web.yml'}, BootstrapPropertySource {name='bootstrapProperties-https://github.com/software-dev2010/spring-cloud-config-server-repository/config-client.yml'}]
2023-04-29 20:45:12 [main] INFO  o.s.c.b.c.PropertySourceBootstrapConfiguration - Located property source: [BootstrapPropertySource {name='bootstrapProperties-configClient'}, BootstrapPropertySource {name='bootstrapProperties-https://github.com/software-dev2010/spring-cloud-config-server-repository/config-client-elastic_query_web.yml'}, BootstrapPropertySource {name='bootstrapProperties-https://github.com/software-dev2010/spring-cloud-config-server-repository/config-client.yml'}]
2023-04-29 20:45:12 [main] INFO  c.m.d.e.q.w.c.ElasticQueryWebClientApplication - The following profiles are active: elastic_query_web
2023-04-29 20:45:12 [main] INFO  o.s.cloud.context.scope.GenericScope - BeanFactory id=90e0c62f-6198-31c9-94f9-db18007b6beb
2023-04-29 20:45:12 [main] INFO  o.s.cloud.context.scope.GenericScope - BeanFactory id=90e0c62f-6198-31c9-94f9-db18007b6beb
2023-04-29 20:45:13 [main] INFO  o.s.b.w.e.tomcat.TomcatWebServer - Tomcat initialized with port(s): 8184 (http)
2023-04-29 20:45:13 [main] INFO  o.s.b.w.e.tomcat.TomcatWebServer - Tomcat initialized with port(s): 8184 (http)
2023-04-29 20:45:13 [main] INFO  o.a.coyote.http11.Http11NioProtocol - Initializing ProtocolHandler ["http-nio-8184"]
2023-04-29 20:45:13 [main] INFO  o.a.catalina.core.StandardService - Starting service [Tomcat]
2023-04-29 20:45:13 [main] INFO  o.a.catalina.core.StandardEngine - Starting Servlet engine: [Apache Tomcat/9.0.38]
2023-04-29 20:45:13 [main] INFO  o.a.c.c.C.[.[.[/elastic-query-web-client] - Initializing Spring embedded WebApplicationContext
2023-04-29 20:45:13 [main] INFO  o.s.b.w.s.c.ServletWebServerApplicationContext - Root WebApplicationContext: initialization completed in 953 ms
2023-04-29 20:45:13 [main] INFO  o.s.b.w.s.c.ServletWebServerApplicationContext - Root WebApplicationContext: initialization completed in 953 ms
2023-04-29 20:45:13 [main] INFO  o.s.s.web.DefaultSecurityFilterChain - Creating filter chain: any request, [org.springframework.security.web.context.request.async.WebAsyncManagerIntegrationFilter@1f7cec93, org.springframework.security.web.context.SecurityContextPersistenceFilter@34330f77, org.springframework.security.web.header.HeaderWriterFilter@741741d0, org.springframework.security.web.csrf.CsrfFilter@226de93c, org.springframework.security.web.authentication.logout.LogoutFilter@7f97bc14, org.springframework.security.web.authentication.www.BasicAuthenticationFilter@4525e9e8, org.springframework.security.web.savedrequest.RequestCacheAwareFilter@4b033eac, org.springframework.security.web.servletapi.SecurityContextHolderAwareRequestFilter@76437e9b, org.springframework.security.web.authentication.AnonymousAuthenticationFilter@3c9ef6e9, org.springframework.security.web.session.SessionManagementFilter@59303963, org.springframework.security.web.access.ExceptionTranslationFilter@c2df90e, org.springframework.security.web.access.intercept.FilterSecurityInterceptor@3b7c58e7]
2023-04-29 20:45:13 [main] INFO  o.s.s.web.DefaultSecurityFilterChain - Creating filter chain: any request, [org.springframework.security.web.context.request.async.WebAsyncManagerIntegrationFilter@1f7cec93, org.springframework.security.web.context.SecurityContextPersistenceFilter@34330f77, org.springframework.security.web.header.HeaderWriterFilter@741741d0, org.springframework.security.web.csrf.CsrfFilter@226de93c, org.springframework.security.web.authentication.logout.LogoutFilter@7f97bc14, org.springframework.security.web.authentication.www.BasicAuthenticationFilter@4525e9e8, org.springframework.security.web.savedrequest.RequestCacheAwareFilter@4b033eac, org.springframework.security.web.servletapi.SecurityContextHolderAwareRequestFilter@76437e9b, org.springframework.security.web.authentication.AnonymousAuthenticationFilter@3c9ef6e9, org.springframework.security.web.session.SessionManagementFilter@59303963, org.springframework.security.web.access.ExceptionTranslationFilter@c2df90e, org.springframework.security.web.access.intercept.FilterSecurityInterceptor@3b7c58e7]
2023-04-29 20:45:14 [main] INFO  o.s.s.c.ThreadPoolTaskExecutor - Initializing ExecutorService 'applicationTaskExecutor'
2023-04-29 20:45:14 [main] INFO  o.s.s.c.ThreadPoolTaskExecutor - Initializing ExecutorService 'applicationTaskExecutor'
2023-04-29 20:45:14 [main] INFO  o.s.b.a.w.s.WelcomePageHandlerMapping - Adding welcome page template: index
2023-04-29 20:45:14 [main] INFO  o.s.b.a.w.s.WelcomePageHandlerMapping - Adding welcome page template: index
2023-04-29 20:45:15 [main] INFO  o.a.coyote.http11.Http11NioProtocol - Starting ProtocolHandler ["http-nio-8184"]
2023-04-29 20:45:15 [main] INFO  o.s.b.w.e.tomcat.TomcatWebServer - Tomcat started on port(s): 8184 (http) with context path '/elastic-query-web-client'
2023-04-29 20:45:15 [main] INFO  o.s.b.w.e.tomcat.TomcatWebServer - Tomcat started on port(s): 8184 (http) with context path '/elastic-query-web-client'
2023-04-29 20:45:16 [main] INFO  c.m.d.e.q.w.c.ElasticQueryWebClientApplication - Started ElasticQueryWebClientApplication in 5.985 seconds (JVM running for 6.45)
2023-04-29 20:45:30 [http-nio-8184-exec-1] INFO  o.a.c.c.C.[.[.[/elastic-query-web-client] - Initializing Spring DispatcherServlet 'dispatcherServlet'
2023-04-29 20:45:30 [http-nio-8184-exec-1] INFO  o.s.web.servlet.DispatcherServlet - Initializing Servlet 'dispatcherServlet'
2023-04-29 20:45:30 [http-nio-8184-exec-1] INFO  o.s.web.servlet.DispatcherServlet - Initializing Servlet 'dispatcherServlet'
2023-04-29 20:45:30 [http-nio-8184-exec-1] INFO  o.s.web.servlet.DispatcherServlet - Completed initialization in 5 ms
2023-04-29 20:45:30 [http-nio-8184-exec-1] INFO  o.s.web.servlet.DispatcherServlet - Completed initialization in 5 ms
2023-04-29 20:45:31 [http-nio-8184-exec-1] WARN  o.a.c.util.SessionIdGeneratorBase - Creation of SecureRandom instance for session ID generation using [SHA1PRNG] took [259] milliseconds.
2023-04-29 20:45:36 [http-nio-8184-exec-3] INFO  c.m.d.e.q.w.c.api.QueryController - Querying wit text: test
2023-04-29 20:45:36 [http-nio-8184-exec-3] INFO  c.m.d.e.q.w.c.api.QueryController - responseModels: [ElasticQueryWebClientResponseModel(id=1, userId=null, text=test, createdAt=null)]
2023-04-29 20:45:36 [http-nio-8184-exec-3] INFO  c.m.d.e.q.w.c.api.QueryController - requestModel.getText(): test
2023-04-29 20:46:20 [SpringContextShutdownHook] INFO  o.s.s.c.ThreadPoolTaskExecutor - Shutting down ExecutorService 'applicationTaskExecutor'
2023-04-29 20:46:20 [SpringContextShutdownHook] INFO  o.s.s.c.ThreadPoolTaskExecutor - Shutting down ExecutorService 'applicationTaskExecutor'
