2023-04-30 15:21:08 [background-preinit] INFO  o.h.validator.internal.util.Version - HV000001: Hibernate Validator 6.1.5.Final
2023-04-30 15:21:13 [main] INFO  c.m.demo.config.server.ConfigServer - No active profile set, falling back to default profiles: default
2023-04-30 15:21:19 [main] INFO  o.s.cloud.context.scope.GenericScope - BeanFactory id=2a519873-3bf9-3410-9240-bed5bf7485b8
2023-04-30 15:21:19 [main] INFO  o.s.cloud.context.scope.GenericScope - BeanFactory id=2a519873-3bf9-3410-9240-bed5bf7485b8
2023-04-30 15:21:20 [main] INFO  o.s.b.w.e.tomcat.TomcatWebServer - Tomcat initialized with port(s): 8888 (http)
2023-04-30 15:21:20 [main] INFO  o.s.b.w.e.tomcat.TomcatWebServer - Tomcat initialized with port(s): 8888 (http)
2023-04-30 15:21:20 [main] INFO  o.a.coyote.http11.Http11NioProtocol - Initializing ProtocolHandler ["http-nio-8888"]
2023-04-30 15:21:20 [main] INFO  o.a.catalina.core.StandardService - Starting service [Tomcat]
2023-04-30 15:21:20 [main] INFO  o.a.catalina.core.StandardEngine - Starting Servlet engine: [Apache Tomcat/9.0.38]
2023-04-30 15:21:21 [main] INFO  o.a.c.c.C.[Tomcat].[localhost].[/] - Initializing Spring embedded WebApplicationContext
2023-04-30 15:21:21 [main] INFO  o.s.b.w.s.c.ServletWebServerApplicationContext - Root WebApplicationContext: initialization completed in 7564 ms
2023-04-30 15:21:21 [main] INFO  o.s.b.w.s.c.ServletWebServerApplicationContext - Root WebApplicationContext: initialization completed in 7564 ms
2023-04-30 15:21:23 [main] INFO  o.s.s.c.ThreadPoolTaskExecutor - Initializing ExecutorService 'applicationTaskExecutor'
2023-04-30 15:21:23 [main] INFO  o.s.s.c.ThreadPoolTaskExecutor - Initializing ExecutorService 'applicationTaskExecutor'
2023-04-30 15:21:30 [main] INFO  o.s.s.web.DefaultSecurityFilterChain - Creating filter chain: Ant [pattern='/encrypt/**'], []
2023-04-30 15:21:30 [main] INFO  o.s.s.web.DefaultSecurityFilterChain - Creating filter chain: Ant [pattern='/encrypt/**'], []
2023-04-30 15:21:30 [main] INFO  o.s.s.web.DefaultSecurityFilterChain - Creating filter chain: Ant [pattern='/decrypt/**'], []
2023-04-30 15:21:30 [main] INFO  o.s.s.web.DefaultSecurityFilterChain - Creating filter chain: Ant [pattern='/decrypt/**'], []
2023-04-30 15:21:30 [main] INFO  o.s.s.web.DefaultSecurityFilterChain - Creating filter chain: Ant [pattern='/actuator/**'], []
2023-04-30 15:21:30 [main] INFO  o.s.s.web.DefaultSecurityFilterChain - Creating filter chain: Ant [pattern='/actuator/**'], []
2023-04-30 15:21:30 [main] INFO  o.s.s.web.DefaultSecurityFilterChain - Creating filter chain: any request, [org.springframework.security.web.context.request.async.WebAsyncManagerIntegrationFilter@181098bf, org.springframework.security.web.context.SecurityContextPersistenceFilter@b76b7d8, org.springframework.security.web.header.HeaderWriterFilter@391dfe7c, org.springframework.security.web.csrf.CsrfFilter@d978ab9, org.springframework.security.web.authentication.logout.LogoutFilter@396f2724, org.springframework.security.web.authentication.UsernamePasswordAuthenticationFilter@1dbc607d, org.springframework.security.web.authentication.ui.DefaultLoginPageGeneratingFilter@eebc0db, org.springframework.security.web.authentication.ui.DefaultLogoutPageGeneratingFilter@632b5c79, org.springframework.security.web.authentication.www.BasicAuthenticationFilter@2fafa7b5, org.springframework.security.web.savedrequest.RequestCacheAwareFilter@63c4d16, org.springframework.security.web.servletapi.SecurityContextHolderAwareRequestFilter@1f3361e9, org.springframework.security.web.authentication.AnonymousAuthenticationFilter@6a552721, org.springframework.security.web.session.SessionManagementFilter@7d3bcd3, org.springframework.security.web.access.ExceptionTranslationFilter@474619d9, org.springframework.security.web.access.intercept.FilterSecurityInterceptor@628bd77e]
2023-04-30 15:21:30 [main] INFO  o.s.s.web.DefaultSecurityFilterChain - Creating filter chain: any request, [org.springframework.security.web.context.request.async.WebAsyncManagerIntegrationFilter@181098bf, org.springframework.security.web.context.SecurityContextPersistenceFilter@b76b7d8, org.springframework.security.web.header.HeaderWriterFilter@391dfe7c, org.springframework.security.web.csrf.CsrfFilter@d978ab9, org.springframework.security.web.authentication.logout.LogoutFilter@396f2724, org.springframework.security.web.authentication.UsernamePasswordAuthenticationFilter@1dbc607d, org.springframework.security.web.authentication.ui.DefaultLoginPageGeneratingFilter@eebc0db, org.springframework.security.web.authentication.ui.DefaultLogoutPageGeneratingFilter@632b5c79, org.springframework.security.web.authentication.www.BasicAuthenticationFilter@2fafa7b5, org.springframework.security.web.savedrequest.RequestCacheAwareFilter@63c4d16, org.springframework.security.web.servletapi.SecurityContextHolderAwareRequestFilter@1f3361e9, org.springframework.security.web.authentication.AnonymousAuthenticationFilter@6a552721, org.springframework.security.web.session.SessionManagementFilter@7d3bcd3, org.springframework.security.web.access.ExceptionTranslationFilter@474619d9, org.springframework.security.web.access.intercept.FilterSecurityInterceptor@628bd77e]
2023-04-30 15:21:31 [main] INFO  o.s.b.a.e.web.EndpointLinksResolver - Exposing 2 endpoint(s) beneath base path '/actuator'
2023-04-30 15:21:31 [main] INFO  o.s.b.a.e.web.EndpointLinksResolver - Exposing 2 endpoint(s) beneath base path '/actuator'
2023-04-30 15:21:31 [main] INFO  o.a.coyote.http11.Http11NioProtocol - Starting ProtocolHandler ["http-nio-8888"]
2023-04-30 15:21:31 [main] INFO  o.s.b.w.e.tomcat.TomcatWebServer - Tomcat started on port(s): 8888 (http) with context path ''
2023-04-30 15:21:31 [main] INFO  o.s.b.w.e.tomcat.TomcatWebServer - Tomcat started on port(s): 8888 (http) with context path ''
2023-04-30 15:21:31 [main] INFO  c.m.demo.config.server.ConfigServer - Started ConfigServer in 23.967 seconds (JVM running for 25.054)
2023-04-30 15:22:09 [http-nio-8888-exec-1] INFO  o.a.c.c.C.[Tomcat].[localhost].[/] - Initializing Spring DispatcherServlet 'dispatcherServlet'
2023-04-30 15:22:09 [http-nio-8888-exec-1] INFO  o.s.web.servlet.DispatcherServlet - Initializing Servlet 'dispatcherServlet'
2023-04-30 15:22:09 [http-nio-8888-exec-1] INFO  o.s.web.servlet.DispatcherServlet - Initializing Servlet 'dispatcherServlet'
2023-04-30 15:22:09 [http-nio-8888-exec-1] INFO  o.s.web.servlet.DispatcherServlet - Completed initialization in 10 ms
2023-04-30 15:22:09 [http-nio-8888-exec-1] INFO  o.s.web.servlet.DispatcherServlet - Completed initialization in 10 ms
2023-04-30 15:22:13 [http-nio-8888-exec-3] INFO  o.s.c.c.s.e.NativeEnvironmentRepository - Adding property source: file:/tmp/config-repo-18140736930420594124/config-client-twitter_to_kafka.yml
2023-04-30 15:22:13 [http-nio-8888-exec-3] INFO  o.s.c.c.s.e.NativeEnvironmentRepository - Adding property source: file:/tmp/config-repo-18140736930420594124/config-client-twitter_to_kafka.yml
2023-04-30 15:22:13 [http-nio-8888-exec-3] INFO  o.s.c.c.s.e.NativeEnvironmentRepository - Adding property source: file:/tmp/config-repo-18140736930420594124/config-client.yml
2023-04-30 15:22:13 [http-nio-8888-exec-3] INFO  o.s.c.c.s.e.NativeEnvironmentRepository - Adding property source: file:/tmp/config-repo-18140736930420594124/config-client.yml
2023-04-30 15:22:14 [http-nio-8888-exec-4] INFO  o.s.c.c.s.e.NativeEnvironmentRepository - Adding property source: file:/tmp/config-repo-18140736930420594124/config-client-elastic_query.yml
2023-04-30 15:22:14 [http-nio-8888-exec-4] INFO  o.s.c.c.s.e.NativeEnvironmentRepository - Adding property source: file:/tmp/config-repo-18140736930420594124/config-client-elastic_query.yml
2023-04-30 15:22:14 [http-nio-8888-exec-4] INFO  o.s.c.c.s.e.NativeEnvironmentRepository - Adding property source: file:/tmp/config-repo-18140736930420594124/config-client.yml
2023-04-30 15:22:14 [http-nio-8888-exec-4] INFO  o.s.c.c.s.e.NativeEnvironmentRepository - Adding property source: file:/tmp/config-repo-18140736930420594124/config-client.yml
2023-04-30 15:22:21 [http-nio-8888-exec-5] INFO  o.s.c.c.s.e.NativeEnvironmentRepository - Adding property source: file:/tmp/config-repo-18140736930420594124/config-client-kafka_to_elastic.yml
2023-04-30 15:22:21 [http-nio-8888-exec-5] INFO  o.s.c.c.s.e.NativeEnvironmentRepository - Adding property source: file:/tmp/config-repo-18140736930420594124/config-client-kafka_to_elastic.yml
2023-04-30 15:22:21 [http-nio-8888-exec-5] INFO  o.s.c.c.s.e.NativeEnvironmentRepository - Adding property source: file:/tmp/config-repo-18140736930420594124/config-client.yml
2023-04-30 15:22:21 [http-nio-8888-exec-5] INFO  o.s.c.c.s.e.NativeEnvironmentRepository - Adding property source: file:/tmp/config-repo-18140736930420594124/config-client.yml
2023-04-30 15:22:32 [http-nio-8888-exec-7] INFO  o.s.c.c.s.e.NativeEnvironmentRepository - Adding property source: file:/tmp/config-repo-18140736930420594124/config-client-elastic_query.yml
2023-04-30 15:22:32 [http-nio-8888-exec-7] INFO  o.s.c.c.s.e.NativeEnvironmentRepository - Adding property source: file:/tmp/config-repo-18140736930420594124/config-client-elastic_query.yml
2023-04-30 15:22:32 [http-nio-8888-exec-7] INFO  o.s.c.c.s.e.NativeEnvironmentRepository - Adding property source: file:/tmp/config-repo-18140736930420594124/config-client.yml
2023-04-30 15:22:32 [http-nio-8888-exec-7] INFO  o.s.c.c.s.e.NativeEnvironmentRepository - Adding property source: file:/tmp/config-repo-18140736930420594124/config-client.yml
2023-04-30 15:34:05 [http-nio-8888-exec-2] INFO  o.s.c.c.s.e.NativeEnvironmentRepository - Adding property source: file:/tmp/config-repo-18140736930420594124/config-client-elastic_query_web.yml
2023-04-30 15:34:05 [http-nio-8888-exec-2] INFO  o.s.c.c.s.e.NativeEnvironmentRepository - Adding property source: file:/tmp/config-repo-18140736930420594124/config-client-elastic_query_web.yml
2023-04-30 15:34:05 [http-nio-8888-exec-2] INFO  o.s.c.c.s.e.NativeEnvironmentRepository - Adding property source: file:/tmp/config-repo-18140736930420594124/config-client.yml
2023-04-30 15:34:05 [http-nio-8888-exec-2] INFO  o.s.c.c.s.e.NativeEnvironmentRepository - Adding property source: file:/tmp/config-repo-18140736930420594124/config-client.yml
2023-04-30 15:37:24 [SpringContextShutdownHook] INFO  o.s.s.c.ThreadPoolTaskExecutor - Shutting down ExecutorService 'applicationTaskExecutor'
2023-04-30 15:37:24 [SpringContextShutdownHook] INFO  o.s.s.c.ThreadPoolTaskExecutor - Shutting down ExecutorService 'applicationTaskExecutor'
2023-04-30 15:47:09 [background-preinit] INFO  o.h.validator.internal.util.Version - HV000001: Hibernate Validator 6.1.5.Final
2023-04-30 15:47:14 [main] INFO  c.m.demo.config.server.ConfigServer - No active profile set, falling back to default profiles: default
2023-04-30 15:47:22 [main] INFO  o.s.cloud.context.scope.GenericScope - BeanFactory id=2a519873-3bf9-3410-9240-bed5bf7485b8
2023-04-30 15:47:22 [main] INFO  o.s.cloud.context.scope.GenericScope - BeanFactory id=2a519873-3bf9-3410-9240-bed5bf7485b8
2023-04-30 15:47:24 [main] INFO  o.s.b.w.e.tomcat.TomcatWebServer - Tomcat initialized with port(s): 8888 (http)
2023-04-30 15:47:24 [main] INFO  o.s.b.w.e.tomcat.TomcatWebServer - Tomcat initialized with port(s): 8888 (http)
2023-04-30 15:47:24 [main] INFO  o.a.coyote.http11.Http11NioProtocol - Initializing ProtocolHandler ["http-nio-8888"]
2023-04-30 15:47:24 [main] INFO  o.a.catalina.core.StandardService - Starting service [Tomcat]
2023-04-30 15:47:24 [main] INFO  o.a.catalina.core.StandardEngine - Starting Servlet engine: [Apache Tomcat/9.0.38]
2023-04-30 15:47:24 [main] INFO  o.a.c.c.C.[Tomcat].[localhost].[/] - Initializing Spring embedded WebApplicationContext
2023-04-30 15:47:24 [main] INFO  o.s.b.w.s.c.ServletWebServerApplicationContext - Root WebApplicationContext: initialization completed in 10064 ms
2023-04-30 15:47:24 [main] INFO  o.s.b.w.s.c.ServletWebServerApplicationContext - Root WebApplicationContext: initialization completed in 10064 ms
2023-04-30 15:47:28 [main] INFO  o.s.s.c.ThreadPoolTaskExecutor - Initializing ExecutorService 'applicationTaskExecutor'
2023-04-30 15:47:28 [main] INFO  o.s.s.c.ThreadPoolTaskExecutor - Initializing ExecutorService 'applicationTaskExecutor'
2023-04-30 15:47:42 [main] INFO  o.s.s.web.DefaultSecurityFilterChain - Creating filter chain: Ant [pattern='/encrypt/**'], []
2023-04-30 15:47:42 [main] INFO  o.s.s.web.DefaultSecurityFilterChain - Creating filter chain: Ant [pattern='/encrypt/**'], []
2023-04-30 15:47:43 [main] INFO  o.s.s.web.DefaultSecurityFilterChain - Creating filter chain: Ant [pattern='/decrypt/**'], []
2023-04-30 15:47:43 [main] INFO  o.s.s.web.DefaultSecurityFilterChain - Creating filter chain: Ant [pattern='/decrypt/**'], []
2023-04-30 15:47:43 [main] INFO  o.s.s.web.DefaultSecurityFilterChain - Creating filter chain: Ant [pattern='/actuator/**'], []
2023-04-30 15:47:43 [main] INFO  o.s.s.web.DefaultSecurityFilterChain - Creating filter chain: Ant [pattern='/actuator/**'], []
2023-04-30 15:47:43 [main] INFO  o.s.s.web.DefaultSecurityFilterChain - Creating filter chain: any request, [org.springframework.security.web.context.request.async.WebAsyncManagerIntegrationFilter@1dbc607d, org.springframework.security.web.context.SecurityContextPersistenceFilter@5dd3727c, org.springframework.security.web.header.HeaderWriterFilter@252d8df6, org.springframework.security.web.csrf.CsrfFilter@5f5a33ed, org.springframework.security.web.authentication.logout.LogoutFilter@4e647f39, org.springframework.security.web.authentication.UsernamePasswordAuthenticationFilter@23c72128, org.springframework.security.web.authentication.ui.DefaultLoginPageGeneratingFilter@b76b7d8, org.springframework.security.web.authentication.ui.DefaultLogoutPageGeneratingFilter@62b42406, org.springframework.security.web.authentication.www.BasicAuthenticationFilter@16944b58, org.springframework.security.web.savedrequest.RequestCacheAwareFilter@229cb4d8, org.springframework.security.web.servletapi.SecurityContextHolderAwareRequestFilter@5dce5c03, org.springframework.security.web.authentication.AnonymousAuthenticationFilter@a0e33db, org.springframework.security.web.session.SessionManagementFilter@2f8f40cc, org.springframework.security.web.access.ExceptionTranslationFilter@87220f1, org.springframework.security.web.access.intercept.FilterSecurityInterceptor@41026e5c]
2023-04-30 15:47:43 [main] INFO  o.s.s.web.DefaultSecurityFilterChain - Creating filter chain: any request, [org.springframework.security.web.context.request.async.WebAsyncManagerIntegrationFilter@1dbc607d, org.springframework.security.web.context.SecurityContextPersistenceFilter@5dd3727c, org.springframework.security.web.header.HeaderWriterFilter@252d8df6, org.springframework.security.web.csrf.CsrfFilter@5f5a33ed, org.springframework.security.web.authentication.logout.LogoutFilter@4e647f39, org.springframework.security.web.authentication.UsernamePasswordAuthenticationFilter@23c72128, org.springframework.security.web.authentication.ui.DefaultLoginPageGeneratingFilter@b76b7d8, org.springframework.security.web.authentication.ui.DefaultLogoutPageGeneratingFilter@62b42406, org.springframework.security.web.authentication.www.BasicAuthenticationFilter@16944b58, org.springframework.security.web.savedrequest.RequestCacheAwareFilter@229cb4d8, org.springframework.security.web.servletapi.SecurityContextHolderAwareRequestFilter@5dce5c03, org.springframework.security.web.authentication.AnonymousAuthenticationFilter@a0e33db, org.springframework.security.web.session.SessionManagementFilter@2f8f40cc, org.springframework.security.web.access.ExceptionTranslationFilter@87220f1, org.springframework.security.web.access.intercept.FilterSecurityInterceptor@41026e5c]
2023-04-30 15:47:44 [main] INFO  o.s.b.a.e.web.EndpointLinksResolver - Exposing 2 endpoint(s) beneath base path '/actuator'
2023-04-30 15:47:44 [main] INFO  o.s.b.a.e.web.EndpointLinksResolver - Exposing 2 endpoint(s) beneath base path '/actuator'
2023-04-30 15:47:44 [main] INFO  o.a.coyote.http11.Http11NioProtocol - Starting ProtocolHandler ["http-nio-8888"]
2023-04-30 15:47:44 [main] INFO  o.s.b.w.e.tomcat.TomcatWebServer - Tomcat started on port(s): 8888 (http) with context path ''
2023-04-30 15:47:44 [main] INFO  o.s.b.w.e.tomcat.TomcatWebServer - Tomcat started on port(s): 8888 (http) with context path ''
2023-04-30 15:47:44 [main] INFO  c.m.demo.config.server.ConfigServer - Started ConfigServer in 36.481 seconds (JVM running for 37.882)
2023-04-30 15:47:54 [http-nio-8888-exec-1] INFO  o.a.c.c.C.[Tomcat].[localhost].[/] - Initializing Spring DispatcherServlet 'dispatcherServlet'
2023-04-30 15:47:54 [http-nio-8888-exec-1] INFO  o.s.web.servlet.DispatcherServlet - Initializing Servlet 'dispatcherServlet'
2023-04-30 15:47:54 [http-nio-8888-exec-1] INFO  o.s.web.servlet.DispatcherServlet - Initializing Servlet 'dispatcherServlet'
2023-04-30 15:47:54 [http-nio-8888-exec-1] INFO  o.s.web.servlet.DispatcherServlet - Completed initialization in 15 ms
2023-04-30 15:47:54 [http-nio-8888-exec-1] INFO  o.s.web.servlet.DispatcherServlet - Completed initialization in 15 ms
2023-04-30 15:48:00 [http-nio-8888-exec-5] INFO  o.s.c.c.s.e.NativeEnvironmentRepository - Adding property source: file:/tmp/config-repo-8907317397222686476/config-client-twitter_to_kafka.yml
2023-04-30 15:48:00 [http-nio-8888-exec-5] INFO  o.s.c.c.s.e.NativeEnvironmentRepository - Adding property source: file:/tmp/config-repo-8907317397222686476/config-client-twitter_to_kafka.yml
2023-04-30 15:48:00 [http-nio-8888-exec-5] INFO  o.s.c.c.s.e.NativeEnvironmentRepository - Adding property source: file:/tmp/config-repo-8907317397222686476/config-client.yml
2023-04-30 15:48:00 [http-nio-8888-exec-5] INFO  o.s.c.c.s.e.NativeEnvironmentRepository - Adding property source: file:/tmp/config-repo-8907317397222686476/config-client.yml
2023-04-30 15:48:02 [http-nio-8888-exec-6] INFO  o.s.c.c.s.e.NativeEnvironmentRepository - Adding property source: file:/tmp/config-repo-8907317397222686476/config-client-elastic_query.yml
2023-04-30 15:48:02 [http-nio-8888-exec-6] INFO  o.s.c.c.s.e.NativeEnvironmentRepository - Adding property source: file:/tmp/config-repo-8907317397222686476/config-client-elastic_query.yml
2023-04-30 15:48:02 [http-nio-8888-exec-6] INFO  o.s.c.c.s.e.NativeEnvironmentRepository - Adding property source: file:/tmp/config-repo-8907317397222686476/config-client.yml
2023-04-30 15:48:02 [http-nio-8888-exec-6] INFO  o.s.c.c.s.e.NativeEnvironmentRepository - Adding property source: file:/tmp/config-repo-8907317397222686476/config-client.yml
2023-04-30 15:48:03 [http-nio-8888-exec-7] INFO  o.s.c.c.s.e.NativeEnvironmentRepository - Adding property source: file:/tmp/config-repo-8907317397222686476/config-client-elastic_query.yml
2023-04-30 15:48:03 [http-nio-8888-exec-7] INFO  o.s.c.c.s.e.NativeEnvironmentRepository - Adding property source: file:/tmp/config-repo-8907317397222686476/config-client-elastic_query.yml
2023-04-30 15:48:03 [http-nio-8888-exec-7] INFO  o.s.c.c.s.e.NativeEnvironmentRepository - Adding property source: file:/tmp/config-repo-8907317397222686476/config-client.yml
2023-04-30 15:48:03 [http-nio-8888-exec-7] INFO  o.s.c.c.s.e.NativeEnvironmentRepository - Adding property source: file:/tmp/config-repo-8907317397222686476/config-client.yml
2023-04-30 15:48:04 [http-nio-8888-exec-8] INFO  o.s.c.c.s.e.NativeEnvironmentRepository - Adding property source: file:/tmp/config-repo-8907317397222686476/config-client-elastic_query_web.yml
2023-04-30 15:48:04 [http-nio-8888-exec-8] INFO  o.s.c.c.s.e.NativeEnvironmentRepository - Adding property source: file:/tmp/config-repo-8907317397222686476/config-client-elastic_query_web.yml
2023-04-30 15:48:04 [http-nio-8888-exec-8] INFO  o.s.c.c.s.e.NativeEnvironmentRepository - Adding property source: file:/tmp/config-repo-8907317397222686476/config-client.yml
2023-04-30 15:48:04 [http-nio-8888-exec-8] INFO  o.s.c.c.s.e.NativeEnvironmentRepository - Adding property source: file:/tmp/config-repo-8907317397222686476/config-client.yml
2023-04-30 15:48:10 [http-nio-8888-exec-9] INFO  o.s.c.c.s.e.NativeEnvironmentRepository - Adding property source: file:/tmp/config-repo-8907317397222686476/config-client-kafka_to_elastic.yml
2023-04-30 15:48:10 [http-nio-8888-exec-9] INFO  o.s.c.c.s.e.NativeEnvironmentRepository - Adding property source: file:/tmp/config-repo-8907317397222686476/config-client-kafka_to_elastic.yml
2023-04-30 15:48:10 [http-nio-8888-exec-9] INFO  o.s.c.c.s.e.NativeEnvironmentRepository - Adding property source: file:/tmp/config-repo-8907317397222686476/config-client.yml
2023-04-30 15:48:10 [http-nio-8888-exec-9] INFO  o.s.c.c.s.e.NativeEnvironmentRepository - Adding property source: file:/tmp/config-repo-8907317397222686476/config-client.yml
2023-04-30 15:53:33 [SpringContextShutdownHook] INFO  o.s.s.c.ThreadPoolTaskExecutor - Shutting down ExecutorService 'applicationTaskExecutor'
2023-04-30 15:53:33 [SpringContextShutdownHook] INFO  o.s.s.c.ThreadPoolTaskExecutor - Shutting down ExecutorService 'applicationTaskExecutor'
