2023-04-30 15:21:39 [background-preinit] INFO  o.h.validator.internal.util.Version - HV000001: Hibernate Validator 6.1.5.Final
2023-04-30 15:21:40 [main] INFO  c.m.demo.config.server.ConfigServer - No active profile set, falling back to default profiles: default
2023-04-30 15:21:41 [main] INFO  o.s.cloud.context.scope.GenericScope - BeanFactory id=2a519873-3bf9-3410-9240-bed5bf7485b8
2023-04-30 15:21:41 [main] INFO  o.s.cloud.context.scope.GenericScope - BeanFactory id=2a519873-3bf9-3410-9240-bed5bf7485b8
2023-04-30 15:21:42 [main] INFO  o.s.b.w.e.tomcat.TomcatWebServer - Tomcat initialized with port(s): 8888 (http)
2023-04-30 15:21:42 [main] INFO  o.s.b.w.e.tomcat.TomcatWebServer - Tomcat initialized with port(s): 8888 (http)
2023-04-30 15:21:42 [main] INFO  o.a.coyote.http11.Http11NioProtocol - Initializing ProtocolHandler ["http-nio-8888"]
2023-04-30 15:21:42 [main] INFO  o.a.catalina.core.StandardService - Starting service [Tomcat]
2023-04-30 15:21:42 [main] INFO  o.a.catalina.core.StandardEngine - Starting Servlet engine: [Apache Tomcat/9.0.38]
2023-04-30 15:21:42 [main] INFO  o.a.c.c.C.[Tomcat].[localhost].[/] - Initializing Spring embedded WebApplicationContext
2023-04-30 15:21:42 [main] INFO  o.s.b.w.s.c.ServletWebServerApplicationContext - Root WebApplicationContext: initialization completed in 2108 ms
2023-04-30 15:21:42 [main] INFO  o.s.b.w.s.c.ServletWebServerApplicationContext - Root WebApplicationContext: initialization completed in 2108 ms
2023-04-30 15:21:42 [main] INFO  o.s.s.c.ThreadPoolTaskExecutor - Initializing ExecutorService 'applicationTaskExecutor'
2023-04-30 15:21:42 [main] INFO  o.s.s.c.ThreadPoolTaskExecutor - Initializing ExecutorService 'applicationTaskExecutor'
2023-04-30 15:21:45 [main] INFO  o.s.s.web.DefaultSecurityFilterChain - Creating filter chain: Ant [pattern='/encrypt/**'], []
2023-04-30 15:21:45 [main] INFO  o.s.s.web.DefaultSecurityFilterChain - Creating filter chain: Ant [pattern='/encrypt/**'], []
2023-04-30 15:21:45 [main] INFO  o.s.s.web.DefaultSecurityFilterChain - Creating filter chain: Ant [pattern='/decrypt/**'], []
2023-04-30 15:21:45 [main] INFO  o.s.s.web.DefaultSecurityFilterChain - Creating filter chain: Ant [pattern='/decrypt/**'], []
2023-04-30 15:21:45 [main] INFO  o.s.s.web.DefaultSecurityFilterChain - Creating filter chain: Ant [pattern='/actuator/**'], []
2023-04-30 15:21:45 [main] INFO  o.s.s.web.DefaultSecurityFilterChain - Creating filter chain: Ant [pattern='/actuator/**'], []
2023-04-30 15:21:45 [main] INFO  o.s.s.web.DefaultSecurityFilterChain - Creating filter chain: any request, [org.springframework.security.web.context.request.async.WebAsyncManagerIntegrationFilter@498e41a4, org.springframework.security.web.context.SecurityContextPersistenceFilter@53525379, org.springframework.security.web.header.HeaderWriterFilter@3460e4ed, org.springframework.security.web.csrf.CsrfFilter@5503c7d, org.springframework.security.web.authentication.logout.LogoutFilter@40863800, org.springframework.security.web.authentication.UsernamePasswordAuthenticationFilter@4fc3529, org.springframework.security.web.authentication.ui.DefaultLoginPageGeneratingFilter@5341641d, org.springframework.security.web.authentication.ui.DefaultLogoutPageGeneratingFilter@be616f0, org.springframework.security.web.authentication.www.BasicAuthenticationFilter@7c8df667, org.springframework.security.web.savedrequest.RequestCacheAwareFilter@78b9155e, org.springframework.security.web.servletapi.SecurityContextHolderAwareRequestFilter@4fedf908, org.springframework.security.web.authentication.AnonymousAuthenticationFilter@1f5d7fd5, org.springframework.security.web.session.SessionManagementFilter@4a453f8d, org.springframework.security.web.access.ExceptionTranslationFilter@78e387d6, org.springframework.security.web.access.intercept.FilterSecurityInterceptor@62158991]
2023-04-30 15:21:45 [main] INFO  o.s.s.web.DefaultSecurityFilterChain - Creating filter chain: any request, [org.springframework.security.web.context.request.async.WebAsyncManagerIntegrationFilter@498e41a4, org.springframework.security.web.context.SecurityContextPersistenceFilter@53525379, org.springframework.security.web.header.HeaderWriterFilter@3460e4ed, org.springframework.security.web.csrf.CsrfFilter@5503c7d, org.springframework.security.web.authentication.logout.LogoutFilter@40863800, org.springframework.security.web.authentication.UsernamePasswordAuthenticationFilter@4fc3529, org.springframework.security.web.authentication.ui.DefaultLoginPageGeneratingFilter@5341641d, org.springframework.security.web.authentication.ui.DefaultLogoutPageGeneratingFilter@be616f0, org.springframework.security.web.authentication.www.BasicAuthenticationFilter@7c8df667, org.springframework.security.web.savedrequest.RequestCacheAwareFilter@78b9155e, org.springframework.security.web.servletapi.SecurityContextHolderAwareRequestFilter@4fedf908, org.springframework.security.web.authentication.AnonymousAuthenticationFilter@1f5d7fd5, org.springframework.security.web.session.SessionManagementFilter@4a453f8d, org.springframework.security.web.access.ExceptionTranslationFilter@78e387d6, org.springframework.security.web.access.intercept.FilterSecurityInterceptor@62158991]
2023-04-30 15:21:45 [main] INFO  o.s.b.a.e.web.EndpointLinksResolver - Exposing 2 endpoint(s) beneath base path '/actuator'
2023-04-30 15:21:45 [main] INFO  o.s.b.a.e.web.EndpointLinksResolver - Exposing 2 endpoint(s) beneath base path '/actuator'
2023-04-30 15:21:45 [main] INFO  o.a.coyote.http11.Http11NioProtocol - Starting ProtocolHandler ["http-nio-8888"]
2023-04-30 15:21:45 [main] INFO  o.s.b.w.e.tomcat.TomcatWebServer - Tomcat started on port(s): 8888 (http) with context path ''
2023-04-30 15:21:45 [main] INFO  o.s.b.w.e.tomcat.TomcatWebServer - Tomcat started on port(s): 8888 (http) with context path ''
2023-04-30 15:21:46 [main] INFO  c.m.demo.config.server.ConfigServer - Started ConfigServer in 8.151 seconds (JVM running for 8.862)
2023-04-30 15:22:26 [Thread-3] WARN  o.s.c.c.s.e.MultipleJGitEnvironmentRepository - Failed to delete temporary directory on exit: java.nio.file.AccessDeniedException: C:\Users\Daiana\AppData\Local\Temp\config-repo-9092556245082244843\.git\objects\pack\pack-38f64c8318ef6da5df0213bff35c17f4596ff75f.idx
2023-04-30 15:22:26 [Thread-3] WARN  o.s.c.c.s.e.MultipleJGitEnvironmentRepository - Failed to delete temporary directory on exit: java.nio.file.AccessDeniedException: C:\Users\Daiana\AppData\Local\Temp\config-repo-9092556245082244843\.git\objects\pack\pack-38f64c8318ef6da5df0213bff35c17f4596ff75f.idx
2023-04-30 15:22:27 [SpringContextShutdownHook] INFO  o.s.s.c.ThreadPoolTaskExecutor - Shutting down ExecutorService 'applicationTaskExecutor'
2023-04-30 15:22:27 [SpringContextShutdownHook] INFO  o.s.s.c.ThreadPoolTaskExecutor - Shutting down ExecutorService 'applicationTaskExecutor'
2023-04-30 15:29:55 [background-preinit] INFO  o.h.validator.internal.util.Version - HV000001: Hibernate Validator 6.1.5.Final
2023-04-30 15:29:56 [main] INFO  c.m.demo.config.server.ConfigServer - No active profile set, falling back to default profiles: default
2023-04-30 15:29:57 [main] INFO  o.s.cloud.context.scope.GenericScope - BeanFactory id=2a519873-3bf9-3410-9240-bed5bf7485b8
2023-04-30 15:29:57 [main] INFO  o.s.cloud.context.scope.GenericScope - BeanFactory id=2a519873-3bf9-3410-9240-bed5bf7485b8
2023-04-30 15:29:57 [main] INFO  o.s.b.w.e.tomcat.TomcatWebServer - Tomcat initialized with port(s): 8888 (http)
2023-04-30 15:29:57 [main] INFO  o.s.b.w.e.tomcat.TomcatWebServer - Tomcat initialized with port(s): 8888 (http)
2023-04-30 15:29:57 [main] INFO  o.a.coyote.http11.Http11NioProtocol - Initializing ProtocolHandler ["http-nio-8888"]
2023-04-30 15:29:57 [main] INFO  o.a.catalina.core.StandardService - Starting service [Tomcat]
2023-04-30 15:29:57 [main] INFO  o.a.catalina.core.StandardEngine - Starting Servlet engine: [Apache Tomcat/9.0.38]
2023-04-30 15:29:57 [main] INFO  o.a.c.c.C.[Tomcat].[localhost].[/] - Initializing Spring embedded WebApplicationContext
2023-04-30 15:29:57 [main] INFO  o.s.b.w.s.c.ServletWebServerApplicationContext - Root WebApplicationContext: initialization completed in 1439 ms
2023-04-30 15:29:57 [main] INFO  o.s.b.w.s.c.ServletWebServerApplicationContext - Root WebApplicationContext: initialization completed in 1439 ms
2023-04-30 15:29:58 [main] INFO  o.s.s.c.ThreadPoolTaskExecutor - Initializing ExecutorService 'applicationTaskExecutor'
2023-04-30 15:29:58 [main] INFO  o.s.s.c.ThreadPoolTaskExecutor - Initializing ExecutorService 'applicationTaskExecutor'
2023-04-30 15:30:01 [main] INFO  o.s.s.web.DefaultSecurityFilterChain - Creating filter chain: Ant [pattern='/encrypt/**'], []
2023-04-30 15:30:01 [main] INFO  o.s.s.web.DefaultSecurityFilterChain - Creating filter chain: Ant [pattern='/encrypt/**'], []
2023-04-30 15:30:01 [main] INFO  o.s.s.web.DefaultSecurityFilterChain - Creating filter chain: Ant [pattern='/decrypt/**'], []
2023-04-30 15:30:01 [main] INFO  o.s.s.web.DefaultSecurityFilterChain - Creating filter chain: Ant [pattern='/decrypt/**'], []
2023-04-30 15:30:01 [main] INFO  o.s.s.web.DefaultSecurityFilterChain - Creating filter chain: Ant [pattern='/actuator/**'], []
2023-04-30 15:30:01 [main] INFO  o.s.s.web.DefaultSecurityFilterChain - Creating filter chain: Ant [pattern='/actuator/**'], []
2023-04-30 15:30:01 [main] INFO  o.s.s.web.DefaultSecurityFilterChain - Creating filter chain: any request, [org.springframework.security.web.context.request.async.WebAsyncManagerIntegrationFilter@ca2be53, org.springframework.security.web.context.SecurityContextPersistenceFilter@69c33ea2, org.springframework.security.web.header.HeaderWriterFilter@1be3f8f8, org.springframework.security.web.csrf.CsrfFilter@646cb2e, org.springframework.security.web.authentication.logout.LogoutFilter@64665781, org.springframework.security.web.authentication.UsernamePasswordAuthenticationFilter@3221588e, org.springframework.security.web.authentication.ui.DefaultLoginPageGeneratingFilter@4fd37449, org.springframework.security.web.authentication.ui.DefaultLogoutPageGeneratingFilter@78f5cbc5, org.springframework.security.web.authentication.www.BasicAuthenticationFilter@37c87fcc, org.springframework.security.web.savedrequest.RequestCacheAwareFilter@2e3900dc, org.springframework.security.web.servletapi.SecurityContextHolderAwareRequestFilter@3006bfb, org.springframework.security.web.authentication.AnonymousAuthenticationFilter@70697478, org.springframework.security.web.session.SessionManagementFilter@2ceb68a1, org.springframework.security.web.access.ExceptionTranslationFilter@60a6840c, org.springframework.security.web.access.intercept.FilterSecurityInterceptor@4fc3529]
2023-04-30 15:30:01 [main] INFO  o.s.s.web.DefaultSecurityFilterChain - Creating filter chain: any request, [org.springframework.security.web.context.request.async.WebAsyncManagerIntegrationFilter@ca2be53, org.springframework.security.web.context.SecurityContextPersistenceFilter@69c33ea2, org.springframework.security.web.header.HeaderWriterFilter@1be3f8f8, org.springframework.security.web.csrf.CsrfFilter@646cb2e, org.springframework.security.web.authentication.logout.LogoutFilter@64665781, org.springframework.security.web.authentication.UsernamePasswordAuthenticationFilter@3221588e, org.springframework.security.web.authentication.ui.DefaultLoginPageGeneratingFilter@4fd37449, org.springframework.security.web.authentication.ui.DefaultLogoutPageGeneratingFilter@78f5cbc5, org.springframework.security.web.authentication.www.BasicAuthenticationFilter@37c87fcc, org.springframework.security.web.savedrequest.RequestCacheAwareFilter@2e3900dc, org.springframework.security.web.servletapi.SecurityContextHolderAwareRequestFilter@3006bfb, org.springframework.security.web.authentication.AnonymousAuthenticationFilter@70697478, org.springframework.security.web.session.SessionManagementFilter@2ceb68a1, org.springframework.security.web.access.ExceptionTranslationFilter@60a6840c, org.springframework.security.web.access.intercept.FilterSecurityInterceptor@4fc3529]
2023-04-30 15:30:01 [main] INFO  o.s.b.a.e.web.EndpointLinksResolver - Exposing 2 endpoint(s) beneath base path '/actuator'
2023-04-30 15:30:01 [main] INFO  o.s.b.a.e.web.EndpointLinksResolver - Exposing 2 endpoint(s) beneath base path '/actuator'
2023-04-30 15:30:01 [main] INFO  o.a.coyote.http11.Http11NioProtocol - Starting ProtocolHandler ["http-nio-8888"]
2023-04-30 15:30:01 [main] INFO  o.s.b.w.e.tomcat.TomcatWebServer - Tomcat started on port(s): 8888 (http) with context path ''
2023-04-30 15:30:01 [main] INFO  o.s.b.w.e.tomcat.TomcatWebServer - Tomcat started on port(s): 8888 (http) with context path ''
2023-04-30 15:30:02 [main] INFO  c.m.demo.config.server.ConfigServer - Started ConfigServer in 7.742 seconds (JVM running for 8.302)
2023-04-30 15:30:21 [http-nio-8888-exec-1] INFO  o.a.c.c.C.[Tomcat].[localhost].[/] - Initializing Spring DispatcherServlet 'dispatcherServlet'
2023-04-30 15:30:21 [http-nio-8888-exec-1] INFO  o.s.web.servlet.DispatcherServlet - Initializing Servlet 'dispatcherServlet'
2023-04-30 15:30:21 [http-nio-8888-exec-1] INFO  o.s.web.servlet.DispatcherServlet - Initializing Servlet 'dispatcherServlet'
2023-04-30 15:30:21 [http-nio-8888-exec-1] INFO  o.s.web.servlet.DispatcherServlet - Completed initialization in 6 ms
2023-04-30 15:30:21 [http-nio-8888-exec-1] INFO  o.s.web.servlet.DispatcherServlet - Completed initialization in 6 ms
2023-04-30 15:30:21 [http-nio-8888-exec-1] WARN  o.a.c.util.SessionIdGeneratorBase - Creation of SecureRandom instance for session ID generation using [SHA1PRNG] took [295] milliseconds.
2023-04-30 15:30:22 [http-nio-8888-exec-1] INFO  o.s.c.c.s.e.NativeEnvironmentRepository - Adding property source: file:/C:/Users/Daiana/AppData/Local/Temp/config-repo-1112187789941996136/config-client-elastic_query_web.yml
2023-04-30 15:30:22 [http-nio-8888-exec-1] INFO  o.s.c.c.s.e.NativeEnvironmentRepository - Adding property source: file:/C:/Users/Daiana/AppData/Local/Temp/config-repo-1112187789941996136/config-client-elastic_query_web.yml
2023-04-30 15:30:22 [http-nio-8888-exec-1] INFO  o.s.c.c.s.e.NativeEnvironmentRepository - Adding property source: file:/C:/Users/Daiana/AppData/Local/Temp/config-repo-1112187789941996136/config-client.yml
2023-04-30 15:30:22 [http-nio-8888-exec-1] INFO  o.s.c.c.s.e.NativeEnvironmentRepository - Adding property source: file:/C:/Users/Daiana/AppData/Local/Temp/config-repo-1112187789941996136/config-client.yml
2023-04-30 15:33:56 [Thread-3] WARN  o.s.c.c.s.e.MultipleJGitEnvironmentRepository - Failed to delete temporary directory on exit: java.nio.file.AccessDeniedException: C:\Users\Daiana\AppData\Local\Temp\config-repo-1112187789941996136\.git\objects\pack\pack-38f64c8318ef6da5df0213bff35c17f4596ff75f.idx
2023-04-30 15:33:56 [Thread-3] WARN  o.s.c.c.s.e.MultipleJGitEnvironmentRepository - Failed to delete temporary directory on exit: java.nio.file.AccessDeniedException: C:\Users\Daiana\AppData\Local\Temp\config-repo-1112187789941996136\.git\objects\pack\pack-38f64c8318ef6da5df0213bff35c17f4596ff75f.idx
2023-04-30 15:33:56 [SpringContextShutdownHook] INFO  o.s.s.c.ThreadPoolTaskExecutor - Shutting down ExecutorService 'applicationTaskExecutor'
2023-04-30 15:33:56 [SpringContextShutdownHook] INFO  o.s.s.c.ThreadPoolTaskExecutor - Shutting down ExecutorService 'applicationTaskExecutor'
2023-04-30 15:38:24 [background-preinit] INFO  o.h.validator.internal.util.Version - HV000001: Hibernate Validator 6.1.5.Final
2023-04-30 15:38:26 [main] INFO  c.m.demo.config.server.ConfigServer - No active profile set, falling back to default profiles: default
2023-04-30 15:38:27 [main] INFO  o.s.cloud.context.scope.GenericScope - BeanFactory id=2a519873-3bf9-3410-9240-bed5bf7485b8
2023-04-30 15:38:27 [main] INFO  o.s.cloud.context.scope.GenericScope - BeanFactory id=2a519873-3bf9-3410-9240-bed5bf7485b8
2023-04-30 15:38:28 [main] INFO  o.s.b.w.e.tomcat.TomcatWebServer - Tomcat initialized with port(s): 8888 (http)
2023-04-30 15:38:28 [main] INFO  o.s.b.w.e.tomcat.TomcatWebServer - Tomcat initialized with port(s): 8888 (http)
2023-04-30 15:38:28 [main] INFO  o.a.coyote.http11.Http11NioProtocol - Initializing ProtocolHandler ["http-nio-8888"]
2023-04-30 15:38:28 [main] INFO  o.a.catalina.core.StandardService - Starting service [Tomcat]
2023-04-30 15:38:28 [main] INFO  o.a.catalina.core.StandardEngine - Starting Servlet engine: [Apache Tomcat/9.0.38]
2023-04-30 15:38:28 [main] INFO  o.a.c.c.C.[Tomcat].[localhost].[/] - Initializing Spring embedded WebApplicationContext
2023-04-30 15:38:28 [main] INFO  o.s.b.w.s.c.ServletWebServerApplicationContext - Root WebApplicationContext: initialization completed in 2501 ms
2023-04-30 15:38:28 [main] INFO  o.s.b.w.s.c.ServletWebServerApplicationContext - Root WebApplicationContext: initialization completed in 2501 ms
2023-04-30 15:38:29 [main] INFO  o.s.s.c.ThreadPoolTaskExecutor - Initializing ExecutorService 'applicationTaskExecutor'
2023-04-30 15:38:29 [main] INFO  o.s.s.c.ThreadPoolTaskExecutor - Initializing ExecutorService 'applicationTaskExecutor'
2023-04-30 15:38:33 [main] INFO  o.s.s.web.DefaultSecurityFilterChain - Creating filter chain: Ant [pattern='/encrypt/**'], []
2023-04-30 15:38:33 [main] INFO  o.s.s.web.DefaultSecurityFilterChain - Creating filter chain: Ant [pattern='/encrypt/**'], []
2023-04-30 15:38:33 [main] INFO  o.s.s.web.DefaultSecurityFilterChain - Creating filter chain: Ant [pattern='/decrypt/**'], []
2023-04-30 15:38:33 [main] INFO  o.s.s.web.DefaultSecurityFilterChain - Creating filter chain: Ant [pattern='/decrypt/**'], []
2023-04-30 15:38:33 [main] INFO  o.s.s.web.DefaultSecurityFilterChain - Creating filter chain: Ant [pattern='/actuator/**'], []
2023-04-30 15:38:33 [main] INFO  o.s.s.web.DefaultSecurityFilterChain - Creating filter chain: Ant [pattern='/actuator/**'], []
2023-04-30 15:38:33 [main] INFO  o.s.s.web.DefaultSecurityFilterChain - Creating filter chain: any request, [org.springframework.security.web.context.request.async.WebAsyncManagerIntegrationFilter@498e41a4, org.springframework.security.web.context.SecurityContextPersistenceFilter@53525379, org.springframework.security.web.header.HeaderWriterFilter@3460e4ed, org.springframework.security.web.csrf.CsrfFilter@5503c7d, org.springframework.security.web.authentication.logout.LogoutFilter@40863800, org.springframework.security.web.authentication.UsernamePasswordAuthenticationFilter@4fc3529, org.springframework.security.web.authentication.ui.DefaultLoginPageGeneratingFilter@5341641d, org.springframework.security.web.authentication.ui.DefaultLogoutPageGeneratingFilter@be616f0, org.springframework.security.web.authentication.www.BasicAuthenticationFilter@7c8df667, org.springframework.security.web.savedrequest.RequestCacheAwareFilter@78b9155e, org.springframework.security.web.servletapi.SecurityContextHolderAwareRequestFilter@4fedf908, org.springframework.security.web.authentication.AnonymousAuthenticationFilter@1f5d7fd5, org.springframework.security.web.session.SessionManagementFilter@4a453f8d, org.springframework.security.web.access.ExceptionTranslationFilter@78e387d6, org.springframework.security.web.access.intercept.FilterSecurityInterceptor@62158991]
2023-04-30 15:38:33 [main] INFO  o.s.s.web.DefaultSecurityFilterChain - Creating filter chain: any request, [org.springframework.security.web.context.request.async.WebAsyncManagerIntegrationFilter@498e41a4, org.springframework.security.web.context.SecurityContextPersistenceFilter@53525379, org.springframework.security.web.header.HeaderWriterFilter@3460e4ed, org.springframework.security.web.csrf.CsrfFilter@5503c7d, org.springframework.security.web.authentication.logout.LogoutFilter@40863800, org.springframework.security.web.authentication.UsernamePasswordAuthenticationFilter@4fc3529, org.springframework.security.web.authentication.ui.DefaultLoginPageGeneratingFilter@5341641d, org.springframework.security.web.authentication.ui.DefaultLogoutPageGeneratingFilter@be616f0, org.springframework.security.web.authentication.www.BasicAuthenticationFilter@7c8df667, org.springframework.security.web.savedrequest.RequestCacheAwareFilter@78b9155e, org.springframework.security.web.servletapi.SecurityContextHolderAwareRequestFilter@4fedf908, org.springframework.security.web.authentication.AnonymousAuthenticationFilter@1f5d7fd5, org.springframework.security.web.session.SessionManagementFilter@4a453f8d, org.springframework.security.web.access.ExceptionTranslationFilter@78e387d6, org.springframework.security.web.access.intercept.FilterSecurityInterceptor@62158991]
2023-04-30 15:38:34 [main] INFO  o.s.b.a.e.web.EndpointLinksResolver - Exposing 2 endpoint(s) beneath base path '/actuator'
2023-04-30 15:38:34 [main] INFO  o.s.b.a.e.web.EndpointLinksResolver - Exposing 2 endpoint(s) beneath base path '/actuator'
2023-04-30 15:38:34 [main] INFO  o.a.coyote.http11.Http11NioProtocol - Starting ProtocolHandler ["http-nio-8888"]
2023-04-30 15:38:34 [main] INFO  o.s.b.w.e.tomcat.TomcatWebServer - Tomcat started on port(s): 8888 (http) with context path ''
2023-04-30 15:38:34 [main] INFO  o.s.b.w.e.tomcat.TomcatWebServer - Tomcat started on port(s): 8888 (http) with context path ''
2023-04-30 15:38:35 [main] INFO  c.m.demo.config.server.ConfigServer - Started ConfigServer in 12.847 seconds (JVM running for 13.814)
2023-04-30 15:39:04 [http-nio-8888-exec-1] INFO  o.a.c.c.C.[Tomcat].[localhost].[/] - Initializing Spring DispatcherServlet 'dispatcherServlet'
2023-04-30 15:39:04 [http-nio-8888-exec-1] INFO  o.s.web.servlet.DispatcherServlet - Initializing Servlet 'dispatcherServlet'
2023-04-30 15:39:04 [http-nio-8888-exec-1] INFO  o.s.web.servlet.DispatcherServlet - Initializing Servlet 'dispatcherServlet'
2023-04-30 15:39:04 [http-nio-8888-exec-1] INFO  o.s.web.servlet.DispatcherServlet - Completed initialization in 8 ms
2023-04-30 15:39:04 [http-nio-8888-exec-1] INFO  o.s.web.servlet.DispatcherServlet - Completed initialization in 8 ms
2023-04-30 15:39:05 [http-nio-8888-exec-1] WARN  o.a.c.util.SessionIdGeneratorBase - Creation of SecureRandom instance for session ID generation using [SHA1PRNG] took [679] milliseconds.
2023-04-30 15:39:08 [http-nio-8888-exec-1] INFO  o.s.c.c.s.e.NativeEnvironmentRepository - Adding property source: file:/C:/Users/Daiana/AppData/Local/Temp/config-repo-17974410260124456701/config-client-elastic_query_web.yml
2023-04-30 15:39:08 [http-nio-8888-exec-1] INFO  o.s.c.c.s.e.NativeEnvironmentRepository - Adding property source: file:/C:/Users/Daiana/AppData/Local/Temp/config-repo-17974410260124456701/config-client-elastic_query_web.yml
2023-04-30 15:39:08 [http-nio-8888-exec-1] INFO  o.s.c.c.s.e.NativeEnvironmentRepository - Adding property source: file:/C:/Users/Daiana/AppData/Local/Temp/config-repo-17974410260124456701/config-client.yml
2023-04-30 15:39:08 [http-nio-8888-exec-1] INFO  o.s.c.c.s.e.NativeEnvironmentRepository - Adding property source: file:/C:/Users/Daiana/AppData/Local/Temp/config-repo-17974410260124456701/config-client.yml
2023-04-30 15:46:23 [http-nio-8888-exec-3] INFO  o.s.c.c.s.e.NativeEnvironmentRepository - Adding property source: file:/C:/Users/Daiana/AppData/Local/Temp/config-repo-17974410260124456701/config-client-elastic_query.yml
2023-04-30 15:46:23 [http-nio-8888-exec-3] INFO  o.s.c.c.s.e.NativeEnvironmentRepository - Adding property source: file:/C:/Users/Daiana/AppData/Local/Temp/config-repo-17974410260124456701/config-client-elastic_query.yml
2023-04-30 15:46:23 [http-nio-8888-exec-3] INFO  o.s.c.c.s.e.NativeEnvironmentRepository - Adding property source: file:/C:/Users/Daiana/AppData/Local/Temp/config-repo-17974410260124456701/config-client.yml
2023-04-30 15:46:23 [http-nio-8888-exec-3] INFO  o.s.c.c.s.e.NativeEnvironmentRepository - Adding property source: file:/C:/Users/Daiana/AppData/Local/Temp/config-repo-17974410260124456701/config-client.yml
2023-04-30 15:47:53 [Thread-3] WARN  o.s.c.c.s.e.MultipleJGitEnvironmentRepository - Failed to delete temporary directory on exit: java.nio.file.AccessDeniedException: C:\Users\Daiana\AppData\Local\Temp\config-repo-17974410260124456701\.git\objects\pack\pack-38f64c8318ef6da5df0213bff35c17f4596ff75f.idx
2023-04-30 15:47:53 [Thread-3] WARN  o.s.c.c.s.e.MultipleJGitEnvironmentRepository - Failed to delete temporary directory on exit: java.nio.file.AccessDeniedException: C:\Users\Daiana\AppData\Local\Temp\config-repo-17974410260124456701\.git\objects\pack\pack-38f64c8318ef6da5df0213bff35c17f4596ff75f.idx
2023-04-30 15:47:54 [SpringContextShutdownHook] INFO  o.s.s.c.ThreadPoolTaskExecutor - Shutting down ExecutorService 'applicationTaskExecutor'
2023-04-30 15:47:54 [SpringContextShutdownHook] INFO  o.s.s.c.ThreadPoolTaskExecutor - Shutting down ExecutorService 'applicationTaskExecutor'
