2023-04-15 15:15:07 [background-preinit] INFO  o.h.validator.internal.util.Version - HV000001: Hibernate Validator 6.1.5.Final
2023-04-15 15:15:08 [main] INFO  c.m.demo.config.server.ConfigServer - No active profile set, falling back to default profiles: default
2023-04-15 15:15:09 [main] INFO  o.s.cloud.context.scope.GenericScope - BeanFactory id=2a519873-3bf9-3410-9240-bed5bf7485b8
2023-04-15 15:15:09 [main] INFO  o.s.b.w.e.tomcat.TomcatWebServer - Tomcat initialized with port(s): 8888 (http)
2023-04-15 15:15:09 [main] INFO  o.a.coyote.http11.Http11NioProtocol - Initializing ProtocolHandler ["http-nio-8888"]
2023-04-15 15:15:09 [main] INFO  o.a.catalina.core.StandardService - Starting service [Tomcat]
2023-04-15 15:15:09 [main] INFO  o.a.catalina.core.StandardEngine - Starting Servlet engine: [Apache Tomcat/9.0.38]
2023-04-15 15:15:09 [main] INFO  o.a.c.c.C.[Tomcat].[localhost].[/] - Initializing Spring embedded WebApplicationContext
2023-04-15 15:15:09 [main] INFO  o.s.b.w.s.c.ServletWebServerApplicationContext - Root WebApplicationContext: initialization completed in 1047 ms
2023-04-15 15:15:09 [main] INFO  o.s.s.c.ThreadPoolTaskExecutor - Initializing ExecutorService 'applicationTaskExecutor'
2023-04-15 15:15:12 [main] INFO  o.s.s.web.DefaultSecurityFilterChain - Creating filter chain: Ant [pattern='/encrypt/**'], []
2023-04-15 15:15:12 [main] INFO  o.s.s.web.DefaultSecurityFilterChain - Creating filter chain: Ant [pattern='/decrypt/**'], []
2023-04-15 15:15:12 [main] INFO  o.s.s.web.DefaultSecurityFilterChain - Creating filter chain: Ant [pattern='/actuator/**'], []
2023-04-15 15:15:12 [main] INFO  o.s.s.web.DefaultSecurityFilterChain - Creating filter chain: any request, [org.springframework.security.web.context.request.async.WebAsyncManagerIntegrationFilter@2965dd88, org.springframework.security.web.context.SecurityContextPersistenceFilter@36a58466, org.springframework.security.web.header.HeaderWriterFilter@5b0e9e0c, org.springframework.security.web.csrf.CsrfFilter@2b9d4b0, org.springframework.security.web.authentication.logout.LogoutFilter@17befef0, org.springframework.security.web.authentication.UsernamePasswordAuthenticationFilter@42e202d7, org.springframework.security.web.authentication.ui.DefaultLoginPageGeneratingFilter@59e0d521, org.springframework.security.web.authentication.ui.DefaultLogoutPageGeneratingFilter@3221588e, org.springframework.security.web.authentication.www.BasicAuthenticationFilter@4cd5fc46, org.springframework.security.web.savedrequest.RequestCacheAwareFilter@9147ba2, org.springframework.security.web.servletapi.SecurityContextHolderAwareRequestFilter@69c33ea2, org.springframework.security.web.authentication.AnonymousAuthenticationFilter@51141f64, org.springframework.security.web.session.SessionManagementFilter@21ea1d9d, org.springframework.security.web.access.ExceptionTranslationFilter@11cc9e1e, org.springframework.security.web.access.intercept.FilterSecurityInterceptor@71262020]
2023-04-15 15:15:12 [main] INFO  o.s.b.a.e.web.EndpointLinksResolver - Exposing 2 endpoint(s) beneath base path '/actuator'
2023-04-15 15:15:12 [main] INFO  o.a.coyote.http11.Http11NioProtocol - Starting ProtocolHandler ["http-nio-8888"]
2023-04-15 15:15:12 [main] INFO  o.s.b.w.e.tomcat.TomcatWebServer - Tomcat started on port(s): 8888 (http) with context path ''
2023-04-15 15:15:13 [main] INFO  c.m.demo.config.server.ConfigServer - Started ConfigServer in 5.798 seconds (JVM running for 6.307)
2023-04-15 15:16:06 [http-nio-8888-exec-1] INFO  o.a.c.c.C.[Tomcat].[localhost].[/] - Initializing Spring DispatcherServlet 'dispatcherServlet'
2023-04-15 15:16:06 [http-nio-8888-exec-1] INFO  o.s.web.servlet.DispatcherServlet - Initializing Servlet 'dispatcherServlet'
2023-04-15 15:16:06 [http-nio-8888-exec-1] INFO  o.s.web.servlet.DispatcherServlet - Completed initialization in 5 ms
2023-04-15 15:16:07 [http-nio-8888-exec-1] WARN  o.a.c.util.SessionIdGeneratorBase - Creation of SecureRandom instance for session ID generation using [SHA1PRNG] took [185] milliseconds.
2023-04-15 15:16:07 [http-nio-8888-exec-1] INFO  o.s.c.c.s.e.NativeEnvironmentRepository - Adding property source: file:/C:/Users/Daiana/AppData/Local/Temp/config-repo-12314734346140384368/config-client.yml
2023-04-15 15:19:52 [Thread-3] WARN  o.s.c.c.s.e.MultipleJGitEnvironmentRepository - Failed to delete temporary directory on exit: java.nio.file.AccessDeniedException: C:\Users\Daiana\AppData\Local\Temp\config-repo-12314734346140384368\.git\objects\pack\pack-38abf04cd1f9cdd06d3945f1a788fe8bdb8e22d1.idx
2023-04-15 15:19:52 [SpringContextShutdownHook] INFO  o.s.s.c.ThreadPoolTaskExecutor - Shutting down ExecutorService 'applicationTaskExecutor'
2023-04-15 16:13:02 [background-preinit] INFO  o.h.validator.internal.util.Version - HV000001: Hibernate Validator 6.1.5.Final
2023-04-15 16:13:02 [main] INFO  c.m.demo.config.server.ConfigServer - No active profile set, falling back to default profiles: default
2023-04-15 16:13:03 [main] INFO  o.s.cloud.context.scope.GenericScope - BeanFactory id=2a519873-3bf9-3410-9240-bed5bf7485b8
2023-04-15 16:13:03 [main] INFO  o.s.b.w.e.tomcat.TomcatWebServer - Tomcat initialized with port(s): 8888 (http)
2023-04-15 16:13:03 [main] INFO  o.a.coyote.http11.Http11NioProtocol - Initializing ProtocolHandler ["http-nio-8888"]
2023-04-15 16:13:03 [main] INFO  o.a.catalina.core.StandardService - Starting service [Tomcat]
2023-04-15 16:13:03 [main] INFO  o.a.catalina.core.StandardEngine - Starting Servlet engine: [Apache Tomcat/9.0.38]
2023-04-15 16:13:03 [main] INFO  o.a.c.c.C.[Tomcat].[localhost].[/] - Initializing Spring embedded WebApplicationContext
2023-04-15 16:13:03 [main] INFO  o.s.b.w.s.c.ServletWebServerApplicationContext - Root WebApplicationContext: initialization completed in 985 ms
2023-04-15 16:13:04 [main] INFO  o.s.s.c.ThreadPoolTaskExecutor - Initializing ExecutorService 'applicationTaskExecutor'
2023-04-15 16:13:05 [main] INFO  o.s.s.web.DefaultSecurityFilterChain - Creating filter chain: Ant [pattern='/encrypt/**'], []
2023-04-15 16:13:05 [main] INFO  o.s.s.web.DefaultSecurityFilterChain - Creating filter chain: Ant [pattern='/decrypt/**'], []
2023-04-15 16:13:05 [main] INFO  o.s.s.web.DefaultSecurityFilterChain - Creating filter chain: Ant [pattern='/actuator/**'], []
2023-04-15 16:13:05 [main] INFO  o.s.s.web.DefaultSecurityFilterChain - Creating filter chain: any request, [org.springframework.security.web.context.request.async.WebAsyncManagerIntegrationFilter@7c8df667, org.springframework.security.web.context.SecurityContextPersistenceFilter@60a6840c, org.springframework.security.web.header.HeaderWriterFilter@9147ba2, org.springframework.security.web.csrf.CsrfFilter@15371de2, org.springframework.security.web.authentication.logout.LogoutFilter@70c31b17, org.springframework.security.web.authentication.UsernamePasswordAuthenticationFilter@5891b7c5, org.springframework.security.web.authentication.ui.DefaultLoginPageGeneratingFilter@4fedf908, org.springframework.security.web.authentication.ui.DefaultLogoutPageGeneratingFilter@498e41a4, org.springframework.security.web.authentication.www.BasicAuthenticationFilter@d13379e, org.springframework.security.web.savedrequest.RequestCacheAwareFilter@1be3f8f8, org.springframework.security.web.servletapi.SecurityContextHolderAwareRequestFilter@13d984ee, org.springframework.security.web.authentication.AnonymousAuthenticationFilter@be616f0, org.springframework.security.web.session.SessionManagementFilter@2efcc0b3, org.springframework.security.web.access.ExceptionTranslationFilter@36a58466, org.springframework.security.web.access.intercept.FilterSecurityInterceptor@38e7860c]
2023-04-15 16:13:05 [main] INFO  o.s.b.a.e.web.EndpointLinksResolver - Exposing 2 endpoint(s) beneath base path '/actuator'
2023-04-15 16:13:05 [main] INFO  o.a.coyote.http11.Http11NioProtocol - Starting ProtocolHandler ["http-nio-8888"]
2023-04-15 16:13:05 [main] INFO  o.s.b.w.e.tomcat.TomcatWebServer - Tomcat started on port(s): 8888 (http) with context path ''
2023-04-15 16:13:06 [main] INFO  c.m.demo.config.server.ConfigServer - Started ConfigServer in 4.465 seconds (JVM running for 4.943)
2023-04-15 16:14:14 [http-nio-8888-exec-1] INFO  o.a.c.c.C.[Tomcat].[localhost].[/] - Initializing Spring DispatcherServlet 'dispatcherServlet'
2023-04-15 16:14:14 [http-nio-8888-exec-1] INFO  o.s.web.servlet.DispatcherServlet - Initializing Servlet 'dispatcherServlet'
2023-04-15 16:14:14 [http-nio-8888-exec-1] INFO  o.s.web.servlet.DispatcherServlet - Completed initialization in 6 ms
2023-04-15 16:14:14 [http-nio-8888-exec-1] WARN  o.a.c.util.SessionIdGeneratorBase - Creation of SecureRandom instance for session ID generation using [SHA1PRNG] took [179] milliseconds.
2023-04-15 16:14:15 [http-nio-8888-exec-1] INFO  o.s.c.c.s.e.NativeEnvironmentRepository - Adding property source: file:/C:/Users/Daiana/AppData/Local/Temp/config-repo-10835646029591445177/config-client.yml
2023-04-15 16:20:25 [http-nio-8888-exec-3] INFO  o.s.c.c.s.e.NativeEnvironmentRepository - Adding property source: file:/C:/Users/Daiana/AppData/Local/Temp/config-repo-10835646029591445177/config-client-twitter_to_kafka.yml
2023-04-15 16:20:25 [http-nio-8888-exec-3] INFO  o.s.c.c.s.e.NativeEnvironmentRepository - Adding property source: file:/C:/Users/Daiana/AppData/Local/Temp/config-repo-10835646029591445177/config-client.yml
2023-04-15 16:25:17 [Thread-3] WARN  o.s.c.c.s.e.MultipleJGitEnvironmentRepository - Failed to delete temporary directory on exit: java.nio.file.AccessDeniedException: C:\Users\Daiana\AppData\Local\Temp\config-repo-10835646029591445177\.git\objects\pack\pack-38abf04cd1f9cdd06d3945f1a788fe8bdb8e22d1.idx
2023-04-15 16:25:17 [SpringContextShutdownHook] INFO  o.s.s.c.ThreadPoolTaskExecutor - Shutting down ExecutorService 'applicationTaskExecutor'
2023-04-15 16:45:18 [background-preinit] INFO  o.h.validator.internal.util.Version - HV000001: Hibernate Validator 6.1.5.Final
2023-04-15 16:45:19 [main] INFO  c.m.demo.config.server.ConfigServer - No active profile set, falling back to default profiles: default
2023-04-15 16:45:20 [main] INFO  o.s.cloud.context.scope.GenericScope - BeanFactory id=2a519873-3bf9-3410-9240-bed5bf7485b8
2023-04-15 16:45:20 [main] INFO  o.s.b.w.e.tomcat.TomcatWebServer - Tomcat initialized with port(s): 8888 (http)
2023-04-15 16:45:20 [main] INFO  o.a.coyote.http11.Http11NioProtocol - Initializing ProtocolHandler ["http-nio-8888"]
2023-04-15 16:45:20 [main] INFO  o.a.catalina.core.StandardService - Starting service [Tomcat]
2023-04-15 16:45:20 [main] INFO  o.a.catalina.core.StandardEngine - Starting Servlet engine: [Apache Tomcat/9.0.38]
2023-04-15 16:45:20 [main] INFO  o.a.c.c.C.[Tomcat].[localhost].[/] - Initializing Spring embedded WebApplicationContext
2023-04-15 16:45:20 [main] INFO  o.s.b.w.s.c.ServletWebServerApplicationContext - Root WebApplicationContext: initialization completed in 970 ms
2023-04-15 16:45:20 [main] INFO  o.s.s.c.ThreadPoolTaskExecutor - Initializing ExecutorService 'applicationTaskExecutor'
2023-04-15 16:45:22 [main] INFO  o.s.s.web.DefaultSecurityFilterChain - Creating filter chain: Ant [pattern='/encrypt/**'], []
2023-04-15 16:45:22 [main] INFO  o.s.s.web.DefaultSecurityFilterChain - Creating filter chain: Ant [pattern='/decrypt/**'], []
2023-04-15 16:45:22 [main] INFO  o.s.s.web.DefaultSecurityFilterChain - Creating filter chain: Ant [pattern='/actuator/**'], []
2023-04-15 16:45:22 [main] INFO  o.s.s.web.DefaultSecurityFilterChain - Creating filter chain: any request, [org.springframework.security.web.context.request.async.WebAsyncManagerIntegrationFilter@7c8df667, org.springframework.security.web.context.SecurityContextPersistenceFilter@60a6840c, org.springframework.security.web.header.HeaderWriterFilter@9147ba2, org.springframework.security.web.csrf.CsrfFilter@15371de2, org.springframework.security.web.authentication.logout.LogoutFilter@70c31b17, org.springframework.security.web.authentication.UsernamePasswordAuthenticationFilter@5891b7c5, org.springframework.security.web.authentication.ui.DefaultLoginPageGeneratingFilter@4fedf908, org.springframework.security.web.authentication.ui.DefaultLogoutPageGeneratingFilter@498e41a4, org.springframework.security.web.authentication.www.BasicAuthenticationFilter@d13379e, org.springframework.security.web.savedrequest.RequestCacheAwareFilter@1be3f8f8, org.springframework.security.web.servletapi.SecurityContextHolderAwareRequestFilter@13d984ee, org.springframework.security.web.authentication.AnonymousAuthenticationFilter@be616f0, org.springframework.security.web.session.SessionManagementFilter@2efcc0b3, org.springframework.security.web.access.ExceptionTranslationFilter@36a58466, org.springframework.security.web.access.intercept.FilterSecurityInterceptor@38e7860c]
2023-04-15 16:45:22 [main] INFO  o.s.b.a.e.web.EndpointLinksResolver - Exposing 2 endpoint(s) beneath base path '/actuator'
2023-04-15 16:45:22 [main] INFO  o.a.coyote.http11.Http11NioProtocol - Starting ProtocolHandler ["http-nio-8888"]
2023-04-15 16:45:22 [main] INFO  o.s.b.w.e.tomcat.TomcatWebServer - Tomcat started on port(s): 8888 (http) with context path ''
2023-04-15 16:45:22 [main] INFO  c.m.demo.config.server.ConfigServer - Started ConfigServer in 4.505 seconds (JVM running for 4.925)
2023-04-15 16:45:38 [http-nio-8888-exec-1] INFO  o.a.c.c.C.[Tomcat].[localhost].[/] - Initializing Spring DispatcherServlet 'dispatcherServlet'
2023-04-15 16:45:38 [http-nio-8888-exec-1] INFO  o.s.web.servlet.DispatcherServlet - Initializing Servlet 'dispatcherServlet'
2023-04-15 16:45:38 [http-nio-8888-exec-1] INFO  o.s.web.servlet.DispatcherServlet - Completed initialization in 6 ms
2023-04-15 16:45:38 [http-nio-8888-exec-1] WARN  o.a.c.util.SessionIdGeneratorBase - Creation of SecureRandom instance for session ID generation using [SHA1PRNG] took [186] milliseconds.
2023-04-15 16:45:55 [http-nio-8888-exec-9] INFO  o.s.c.c.s.e.EncryptionController - Decrypted cipher data
2023-04-15 16:46:03 [http-nio-8888-exec-8] INFO  o.s.c.c.s.e.NativeEnvironmentRepository - Adding property source: file:/C:/Users/Daiana/AppData/Local/Temp/config-repo-11308248890031008165/config-client-twitter_to_kafka.yml
2023-04-15 16:46:03 [http-nio-8888-exec-8] INFO  o.s.c.c.s.e.NativeEnvironmentRepository - Adding property source: file:/C:/Users/Daiana/AppData/Local/Temp/config-repo-11308248890031008165/config-client.yml
2023-04-15 16:46:23 [http-nio-8888-exec-10] INFO  o.s.c.c.s.e.NativeEnvironmentRepository - Adding property source: file:/C:/Users/Daiana/AppData/Local/Temp/config-repo-11308248890031008165/config-client-elastic_query.yml
2023-04-15 16:46:23 [http-nio-8888-exec-10] INFO  o.s.c.c.s.e.NativeEnvironmentRepository - Adding property source: file:/C:/Users/Daiana/AppData/Local/Temp/config-repo-11308248890031008165/config-client.yml
2023-04-15 16:50:29 [Thread-3] WARN  o.s.c.c.s.e.MultipleJGitEnvironmentRepository - Failed to delete temporary directory on exit: java.nio.file.AccessDeniedException: C:\Users\Daiana\AppData\Local\Temp\config-repo-11308248890031008165\.git\objects\pack\pack-13d42bfd62ea946a8203f5c2fcb65f04bc29e8ac.idx
2023-04-15 16:50:29 [SpringContextShutdownHook] INFO  o.s.s.c.ThreadPoolTaskExecutor - Shutting down ExecutorService 'applicationTaskExecutor'
2023-04-15 16:51:37 [background-preinit] INFO  o.h.validator.internal.util.Version - HV000001: Hibernate Validator 6.1.5.Final
2023-04-15 16:51:38 [main] INFO  c.m.demo.config.server.ConfigServer - No active profile set, falling back to default profiles: default
2023-04-15 16:51:39 [main] INFO  o.s.cloud.context.scope.GenericScope - BeanFactory id=2a519873-3bf9-3410-9240-bed5bf7485b8
2023-04-15 16:51:39 [main] INFO  o.s.b.w.e.tomcat.TomcatWebServer - Tomcat initialized with port(s): 8888 (http)
2023-04-15 16:51:39 [main] INFO  o.a.coyote.http11.Http11NioProtocol - Initializing ProtocolHandler ["http-nio-8888"]
2023-04-15 16:51:39 [main] INFO  o.a.catalina.core.StandardService - Starting service [Tomcat]
2023-04-15 16:51:39 [main] INFO  o.a.catalina.core.StandardEngine - Starting Servlet engine: [Apache Tomcat/9.0.38]
2023-04-15 16:51:39 [main] INFO  o.a.c.c.C.[Tomcat].[localhost].[/] - Initializing Spring embedded WebApplicationContext
2023-04-15 16:51:39 [main] INFO  o.s.b.w.s.c.ServletWebServerApplicationContext - Root WebApplicationContext: initialization completed in 975 ms
2023-04-15 16:51:39 [main] INFO  o.s.s.c.ThreadPoolTaskExecutor - Initializing ExecutorService 'applicationTaskExecutor'
2023-04-15 16:51:42 [main] INFO  o.s.s.web.DefaultSecurityFilterChain - Creating filter chain: Ant [pattern='/encrypt/**'], []
2023-04-15 16:51:42 [main] INFO  o.s.s.web.DefaultSecurityFilterChain - Creating filter chain: Ant [pattern='/decrypt/**'], []
2023-04-15 16:51:42 [main] INFO  o.s.s.web.DefaultSecurityFilterChain - Creating filter chain: Ant [pattern='/actuator/**'], []
2023-04-15 16:51:42 [main] INFO  o.s.s.web.DefaultSecurityFilterChain - Creating filter chain: any request, [org.springframework.security.web.context.request.async.WebAsyncManagerIntegrationFilter@7c8df667, org.springframework.security.web.context.SecurityContextPersistenceFilter@60a6840c, org.springframework.security.web.header.HeaderWriterFilter@9147ba2, org.springframework.security.web.csrf.CsrfFilter@15371de2, org.springframework.security.web.authentication.logout.LogoutFilter@70c31b17, org.springframework.security.web.authentication.UsernamePasswordAuthenticationFilter@5891b7c5, org.springframework.security.web.authentication.ui.DefaultLoginPageGeneratingFilter@4fedf908, org.springframework.security.web.authentication.ui.DefaultLogoutPageGeneratingFilter@498e41a4, org.springframework.security.web.authentication.www.BasicAuthenticationFilter@d13379e, org.springframework.security.web.savedrequest.RequestCacheAwareFilter@1be3f8f8, org.springframework.security.web.servletapi.SecurityContextHolderAwareRequestFilter@13d984ee, org.springframework.security.web.authentication.AnonymousAuthenticationFilter@be616f0, org.springframework.security.web.session.SessionManagementFilter@2efcc0b3, org.springframework.security.web.access.ExceptionTranslationFilter@36a58466, org.springframework.security.web.access.intercept.FilterSecurityInterceptor@38e7860c]
2023-04-15 16:51:42 [main] INFO  o.s.b.a.e.web.EndpointLinksResolver - Exposing 2 endpoint(s) beneath base path '/actuator'
2023-04-15 16:51:42 [main] INFO  o.a.coyote.http11.Http11NioProtocol - Starting ProtocolHandler ["http-nio-8888"]
2023-04-15 16:51:42 [main] INFO  o.s.b.w.e.tomcat.TomcatWebServer - Tomcat started on port(s): 8888 (http) with context path ''
2023-04-15 16:51:42 [main] INFO  c.m.demo.config.server.ConfigServer - Started ConfigServer in 5.457 seconds (JVM running for 5.904)
2023-04-15 16:52:03 [http-nio-8888-exec-1] INFO  o.a.c.c.C.[Tomcat].[localhost].[/] - Initializing Spring DispatcherServlet 'dispatcherServlet'
2023-04-15 16:52:03 [http-nio-8888-exec-1] INFO  o.s.web.servlet.DispatcherServlet - Initializing Servlet 'dispatcherServlet'
2023-04-15 16:52:03 [http-nio-8888-exec-1] INFO  o.s.web.servlet.DispatcherServlet - Completed initialization in 4 ms
2023-04-15 16:52:03 [http-nio-8888-exec-1] WARN  o.a.c.util.SessionIdGeneratorBase - Creation of SecureRandom instance for session ID generation using [SHA1PRNG] took [178] milliseconds.
2023-04-15 16:52:04 [http-nio-8888-exec-1] INFO  o.s.c.c.s.e.NativeEnvironmentRepository - Adding property source: file:/C:/Users/Daiana/AppData/Local/Temp/config-repo-13536281695918645475/config-client-elastic_query.yml
2023-04-15 16:52:04 [http-nio-8888-exec-1] INFO  o.s.c.c.s.e.NativeEnvironmentRepository - Adding property source: file:/C:/Users/Daiana/AppData/Local/Temp/config-repo-13536281695918645475/config-client.yml
2023-04-15 16:58:07 [Thread-3] WARN  o.s.c.c.s.e.MultipleJGitEnvironmentRepository - Failed to delete temporary directory on exit: java.nio.file.AccessDeniedException: C:\Users\Daiana\AppData\Local\Temp\config-repo-13536281695918645475\.git\objects\pack\pack-13d42bfd62ea946a8203f5c2fcb65f04bc29e8ac.idx
2023-04-15 16:58:07 [SpringContextShutdownHook] INFO  o.s.s.c.ThreadPoolTaskExecutor - Shutting down ExecutorService 'applicationTaskExecutor'
2023-04-15 18:16:20 [background-preinit] INFO  o.h.validator.internal.util.Version - HV000001: Hibernate Validator 6.1.5.Final
2023-04-15 18:16:21 [main] INFO  c.m.demo.config.server.ConfigServer - No active profile set, falling back to default profiles: default
2023-04-15 18:16:22 [main] INFO  o.s.cloud.context.scope.GenericScope - BeanFactory id=2a519873-3bf9-3410-9240-bed5bf7485b8
2023-04-15 18:16:22 [main] INFO  o.s.cloud.context.scope.GenericScope - BeanFactory id=2a519873-3bf9-3410-9240-bed5bf7485b8
2023-04-15 18:16:22 [main] INFO  o.s.b.w.e.tomcat.TomcatWebServer - Tomcat initialized with port(s): 8888 (http)
2023-04-15 18:16:22 [main] INFO  o.s.b.w.e.tomcat.TomcatWebServer - Tomcat initialized with port(s): 8888 (http)
2023-04-15 18:16:22 [main] INFO  o.a.coyote.http11.Http11NioProtocol - Initializing ProtocolHandler ["http-nio-8888"]
2023-04-15 18:16:22 [main] INFO  o.a.catalina.core.StandardService - Starting service [Tomcat]
2023-04-15 18:16:22 [main] INFO  o.a.catalina.core.StandardEngine - Starting Servlet engine: [Apache Tomcat/9.0.38]
2023-04-15 18:16:22 [main] INFO  o.a.c.c.C.[Tomcat].[localhost].[/] - Initializing Spring embedded WebApplicationContext
2023-04-15 18:16:22 [main] INFO  o.s.b.w.s.c.ServletWebServerApplicationContext - Root WebApplicationContext: initialization completed in 1516 ms
2023-04-15 18:16:22 [main] INFO  o.s.b.w.s.c.ServletWebServerApplicationContext - Root WebApplicationContext: initialization completed in 1516 ms
2023-04-15 18:16:23 [main] INFO  o.s.s.c.ThreadPoolTaskExecutor - Initializing ExecutorService 'applicationTaskExecutor'
2023-04-15 18:16:23 [main] INFO  o.s.s.c.ThreadPoolTaskExecutor - Initializing ExecutorService 'applicationTaskExecutor'
2023-04-15 18:16:26 [main] INFO  o.s.s.web.DefaultSecurityFilterChain - Creating filter chain: Ant [pattern='/encrypt/**'], []
2023-04-15 18:16:26 [main] INFO  o.s.s.web.DefaultSecurityFilterChain - Creating filter chain: Ant [pattern='/encrypt/**'], []
2023-04-15 18:16:26 [main] INFO  o.s.s.web.DefaultSecurityFilterChain - Creating filter chain: Ant [pattern='/decrypt/**'], []
2023-04-15 18:16:26 [main] INFO  o.s.s.web.DefaultSecurityFilterChain - Creating filter chain: Ant [pattern='/decrypt/**'], []
2023-04-15 18:16:26 [main] INFO  o.s.s.web.DefaultSecurityFilterChain - Creating filter chain: Ant [pattern='/actuator/**'], []
2023-04-15 18:16:26 [main] INFO  o.s.s.web.DefaultSecurityFilterChain - Creating filter chain: Ant [pattern='/actuator/**'], []
2023-04-15 18:16:26 [main] INFO  o.s.s.web.DefaultSecurityFilterChain - Creating filter chain: any request, [org.springframework.security.web.context.request.async.WebAsyncManagerIntegrationFilter@2965dd88, org.springframework.security.web.context.SecurityContextPersistenceFilter@36a58466, org.springframework.security.web.header.HeaderWriterFilter@5b0e9e0c, org.springframework.security.web.csrf.CsrfFilter@2b9d4b0, org.springframework.security.web.authentication.logout.LogoutFilter@17befef0, org.springframework.security.web.authentication.UsernamePasswordAuthenticationFilter@42e202d7, org.springframework.security.web.authentication.ui.DefaultLoginPageGeneratingFilter@59e0d521, org.springframework.security.web.authentication.ui.DefaultLogoutPageGeneratingFilter@3221588e, org.springframework.security.web.authentication.www.BasicAuthenticationFilter@4cd5fc46, org.springframework.security.web.savedrequest.RequestCacheAwareFilter@9147ba2, org.springframework.security.web.servletapi.SecurityContextHolderAwareRequestFilter@69c33ea2, org.springframework.security.web.authentication.AnonymousAuthenticationFilter@51141f64, org.springframework.security.web.session.SessionManagementFilter@21ea1d9d, org.springframework.security.web.access.ExceptionTranslationFilter@11cc9e1e, org.springframework.security.web.access.intercept.FilterSecurityInterceptor@71262020]
2023-04-15 18:16:26 [main] INFO  o.s.s.web.DefaultSecurityFilterChain - Creating filter chain: any request, [org.springframework.security.web.context.request.async.WebAsyncManagerIntegrationFilter@2965dd88, org.springframework.security.web.context.SecurityContextPersistenceFilter@36a58466, org.springframework.security.web.header.HeaderWriterFilter@5b0e9e0c, org.springframework.security.web.csrf.CsrfFilter@2b9d4b0, org.springframework.security.web.authentication.logout.LogoutFilter@17befef0, org.springframework.security.web.authentication.UsernamePasswordAuthenticationFilter@42e202d7, org.springframework.security.web.authentication.ui.DefaultLoginPageGeneratingFilter@59e0d521, org.springframework.security.web.authentication.ui.DefaultLogoutPageGeneratingFilter@3221588e, org.springframework.security.web.authentication.www.BasicAuthenticationFilter@4cd5fc46, org.springframework.security.web.savedrequest.RequestCacheAwareFilter@9147ba2, org.springframework.security.web.servletapi.SecurityContextHolderAwareRequestFilter@69c33ea2, org.springframework.security.web.authentication.AnonymousAuthenticationFilter@51141f64, org.springframework.security.web.session.SessionManagementFilter@21ea1d9d, org.springframework.security.web.access.ExceptionTranslationFilter@11cc9e1e, org.springframework.security.web.access.intercept.FilterSecurityInterceptor@71262020]
2023-04-15 18:16:26 [main] INFO  o.s.b.a.e.web.EndpointLinksResolver - Exposing 2 endpoint(s) beneath base path '/actuator'
2023-04-15 18:16:26 [main] INFO  o.s.b.a.e.web.EndpointLinksResolver - Exposing 2 endpoint(s) beneath base path '/actuator'
2023-04-15 18:16:26 [main] INFO  o.a.coyote.http11.Http11NioProtocol - Starting ProtocolHandler ["http-nio-8888"]
2023-04-15 18:16:26 [main] INFO  o.s.b.w.e.tomcat.TomcatWebServer - Tomcat started on port(s): 8888 (http) with context path ''
2023-04-15 18:16:26 [main] INFO  o.s.b.w.e.tomcat.TomcatWebServer - Tomcat started on port(s): 8888 (http) with context path ''
2023-04-15 18:16:27 [main] INFO  c.m.demo.config.server.ConfigServer - Started ConfigServer in 7.594 seconds (JVM running for 8.325)
2023-04-15 18:16:53 [http-nio-8888-exec-1] INFO  o.a.c.c.C.[Tomcat].[localhost].[/] - Initializing Spring DispatcherServlet 'dispatcherServlet'
2023-04-15 18:16:53 [http-nio-8888-exec-1] INFO  o.s.web.servlet.DispatcherServlet - Initializing Servlet 'dispatcherServlet'
2023-04-15 18:16:53 [http-nio-8888-exec-1] INFO  o.s.web.servlet.DispatcherServlet - Initializing Servlet 'dispatcherServlet'
2023-04-15 18:16:53 [http-nio-8888-exec-1] INFO  o.s.web.servlet.DispatcherServlet - Completed initialization in 6 ms
2023-04-15 18:16:53 [http-nio-8888-exec-1] INFO  o.s.web.servlet.DispatcherServlet - Completed initialization in 6 ms
2023-04-15 18:16:54 [http-nio-8888-exec-1] WARN  o.a.c.util.SessionIdGeneratorBase - Creation of SecureRandom instance for session ID generation using [SHA1PRNG] took [259] milliseconds.
2023-04-15 18:16:54 [http-nio-8888-exec-1] INFO  o.s.c.c.s.e.NativeEnvironmentRepository - Adding property source: file:/C:/Users/Daiana/AppData/Local/Temp/config-repo-15916520403113417655/config-client-elastic_query.yml
2023-04-15 18:16:54 [http-nio-8888-exec-1] INFO  o.s.c.c.s.e.NativeEnvironmentRepository - Adding property source: file:/C:/Users/Daiana/AppData/Local/Temp/config-repo-15916520403113417655/config-client-elastic_query.yml
2023-04-15 18:16:54 [http-nio-8888-exec-1] INFO  o.s.c.c.s.e.NativeEnvironmentRepository - Adding property source: file:/C:/Users/Daiana/AppData/Local/Temp/config-repo-15916520403113417655/config-client.yml
2023-04-15 18:16:54 [http-nio-8888-exec-1] INFO  o.s.c.c.s.e.NativeEnvironmentRepository - Adding property source: file:/C:/Users/Daiana/AppData/Local/Temp/config-repo-15916520403113417655/config-client.yml
2023-04-15 18:35:51 [http-nio-8888-exec-5] INFO  o.s.c.c.s.e.NativeEnvironmentRepository - Adding property source: file:/C:/Users/Daiana/AppData/Local/Temp/config-repo-15916520403113417655/config-client-elastic_query.yml
2023-04-15 18:35:51 [http-nio-8888-exec-5] INFO  o.s.c.c.s.e.NativeEnvironmentRepository - Adding property source: file:/C:/Users/Daiana/AppData/Local/Temp/config-repo-15916520403113417655/config-client-elastic_query.yml
2023-04-15 18:35:51 [http-nio-8888-exec-5] INFO  o.s.c.c.s.e.NativeEnvironmentRepository - Adding property source: file:/C:/Users/Daiana/AppData/Local/Temp/config-repo-15916520403113417655/config-client.yml
2023-04-15 18:35:51 [http-nio-8888-exec-5] INFO  o.s.c.c.s.e.NativeEnvironmentRepository - Adding property source: file:/C:/Users/Daiana/AppData/Local/Temp/config-repo-15916520403113417655/config-client.yml
2023-04-15 18:36:36 [http-nio-8888-exec-9] INFO  o.s.c.c.s.e.NativeEnvironmentRepository - Adding property source: file:/C:/Users/Daiana/AppData/Local/Temp/config-repo-15916520403113417655/config-client-elastic_query.yml
2023-04-15 18:36:36 [http-nio-8888-exec-9] INFO  o.s.c.c.s.e.NativeEnvironmentRepository - Adding property source: file:/C:/Users/Daiana/AppData/Local/Temp/config-repo-15916520403113417655/config-client-elastic_query.yml
2023-04-15 18:36:36 [http-nio-8888-exec-9] INFO  o.s.c.c.s.e.NativeEnvironmentRepository - Adding property source: file:/C:/Users/Daiana/AppData/Local/Temp/config-repo-15916520403113417655/config-client.yml
2023-04-15 18:36:36 [http-nio-8888-exec-9] INFO  o.s.c.c.s.e.NativeEnvironmentRepository - Adding property source: file:/C:/Users/Daiana/AppData/Local/Temp/config-repo-15916520403113417655/config-client.yml
2023-04-15 18:38:44 [http-nio-8888-exec-4] INFO  o.s.c.c.s.e.NativeEnvironmentRepository - Adding property source: file:/C:/Users/Daiana/AppData/Local/Temp/config-repo-15916520403113417655/config-client-elastic_query.yml
2023-04-15 18:38:44 [http-nio-8888-exec-4] INFO  o.s.c.c.s.e.NativeEnvironmentRepository - Adding property source: file:/C:/Users/Daiana/AppData/Local/Temp/config-repo-15916520403113417655/config-client-elastic_query.yml
2023-04-15 18:38:44 [http-nio-8888-exec-4] INFO  o.s.c.c.s.e.NativeEnvironmentRepository - Adding property source: file:/C:/Users/Daiana/AppData/Local/Temp/config-repo-15916520403113417655/config-client.yml
2023-04-15 18:38:44 [http-nio-8888-exec-4] INFO  o.s.c.c.s.e.NativeEnvironmentRepository - Adding property source: file:/C:/Users/Daiana/AppData/Local/Temp/config-repo-15916520403113417655/config-client.yml
2023-04-15 18:40:27 [Thread-3] WARN  o.s.c.c.s.e.MultipleJGitEnvironmentRepository - Failed to delete temporary directory on exit: java.nio.file.AccessDeniedException: C:\Users\Daiana\AppData\Local\Temp\config-repo-15916520403113417655\.git\objects\pack\pack-13d42bfd62ea946a8203f5c2fcb65f04bc29e8ac.idx
2023-04-15 18:40:27 [Thread-3] WARN  o.s.c.c.s.e.MultipleJGitEnvironmentRepository - Failed to delete temporary directory on exit: java.nio.file.AccessDeniedException: C:\Users\Daiana\AppData\Local\Temp\config-repo-15916520403113417655\.git\objects\pack\pack-13d42bfd62ea946a8203f5c2fcb65f04bc29e8ac.idx
2023-04-15 18:40:27 [SpringContextShutdownHook] INFO  o.s.s.c.ThreadPoolTaskExecutor - Shutting down ExecutorService 'applicationTaskExecutor'
2023-04-15 18:40:27 [SpringContextShutdownHook] INFO  o.s.s.c.ThreadPoolTaskExecutor - Shutting down ExecutorService 'applicationTaskExecutor'
2023-04-15 18:46:17 [background-preinit] INFO  o.h.validator.internal.util.Version - HV000001: Hibernate Validator 6.1.5.Final
2023-04-15 18:46:18 [main] INFO  c.m.demo.config.server.ConfigServer - No active profile set, falling back to default profiles: default
2023-04-15 18:46:19 [main] INFO  o.s.cloud.context.scope.GenericScope - BeanFactory id=2a519873-3bf9-3410-9240-bed5bf7485b8
2023-04-15 18:46:19 [main] INFO  o.s.cloud.context.scope.GenericScope - BeanFactory id=2a519873-3bf9-3410-9240-bed5bf7485b8
2023-04-15 18:46:19 [main] INFO  o.s.b.w.e.tomcat.TomcatWebServer - Tomcat initialized with port(s): 8888 (http)
2023-04-15 18:46:19 [main] INFO  o.s.b.w.e.tomcat.TomcatWebServer - Tomcat initialized with port(s): 8888 (http)
2023-04-15 18:46:19 [main] INFO  o.a.coyote.http11.Http11NioProtocol - Initializing ProtocolHandler ["http-nio-8888"]
2023-04-15 18:46:19 [main] INFO  o.a.catalina.core.StandardService - Starting service [Tomcat]
2023-04-15 18:46:19 [main] INFO  o.a.catalina.core.StandardEngine - Starting Servlet engine: [Apache Tomcat/9.0.38]
2023-04-15 18:46:19 [main] INFO  o.a.c.c.C.[Tomcat].[localhost].[/] - Initializing Spring embedded WebApplicationContext
2023-04-15 18:46:19 [main] INFO  o.s.b.w.s.c.ServletWebServerApplicationContext - Root WebApplicationContext: initialization completed in 1299 ms
2023-04-15 18:46:19 [main] INFO  o.s.b.w.s.c.ServletWebServerApplicationContext - Root WebApplicationContext: initialization completed in 1299 ms
2023-04-15 18:46:20 [main] INFO  o.s.s.c.ThreadPoolTaskExecutor - Initializing ExecutorService 'applicationTaskExecutor'
2023-04-15 18:46:20 [main] INFO  o.s.s.c.ThreadPoolTaskExecutor - Initializing ExecutorService 'applicationTaskExecutor'
2023-04-15 18:46:23 [main] INFO  o.s.s.web.DefaultSecurityFilterChain - Creating filter chain: Ant [pattern='/encrypt/**'], []
2023-04-15 18:46:23 [main] INFO  o.s.s.web.DefaultSecurityFilterChain - Creating filter chain: Ant [pattern='/encrypt/**'], []
2023-04-15 18:46:23 [main] INFO  o.s.s.web.DefaultSecurityFilterChain - Creating filter chain: Ant [pattern='/decrypt/**'], []
2023-04-15 18:46:23 [main] INFO  o.s.s.web.DefaultSecurityFilterChain - Creating filter chain: Ant [pattern='/decrypt/**'], []
2023-04-15 18:46:23 [main] INFO  o.s.s.web.DefaultSecurityFilterChain - Creating filter chain: Ant [pattern='/actuator/**'], []
2023-04-15 18:46:23 [main] INFO  o.s.s.web.DefaultSecurityFilterChain - Creating filter chain: Ant [pattern='/actuator/**'], []
2023-04-15 18:46:23 [main] INFO  o.s.s.web.DefaultSecurityFilterChain - Creating filter chain: any request, [org.springframework.security.web.context.request.async.WebAsyncManagerIntegrationFilter@498e41a4, org.springframework.security.web.context.SecurityContextPersistenceFilter@53525379, org.springframework.security.web.header.HeaderWriterFilter@3460e4ed, org.springframework.security.web.csrf.CsrfFilter@5503c7d, org.springframework.security.web.authentication.logout.LogoutFilter@40863800, org.springframework.security.web.authentication.UsernamePasswordAuthenticationFilter@4fc3529, org.springframework.security.web.authentication.ui.DefaultLoginPageGeneratingFilter@5341641d, org.springframework.security.web.authentication.ui.DefaultLogoutPageGeneratingFilter@be616f0, org.springframework.security.web.authentication.www.BasicAuthenticationFilter@7c8df667, org.springframework.security.web.savedrequest.RequestCacheAwareFilter@78b9155e, org.springframework.security.web.servletapi.SecurityContextHolderAwareRequestFilter@4fedf908, org.springframework.security.web.authentication.AnonymousAuthenticationFilter@1f5d7fd5, org.springframework.security.web.session.SessionManagementFilter@4a453f8d, org.springframework.security.web.access.ExceptionTranslationFilter@78e387d6, org.springframework.security.web.access.intercept.FilterSecurityInterceptor@62158991]
2023-04-15 18:46:23 [main] INFO  o.s.s.web.DefaultSecurityFilterChain - Creating filter chain: any request, [org.springframework.security.web.context.request.async.WebAsyncManagerIntegrationFilter@498e41a4, org.springframework.security.web.context.SecurityContextPersistenceFilter@53525379, org.springframework.security.web.header.HeaderWriterFilter@3460e4ed, org.springframework.security.web.csrf.CsrfFilter@5503c7d, org.springframework.security.web.authentication.logout.LogoutFilter@40863800, org.springframework.security.web.authentication.UsernamePasswordAuthenticationFilter@4fc3529, org.springframework.security.web.authentication.ui.DefaultLoginPageGeneratingFilter@5341641d, org.springframework.security.web.authentication.ui.DefaultLogoutPageGeneratingFilter@be616f0, org.springframework.security.web.authentication.www.BasicAuthenticationFilter@7c8df667, org.springframework.security.web.savedrequest.RequestCacheAwareFilter@78b9155e, org.springframework.security.web.servletapi.SecurityContextHolderAwareRequestFilter@4fedf908, org.springframework.security.web.authentication.AnonymousAuthenticationFilter@1f5d7fd5, org.springframework.security.web.session.SessionManagementFilter@4a453f8d, org.springframework.security.web.access.ExceptionTranslationFilter@78e387d6, org.springframework.security.web.access.intercept.FilterSecurityInterceptor@62158991]
2023-04-15 18:46:23 [main] INFO  o.s.b.a.e.web.EndpointLinksResolver - Exposing 2 endpoint(s) beneath base path '/actuator'
2023-04-15 18:46:23 [main] INFO  o.s.b.a.e.web.EndpointLinksResolver - Exposing 2 endpoint(s) beneath base path '/actuator'
2023-04-15 18:46:23 [main] INFO  o.a.coyote.http11.Http11NioProtocol - Starting ProtocolHandler ["http-nio-8888"]
2023-04-15 18:46:23 [main] INFO  o.s.b.w.e.tomcat.TomcatWebServer - Tomcat started on port(s): 8888 (http) with context path ''
2023-04-15 18:46:23 [main] INFO  o.s.b.w.e.tomcat.TomcatWebServer - Tomcat started on port(s): 8888 (http) with context path ''
2023-04-15 18:46:24 [main] INFO  c.m.demo.config.server.ConfigServer - Started ConfigServer in 6.997 seconds (JVM running for 7.579)
2023-04-15 18:46:27 [http-nio-8888-exec-2] INFO  o.a.c.c.C.[Tomcat].[localhost].[/] - Initializing Spring DispatcherServlet 'dispatcherServlet'
2023-04-15 18:46:27 [http-nio-8888-exec-2] INFO  o.s.web.servlet.DispatcherServlet - Initializing Servlet 'dispatcherServlet'
2023-04-15 18:46:27 [http-nio-8888-exec-2] INFO  o.s.web.servlet.DispatcherServlet - Initializing Servlet 'dispatcherServlet'
2023-04-15 18:46:27 [http-nio-8888-exec-2] INFO  o.s.web.servlet.DispatcherServlet - Completed initialization in 6 ms
2023-04-15 18:46:27 [http-nio-8888-exec-2] INFO  o.s.web.servlet.DispatcherServlet - Completed initialization in 6 ms
2023-04-15 18:46:27 [http-nio-8888-exec-2] INFO  o.s.c.c.s.e.EncryptionController - Encrypted data
2023-04-15 18:46:27 [http-nio-8888-exec-2] INFO  o.s.c.c.s.e.EncryptionController - Encrypted data
2023-04-15 18:46:40 [Thread-3] WARN  o.s.c.c.s.e.MultipleJGitEnvironmentRepository - Failed to delete temporary directory on exit: java.nio.file.AccessDeniedException: C:\Users\Daiana\AppData\Local\Temp\config-repo-10367670061803706069\.git\objects\pack\pack-13d42bfd62ea946a8203f5c2fcb65f04bc29e8ac.idx
2023-04-15 18:46:40 [Thread-3] WARN  o.s.c.c.s.e.MultipleJGitEnvironmentRepository - Failed to delete temporary directory on exit: java.nio.file.AccessDeniedException: C:\Users\Daiana\AppData\Local\Temp\config-repo-10367670061803706069\.git\objects\pack\pack-13d42bfd62ea946a8203f5c2fcb65f04bc29e8ac.idx
2023-04-15 18:46:41 [SpringContextShutdownHook] INFO  o.s.s.c.ThreadPoolTaskExecutor - Shutting down ExecutorService 'applicationTaskExecutor'
2023-04-15 18:46:41 [SpringContextShutdownHook] INFO  o.s.s.c.ThreadPoolTaskExecutor - Shutting down ExecutorService 'applicationTaskExecutor'
2023-04-15 18:51:06 [background-preinit] INFO  o.h.validator.internal.util.Version - HV000001: Hibernate Validator 6.1.5.Final
2023-04-15 18:51:07 [main] INFO  c.m.demo.config.server.ConfigServer - No active profile set, falling back to default profiles: default
2023-04-15 18:51:08 [main] INFO  o.s.cloud.context.scope.GenericScope - BeanFactory id=2a519873-3bf9-3410-9240-bed5bf7485b8
2023-04-15 18:51:08 [main] INFO  o.s.cloud.context.scope.GenericScope - BeanFactory id=2a519873-3bf9-3410-9240-bed5bf7485b8
2023-04-15 18:51:09 [main] INFO  o.s.b.w.e.tomcat.TomcatWebServer - Tomcat initialized with port(s): 8888 (http)
2023-04-15 18:51:09 [main] INFO  o.s.b.w.e.tomcat.TomcatWebServer - Tomcat initialized with port(s): 8888 (http)
2023-04-15 18:51:09 [main] INFO  o.a.coyote.http11.Http11NioProtocol - Initializing ProtocolHandler ["http-nio-8888"]
2023-04-15 18:51:09 [main] INFO  o.a.catalina.core.StandardService - Starting service [Tomcat]
2023-04-15 18:51:09 [main] INFO  o.a.catalina.core.StandardEngine - Starting Servlet engine: [Apache Tomcat/9.0.38]
2023-04-15 18:51:09 [main] INFO  o.a.c.c.C.[Tomcat].[localhost].[/] - Initializing Spring embedded WebApplicationContext
2023-04-15 18:51:09 [main] INFO  o.s.b.w.s.c.ServletWebServerApplicationContext - Root WebApplicationContext: initialization completed in 1553 ms
2023-04-15 18:51:09 [main] INFO  o.s.b.w.s.c.ServletWebServerApplicationContext - Root WebApplicationContext: initialization completed in 1553 ms
2023-04-15 18:51:09 [main] INFO  o.s.s.c.ThreadPoolTaskExecutor - Initializing ExecutorService 'applicationTaskExecutor'
2023-04-15 18:51:09 [main] INFO  o.s.s.c.ThreadPoolTaskExecutor - Initializing ExecutorService 'applicationTaskExecutor'
2023-04-15 18:51:11 [main] INFO  o.s.s.web.DefaultSecurityFilterChain - Creating filter chain: Ant [pattern='/encrypt/**'], []
2023-04-15 18:51:11 [main] INFO  o.s.s.web.DefaultSecurityFilterChain - Creating filter chain: Ant [pattern='/encrypt/**'], []
2023-04-15 18:51:11 [main] INFO  o.s.s.web.DefaultSecurityFilterChain - Creating filter chain: Ant [pattern='/decrypt/**'], []
2023-04-15 18:51:11 [main] INFO  o.s.s.web.DefaultSecurityFilterChain - Creating filter chain: Ant [pattern='/decrypt/**'], []
2023-04-15 18:51:11 [main] INFO  o.s.s.web.DefaultSecurityFilterChain - Creating filter chain: Ant [pattern='/actuator/**'], []
2023-04-15 18:51:11 [main] INFO  o.s.s.web.DefaultSecurityFilterChain - Creating filter chain: Ant [pattern='/actuator/**'], []
2023-04-15 18:51:11 [main] INFO  o.s.s.web.DefaultSecurityFilterChain - Creating filter chain: any request, [org.springframework.security.web.context.request.async.WebAsyncManagerIntegrationFilter@498e41a4, org.springframework.security.web.context.SecurityContextPersistenceFilter@53525379, org.springframework.security.web.header.HeaderWriterFilter@3460e4ed, org.springframework.security.web.csrf.CsrfFilter@5503c7d, org.springframework.security.web.authentication.logout.LogoutFilter@40863800, org.springframework.security.web.authentication.UsernamePasswordAuthenticationFilter@4fc3529, org.springframework.security.web.authentication.ui.DefaultLoginPageGeneratingFilter@5341641d, org.springframework.security.web.authentication.ui.DefaultLogoutPageGeneratingFilter@be616f0, org.springframework.security.web.authentication.www.BasicAuthenticationFilter@7c8df667, org.springframework.security.web.savedrequest.RequestCacheAwareFilter@78b9155e, org.springframework.security.web.servletapi.SecurityContextHolderAwareRequestFilter@4fedf908, org.springframework.security.web.authentication.AnonymousAuthenticationFilter@1f5d7fd5, org.springframework.security.web.session.SessionManagementFilter@4a453f8d, org.springframework.security.web.access.ExceptionTranslationFilter@78e387d6, org.springframework.security.web.access.intercept.FilterSecurityInterceptor@62158991]
2023-04-15 18:51:11 [main] INFO  o.s.s.web.DefaultSecurityFilterChain - Creating filter chain: any request, [org.springframework.security.web.context.request.async.WebAsyncManagerIntegrationFilter@498e41a4, org.springframework.security.web.context.SecurityContextPersistenceFilter@53525379, org.springframework.security.web.header.HeaderWriterFilter@3460e4ed, org.springframework.security.web.csrf.CsrfFilter@5503c7d, org.springframework.security.web.authentication.logout.LogoutFilter@40863800, org.springframework.security.web.authentication.UsernamePasswordAuthenticationFilter@4fc3529, org.springframework.security.web.authentication.ui.DefaultLoginPageGeneratingFilter@5341641d, org.springframework.security.web.authentication.ui.DefaultLogoutPageGeneratingFilter@be616f0, org.springframework.security.web.authentication.www.BasicAuthenticationFilter@7c8df667, org.springframework.security.web.savedrequest.RequestCacheAwareFilter@78b9155e, org.springframework.security.web.servletapi.SecurityContextHolderAwareRequestFilter@4fedf908, org.springframework.security.web.authentication.AnonymousAuthenticationFilter@1f5d7fd5, org.springframework.security.web.session.SessionManagementFilter@4a453f8d, org.springframework.security.web.access.ExceptionTranslationFilter@78e387d6, org.springframework.security.web.access.intercept.FilterSecurityInterceptor@62158991]
2023-04-15 18:51:11 [main] INFO  o.s.b.a.e.web.EndpointLinksResolver - Exposing 2 endpoint(s) beneath base path '/actuator'
2023-04-15 18:51:11 [main] INFO  o.s.b.a.e.web.EndpointLinksResolver - Exposing 2 endpoint(s) beneath base path '/actuator'
2023-04-15 18:51:11 [main] INFO  o.a.coyote.http11.Http11NioProtocol - Starting ProtocolHandler ["http-nio-8888"]
2023-04-15 18:51:11 [main] INFO  o.s.b.w.e.tomcat.TomcatWebServer - Tomcat started on port(s): 8888 (http) with context path ''
2023-04-15 18:51:11 [main] INFO  o.s.b.w.e.tomcat.TomcatWebServer - Tomcat started on port(s): 8888 (http) with context path ''
2023-04-15 18:51:12 [main] INFO  c.m.demo.config.server.ConfigServer - Started ConfigServer in 6.162 seconds (JVM running for 6.781)
2023-04-15 18:52:36 [Thread-3] WARN  o.s.c.c.s.e.MultipleJGitEnvironmentRepository - Failed to delete temporary directory on exit: java.nio.file.AccessDeniedException: C:\Users\Daiana\AppData\Local\Temp\config-repo-10276006690539545772\.git\objects\pack\pack-7a7ffe41c45bb56aaa24a170dd04d7e47cb2b26c.idx
2023-04-15 18:52:36 [Thread-3] WARN  o.s.c.c.s.e.MultipleJGitEnvironmentRepository - Failed to delete temporary directory on exit: java.nio.file.AccessDeniedException: C:\Users\Daiana\AppData\Local\Temp\config-repo-10276006690539545772\.git\objects\pack\pack-7a7ffe41c45bb56aaa24a170dd04d7e47cb2b26c.idx
2023-04-15 18:52:36 [SpringContextShutdownHook] INFO  o.s.s.c.ThreadPoolTaskExecutor - Shutting down ExecutorService 'applicationTaskExecutor'
2023-04-15 18:52:36 [SpringContextShutdownHook] INFO  o.s.s.c.ThreadPoolTaskExecutor - Shutting down ExecutorService 'applicationTaskExecutor'
2023-04-15 18:56:48 [background-preinit] INFO  o.h.validator.internal.util.Version - HV000001: Hibernate Validator 6.1.5.Final
2023-04-15 18:56:49 [main] INFO  c.m.demo.config.server.ConfigServer - No active profile set, falling back to default profiles: default
2023-04-15 18:56:49 [main] INFO  o.s.cloud.context.scope.GenericScope - BeanFactory id=2a519873-3bf9-3410-9240-bed5bf7485b8
2023-04-15 18:56:49 [main] INFO  o.s.cloud.context.scope.GenericScope - BeanFactory id=2a519873-3bf9-3410-9240-bed5bf7485b8
2023-04-15 18:56:50 [main] INFO  o.s.b.w.e.tomcat.TomcatWebServer - Tomcat initialized with port(s): 8888 (http)
2023-04-15 18:56:50 [main] INFO  o.s.b.w.e.tomcat.TomcatWebServer - Tomcat initialized with port(s): 8888 (http)
2023-04-15 18:56:50 [main] INFO  o.a.coyote.http11.Http11NioProtocol - Initializing ProtocolHandler ["http-nio-8888"]
2023-04-15 18:56:50 [main] INFO  o.a.catalina.core.StandardService - Starting service [Tomcat]
2023-04-15 18:56:50 [main] INFO  o.a.catalina.core.StandardEngine - Starting Servlet engine: [Apache Tomcat/9.0.38]
2023-04-15 18:56:50 [main] INFO  o.a.c.c.C.[Tomcat].[localhost].[/] - Initializing Spring embedded WebApplicationContext
2023-04-15 18:56:50 [main] INFO  o.s.b.w.s.c.ServletWebServerApplicationContext - Root WebApplicationContext: initialization completed in 1262 ms
2023-04-15 18:56:50 [main] INFO  o.s.b.w.s.c.ServletWebServerApplicationContext - Root WebApplicationContext: initialization completed in 1262 ms
2023-04-15 18:56:50 [main] INFO  o.s.s.c.ThreadPoolTaskExecutor - Initializing ExecutorService 'applicationTaskExecutor'
2023-04-15 18:56:50 [main] INFO  o.s.s.c.ThreadPoolTaskExecutor - Initializing ExecutorService 'applicationTaskExecutor'
2023-04-15 18:56:52 [main] INFO  o.s.s.web.DefaultSecurityFilterChain - Creating filter chain: Ant [pattern='/encrypt/**'], []
2023-04-15 18:56:52 [main] INFO  o.s.s.web.DefaultSecurityFilterChain - Creating filter chain: Ant [pattern='/encrypt/**'], []
2023-04-15 18:56:52 [main] INFO  o.s.s.web.DefaultSecurityFilterChain - Creating filter chain: Ant [pattern='/decrypt/**'], []
2023-04-15 18:56:52 [main] INFO  o.s.s.web.DefaultSecurityFilterChain - Creating filter chain: Ant [pattern='/decrypt/**'], []
2023-04-15 18:56:52 [main] INFO  o.s.s.web.DefaultSecurityFilterChain - Creating filter chain: Ant [pattern='/actuator/**'], []
2023-04-15 18:56:52 [main] INFO  o.s.s.web.DefaultSecurityFilterChain - Creating filter chain: Ant [pattern='/actuator/**'], []
2023-04-15 18:56:52 [main] INFO  o.s.s.web.DefaultSecurityFilterChain - Creating filter chain: any request, [org.springframework.security.web.context.request.async.WebAsyncManagerIntegrationFilter@498e41a4, org.springframework.security.web.context.SecurityContextPersistenceFilter@53525379, org.springframework.security.web.header.HeaderWriterFilter@3460e4ed, org.springframework.security.web.csrf.CsrfFilter@5503c7d, org.springframework.security.web.authentication.logout.LogoutFilter@40863800, org.springframework.security.web.authentication.UsernamePasswordAuthenticationFilter@4fc3529, org.springframework.security.web.authentication.ui.DefaultLoginPageGeneratingFilter@5341641d, org.springframework.security.web.authentication.ui.DefaultLogoutPageGeneratingFilter@be616f0, org.springframework.security.web.authentication.www.BasicAuthenticationFilter@7c8df667, org.springframework.security.web.savedrequest.RequestCacheAwareFilter@78b9155e, org.springframework.security.web.servletapi.SecurityContextHolderAwareRequestFilter@4fedf908, org.springframework.security.web.authentication.AnonymousAuthenticationFilter@1f5d7fd5, org.springframework.security.web.session.SessionManagementFilter@4a453f8d, org.springframework.security.web.access.ExceptionTranslationFilter@78e387d6, org.springframework.security.web.access.intercept.FilterSecurityInterceptor@62158991]
2023-04-15 18:56:52 [main] INFO  o.s.s.web.DefaultSecurityFilterChain - Creating filter chain: any request, [org.springframework.security.web.context.request.async.WebAsyncManagerIntegrationFilter@498e41a4, org.springframework.security.web.context.SecurityContextPersistenceFilter@53525379, org.springframework.security.web.header.HeaderWriterFilter@3460e4ed, org.springframework.security.web.csrf.CsrfFilter@5503c7d, org.springframework.security.web.authentication.logout.LogoutFilter@40863800, org.springframework.security.web.authentication.UsernamePasswordAuthenticationFilter@4fc3529, org.springframework.security.web.authentication.ui.DefaultLoginPageGeneratingFilter@5341641d, org.springframework.security.web.authentication.ui.DefaultLogoutPageGeneratingFilter@be616f0, org.springframework.security.web.authentication.www.BasicAuthenticationFilter@7c8df667, org.springframework.security.web.savedrequest.RequestCacheAwareFilter@78b9155e, org.springframework.security.web.servletapi.SecurityContextHolderAwareRequestFilter@4fedf908, org.springframework.security.web.authentication.AnonymousAuthenticationFilter@1f5d7fd5, org.springframework.security.web.session.SessionManagementFilter@4a453f8d, org.springframework.security.web.access.ExceptionTranslationFilter@78e387d6, org.springframework.security.web.access.intercept.FilterSecurityInterceptor@62158991]
2023-04-15 18:56:53 [main] INFO  o.s.b.a.e.web.EndpointLinksResolver - Exposing 2 endpoint(s) beneath base path '/actuator'
2023-04-15 18:56:53 [main] INFO  o.s.b.a.e.web.EndpointLinksResolver - Exposing 2 endpoint(s) beneath base path '/actuator'
2023-04-15 18:56:53 [main] INFO  o.a.coyote.http11.Http11NioProtocol - Starting ProtocolHandler ["http-nio-8888"]
2023-04-15 18:56:53 [main] INFO  o.s.b.w.e.tomcat.TomcatWebServer - Tomcat started on port(s): 8888 (http) with context path ''
2023-04-15 18:56:53 [main] INFO  o.s.b.w.e.tomcat.TomcatWebServer - Tomcat started on port(s): 8888 (http) with context path ''
2023-04-15 18:56:53 [main] INFO  c.m.demo.config.server.ConfigServer - Started ConfigServer in 5.802 seconds (JVM running for 6.337)
2023-04-15 18:57:18 [http-nio-8888-exec-1] INFO  o.a.c.c.C.[Tomcat].[localhost].[/] - Initializing Spring DispatcherServlet 'dispatcherServlet'
2023-04-15 18:57:18 [http-nio-8888-exec-1] INFO  o.s.web.servlet.DispatcherServlet - Initializing Servlet 'dispatcherServlet'
2023-04-15 18:57:18 [http-nio-8888-exec-1] INFO  o.s.web.servlet.DispatcherServlet - Initializing Servlet 'dispatcherServlet'
2023-04-15 18:57:18 [http-nio-8888-exec-1] INFO  o.s.web.servlet.DispatcherServlet - Completed initialization in 13 ms
2023-04-15 18:57:18 [http-nio-8888-exec-1] INFO  o.s.web.servlet.DispatcherServlet - Completed initialization in 13 ms
2023-04-15 18:57:19 [http-nio-8888-exec-1] WARN  o.a.c.util.SessionIdGeneratorBase - Creation of SecureRandom instance for session ID generation using [SHA1PRNG] took [339] milliseconds.
2023-04-15 18:57:20 [http-nio-8888-exec-1] INFO  o.s.c.c.s.e.NativeEnvironmentRepository - Adding property source: file:/C:/Users/Daiana/AppData/Local/Temp/config-repo-7038807547960469545/config-client-elastic_query.yml
2023-04-15 18:57:20 [http-nio-8888-exec-1] INFO  o.s.c.c.s.e.NativeEnvironmentRepository - Adding property source: file:/C:/Users/Daiana/AppData/Local/Temp/config-repo-7038807547960469545/config-client-elastic_query.yml
2023-04-15 18:57:20 [http-nio-8888-exec-1] INFO  o.s.c.c.s.e.NativeEnvironmentRepository - Adding property source: file:/C:/Users/Daiana/AppData/Local/Temp/config-repo-7038807547960469545/config-client.yml
2023-04-15 18:57:20 [http-nio-8888-exec-1] INFO  o.s.c.c.s.e.NativeEnvironmentRepository - Adding property source: file:/C:/Users/Daiana/AppData/Local/Temp/config-repo-7038807547960469545/config-client.yml
2023-04-15 18:59:51 [http-nio-8888-exec-6] INFO  o.s.c.c.s.e.NativeEnvironmentRepository - Adding property source: file:/C:/Users/Daiana/AppData/Local/Temp/config-repo-7038807547960469545/config-client-elastic_query.yml
2023-04-15 18:59:51 [http-nio-8888-exec-6] INFO  o.s.c.c.s.e.NativeEnvironmentRepository - Adding property source: file:/C:/Users/Daiana/AppData/Local/Temp/config-repo-7038807547960469545/config-client-elastic_query.yml
2023-04-15 18:59:51 [http-nio-8888-exec-6] INFO  o.s.c.c.s.e.NativeEnvironmentRepository - Adding property source: file:/C:/Users/Daiana/AppData/Local/Temp/config-repo-7038807547960469545/config-client.yml
2023-04-15 18:59:51 [http-nio-8888-exec-6] INFO  o.s.c.c.s.e.NativeEnvironmentRepository - Adding property source: file:/C:/Users/Daiana/AppData/Local/Temp/config-repo-7038807547960469545/config-client.yml
2023-04-15 19:01:03 [http-nio-8888-exec-8] INFO  o.s.c.c.s.e.NativeEnvironmentRepository - Adding property source: file:/C:/Users/Daiana/AppData/Local/Temp/config-repo-7038807547960469545/config-client-elastic_query.yml
2023-04-15 19:01:03 [http-nio-8888-exec-8] INFO  o.s.c.c.s.e.NativeEnvironmentRepository - Adding property source: file:/C:/Users/Daiana/AppData/Local/Temp/config-repo-7038807547960469545/config-client-elastic_query.yml
2023-04-15 19:01:03 [http-nio-8888-exec-8] INFO  o.s.c.c.s.e.NativeEnvironmentRepository - Adding property source: file:/C:/Users/Daiana/AppData/Local/Temp/config-repo-7038807547960469545/config-client.yml
2023-04-15 19:01:03 [http-nio-8888-exec-8] INFO  o.s.c.c.s.e.NativeEnvironmentRepository - Adding property source: file:/C:/Users/Daiana/AppData/Local/Temp/config-repo-7038807547960469545/config-client.yml
2023-04-15 19:02:43 [http-nio-8888-exec-7] INFO  o.s.c.c.s.e.NativeEnvironmentRepository - Adding property source: file:/C:/Users/Daiana/AppData/Local/Temp/config-repo-7038807547960469545/config-client-elastic_query.yml
2023-04-15 19:02:43 [http-nio-8888-exec-7] INFO  o.s.c.c.s.e.NativeEnvironmentRepository - Adding property source: file:/C:/Users/Daiana/AppData/Local/Temp/config-repo-7038807547960469545/config-client-elastic_query.yml
2023-04-15 19:02:43 [http-nio-8888-exec-7] INFO  o.s.c.c.s.e.NativeEnvironmentRepository - Adding property source: file:/C:/Users/Daiana/AppData/Local/Temp/config-repo-7038807547960469545/config-client.yml
2023-04-15 19:02:43 [http-nio-8888-exec-7] INFO  o.s.c.c.s.e.NativeEnvironmentRepository - Adding property source: file:/C:/Users/Daiana/AppData/Local/Temp/config-repo-7038807547960469545/config-client.yml
2023-04-15 19:34:40 [Thread-3] WARN  o.s.c.c.s.e.MultipleJGitEnvironmentRepository - Failed to delete temporary directory on exit: java.nio.file.AccessDeniedException: C:\Users\Daiana\AppData\Local\Temp\config-repo-7038807547960469545\.git\objects\pack\pack-7a7ffe41c45bb56aaa24a170dd04d7e47cb2b26c.idx
2023-04-15 19:34:40 [Thread-3] WARN  o.s.c.c.s.e.MultipleJGitEnvironmentRepository - Failed to delete temporary directory on exit: java.nio.file.AccessDeniedException: C:\Users\Daiana\AppData\Local\Temp\config-repo-7038807547960469545\.git\objects\pack\pack-7a7ffe41c45bb56aaa24a170dd04d7e47cb2b26c.idx
2023-04-15 19:34:40 [SpringContextShutdownHook] INFO  o.s.s.c.ThreadPoolTaskExecutor - Shutting down ExecutorService 'applicationTaskExecutor'
2023-04-15 19:34:40 [SpringContextShutdownHook] INFO  o.s.s.c.ThreadPoolTaskExecutor - Shutting down ExecutorService 'applicationTaskExecutor'
2023-04-15 20:34:38 [background-preinit] INFO  o.h.validator.internal.util.Version - HV000001: Hibernate Validator 6.1.5.Final
2023-04-15 20:34:39 [main] INFO  c.m.demo.config.server.ConfigServer - No active profile set, falling back to default profiles: default
2023-04-15 20:34:39 [main] INFO  o.s.cloud.context.scope.GenericScope - BeanFactory id=2a519873-3bf9-3410-9240-bed5bf7485b8
2023-04-15 20:34:39 [main] INFO  o.s.cloud.context.scope.GenericScope - BeanFactory id=2a519873-3bf9-3410-9240-bed5bf7485b8
2023-04-15 20:34:40 [main] INFO  o.s.b.w.e.tomcat.TomcatWebServer - Tomcat initialized with port(s): 8888 (http)
2023-04-15 20:34:40 [main] INFO  o.s.b.w.e.tomcat.TomcatWebServer - Tomcat initialized with port(s): 8888 (http)
2023-04-15 20:34:40 [main] INFO  o.a.coyote.http11.Http11NioProtocol - Initializing ProtocolHandler ["http-nio-8888"]
2023-04-15 20:34:40 [main] INFO  o.a.catalina.core.StandardService - Starting service [Tomcat]
2023-04-15 20:34:40 [main] INFO  o.a.catalina.core.StandardEngine - Starting Servlet engine: [Apache Tomcat/9.0.38]
2023-04-15 20:34:40 [main] INFO  o.a.c.c.C.[Tomcat].[localhost].[/] - Initializing Spring embedded WebApplicationContext
2023-04-15 20:34:40 [main] INFO  o.s.b.w.s.c.ServletWebServerApplicationContext - Root WebApplicationContext: initialization completed in 1453 ms
2023-04-15 20:34:40 [main] INFO  o.s.b.w.s.c.ServletWebServerApplicationContext - Root WebApplicationContext: initialization completed in 1453 ms
2023-04-15 20:34:40 [main] INFO  o.s.s.c.ThreadPoolTaskExecutor - Initializing ExecutorService 'applicationTaskExecutor'
2023-04-15 20:34:40 [main] INFO  o.s.s.c.ThreadPoolTaskExecutor - Initializing ExecutorService 'applicationTaskExecutor'
2023-04-15 20:34:42 [main] INFO  o.s.s.web.DefaultSecurityFilterChain - Creating filter chain: Ant [pattern='/encrypt/**'], []
2023-04-15 20:34:42 [main] INFO  o.s.s.web.DefaultSecurityFilterChain - Creating filter chain: Ant [pattern='/encrypt/**'], []
2023-04-15 20:34:42 [main] INFO  o.s.s.web.DefaultSecurityFilterChain - Creating filter chain: Ant [pattern='/decrypt/**'], []
2023-04-15 20:34:42 [main] INFO  o.s.s.web.DefaultSecurityFilterChain - Creating filter chain: Ant [pattern='/decrypt/**'], []
2023-04-15 20:34:42 [main] INFO  o.s.s.web.DefaultSecurityFilterChain - Creating filter chain: Ant [pattern='/actuator/**'], []
2023-04-15 20:34:42 [main] INFO  o.s.s.web.DefaultSecurityFilterChain - Creating filter chain: Ant [pattern='/actuator/**'], []
2023-04-15 20:34:42 [main] INFO  o.s.s.web.DefaultSecurityFilterChain - Creating filter chain: any request, [org.springframework.security.web.context.request.async.WebAsyncManagerIntegrationFilter@32c0fecc, org.springframework.security.web.context.SecurityContextPersistenceFilter@3460e4ed, org.springframework.security.web.header.HeaderWriterFilter@19f497aa, org.springframework.security.web.csrf.CsrfFilter@3514ac7d, org.springframework.security.web.authentication.logout.LogoutFilter@2f73f0c7, org.springframework.security.web.authentication.UsernamePasswordAuthenticationFilter@40738846, org.springframework.security.web.authentication.ui.DefaultLoginPageGeneratingFilter@2a16d4dc, org.springframework.security.web.authentication.ui.DefaultLogoutPageGeneratingFilter@35ceec81, org.springframework.security.web.authentication.www.BasicAuthenticationFilter@51141f64, org.springframework.security.web.savedrequest.RequestCacheAwareFilter@4a453f8d, org.springframework.security.web.servletapi.SecurityContextHolderAwareRequestFilter@5ad0c70a, org.springframework.security.web.authentication.AnonymousAuthenticationFilter@d13379e, org.springframework.security.web.session.SessionManagementFilter@78e387d6, org.springframework.security.web.access.ExceptionTranslationFilter@54234569, org.springframework.security.web.access.intercept.FilterSecurityInterceptor@336d28a1]
2023-04-15 20:34:42 [main] INFO  o.s.s.web.DefaultSecurityFilterChain - Creating filter chain: any request, [org.springframework.security.web.context.request.async.WebAsyncManagerIntegrationFilter@32c0fecc, org.springframework.security.web.context.SecurityContextPersistenceFilter@3460e4ed, org.springframework.security.web.header.HeaderWriterFilter@19f497aa, org.springframework.security.web.csrf.CsrfFilter@3514ac7d, org.springframework.security.web.authentication.logout.LogoutFilter@2f73f0c7, org.springframework.security.web.authentication.UsernamePasswordAuthenticationFilter@40738846, org.springframework.security.web.authentication.ui.DefaultLoginPageGeneratingFilter@2a16d4dc, org.springframework.security.web.authentication.ui.DefaultLogoutPageGeneratingFilter@35ceec81, org.springframework.security.web.authentication.www.BasicAuthenticationFilter@51141f64, org.springframework.security.web.savedrequest.RequestCacheAwareFilter@4a453f8d, org.springframework.security.web.servletapi.SecurityContextHolderAwareRequestFilter@5ad0c70a, org.springframework.security.web.authentication.AnonymousAuthenticationFilter@d13379e, org.springframework.security.web.session.SessionManagementFilter@78e387d6, org.springframework.security.web.access.ExceptionTranslationFilter@54234569, org.springframework.security.web.access.intercept.FilterSecurityInterceptor@336d28a1]
2023-04-15 20:34:43 [main] INFO  o.s.b.a.e.web.EndpointLinksResolver - Exposing 2 endpoint(s) beneath base path '/actuator'
2023-04-15 20:34:43 [main] INFO  o.s.b.a.e.web.EndpointLinksResolver - Exposing 2 endpoint(s) beneath base path '/actuator'
2023-04-15 20:34:43 [main] INFO  o.a.coyote.http11.Http11NioProtocol - Starting ProtocolHandler ["http-nio-8888"]
2023-04-15 20:34:43 [main] INFO  o.s.b.w.e.tomcat.TomcatWebServer - Tomcat started on port(s): 8888 (http) with context path ''
2023-04-15 20:34:43 [main] INFO  o.s.b.w.e.tomcat.TomcatWebServer - Tomcat started on port(s): 8888 (http) with context path ''
2023-04-15 20:34:43 [main] INFO  c.m.demo.config.server.ConfigServer - Started ConfigServer in 6.028 seconds (JVM running for 6.635)
2023-04-15 20:36:27 [http-nio-8888-exec-1] INFO  o.a.c.c.C.[Tomcat].[localhost].[/] - Initializing Spring DispatcherServlet 'dispatcherServlet'
2023-04-15 20:36:27 [http-nio-8888-exec-1] INFO  o.s.web.servlet.DispatcherServlet - Initializing Servlet 'dispatcherServlet'
2023-04-15 20:36:27 [http-nio-8888-exec-1] INFO  o.s.web.servlet.DispatcherServlet - Initializing Servlet 'dispatcherServlet'
2023-04-15 20:36:27 [http-nio-8888-exec-1] INFO  o.s.web.servlet.DispatcherServlet - Completed initialization in 7 ms
2023-04-15 20:36:27 [http-nio-8888-exec-1] INFO  o.s.web.servlet.DispatcherServlet - Completed initialization in 7 ms
2023-04-15 20:36:27 [http-nio-8888-exec-1] WARN  o.a.c.util.SessionIdGeneratorBase - Creation of SecureRandom instance for session ID generation using [SHA1PRNG] took [219] milliseconds.
2023-04-15 20:36:28 [http-nio-8888-exec-1] INFO  o.s.c.c.s.e.NativeEnvironmentRepository - Adding property source: file:/C:/Users/Daiana/AppData/Local/Temp/config-repo-6317190717732403228/config-client-elastic_query.yml
2023-04-15 20:36:28 [http-nio-8888-exec-1] INFO  o.s.c.c.s.e.NativeEnvironmentRepository - Adding property source: file:/C:/Users/Daiana/AppData/Local/Temp/config-repo-6317190717732403228/config-client-elastic_query.yml
2023-04-15 20:36:28 [http-nio-8888-exec-1] INFO  o.s.c.c.s.e.NativeEnvironmentRepository - Adding property source: file:/C:/Users/Daiana/AppData/Local/Temp/config-repo-6317190717732403228/config-client.yml
2023-04-15 20:36:28 [http-nio-8888-exec-1] INFO  o.s.c.c.s.e.NativeEnvironmentRepository - Adding property source: file:/C:/Users/Daiana/AppData/Local/Temp/config-repo-6317190717732403228/config-client.yml
2023-04-15 21:07:58 [Thread-3] WARN  o.s.c.c.s.e.MultipleJGitEnvironmentRepository - Failed to delete temporary directory on exit: java.nio.file.AccessDeniedException: C:\Users\Daiana\AppData\Local\Temp\config-repo-6317190717732403228\.git\objects\pack\pack-7a7ffe41c45bb56aaa24a170dd04d7e47cb2b26c.idx
2023-04-15 21:07:58 [Thread-3] WARN  o.s.c.c.s.e.MultipleJGitEnvironmentRepository - Failed to delete temporary directory on exit: java.nio.file.AccessDeniedException: C:\Users\Daiana\AppData\Local\Temp\config-repo-6317190717732403228\.git\objects\pack\pack-7a7ffe41c45bb56aaa24a170dd04d7e47cb2b26c.idx
2023-04-15 21:07:59 [SpringContextShutdownHook] INFO  o.s.s.c.ThreadPoolTaskExecutor - Shutting down ExecutorService 'applicationTaskExecutor'
2023-04-15 21:07:59 [SpringContextShutdownHook] INFO  o.s.s.c.ThreadPoolTaskExecutor - Shutting down ExecutorService 'applicationTaskExecutor'
