2023-04-29 19:47:14 [background-preinit] INFO  o.h.validator.internal.util.Version - HV000001: Hibernate Validator 6.1.5.Final
2023-04-29 19:47:17 [main] INFO  c.m.demo.config.server.ConfigServer - No active profile set, falling back to default profiles: default
2023-04-29 19:47:18 [main] INFO  o.s.cloud.context.scope.GenericScope - BeanFactory id=2a519873-3bf9-3410-9240-bed5bf7485b8
2023-04-29 19:47:18 [main] INFO  o.s.cloud.context.scope.GenericScope - BeanFactory id=2a519873-3bf9-3410-9240-bed5bf7485b8
2023-04-29 19:47:20 [main] INFO  o.s.b.w.e.tomcat.TomcatWebServer - Tomcat initialized with port(s): 8888 (http)
2023-04-29 19:47:20 [main] INFO  o.s.b.w.e.tomcat.TomcatWebServer - Tomcat initialized with port(s): 8888 (http)
2023-04-29 19:47:20 [main] INFO  o.a.coyote.http11.Http11NioProtocol - Initializing ProtocolHandler ["http-nio-8888"]
2023-04-29 19:47:20 [main] INFO  o.a.catalina.core.StandardService - Starting service [Tomcat]
2023-04-29 19:47:20 [main] INFO  o.a.catalina.core.StandardEngine - Starting Servlet engine: [Apache Tomcat/9.0.38]
2023-04-29 19:47:20 [main] INFO  o.a.c.c.C.[Tomcat].[localhost].[/] - Initializing Spring embedded WebApplicationContext
2023-04-29 19:47:20 [main] INFO  o.s.b.w.s.c.ServletWebServerApplicationContext - Root WebApplicationContext: initialization completed in 3379 ms
2023-04-29 19:47:20 [main] INFO  o.s.b.w.s.c.ServletWebServerApplicationContext - Root WebApplicationContext: initialization completed in 3379 ms
2023-04-29 19:47:21 [main] INFO  o.s.s.c.ThreadPoolTaskExecutor - Initializing ExecutorService 'applicationTaskExecutor'
2023-04-29 19:47:21 [main] INFO  o.s.s.c.ThreadPoolTaskExecutor - Initializing ExecutorService 'applicationTaskExecutor'
2023-04-29 19:47:25 [main] INFO  o.s.s.web.DefaultSecurityFilterChain - Creating filter chain: Ant [pattern='/encrypt/**'], []
2023-04-29 19:47:25 [main] INFO  o.s.s.web.DefaultSecurityFilterChain - Creating filter chain: Ant [pattern='/encrypt/**'], []
2023-04-29 19:47:25 [main] INFO  o.s.s.web.DefaultSecurityFilterChain - Creating filter chain: Ant [pattern='/decrypt/**'], []
2023-04-29 19:47:25 [main] INFO  o.s.s.web.DefaultSecurityFilterChain - Creating filter chain: Ant [pattern='/decrypt/**'], []
2023-04-29 19:47:25 [main] INFO  o.s.s.web.DefaultSecurityFilterChain - Creating filter chain: Ant [pattern='/actuator/**'], []
2023-04-29 19:47:25 [main] INFO  o.s.s.web.DefaultSecurityFilterChain - Creating filter chain: Ant [pattern='/actuator/**'], []
2023-04-29 19:47:25 [main] INFO  o.s.s.web.DefaultSecurityFilterChain - Creating filter chain: any request, [org.springframework.security.web.context.request.async.WebAsyncManagerIntegrationFilter@cf08c97, org.springframework.security.web.context.SecurityContextPersistenceFilter@2ceb68a1, org.springframework.security.web.header.HeaderWriterFilter@60a6840c, org.springframework.security.web.csrf.CsrfFilter@3350ab4, org.springframework.security.web.authentication.logout.LogoutFilter@4cf230bf, org.springframework.security.web.authentication.UsernamePasswordAuthenticationFilter@4cd5fc46, org.springframework.security.web.authentication.ui.DefaultLoginPageGeneratingFilter@5bb99d1d, org.springframework.security.web.authentication.ui.DefaultLogoutPageGeneratingFilter@37c87fcc, org.springframework.security.web.authentication.www.BasicAuthenticationFilter@1f5d7fd5, org.springframework.security.web.savedrequest.RequestCacheAwareFilter@69c33ea2, org.springframework.security.web.servletapi.SecurityContextHolderAwareRequestFilter@7b3c0ecb, org.springframework.security.web.authentication.AnonymousAuthenticationFilter@ca2be53, org.springframework.security.web.session.SessionManagementFilter@1be3f8f8, org.springframework.security.web.access.ExceptionTranslationFilter@2efcc0b3, org.springframework.security.web.access.intercept.FilterSecurityInterceptor@1686ed85]
2023-04-29 19:47:25 [main] INFO  o.s.s.web.DefaultSecurityFilterChain - Creating filter chain: any request, [org.springframework.security.web.context.request.async.WebAsyncManagerIntegrationFilter@cf08c97, org.springframework.security.web.context.SecurityContextPersistenceFilter@2ceb68a1, org.springframework.security.web.header.HeaderWriterFilter@60a6840c, org.springframework.security.web.csrf.CsrfFilter@3350ab4, org.springframework.security.web.authentication.logout.LogoutFilter@4cf230bf, org.springframework.security.web.authentication.UsernamePasswordAuthenticationFilter@4cd5fc46, org.springframework.security.web.authentication.ui.DefaultLoginPageGeneratingFilter@5bb99d1d, org.springframework.security.web.authentication.ui.DefaultLogoutPageGeneratingFilter@37c87fcc, org.springframework.security.web.authentication.www.BasicAuthenticationFilter@1f5d7fd5, org.springframework.security.web.savedrequest.RequestCacheAwareFilter@69c33ea2, org.springframework.security.web.servletapi.SecurityContextHolderAwareRequestFilter@7b3c0ecb, org.springframework.security.web.authentication.AnonymousAuthenticationFilter@ca2be53, org.springframework.security.web.session.SessionManagementFilter@1be3f8f8, org.springframework.security.web.access.ExceptionTranslationFilter@2efcc0b3, org.springframework.security.web.access.intercept.FilterSecurityInterceptor@1686ed85]
2023-04-29 19:47:26 [main] INFO  o.s.b.a.e.web.EndpointLinksResolver - Exposing 2 endpoint(s) beneath base path '/actuator'
2023-04-29 19:47:26 [main] INFO  o.s.b.a.e.web.EndpointLinksResolver - Exposing 2 endpoint(s) beneath base path '/actuator'
2023-04-29 19:47:26 [main] INFO  o.a.coyote.http11.Http11NioProtocol - Starting ProtocolHandler ["http-nio-8888"]
2023-04-29 19:47:26 [main] INFO  o.s.b.w.e.tomcat.TomcatWebServer - Tomcat started on port(s): 8888 (http) with context path ''
2023-04-29 19:47:26 [main] INFO  o.s.b.w.e.tomcat.TomcatWebServer - Tomcat started on port(s): 8888 (http) with context path ''
2023-04-29 19:47:27 [main] INFO  c.m.demo.config.server.ConfigServer - Started ConfigServer in 15.123 seconds (JVM running for 16.488)
2023-04-29 19:53:26 [Thread-3] WARN  o.s.c.c.s.e.MultipleJGitEnvironmentRepository - Failed to delete temporary directory on exit: java.nio.file.AccessDeniedException: C:\Users\Daiana\AppData\Local\Temp\config-repo-9348301304686516834\.git\objects\pack\pack-a7adbce28b95c6f8d3ad574e75ba2f1357cc8597.idx
2023-04-29 19:53:26 [Thread-3] WARN  o.s.c.c.s.e.MultipleJGitEnvironmentRepository - Failed to delete temporary directory on exit: java.nio.file.AccessDeniedException: C:\Users\Daiana\AppData\Local\Temp\config-repo-9348301304686516834\.git\objects\pack\pack-a7adbce28b95c6f8d3ad574e75ba2f1357cc8597.idx
2023-04-29 19:53:27 [SpringContextShutdownHook] INFO  o.s.s.c.ThreadPoolTaskExecutor - Shutting down ExecutorService 'applicationTaskExecutor'
2023-04-29 19:53:27 [SpringContextShutdownHook] INFO  o.s.s.c.ThreadPoolTaskExecutor - Shutting down ExecutorService 'applicationTaskExecutor'
2023-04-29 19:58:46 [background-preinit] INFO  o.h.validator.internal.util.Version - HV000001: Hibernate Validator 6.1.5.Final
2023-04-29 19:58:46 [main] INFO  c.m.demo.config.server.ConfigServer - No active profile set, falling back to default profiles: default
2023-04-29 19:58:47 [main] INFO  o.s.cloud.context.scope.GenericScope - BeanFactory id=2a519873-3bf9-3410-9240-bed5bf7485b8
2023-04-29 19:58:47 [main] INFO  o.s.cloud.context.scope.GenericScope - BeanFactory id=2a519873-3bf9-3410-9240-bed5bf7485b8
2023-04-29 19:58:47 [main] INFO  o.s.b.w.e.tomcat.TomcatWebServer - Tomcat initialized with port(s): 8888 (http)
2023-04-29 19:58:47 [main] INFO  o.s.b.w.e.tomcat.TomcatWebServer - Tomcat initialized with port(s): 8888 (http)
2023-04-29 19:58:47 [main] INFO  o.a.coyote.http11.Http11NioProtocol - Initializing ProtocolHandler ["http-nio-8888"]
2023-04-29 19:58:47 [main] INFO  o.a.catalina.core.StandardService - Starting service [Tomcat]
2023-04-29 19:58:47 [main] INFO  o.a.catalina.core.StandardEngine - Starting Servlet engine: [Apache Tomcat/9.0.38]
2023-04-29 19:58:47 [main] INFO  o.a.c.c.C.[Tomcat].[localhost].[/] - Initializing Spring embedded WebApplicationContext
2023-04-29 19:58:47 [main] INFO  o.s.b.w.s.c.ServletWebServerApplicationContext - Root WebApplicationContext: initialization completed in 1159 ms
2023-04-29 19:58:47 [main] INFO  o.s.b.w.s.c.ServletWebServerApplicationContext - Root WebApplicationContext: initialization completed in 1159 ms
2023-04-29 19:58:48 [main] INFO  o.s.s.c.ThreadPoolTaskExecutor - Initializing ExecutorService 'applicationTaskExecutor'
2023-04-29 19:58:48 [main] INFO  o.s.s.c.ThreadPoolTaskExecutor - Initializing ExecutorService 'applicationTaskExecutor'
2023-04-29 19:58:50 [main] INFO  o.s.s.web.DefaultSecurityFilterChain - Creating filter chain: Ant [pattern='/encrypt/**'], []
2023-04-29 19:58:50 [main] INFO  o.s.s.web.DefaultSecurityFilterChain - Creating filter chain: Ant [pattern='/encrypt/**'], []
2023-04-29 19:58:50 [main] INFO  o.s.s.web.DefaultSecurityFilterChain - Creating filter chain: Ant [pattern='/decrypt/**'], []
2023-04-29 19:58:50 [main] INFO  o.s.s.web.DefaultSecurityFilterChain - Creating filter chain: Ant [pattern='/decrypt/**'], []
2023-04-29 19:58:50 [main] INFO  o.s.s.web.DefaultSecurityFilterChain - Creating filter chain: Ant [pattern='/actuator/**'], []
2023-04-29 19:58:50 [main] INFO  o.s.s.web.DefaultSecurityFilterChain - Creating filter chain: Ant [pattern='/actuator/**'], []
2023-04-29 19:58:50 [main] INFO  o.s.s.web.DefaultSecurityFilterChain - Creating filter chain: any request, [org.springframework.security.web.context.request.async.WebAsyncManagerIntegrationFilter@ca2be53, org.springframework.security.web.context.SecurityContextPersistenceFilter@69c33ea2, org.springframework.security.web.header.HeaderWriterFilter@1be3f8f8, org.springframework.security.web.csrf.CsrfFilter@646cb2e, org.springframework.security.web.authentication.logout.LogoutFilter@64665781, org.springframework.security.web.authentication.UsernamePasswordAuthenticationFilter@3221588e, org.springframework.security.web.authentication.ui.DefaultLoginPageGeneratingFilter@4fd37449, org.springframework.security.web.authentication.ui.DefaultLogoutPageGeneratingFilter@78f5cbc5, org.springframework.security.web.authentication.www.BasicAuthenticationFilter@37c87fcc, org.springframework.security.web.savedrequest.RequestCacheAwareFilter@2e3900dc, org.springframework.security.web.servletapi.SecurityContextHolderAwareRequestFilter@3006bfb, org.springframework.security.web.authentication.AnonymousAuthenticationFilter@70697478, org.springframework.security.web.session.SessionManagementFilter@2ceb68a1, org.springframework.security.web.access.ExceptionTranslationFilter@60a6840c, org.springframework.security.web.access.intercept.FilterSecurityInterceptor@4fc3529]
2023-04-29 19:58:50 [main] INFO  o.s.s.web.DefaultSecurityFilterChain - Creating filter chain: any request, [org.springframework.security.web.context.request.async.WebAsyncManagerIntegrationFilter@ca2be53, org.springframework.security.web.context.SecurityContextPersistenceFilter@69c33ea2, org.springframework.security.web.header.HeaderWriterFilter@1be3f8f8, org.springframework.security.web.csrf.CsrfFilter@646cb2e, org.springframework.security.web.authentication.logout.LogoutFilter@64665781, org.springframework.security.web.authentication.UsernamePasswordAuthenticationFilter@3221588e, org.springframework.security.web.authentication.ui.DefaultLoginPageGeneratingFilter@4fd37449, org.springframework.security.web.authentication.ui.DefaultLogoutPageGeneratingFilter@78f5cbc5, org.springframework.security.web.authentication.www.BasicAuthenticationFilter@37c87fcc, org.springframework.security.web.savedrequest.RequestCacheAwareFilter@2e3900dc, org.springframework.security.web.servletapi.SecurityContextHolderAwareRequestFilter@3006bfb, org.springframework.security.web.authentication.AnonymousAuthenticationFilter@70697478, org.springframework.security.web.session.SessionManagementFilter@2ceb68a1, org.springframework.security.web.access.ExceptionTranslationFilter@60a6840c, org.springframework.security.web.access.intercept.FilterSecurityInterceptor@4fc3529]
2023-04-29 19:58:51 [main] INFO  o.s.b.a.e.web.EndpointLinksResolver - Exposing 2 endpoint(s) beneath base path '/actuator'
2023-04-29 19:58:51 [main] INFO  o.s.b.a.e.web.EndpointLinksResolver - Exposing 2 endpoint(s) beneath base path '/actuator'
2023-04-29 19:58:51 [main] INFO  o.a.coyote.http11.Http11NioProtocol - Starting ProtocolHandler ["http-nio-8888"]
2023-04-29 19:58:51 [main] INFO  o.s.b.w.e.tomcat.TomcatWebServer - Tomcat started on port(s): 8888 (http) with context path ''
2023-04-29 19:58:51 [main] INFO  o.s.b.w.e.tomcat.TomcatWebServer - Tomcat started on port(s): 8888 (http) with context path ''
2023-04-29 19:58:51 [main] INFO  c.m.demo.config.server.ConfigServer - Started ConfigServer in 6.392 seconds (JVM running for 6.857)
2023-04-29 19:59:20 [http-nio-8888-exec-1] INFO  o.a.c.c.C.[Tomcat].[localhost].[/] - Initializing Spring DispatcherServlet 'dispatcherServlet'
2023-04-29 19:59:20 [http-nio-8888-exec-1] INFO  o.s.web.servlet.DispatcherServlet - Initializing Servlet 'dispatcherServlet'
2023-04-29 19:59:20 [http-nio-8888-exec-1] INFO  o.s.web.servlet.DispatcherServlet - Initializing Servlet 'dispatcherServlet'
2023-04-29 19:59:20 [http-nio-8888-exec-1] INFO  o.s.web.servlet.DispatcherServlet - Completed initialization in 6 ms
2023-04-29 19:59:20 [http-nio-8888-exec-1] INFO  o.s.web.servlet.DispatcherServlet - Completed initialization in 6 ms
2023-04-29 19:59:20 [http-nio-8888-exec-1] WARN  o.a.c.util.SessionIdGeneratorBase - Creation of SecureRandom instance for session ID generation using [SHA1PRNG] took [265] milliseconds.
2023-04-29 19:59:21 [http-nio-8888-exec-1] INFO  o.s.c.c.s.e.NativeEnvironmentRepository - Adding property source: file:/C:/Users/Daiana/AppData/Local/Temp/config-repo-17600076429975350708/config-client-elastic_query_web.yml
2023-04-29 19:59:21 [http-nio-8888-exec-1] INFO  o.s.c.c.s.e.NativeEnvironmentRepository - Adding property source: file:/C:/Users/Daiana/AppData/Local/Temp/config-repo-17600076429975350708/config-client-elastic_query_web.yml
2023-04-29 19:59:21 [http-nio-8888-exec-1] INFO  o.s.c.c.s.e.NativeEnvironmentRepository - Adding property source: file:/C:/Users/Daiana/AppData/Local/Temp/config-repo-17600076429975350708/config-client.yml
2023-04-29 19:59:21 [http-nio-8888-exec-1] INFO  o.s.c.c.s.e.NativeEnvironmentRepository - Adding property source: file:/C:/Users/Daiana/AppData/Local/Temp/config-repo-17600076429975350708/config-client.yml
2023-04-29 20:01:47 [http-nio-8888-exec-6] INFO  o.s.c.c.s.e.EncryptionController - Decrypted cipher data
2023-04-29 20:01:47 [http-nio-8888-exec-6] INFO  o.s.c.c.s.e.EncryptionController - Decrypted cipher data
2023-04-29 20:10:42 [Thread-3] WARN  o.s.c.c.s.e.MultipleJGitEnvironmentRepository - Failed to delete temporary directory on exit: java.nio.file.AccessDeniedException: C:\Users\Daiana\AppData\Local\Temp\config-repo-17600076429975350708\.git\objects\pack\pack-a7adbce28b95c6f8d3ad574e75ba2f1357cc8597.idx
2023-04-29 20:10:42 [Thread-3] WARN  o.s.c.c.s.e.MultipleJGitEnvironmentRepository - Failed to delete temporary directory on exit: java.nio.file.AccessDeniedException: C:\Users\Daiana\AppData\Local\Temp\config-repo-17600076429975350708\.git\objects\pack\pack-a7adbce28b95c6f8d3ad574e75ba2f1357cc8597.idx
2023-04-29 20:10:42 [SpringContextShutdownHook] INFO  o.s.s.c.ThreadPoolTaskExecutor - Shutting down ExecutorService 'applicationTaskExecutor'
2023-04-29 20:10:42 [SpringContextShutdownHook] INFO  o.s.s.c.ThreadPoolTaskExecutor - Shutting down ExecutorService 'applicationTaskExecutor'
2023-04-29 20:17:58 [background-preinit] INFO  o.h.validator.internal.util.Version - HV000001: Hibernate Validator 6.1.5.Final
2023-04-29 20:17:58 [main] INFO  c.m.demo.config.server.ConfigServer - No active profile set, falling back to default profiles: default
2023-04-29 20:17:59 [main] INFO  o.s.cloud.context.scope.GenericScope - BeanFactory id=2a519873-3bf9-3410-9240-bed5bf7485b8
2023-04-29 20:17:59 [main] INFO  o.s.cloud.context.scope.GenericScope - BeanFactory id=2a519873-3bf9-3410-9240-bed5bf7485b8
2023-04-29 20:17:59 [main] INFO  o.s.b.w.e.tomcat.TomcatWebServer - Tomcat initialized with port(s): 8888 (http)
2023-04-29 20:17:59 [main] INFO  o.s.b.w.e.tomcat.TomcatWebServer - Tomcat initialized with port(s): 8888 (http)
2023-04-29 20:17:59 [main] INFO  o.a.coyote.http11.Http11NioProtocol - Initializing ProtocolHandler ["http-nio-8888"]
2023-04-29 20:17:59 [main] INFO  o.a.catalina.core.StandardService - Starting service [Tomcat]
2023-04-29 20:17:59 [main] INFO  o.a.catalina.core.StandardEngine - Starting Servlet engine: [Apache Tomcat/9.0.38]
2023-04-29 20:17:59 [main] INFO  o.a.c.c.C.[Tomcat].[localhost].[/] - Initializing Spring embedded WebApplicationContext
2023-04-29 20:17:59 [main] INFO  o.s.b.w.s.c.ServletWebServerApplicationContext - Root WebApplicationContext: initialization completed in 1113 ms
2023-04-29 20:17:59 [main] INFO  o.s.b.w.s.c.ServletWebServerApplicationContext - Root WebApplicationContext: initialization completed in 1113 ms
2023-04-29 20:18:00 [main] INFO  o.s.s.c.ThreadPoolTaskExecutor - Initializing ExecutorService 'applicationTaskExecutor'
2023-04-29 20:18:00 [main] INFO  o.s.s.c.ThreadPoolTaskExecutor - Initializing ExecutorService 'applicationTaskExecutor'
2023-04-29 20:18:01 [main] INFO  o.s.s.web.DefaultSecurityFilterChain - Creating filter chain: Ant [pattern='/encrypt/**'], []
2023-04-29 20:18:01 [main] INFO  o.s.s.web.DefaultSecurityFilterChain - Creating filter chain: Ant [pattern='/encrypt/**'], []
2023-04-29 20:18:01 [main] INFO  o.s.s.web.DefaultSecurityFilterChain - Creating filter chain: Ant [pattern='/decrypt/**'], []
2023-04-29 20:18:01 [main] INFO  o.s.s.web.DefaultSecurityFilterChain - Creating filter chain: Ant [pattern='/decrypt/**'], []
2023-04-29 20:18:01 [main] INFO  o.s.s.web.DefaultSecurityFilterChain - Creating filter chain: Ant [pattern='/actuator/**'], []
2023-04-29 20:18:01 [main] INFO  o.s.s.web.DefaultSecurityFilterChain - Creating filter chain: Ant [pattern='/actuator/**'], []
2023-04-29 20:18:01 [main] INFO  o.s.s.web.DefaultSecurityFilterChain - Creating filter chain: any request, [org.springframework.security.web.context.request.async.WebAsyncManagerIntegrationFilter@ca2be53, org.springframework.security.web.context.SecurityContextPersistenceFilter@69c33ea2, org.springframework.security.web.header.HeaderWriterFilter@1be3f8f8, org.springframework.security.web.csrf.CsrfFilter@646cb2e, org.springframework.security.web.authentication.logout.LogoutFilter@64665781, org.springframework.security.web.authentication.UsernamePasswordAuthenticationFilter@3221588e, org.springframework.security.web.authentication.ui.DefaultLoginPageGeneratingFilter@4fd37449, org.springframework.security.web.authentication.ui.DefaultLogoutPageGeneratingFilter@78f5cbc5, org.springframework.security.web.authentication.www.BasicAuthenticationFilter@37c87fcc, org.springframework.security.web.savedrequest.RequestCacheAwareFilter@2e3900dc, org.springframework.security.web.servletapi.SecurityContextHolderAwareRequestFilter@3006bfb, org.springframework.security.web.authentication.AnonymousAuthenticationFilter@70697478, org.springframework.security.web.session.SessionManagementFilter@2ceb68a1, org.springframework.security.web.access.ExceptionTranslationFilter@60a6840c, org.springframework.security.web.access.intercept.FilterSecurityInterceptor@4fc3529]
2023-04-29 20:18:01 [main] INFO  o.s.s.web.DefaultSecurityFilterChain - Creating filter chain: any request, [org.springframework.security.web.context.request.async.WebAsyncManagerIntegrationFilter@ca2be53, org.springframework.security.web.context.SecurityContextPersistenceFilter@69c33ea2, org.springframework.security.web.header.HeaderWriterFilter@1be3f8f8, org.springframework.security.web.csrf.CsrfFilter@646cb2e, org.springframework.security.web.authentication.logout.LogoutFilter@64665781, org.springframework.security.web.authentication.UsernamePasswordAuthenticationFilter@3221588e, org.springframework.security.web.authentication.ui.DefaultLoginPageGeneratingFilter@4fd37449, org.springframework.security.web.authentication.ui.DefaultLogoutPageGeneratingFilter@78f5cbc5, org.springframework.security.web.authentication.www.BasicAuthenticationFilter@37c87fcc, org.springframework.security.web.savedrequest.RequestCacheAwareFilter@2e3900dc, org.springframework.security.web.servletapi.SecurityContextHolderAwareRequestFilter@3006bfb, org.springframework.security.web.authentication.AnonymousAuthenticationFilter@70697478, org.springframework.security.web.session.SessionManagementFilter@2ceb68a1, org.springframework.security.web.access.ExceptionTranslationFilter@60a6840c, org.springframework.security.web.access.intercept.FilterSecurityInterceptor@4fc3529]
2023-04-29 20:18:02 [main] INFO  o.s.b.a.e.web.EndpointLinksResolver - Exposing 2 endpoint(s) beneath base path '/actuator'
2023-04-29 20:18:02 [main] INFO  o.s.b.a.e.web.EndpointLinksResolver - Exposing 2 endpoint(s) beneath base path '/actuator'
2023-04-29 20:18:02 [main] INFO  o.a.coyote.http11.Http11NioProtocol - Starting ProtocolHandler ["http-nio-8888"]
2023-04-29 20:18:02 [main] INFO  o.s.b.w.e.tomcat.TomcatWebServer - Tomcat started on port(s): 8888 (http) with context path ''
2023-04-29 20:18:02 [main] INFO  o.s.b.w.e.tomcat.TomcatWebServer - Tomcat started on port(s): 8888 (http) with context path ''
2023-04-29 20:18:02 [main] INFO  c.m.demo.config.server.ConfigServer - Started ConfigServer in 5.229 seconds (JVM running for 5.706)
2023-04-29 20:18:23 [http-nio-8888-exec-1] INFO  o.a.c.c.C.[Tomcat].[localhost].[/] - Initializing Spring DispatcherServlet 'dispatcherServlet'
2023-04-29 20:18:23 [http-nio-8888-exec-1] INFO  o.s.web.servlet.DispatcherServlet - Initializing Servlet 'dispatcherServlet'
2023-04-29 20:18:23 [http-nio-8888-exec-1] INFO  o.s.web.servlet.DispatcherServlet - Initializing Servlet 'dispatcherServlet'
2023-04-29 20:18:23 [http-nio-8888-exec-1] INFO  o.s.web.servlet.DispatcherServlet - Completed initialization in 5 ms
2023-04-29 20:18:23 [http-nio-8888-exec-1] INFO  o.s.web.servlet.DispatcherServlet - Completed initialization in 5 ms
2023-04-29 20:18:23 [http-nio-8888-exec-1] WARN  o.a.c.util.SessionIdGeneratorBase - Creation of SecureRandom instance for session ID generation using [SHA1PRNG] took [282] milliseconds.
2023-04-29 20:18:24 [http-nio-8888-exec-1] INFO  o.s.c.c.s.e.NativeEnvironmentRepository - Adding property source: file:/C:/Users/Daiana/AppData/Local/Temp/config-repo-1621416866605947843/config-client-elastic_query_web.yml
2023-04-29 20:18:24 [http-nio-8888-exec-1] INFO  o.s.c.c.s.e.NativeEnvironmentRepository - Adding property source: file:/C:/Users/Daiana/AppData/Local/Temp/config-repo-1621416866605947843/config-client-elastic_query_web.yml
2023-04-29 20:18:24 [http-nio-8888-exec-1] INFO  o.s.c.c.s.e.NativeEnvironmentRepository - Adding property source: file:/C:/Users/Daiana/AppData/Local/Temp/config-repo-1621416866605947843/config-client.yml
2023-04-29 20:18:24 [http-nio-8888-exec-1] INFO  o.s.c.c.s.e.NativeEnvironmentRepository - Adding property source: file:/C:/Users/Daiana/AppData/Local/Temp/config-repo-1621416866605947843/config-client.yml
2023-04-29 20:25:58 [http-nio-8888-exec-4] INFO  o.s.c.c.s.e.NativeEnvironmentRepository - Adding property source: file:/C:/Users/Daiana/AppData/Local/Temp/config-repo-1621416866605947843/config-client-elastic_query_web.yml
2023-04-29 20:25:58 [http-nio-8888-exec-4] INFO  o.s.c.c.s.e.NativeEnvironmentRepository - Adding property source: file:/C:/Users/Daiana/AppData/Local/Temp/config-repo-1621416866605947843/config-client-elastic_query_web.yml
2023-04-29 20:25:58 [http-nio-8888-exec-4] INFO  o.s.c.c.s.e.NativeEnvironmentRepository - Adding property source: file:/C:/Users/Daiana/AppData/Local/Temp/config-repo-1621416866605947843/config-client.yml
2023-04-29 20:25:58 [http-nio-8888-exec-4] INFO  o.s.c.c.s.e.NativeEnvironmentRepository - Adding property source: file:/C:/Users/Daiana/AppData/Local/Temp/config-repo-1621416866605947843/config-client.yml
2023-04-29 20:28:38 [Thread-3] WARN  o.s.c.c.s.e.MultipleJGitEnvironmentRepository - Failed to delete temporary directory on exit: java.nio.file.AccessDeniedException: C:\Users\Daiana\AppData\Local\Temp\config-repo-1621416866605947843\.git\objects\pack\pack-a7adbce28b95c6f8d3ad574e75ba2f1357cc8597.idx
2023-04-29 20:28:38 [Thread-3] WARN  o.s.c.c.s.e.MultipleJGitEnvironmentRepository - Failed to delete temporary directory on exit: java.nio.file.AccessDeniedException: C:\Users\Daiana\AppData\Local\Temp\config-repo-1621416866605947843\.git\objects\pack\pack-a7adbce28b95c6f8d3ad574e75ba2f1357cc8597.idx
2023-04-29 20:28:39 [SpringContextShutdownHook] INFO  o.s.s.c.ThreadPoolTaskExecutor - Shutting down ExecutorService 'applicationTaskExecutor'
2023-04-29 20:28:39 [SpringContextShutdownHook] INFO  o.s.s.c.ThreadPoolTaskExecutor - Shutting down ExecutorService 'applicationTaskExecutor'
2023-04-29 20:34:54 [background-preinit] INFO  o.h.validator.internal.util.Version - HV000001: Hibernate Validator 6.1.5.Final
2023-04-29 20:34:55 [main] INFO  c.m.demo.config.server.ConfigServer - No active profile set, falling back to default profiles: default
2023-04-29 20:34:56 [main] INFO  o.s.cloud.context.scope.GenericScope - BeanFactory id=2a519873-3bf9-3410-9240-bed5bf7485b8
2023-04-29 20:34:56 [main] INFO  o.s.cloud.context.scope.GenericScope - BeanFactory id=2a519873-3bf9-3410-9240-bed5bf7485b8
2023-04-29 20:34:56 [main] INFO  o.s.b.w.e.tomcat.TomcatWebServer - Tomcat initialized with port(s): 8888 (http)
2023-04-29 20:34:56 [main] INFO  o.s.b.w.e.tomcat.TomcatWebServer - Tomcat initialized with port(s): 8888 (http)
2023-04-29 20:34:56 [main] INFO  o.a.coyote.http11.Http11NioProtocol - Initializing ProtocolHandler ["http-nio-8888"]
2023-04-29 20:34:56 [main] INFO  o.a.catalina.core.StandardService - Starting service [Tomcat]
2023-04-29 20:34:56 [main] INFO  o.a.catalina.core.StandardEngine - Starting Servlet engine: [Apache Tomcat/9.0.38]
2023-04-29 20:34:56 [main] INFO  o.a.c.c.C.[Tomcat].[localhost].[/] - Initializing Spring embedded WebApplicationContext
2023-04-29 20:34:56 [main] INFO  o.s.b.w.s.c.ServletWebServerApplicationContext - Root WebApplicationContext: initialization completed in 1116 ms
2023-04-29 20:34:56 [main] INFO  o.s.b.w.s.c.ServletWebServerApplicationContext - Root WebApplicationContext: initialization completed in 1116 ms
2023-04-29 20:34:56 [main] INFO  o.s.s.c.ThreadPoolTaskExecutor - Initializing ExecutorService 'applicationTaskExecutor'
2023-04-29 20:34:56 [main] INFO  o.s.s.c.ThreadPoolTaskExecutor - Initializing ExecutorService 'applicationTaskExecutor'
2023-04-29 20:34:59 [main] INFO  o.s.s.web.DefaultSecurityFilterChain - Creating filter chain: Ant [pattern='/encrypt/**'], []
2023-04-29 20:34:59 [main] INFO  o.s.s.web.DefaultSecurityFilterChain - Creating filter chain: Ant [pattern='/encrypt/**'], []
2023-04-29 20:34:59 [main] INFO  o.s.s.web.DefaultSecurityFilterChain - Creating filter chain: Ant [pattern='/decrypt/**'], []
2023-04-29 20:34:59 [main] INFO  o.s.s.web.DefaultSecurityFilterChain - Creating filter chain: Ant [pattern='/decrypt/**'], []
2023-04-29 20:34:59 [main] INFO  o.s.s.web.DefaultSecurityFilterChain - Creating filter chain: Ant [pattern='/actuator/**'], []
2023-04-29 20:34:59 [main] INFO  o.s.s.web.DefaultSecurityFilterChain - Creating filter chain: Ant [pattern='/actuator/**'], []
2023-04-29 20:34:59 [main] INFO  o.s.s.web.DefaultSecurityFilterChain - Creating filter chain: any request, [org.springframework.security.web.context.request.async.WebAsyncManagerIntegrationFilter@ca2be53, org.springframework.security.web.context.SecurityContextPersistenceFilter@69c33ea2, org.springframework.security.web.header.HeaderWriterFilter@1be3f8f8, org.springframework.security.web.csrf.CsrfFilter@646cb2e, org.springframework.security.web.authentication.logout.LogoutFilter@64665781, org.springframework.security.web.authentication.UsernamePasswordAuthenticationFilter@3221588e, org.springframework.security.web.authentication.ui.DefaultLoginPageGeneratingFilter@4fd37449, org.springframework.security.web.authentication.ui.DefaultLogoutPageGeneratingFilter@78f5cbc5, org.springframework.security.web.authentication.www.BasicAuthenticationFilter@37c87fcc, org.springframework.security.web.savedrequest.RequestCacheAwareFilter@2e3900dc, org.springframework.security.web.servletapi.SecurityContextHolderAwareRequestFilter@3006bfb, org.springframework.security.web.authentication.AnonymousAuthenticationFilter@70697478, org.springframework.security.web.session.SessionManagementFilter@2ceb68a1, org.springframework.security.web.access.ExceptionTranslationFilter@60a6840c, org.springframework.security.web.access.intercept.FilterSecurityInterceptor@4fc3529]
2023-04-29 20:34:59 [main] INFO  o.s.s.web.DefaultSecurityFilterChain - Creating filter chain: any request, [org.springframework.security.web.context.request.async.WebAsyncManagerIntegrationFilter@ca2be53, org.springframework.security.web.context.SecurityContextPersistenceFilter@69c33ea2, org.springframework.security.web.header.HeaderWriterFilter@1be3f8f8, org.springframework.security.web.csrf.CsrfFilter@646cb2e, org.springframework.security.web.authentication.logout.LogoutFilter@64665781, org.springframework.security.web.authentication.UsernamePasswordAuthenticationFilter@3221588e, org.springframework.security.web.authentication.ui.DefaultLoginPageGeneratingFilter@4fd37449, org.springframework.security.web.authentication.ui.DefaultLogoutPageGeneratingFilter@78f5cbc5, org.springframework.security.web.authentication.www.BasicAuthenticationFilter@37c87fcc, org.springframework.security.web.savedrequest.RequestCacheAwareFilter@2e3900dc, org.springframework.security.web.servletapi.SecurityContextHolderAwareRequestFilter@3006bfb, org.springframework.security.web.authentication.AnonymousAuthenticationFilter@70697478, org.springframework.security.web.session.SessionManagementFilter@2ceb68a1, org.springframework.security.web.access.ExceptionTranslationFilter@60a6840c, org.springframework.security.web.access.intercept.FilterSecurityInterceptor@4fc3529]
2023-04-29 20:34:59 [main] INFO  o.s.b.a.e.web.EndpointLinksResolver - Exposing 2 endpoint(s) beneath base path '/actuator'
2023-04-29 20:34:59 [main] INFO  o.s.b.a.e.web.EndpointLinksResolver - Exposing 2 endpoint(s) beneath base path '/actuator'
2023-04-29 20:34:59 [main] INFO  o.a.coyote.http11.Http11NioProtocol - Starting ProtocolHandler ["http-nio-8888"]
2023-04-29 20:34:59 [main] INFO  o.s.b.w.e.tomcat.TomcatWebServer - Tomcat started on port(s): 8888 (http) with context path ''
2023-04-29 20:34:59 [main] INFO  o.s.b.w.e.tomcat.TomcatWebServer - Tomcat started on port(s): 8888 (http) with context path ''
2023-04-29 20:35:00 [main] INFO  c.m.demo.config.server.ConfigServer - Started ConfigServer in 6.29 seconds (JVM running for 6.754)
2023-04-29 20:36:07 [http-nio-8888-exec-1] INFO  o.a.c.c.C.[Tomcat].[localhost].[/] - Initializing Spring DispatcherServlet 'dispatcherServlet'
2023-04-29 20:36:07 [http-nio-8888-exec-1] INFO  o.s.web.servlet.DispatcherServlet - Initializing Servlet 'dispatcherServlet'
2023-04-29 20:36:07 [http-nio-8888-exec-1] INFO  o.s.web.servlet.DispatcherServlet - Initializing Servlet 'dispatcherServlet'
2023-04-29 20:36:07 [http-nio-8888-exec-1] INFO  o.s.web.servlet.DispatcherServlet - Completed initialization in 6 ms
2023-04-29 20:36:07 [http-nio-8888-exec-1] INFO  o.s.web.servlet.DispatcherServlet - Completed initialization in 6 ms
2023-04-29 20:36:08 [http-nio-8888-exec-1] WARN  o.a.c.util.SessionIdGeneratorBase - Creation of SecureRandom instance for session ID generation using [SHA1PRNG] took [288] milliseconds.
2023-04-29 20:36:09 [http-nio-8888-exec-1] INFO  o.s.c.c.s.e.NativeEnvironmentRepository - Adding property source: file:/C:/Users/Daiana/AppData/Local/Temp/config-repo-5419283704073779417/config-client-elastic_query_web.yml
2023-04-29 20:36:09 [http-nio-8888-exec-1] INFO  o.s.c.c.s.e.NativeEnvironmentRepository - Adding property source: file:/C:/Users/Daiana/AppData/Local/Temp/config-repo-5419283704073779417/config-client-elastic_query_web.yml
2023-04-29 20:36:09 [http-nio-8888-exec-1] INFO  o.s.c.c.s.e.NativeEnvironmentRepository - Adding property source: file:/C:/Users/Daiana/AppData/Local/Temp/config-repo-5419283704073779417/config-client.yml
2023-04-29 20:36:09 [http-nio-8888-exec-1] INFO  o.s.c.c.s.e.NativeEnvironmentRepository - Adding property source: file:/C:/Users/Daiana/AppData/Local/Temp/config-repo-5419283704073779417/config-client.yml
2023-04-29 20:38:04 [http-nio-8888-exec-3] INFO  o.s.c.c.s.e.NativeEnvironmentRepository - Adding property source: file:/C:/Users/Daiana/AppData/Local/Temp/config-repo-5419283704073779417/config-client-elastic_query_web.yml
2023-04-29 20:38:04 [http-nio-8888-exec-3] INFO  o.s.c.c.s.e.NativeEnvironmentRepository - Adding property source: file:/C:/Users/Daiana/AppData/Local/Temp/config-repo-5419283704073779417/config-client-elastic_query_web.yml
2023-04-29 20:38:04 [http-nio-8888-exec-3] INFO  o.s.c.c.s.e.NativeEnvironmentRepository - Adding property source: file:/C:/Users/Daiana/AppData/Local/Temp/config-repo-5419283704073779417/config-client.yml
2023-04-29 20:38:04 [http-nio-8888-exec-3] INFO  o.s.c.c.s.e.NativeEnvironmentRepository - Adding property source: file:/C:/Users/Daiana/AppData/Local/Temp/config-repo-5419283704073779417/config-client.yml
2023-04-29 20:40:18 [http-nio-8888-exec-9] INFO  o.s.c.c.s.e.NativeEnvironmentRepository - Adding property source: file:/C:/Users/Daiana/AppData/Local/Temp/config-repo-5419283704073779417/config-client-elastic_query_web.yml
2023-04-29 20:40:18 [http-nio-8888-exec-9] INFO  o.s.c.c.s.e.NativeEnvironmentRepository - Adding property source: file:/C:/Users/Daiana/AppData/Local/Temp/config-repo-5419283704073779417/config-client-elastic_query_web.yml
2023-04-29 20:40:18 [http-nio-8888-exec-9] INFO  o.s.c.c.s.e.NativeEnvironmentRepository - Adding property source: file:/C:/Users/Daiana/AppData/Local/Temp/config-repo-5419283704073779417/config-client.yml
2023-04-29 20:40:18 [http-nio-8888-exec-9] INFO  o.s.c.c.s.e.NativeEnvironmentRepository - Adding property source: file:/C:/Users/Daiana/AppData/Local/Temp/config-repo-5419283704073779417/config-client.yml
2023-04-29 20:45:12 [http-nio-8888-exec-7] INFO  o.s.c.c.s.e.NativeEnvironmentRepository - Adding property source: file:/C:/Users/Daiana/AppData/Local/Temp/config-repo-5419283704073779417/config-client-elastic_query_web.yml
2023-04-29 20:45:12 [http-nio-8888-exec-7] INFO  o.s.c.c.s.e.NativeEnvironmentRepository - Adding property source: file:/C:/Users/Daiana/AppData/Local/Temp/config-repo-5419283704073779417/config-client-elastic_query_web.yml
2023-04-29 20:45:12 [http-nio-8888-exec-7] INFO  o.s.c.c.s.e.NativeEnvironmentRepository - Adding property source: file:/C:/Users/Daiana/AppData/Local/Temp/config-repo-5419283704073779417/config-client.yml
2023-04-29 20:45:12 [http-nio-8888-exec-7] INFO  o.s.c.c.s.e.NativeEnvironmentRepository - Adding property source: file:/C:/Users/Daiana/AppData/Local/Temp/config-repo-5419283704073779417/config-client.yml
2023-04-29 20:46:26 [Thread-3] WARN  o.s.c.c.s.e.MultipleJGitEnvironmentRepository - Failed to delete temporary directory on exit: java.nio.file.AccessDeniedException: C:\Users\Daiana\AppData\Local\Temp\config-repo-5419283704073779417\.git\objects\pack\pack-a7adbce28b95c6f8d3ad574e75ba2f1357cc8597.idx
2023-04-29 20:46:26 [Thread-3] WARN  o.s.c.c.s.e.MultipleJGitEnvironmentRepository - Failed to delete temporary directory on exit: java.nio.file.AccessDeniedException: C:\Users\Daiana\AppData\Local\Temp\config-repo-5419283704073779417\.git\objects\pack\pack-a7adbce28b95c6f8d3ad574e75ba2f1357cc8597.idx
2023-04-29 20:46:27 [SpringContextShutdownHook] INFO  o.s.s.c.ThreadPoolTaskExecutor - Shutting down ExecutorService 'applicationTaskExecutor'
2023-04-29 20:46:27 [SpringContextShutdownHook] INFO  o.s.s.c.ThreadPoolTaskExecutor - Shutting down ExecutorService 'applicationTaskExecutor'
