2023-04-09 11:19:54 [background-preinit] INFO  o.h.validator.internal.util.Version - HV000001: Hibernate Validator 6.1.5.Final
2023-04-09 11:19:55 [main] INFO  c.m.demo.config.server.ConfigServer - No active profile set, falling back to default profiles: default
2023-04-09 11:19:56 [main] INFO  o.s.cloud.context.scope.GenericScope - BeanFactory id=2a519873-3bf9-3410-9240-bed5bf7485b8
2023-04-09 11:19:57 [main] INFO  o.s.b.w.e.tomcat.TomcatWebServer - Tomcat initialized with port(s): 8888 (http)
2023-04-09 11:19:57 [main] INFO  o.a.coyote.http11.Http11NioProtocol - Initializing ProtocolHandler ["http-nio-8888"]
2023-04-09 11:19:57 [main] INFO  o.a.catalina.core.StandardService - Starting service [Tomcat]
2023-04-09 11:19:57 [main] INFO  o.a.catalina.core.StandardEngine - Starting Servlet engine: [Apache Tomcat/9.0.38]
2023-04-09 11:19:57 [main] INFO  o.a.c.c.C.[Tomcat].[localhost].[/] - Initializing Spring embedded WebApplicationContext
2023-04-09 11:19:57 [main] INFO  o.s.b.w.s.c.ServletWebServerApplicationContext - Root WebApplicationContext: initialization completed in 1948 ms
2023-04-09 11:19:57 [main] INFO  o.s.s.c.ThreadPoolTaskExecutor - Initializing ExecutorService 'applicationTaskExecutor'
2023-04-09 11:20:02 [main] INFO  o.s.s.web.DefaultSecurityFilterChain - Creating filter chain: Ant [pattern='/encrypt/**'], []
2023-04-09 11:20:02 [main] INFO  o.s.s.web.DefaultSecurityFilterChain - Creating filter chain: Ant [pattern='/decrypt/**'], []
2023-04-09 11:20:02 [main] INFO  o.s.s.web.DefaultSecurityFilterChain - Creating filter chain: Ant [pattern='/actuator/**'], []
2023-04-09 11:20:02 [main] INFO  o.s.s.web.DefaultSecurityFilterChain - Creating filter chain: any request, [org.springframework.security.web.context.request.async.WebAsyncManagerIntegrationFilter@2a984952, org.springframework.security.web.context.SecurityContextPersistenceFilter@2f8f40cc, org.springframework.security.web.header.HeaderWriterFilter@87220f1, org.springframework.security.web.csrf.CsrfFilter@56b751b1, org.springframework.security.web.authentication.logout.LogoutFilter@adc3344, org.springframework.security.web.authentication.UsernamePasswordAuthenticationFilter@731e0bff, org.springframework.security.web.authentication.ui.DefaultLoginPageGeneratingFilter@7d3bcd3, org.springframework.security.web.authentication.ui.DefaultLogoutPageGeneratingFilter@16944b58, org.springframework.security.web.authentication.www.BasicAuthenticationFilter@5d74507c, org.springframework.security.web.savedrequest.RequestCacheAwareFilter@5dd3727c, org.springframework.security.web.servletapi.SecurityContextHolderAwareRequestFilter@702cfbde, org.springframework.security.web.authentication.AnonymousAuthenticationFilter@1dbc607d, org.springframework.security.web.session.SessionManagementFilter@252d8df6, org.springframework.security.web.access.ExceptionTranslationFilter@37fca349, org.springframework.security.web.access.intercept.FilterSecurityInterceptor@549d14fe]
2023-04-09 11:20:02 [main] INFO  o.s.b.a.e.web.EndpointLinksResolver - Exposing 2 endpoint(s) beneath base path '/actuator'
2023-04-09 11:20:02 [main] INFO  o.a.coyote.http11.Http11NioProtocol - Starting ProtocolHandler ["http-nio-8888"]
2023-04-09 11:20:03 [main] INFO  o.s.b.w.e.tomcat.TomcatWebServer - Tomcat started on port(s): 8888 (http) with context path ''
2023-04-09 11:20:03 [main] INFO  c.m.demo.config.server.ConfigServer - Started ConfigServer in 9.729 seconds (JVM running for 10.481)
2023-04-09 11:20:34 [http-nio-8888-exec-1] INFO  o.a.c.c.C.[Tomcat].[localhost].[/] - Initializing Spring DispatcherServlet 'dispatcherServlet'
2023-04-09 11:20:34 [http-nio-8888-exec-1] INFO  o.s.web.servlet.DispatcherServlet - Initializing Servlet 'dispatcherServlet'
2023-04-09 11:20:34 [http-nio-8888-exec-1] INFO  o.s.web.servlet.DispatcherServlet - Completed initialization in 8 ms
2023-04-09 11:20:38 [http-nio-8888-exec-2] INFO  o.s.c.c.s.e.NativeEnvironmentRepository - Adding property source: file:/tmp/config-repo-13979734854345338598/config-client-twitter_to_kafka.yml
2023-04-09 11:20:38 [http-nio-8888-exec-2] INFO  o.s.c.c.s.e.NativeEnvironmentRepository - Adding property source: file:/tmp/config-repo-13979734854345338598/config-client.yml
2023-04-09 11:23:05 [SpringContextShutdownHook] INFO  o.s.s.c.ThreadPoolTaskExecutor - Shutting down ExecutorService 'applicationTaskExecutor'
2023-04-09 11:39:14 [background-preinit] INFO  o.h.validator.internal.util.Version - HV000001: Hibernate Validator 6.1.5.Final
2023-04-09 11:39:15 [main] INFO  c.m.demo.config.server.ConfigServer - No active profile set, falling back to default profiles: default
2023-04-09 11:39:16 [main] INFO  o.s.cloud.context.scope.GenericScope - BeanFactory id=2a519873-3bf9-3410-9240-bed5bf7485b8
2023-04-09 11:39:16 [main] INFO  o.s.b.w.e.tomcat.TomcatWebServer - Tomcat initialized with port(s): 8888 (http)
2023-04-09 11:39:16 [main] INFO  o.a.coyote.http11.Http11NioProtocol - Initializing ProtocolHandler ["http-nio-8888"]
2023-04-09 11:39:16 [main] INFO  o.a.catalina.core.StandardService - Starting service [Tomcat]
2023-04-09 11:39:16 [main] INFO  o.a.catalina.core.StandardEngine - Starting Servlet engine: [Apache Tomcat/9.0.38]
2023-04-09 11:39:16 [main] INFO  o.a.c.c.C.[Tomcat].[localhost].[/] - Initializing Spring embedded WebApplicationContext
2023-04-09 11:39:16 [main] INFO  o.s.b.w.s.c.ServletWebServerApplicationContext - Root WebApplicationContext: initialization completed in 1763 ms
2023-04-09 11:39:17 [main] INFO  o.s.s.c.ThreadPoolTaskExecutor - Initializing ExecutorService 'applicationTaskExecutor'
2023-04-09 11:39:22 [main] INFO  o.s.s.web.DefaultSecurityFilterChain - Creating filter chain: Ant [pattern='/encrypt/**'], []
2023-04-09 11:39:22 [main] INFO  o.s.s.web.DefaultSecurityFilterChain - Creating filter chain: Ant [pattern='/decrypt/**'], []
2023-04-09 11:39:22 [main] INFO  o.s.s.web.DefaultSecurityFilterChain - Creating filter chain: Ant [pattern='/actuator/**'], []
2023-04-09 11:39:22 [main] INFO  o.s.s.web.DefaultSecurityFilterChain - Creating filter chain: any request, [org.springframework.security.web.context.request.async.WebAsyncManagerIntegrationFilter@2a984952, org.springframework.security.web.context.SecurityContextPersistenceFilter@2f8f40cc, org.springframework.security.web.header.HeaderWriterFilter@87220f1, org.springframework.security.web.csrf.CsrfFilter@56b751b1, org.springframework.security.web.authentication.logout.LogoutFilter@adc3344, org.springframework.security.web.authentication.UsernamePasswordAuthenticationFilter@731e0bff, org.springframework.security.web.authentication.ui.DefaultLoginPageGeneratingFilter@7d3bcd3, org.springframework.security.web.authentication.ui.DefaultLogoutPageGeneratingFilter@16944b58, org.springframework.security.web.authentication.www.BasicAuthenticationFilter@5d74507c, org.springframework.security.web.savedrequest.RequestCacheAwareFilter@5dd3727c, org.springframework.security.web.servletapi.SecurityContextHolderAwareRequestFilter@702cfbde, org.springframework.security.web.authentication.AnonymousAuthenticationFilter@1dbc607d, org.springframework.security.web.session.SessionManagementFilter@252d8df6, org.springframework.security.web.access.ExceptionTranslationFilter@37fca349, org.springframework.security.web.access.intercept.FilterSecurityInterceptor@549d14fe]
2023-04-09 11:39:23 [main] INFO  o.s.b.a.e.web.EndpointLinksResolver - Exposing 2 endpoint(s) beneath base path '/actuator'
2023-04-09 11:39:23 [main] INFO  o.a.coyote.http11.Http11NioProtocol - Starting ProtocolHandler ["http-nio-8888"]
2023-04-09 11:39:23 [main] INFO  o.s.b.w.e.tomcat.TomcatWebServer - Tomcat started on port(s): 8888 (http) with context path ''
2023-04-09 11:39:23 [main] INFO  c.m.demo.config.server.ConfigServer - Started ConfigServer in 9.954 seconds (JVM running for 10.666)
2023-04-09 11:40:08 [http-nio-8888-exec-1] INFO  o.a.c.c.C.[Tomcat].[localhost].[/] - Initializing Spring DispatcherServlet 'dispatcherServlet'
2023-04-09 11:40:08 [http-nio-8888-exec-1] INFO  o.s.web.servlet.DispatcherServlet - Initializing Servlet 'dispatcherServlet'
2023-04-09 11:40:08 [http-nio-8888-exec-1] INFO  o.s.web.servlet.DispatcherServlet - Completed initialization in 10 ms
2023-04-09 11:40:11 [http-nio-8888-exec-2] INFO  o.s.c.c.s.e.NativeEnvironmentRepository - Adding property source: file:/tmp/config-repo-714546134683373639/config-client-twitter_to_kafka.yml
2023-04-09 11:40:11 [http-nio-8888-exec-2] INFO  o.s.c.c.s.e.NativeEnvironmentRepository - Adding property source: file:/tmp/config-repo-714546134683373639/config-client.yml
2023-04-09 11:45:54 [http-nio-8888-exec-4] INFO  o.s.c.c.s.e.NativeEnvironmentRepository - Adding property source: file:/tmp/config-repo-714546134683373639/config-client-kafka_to_elastic.yml
2023-04-09 11:45:54 [http-nio-8888-exec-4] INFO  o.s.c.c.s.e.NativeEnvironmentRepository - Adding property source: file:/tmp/config-repo-714546134683373639/config-client.yml
2023-04-09 11:54:42 [SpringContextShutdownHook] INFO  o.s.s.c.ThreadPoolTaskExecutor - Shutting down ExecutorService 'applicationTaskExecutor'
2023-04-09 12:33:03 [background-preinit] INFO  o.h.validator.internal.util.Version - HV000001: Hibernate Validator 6.1.5.Final
2023-04-09 12:33:05 [main] INFO  c.m.demo.config.server.ConfigServer - No active profile set, falling back to default profiles: default
2023-04-09 12:33:06 [main] INFO  o.s.cloud.context.scope.GenericScope - BeanFactory id=2a519873-3bf9-3410-9240-bed5bf7485b8
2023-04-09 12:33:07 [main] INFO  o.s.b.w.e.tomcat.TomcatWebServer - Tomcat initialized with port(s): 8888 (http)
2023-04-09 12:33:07 [main] INFO  o.a.coyote.http11.Http11NioProtocol - Initializing ProtocolHandler ["http-nio-8888"]
2023-04-09 12:33:07 [main] INFO  o.a.catalina.core.StandardService - Starting service [Tomcat]
2023-04-09 12:33:07 [main] INFO  o.a.catalina.core.StandardEngine - Starting Servlet engine: [Apache Tomcat/9.0.38]
2023-04-09 12:33:07 [main] INFO  o.a.c.c.C.[Tomcat].[localhost].[/] - Initializing Spring embedded WebApplicationContext
2023-04-09 12:33:07 [main] INFO  o.s.b.w.s.c.ServletWebServerApplicationContext - Root WebApplicationContext: initialization completed in 2044 ms
2023-04-09 12:33:08 [main] INFO  o.s.s.c.ThreadPoolTaskExecutor - Initializing ExecutorService 'applicationTaskExecutor'
2023-04-09 12:33:12 [main] INFO  o.s.s.web.DefaultSecurityFilterChain - Creating filter chain: Ant [pattern='/encrypt/**'], []
2023-04-09 12:33:12 [main] INFO  o.s.s.web.DefaultSecurityFilterChain - Creating filter chain: Ant [pattern='/decrypt/**'], []
2023-04-09 12:33:12 [main] INFO  o.s.s.web.DefaultSecurityFilterChain - Creating filter chain: Ant [pattern='/actuator/**'], []
2023-04-09 12:33:13 [main] INFO  o.s.s.web.DefaultSecurityFilterChain - Creating filter chain: any request, [org.springframework.security.web.context.request.async.WebAsyncManagerIntegrationFilter@5d74507c, org.springframework.security.web.context.SecurityContextPersistenceFilter@36638b59, org.springframework.security.web.header.HeaderWriterFilter@86377d5, org.springframework.security.web.csrf.CsrfFilter@3c3cd13a, org.springframework.security.web.authentication.logout.LogoutFilter@3eb0fd88, org.springframework.security.web.authentication.UsernamePasswordAuthenticationFilter@2e44cb34, org.springframework.security.web.authentication.ui.DefaultLoginPageGeneratingFilter@702cfbde, org.springframework.security.web.authentication.ui.DefaultLogoutPageGeneratingFilter@2a984952, org.springframework.security.web.authentication.www.BasicAuthenticationFilter@c30f26d, org.springframework.security.web.savedrequest.RequestCacheAwareFilter@14d81f2c, org.springframework.security.web.servletapi.SecurityContextHolderAwareRequestFilter@391dfe7c, org.springframework.security.web.authentication.AnonymousAuthenticationFilter@16944b58, org.springframework.security.web.session.SessionManagementFilter@77998ea7, org.springframework.security.web.access.ExceptionTranslationFilter@68f2363, org.springframework.security.web.access.intercept.FilterSecurityInterceptor@5600a278]
2023-04-09 12:33:13 [main] INFO  o.s.b.a.e.web.EndpointLinksResolver - Exposing 2 endpoint(s) beneath base path '/actuator'
2023-04-09 12:33:13 [main] INFO  o.a.coyote.http11.Http11NioProtocol - Starting ProtocolHandler ["http-nio-8888"]
2023-04-09 12:33:13 [main] INFO  o.s.b.w.e.tomcat.TomcatWebServer - Tomcat started on port(s): 8888 (http) with context path ''
2023-04-09 12:33:13 [main] INFO  c.m.demo.config.server.ConfigServer - Started ConfigServer in 10.33 seconds (JVM running for 11.076)
2023-04-09 12:33:26 [http-nio-8888-exec-1] INFO  o.a.c.c.C.[Tomcat].[localhost].[/] - Initializing Spring DispatcherServlet 'dispatcherServlet'
2023-04-09 12:33:26 [http-nio-8888-exec-1] INFO  o.s.web.servlet.DispatcherServlet - Initializing Servlet 'dispatcherServlet'
2023-04-09 12:33:26 [http-nio-8888-exec-1] INFO  o.s.web.servlet.DispatcherServlet - Completed initialization in 8 ms
2023-04-09 12:33:29 [http-nio-8888-exec-2] INFO  o.s.c.c.s.e.NativeEnvironmentRepository - Adding property source: file:/tmp/config-repo-3441807379218089953/config-client-twitter_to_kafka.yml
2023-04-09 12:33:29 [http-nio-8888-exec-2] INFO  o.s.c.c.s.e.NativeEnvironmentRepository - Adding property source: file:/tmp/config-repo-3441807379218089953/config-client.yml
2023-04-09 12:34:56 [http-nio-8888-exec-4] INFO  o.s.c.c.s.e.NativeEnvironmentRepository - Adding property source: file:/tmp/config-repo-3441807379218089953/config-client-kafka_to_elastic.yml
2023-04-09 12:34:56 [http-nio-8888-exec-4] INFO  o.s.c.c.s.e.NativeEnvironmentRepository - Adding property source: file:/tmp/config-repo-3441807379218089953/config-client.yml
2023-04-09 12:35:50 [SpringContextShutdownHook] INFO  o.s.s.c.ThreadPoolTaskExecutor - Shutting down ExecutorService 'applicationTaskExecutor'
2023-04-09 13:09:43 [background-preinit] INFO  o.h.validator.internal.util.Version - HV000001: Hibernate Validator 6.1.5.Final
2023-04-09 13:09:44 [main] INFO  c.m.demo.config.server.ConfigServer - No active profile set, falling back to default profiles: default
2023-04-09 13:09:46 [main] INFO  o.s.cloud.context.scope.GenericScope - BeanFactory id=2a519873-3bf9-3410-9240-bed5bf7485b8
2023-04-09 13:09:46 [main] INFO  o.s.b.w.e.tomcat.TomcatWebServer - Tomcat initialized with port(s): 8888 (http)
2023-04-09 13:09:46 [main] INFO  o.a.coyote.http11.Http11NioProtocol - Initializing ProtocolHandler ["http-nio-8888"]
2023-04-09 13:09:46 [main] INFO  o.a.catalina.core.StandardService - Starting service [Tomcat]
2023-04-09 13:09:46 [main] INFO  o.a.catalina.core.StandardEngine - Starting Servlet engine: [Apache Tomcat/9.0.38]
2023-04-09 13:09:46 [main] INFO  o.a.c.c.C.[Tomcat].[localhost].[/] - Initializing Spring embedded WebApplicationContext
2023-04-09 13:09:46 [main] INFO  o.s.b.w.s.c.ServletWebServerApplicationContext - Root WebApplicationContext: initialization completed in 2113 ms
2023-04-09 13:09:47 [main] INFO  o.s.s.c.ThreadPoolTaskExecutor - Initializing ExecutorService 'applicationTaskExecutor'
2023-04-09 13:09:53 [main] INFO  o.s.s.web.DefaultSecurityFilterChain - Creating filter chain: Ant [pattern='/encrypt/**'], []
2023-04-09 13:09:53 [main] INFO  o.s.s.web.DefaultSecurityFilterChain - Creating filter chain: Ant [pattern='/decrypt/**'], []
2023-04-09 13:09:53 [main] INFO  o.s.s.web.DefaultSecurityFilterChain - Creating filter chain: Ant [pattern='/actuator/**'], []
2023-04-09 13:09:53 [main] INFO  o.s.s.web.DefaultSecurityFilterChain - Creating filter chain: any request, [org.springframework.security.web.context.request.async.WebAsyncManagerIntegrationFilter@5d74507c, org.springframework.security.web.context.SecurityContextPersistenceFilter@36638b59, org.springframework.security.web.header.HeaderWriterFilter@86377d5, org.springframework.security.web.csrf.CsrfFilter@3c3cd13a, org.springframework.security.web.authentication.logout.LogoutFilter@3eb0fd88, org.springframework.security.web.authentication.UsernamePasswordAuthenticationFilter@2e44cb34, org.springframework.security.web.authentication.ui.DefaultLoginPageGeneratingFilter@702cfbde, org.springframework.security.web.authentication.ui.DefaultLogoutPageGeneratingFilter@2a984952, org.springframework.security.web.authentication.www.BasicAuthenticationFilter@c30f26d, org.springframework.security.web.savedrequest.RequestCacheAwareFilter@14d81f2c, org.springframework.security.web.servletapi.SecurityContextHolderAwareRequestFilter@391dfe7c, org.springframework.security.web.authentication.AnonymousAuthenticationFilter@16944b58, org.springframework.security.web.session.SessionManagementFilter@77998ea7, org.springframework.security.web.access.ExceptionTranslationFilter@68f2363, org.springframework.security.web.access.intercept.FilterSecurityInterceptor@5600a278]
2023-04-09 13:09:54 [main] INFO  o.s.b.a.e.web.EndpointLinksResolver - Exposing 2 endpoint(s) beneath base path '/actuator'
2023-04-09 13:09:54 [main] INFO  o.a.coyote.http11.Http11NioProtocol - Starting ProtocolHandler ["http-nio-8888"]
2023-04-09 13:09:54 [main] INFO  o.s.b.w.e.tomcat.TomcatWebServer - Tomcat started on port(s): 8888 (http) with context path ''
2023-04-09 13:09:54 [main] INFO  c.m.demo.config.server.ConfigServer - Started ConfigServer in 11.137 seconds (JVM running for 11.816)
2023-04-09 13:10:05 [http-nio-8888-exec-1] INFO  o.a.c.c.C.[Tomcat].[localhost].[/] - Initializing Spring DispatcherServlet 'dispatcherServlet'
2023-04-09 13:10:05 [http-nio-8888-exec-1] INFO  o.s.web.servlet.DispatcherServlet - Initializing Servlet 'dispatcherServlet'
2023-04-09 13:10:05 [http-nio-8888-exec-1] INFO  o.s.web.servlet.DispatcherServlet - Completed initialization in 8 ms
2023-04-09 13:10:08 [http-nio-8888-exec-2] INFO  o.s.c.c.s.e.NativeEnvironmentRepository - Adding property source: file:/tmp/config-repo-8055318846001514369/config-client-twitter_to_kafka.yml
2023-04-09 13:10:08 [http-nio-8888-exec-2] INFO  o.s.c.c.s.e.NativeEnvironmentRepository - Adding property source: file:/tmp/config-repo-8055318846001514369/config-client.yml
2023-04-09 13:15:09 [http-nio-8888-exec-4] INFO  o.s.c.c.s.e.NativeEnvironmentRepository - Adding property source: file:/tmp/config-repo-8055318846001514369/config-client-kafka_to_elastic.yml
2023-04-09 13:15:09 [http-nio-8888-exec-4] INFO  o.s.c.c.s.e.NativeEnvironmentRepository - Adding property source: file:/tmp/config-repo-8055318846001514369/config-client.yml
2023-04-09 13:32:00 [http-nio-8888-exec-6] INFO  o.s.c.c.s.e.NativeEnvironmentRepository - Adding property source: file:/tmp/config-repo-8055318846001514369/config-client-kafka_to_elastic.yml
2023-04-09 13:32:00 [http-nio-8888-exec-6] INFO  o.s.c.c.s.e.NativeEnvironmentRepository - Adding property source: file:/tmp/config-repo-8055318846001514369/config-client.yml
2023-04-09 13:35:38 [http-nio-8888-exec-8] INFO  o.s.c.c.s.e.NativeEnvironmentRepository - Adding property source: file:/tmp/config-repo-8055318846001514369/config-client-kafka_to_elastic.yml
2023-04-09 13:35:38 [http-nio-8888-exec-8] INFO  o.s.c.c.s.e.NativeEnvironmentRepository - Adding property source: file:/tmp/config-repo-8055318846001514369/config-client.yml
2023-04-09 13:40:25 [http-nio-8888-exec-10] INFO  o.s.c.c.s.e.MultipleJGitEnvironmentRepository - Fetched for remote master and found 1 updates
2023-04-09 13:40:25 [http-nio-8888-exec-10] INFO  o.s.c.c.s.e.NativeEnvironmentRepository - Adding property source: file:/tmp/config-repo-8055318846001514369/config-client-kafka_to_elastic.yml
2023-04-09 13:40:25 [http-nio-8888-exec-10] INFO  o.s.c.c.s.e.NativeEnvironmentRepository - Adding property source: file:/tmp/config-repo-8055318846001514369/config-client.yml
2023-04-09 13:48:38 [http-nio-8888-exec-2] INFO  o.s.c.c.s.e.MultipleJGitEnvironmentRepository - Fetched for remote master and found 1 updates
2023-04-09 13:48:38 [http-nio-8888-exec-2] INFO  o.s.c.c.s.e.NativeEnvironmentRepository - Adding property source: file:/tmp/config-repo-8055318846001514369/config-client-kafka_to_elastic.yml
2023-04-09 13:48:38 [http-nio-8888-exec-2] INFO  o.s.c.c.s.e.NativeEnvironmentRepository - Adding property source: file:/tmp/config-repo-8055318846001514369/config-client.yml
2023-04-13 10:41:30 [background-preinit] INFO  o.h.validator.internal.util.Version - HV000001: Hibernate Validator 6.1.5.Final
2023-04-13 10:41:32 [main] INFO  c.m.demo.config.server.ConfigServer - No active profile set, falling back to default profiles: default
2023-04-13 10:41:36 [main] INFO  o.s.cloud.context.scope.GenericScope - BeanFactory id=2a519873-3bf9-3410-9240-bed5bf7485b8
2023-04-13 10:41:37 [main] INFO  o.s.b.w.e.tomcat.TomcatWebServer - Tomcat initialized with port(s): 8888 (http)
2023-04-13 10:41:37 [main] INFO  o.a.coyote.http11.Http11NioProtocol - Initializing ProtocolHandler ["http-nio-8888"]
2023-04-13 10:41:37 [main] INFO  o.a.catalina.core.StandardService - Starting service [Tomcat]
2023-04-13 10:41:37 [main] INFO  o.a.catalina.core.StandardEngine - Starting Servlet engine: [Apache Tomcat/9.0.38]
2023-04-13 10:41:37 [main] INFO  o.a.c.c.C.[Tomcat].[localhost].[/] - Initializing Spring embedded WebApplicationContext
2023-04-13 10:41:37 [main] INFO  o.s.b.w.s.c.ServletWebServerApplicationContext - Root WebApplicationContext: initialization completed in 4816 ms
2023-04-13 10:41:39 [main] INFO  o.s.s.c.ThreadPoolTaskExecutor - Initializing ExecutorService 'applicationTaskExecutor'
2023-04-13 10:41:45 [main] INFO  o.s.s.web.DefaultSecurityFilterChain - Creating filter chain: Ant [pattern='/encrypt/**'], []
2023-04-13 10:41:45 [main] INFO  o.s.s.web.DefaultSecurityFilterChain - Creating filter chain: Ant [pattern='/decrypt/**'], []
2023-04-13 10:41:45 [main] INFO  o.s.s.web.DefaultSecurityFilterChain - Creating filter chain: Ant [pattern='/actuator/**'], []
2023-04-13 10:41:45 [main] INFO  o.s.s.web.DefaultSecurityFilterChain - Creating filter chain: any request, [org.springframework.security.web.context.request.async.WebAsyncManagerIntegrationFilter@2a984952, org.springframework.security.web.context.SecurityContextPersistenceFilter@2f8f40cc, org.springframework.security.web.header.HeaderWriterFilter@87220f1, org.springframework.security.web.csrf.CsrfFilter@56b751b1, org.springframework.security.web.authentication.logout.LogoutFilter@adc3344, org.springframework.security.web.authentication.UsernamePasswordAuthenticationFilter@731e0bff, org.springframework.security.web.authentication.ui.DefaultLoginPageGeneratingFilter@7d3bcd3, org.springframework.security.web.authentication.ui.DefaultLogoutPageGeneratingFilter@16944b58, org.springframework.security.web.authentication.www.BasicAuthenticationFilter@5d74507c, org.springframework.security.web.savedrequest.RequestCacheAwareFilter@5dd3727c, org.springframework.security.web.servletapi.SecurityContextHolderAwareRequestFilter@702cfbde, org.springframework.security.web.authentication.AnonymousAuthenticationFilter@1dbc607d, org.springframework.security.web.session.SessionManagementFilter@252d8df6, org.springframework.security.web.access.ExceptionTranslationFilter@37fca349, org.springframework.security.web.access.intercept.FilterSecurityInterceptor@549d14fe]
2023-04-13 10:41:46 [main] INFO  o.s.b.a.e.web.EndpointLinksResolver - Exposing 2 endpoint(s) beneath base path '/actuator'
2023-04-13 10:41:46 [main] INFO  o.a.coyote.http11.Http11NioProtocol - Starting ProtocolHandler ["http-nio-8888"]
2023-04-13 10:41:46 [main] INFO  o.s.b.w.e.tomcat.TomcatWebServer - Tomcat started on port(s): 8888 (http) with context path ''
2023-04-13 10:41:46 [main] INFO  c.m.demo.config.server.ConfigServer - Started ConfigServer in 17.56 seconds (JVM running for 18.89)
2023-04-13 10:43:15 [SpringContextShutdownHook] INFO  o.s.s.c.ThreadPoolTaskExecutor - Shutting down ExecutorService 'applicationTaskExecutor'
2023-04-13 10:51:20 [background-preinit] INFO  o.h.validator.internal.util.Version - HV000001: Hibernate Validator 6.1.5.Final
2023-04-13 10:51:23 [main] INFO  c.m.demo.config.server.ConfigServer - No active profile set, falling back to default profiles: default
2023-04-13 10:51:27 [main] INFO  o.s.cloud.context.scope.GenericScope - BeanFactory id=2a519873-3bf9-3410-9240-bed5bf7485b8
2023-04-13 10:51:28 [main] INFO  o.s.b.w.e.tomcat.TomcatWebServer - Tomcat initialized with port(s): 8888 (http)
2023-04-13 10:51:28 [main] INFO  o.a.coyote.http11.Http11NioProtocol - Initializing ProtocolHandler ["http-nio-8888"]
2023-04-13 10:51:28 [main] INFO  o.a.catalina.core.StandardService - Starting service [Tomcat]
2023-04-13 10:51:28 [main] INFO  o.a.catalina.core.StandardEngine - Starting Servlet engine: [Apache Tomcat/9.0.38]
2023-04-13 10:51:29 [main] INFO  o.a.c.c.C.[Tomcat].[localhost].[/] - Initializing Spring embedded WebApplicationContext
2023-04-13 10:51:29 [main] INFO  o.s.b.w.s.c.ServletWebServerApplicationContext - Root WebApplicationContext: initialization completed in 5663 ms
2023-04-13 10:51:31 [main] INFO  o.s.s.c.ThreadPoolTaskExecutor - Initializing ExecutorService 'applicationTaskExecutor'
2023-04-13 10:51:39 [main] INFO  o.s.s.web.DefaultSecurityFilterChain - Creating filter chain: Ant [pattern='/encrypt/**'], []
2023-04-13 10:51:39 [main] INFO  o.s.s.web.DefaultSecurityFilterChain - Creating filter chain: Ant [pattern='/decrypt/**'], []
2023-04-13 10:51:39 [main] INFO  o.s.s.web.DefaultSecurityFilterChain - Creating filter chain: Ant [pattern='/actuator/**'], []
2023-04-13 10:51:39 [main] INFO  o.s.s.web.DefaultSecurityFilterChain - Creating filter chain: any request, [org.springframework.security.web.context.request.async.WebAsyncManagerIntegrationFilter@62b42406, org.springframework.security.web.context.SecurityContextPersistenceFilter@774013dc, org.springframework.security.web.header.HeaderWriterFilter@36638b59, org.springframework.security.web.csrf.CsrfFilter@5b59c3d, org.springframework.security.web.authentication.logout.LogoutFilter@778197c0, org.springframework.security.web.authentication.UsernamePasswordAuthenticationFilter@2bd2430f, org.springframework.security.web.authentication.ui.DefaultLoginPageGeneratingFilter@1c135f63, org.springframework.security.web.authentication.ui.DefaultLogoutPageGeneratingFilter@a0e33db, org.springframework.security.web.authentication.www.BasicAuthenticationFilter@1dbc607d, org.springframework.security.web.savedrequest.RequestCacheAwareFilter@76e9eed8, org.springframework.security.web.servletapi.SecurityContextHolderAwareRequestFilter@b76b7d8, org.springframework.security.web.authentication.AnonymousAuthenticationFilter@3ef46749, org.springframework.security.web.session.SessionManagementFilter@14d81f2c, org.springframework.security.web.access.ExceptionTranslationFilter@77998ea7, org.springframework.security.web.access.intercept.FilterSecurityInterceptor@12421766]
2023-04-13 10:51:40 [main] INFO  o.s.b.a.e.web.EndpointLinksResolver - Exposing 2 endpoint(s) beneath base path '/actuator'
2023-04-13 10:51:40 [main] INFO  o.a.coyote.http11.Http11NioProtocol - Starting ProtocolHandler ["http-nio-8888"]
2023-04-13 10:51:40 [main] INFO  o.s.b.w.e.tomcat.TomcatWebServer - Tomcat started on port(s): 8888 (http) with context path ''
2023-04-13 10:51:40 [main] INFO  c.m.demo.config.server.ConfigServer - Started ConfigServer in 21.657 seconds (JVM running for 23.089)
2023-04-13 10:52:22 [http-nio-8888-exec-1] INFO  o.a.c.c.C.[Tomcat].[localhost].[/] - Initializing Spring DispatcherServlet 'dispatcherServlet'
2023-04-13 10:52:22 [http-nio-8888-exec-1] INFO  o.s.web.servlet.DispatcherServlet - Initializing Servlet 'dispatcherServlet'
2023-04-13 10:52:22 [http-nio-8888-exec-1] INFO  o.s.web.servlet.DispatcherServlet - Completed initialization in 9 ms
2023-04-13 10:52:26 [http-nio-8888-exec-3] INFO  o.s.c.c.s.e.NativeEnvironmentRepository - Adding property source: file:/tmp/config-repo-576547303383040270/config-client-twitter_to_kafka.yml
2023-04-13 10:52:26 [http-nio-8888-exec-3] INFO  o.s.c.c.s.e.NativeEnvironmentRepository - Adding property source: file:/tmp/config-repo-576547303383040270/config-client.yml
2023-04-13 10:54:55 [http-nio-8888-exec-4] INFO  o.s.c.c.s.e.NativeEnvironmentRepository - Adding property source: file:/tmp/config-repo-576547303383040270/config-client-kafka_to_elastic.yml
2023-04-13 10:54:55 [http-nio-8888-exec-4] INFO  o.s.c.c.s.e.NativeEnvironmentRepository - Adding property source: file:/tmp/config-repo-576547303383040270/config-client.yml
2023-04-13 10:58:19 [SpringContextShutdownHook] INFO  o.s.s.c.ThreadPoolTaskExecutor - Shutting down ExecutorService 'applicationTaskExecutor'
2023-04-13 11:03:35 [background-preinit] INFO  o.h.validator.internal.util.Version - HV000001: Hibernate Validator 6.1.5.Final
2023-04-13 11:03:39 [main] INFO  c.m.demo.config.server.ConfigServer - No active profile set, falling back to default profiles: default
2023-04-13 11:03:45 [main] INFO  o.s.cloud.context.scope.GenericScope - BeanFactory id=2a519873-3bf9-3410-9240-bed5bf7485b8
2023-04-13 11:03:46 [main] INFO  o.s.b.w.e.tomcat.TomcatWebServer - Tomcat initialized with port(s): 8888 (http)
2023-04-13 11:03:47 [main] INFO  o.a.coyote.http11.Http11NioProtocol - Initializing ProtocolHandler ["http-nio-8888"]
2023-04-13 11:03:47 [main] INFO  o.a.catalina.core.StandardService - Starting service [Tomcat]
2023-04-13 11:03:47 [main] INFO  o.a.catalina.core.StandardEngine - Starting Servlet engine: [Apache Tomcat/9.0.38]
2023-04-13 11:03:47 [main] INFO  o.a.c.c.C.[Tomcat].[localhost].[/] - Initializing Spring embedded WebApplicationContext
2023-04-13 11:03:47 [main] INFO  o.s.b.w.s.c.ServletWebServerApplicationContext - Root WebApplicationContext: initialization completed in 8198 ms
2023-04-13 11:03:49 [main] INFO  o.s.s.c.ThreadPoolTaskExecutor - Initializing ExecutorService 'applicationTaskExecutor'
2023-04-13 11:03:58 [main] INFO  o.s.s.web.DefaultSecurityFilterChain - Creating filter chain: Ant [pattern='/encrypt/**'], []
2023-04-13 11:03:58 [main] INFO  o.s.s.web.DefaultSecurityFilterChain - Creating filter chain: Ant [pattern='/decrypt/**'], []
2023-04-13 11:03:58 [main] INFO  o.s.s.web.DefaultSecurityFilterChain - Creating filter chain: Ant [pattern='/actuator/**'], []
2023-04-13 11:03:58 [main] INFO  o.s.s.web.DefaultSecurityFilterChain - Creating filter chain: any request, [org.springframework.security.web.context.request.async.WebAsyncManagerIntegrationFilter@62b42406, org.springframework.security.web.context.SecurityContextPersistenceFilter@774013dc, org.springframework.security.web.header.HeaderWriterFilter@36638b59, org.springframework.security.web.csrf.CsrfFilter@5b59c3d, org.springframework.security.web.authentication.logout.LogoutFilter@778197c0, org.springframework.security.web.authentication.UsernamePasswordAuthenticationFilter@2bd2430f, org.springframework.security.web.authentication.ui.DefaultLoginPageGeneratingFilter@1c135f63, org.springframework.security.web.authentication.ui.DefaultLogoutPageGeneratingFilter@a0e33db, org.springframework.security.web.authentication.www.BasicAuthenticationFilter@1dbc607d, org.springframework.security.web.savedrequest.RequestCacheAwareFilter@76e9eed8, org.springframework.security.web.servletapi.SecurityContextHolderAwareRequestFilter@b76b7d8, org.springframework.security.web.authentication.AnonymousAuthenticationFilter@3ef46749, org.springframework.security.web.session.SessionManagementFilter@14d81f2c, org.springframework.security.web.access.ExceptionTranslationFilter@77998ea7, org.springframework.security.web.access.intercept.FilterSecurityInterceptor@12421766]
2023-04-13 11:03:59 [main] INFO  o.s.b.a.e.web.EndpointLinksResolver - Exposing 2 endpoint(s) beneath base path '/actuator'
2023-04-13 11:03:59 [main] INFO  o.a.coyote.http11.Http11NioProtocol - Starting ProtocolHandler ["http-nio-8888"]
2023-04-13 11:03:59 [main] INFO  o.s.b.w.e.tomcat.TomcatWebServer - Tomcat started on port(s): 8888 (http) with context path ''
2023-04-13 11:03:59 [main] INFO  c.m.demo.config.server.ConfigServer - Started ConfigServer in 25.037 seconds (JVM running for 26.456)
2023-04-13 11:04:21 [http-nio-8888-exec-1] INFO  o.a.c.c.C.[Tomcat].[localhost].[/] - Initializing Spring DispatcherServlet 'dispatcherServlet'
2023-04-13 11:04:21 [http-nio-8888-exec-1] INFO  o.s.web.servlet.DispatcherServlet - Initializing Servlet 'dispatcherServlet'
2023-04-13 11:04:21 [http-nio-8888-exec-1] INFO  o.s.web.servlet.DispatcherServlet - Completed initialization in 13 ms
2023-04-13 11:04:24 [http-nio-8888-exec-2] INFO  o.s.c.c.s.e.NativeEnvironmentRepository - Adding property source: file:/tmp/config-repo-13258063817167056581/config-client-twitter_to_kafka.yml
2023-04-13 11:04:24 [http-nio-8888-exec-2] INFO  o.s.c.c.s.e.NativeEnvironmentRepository - Adding property source: file:/tmp/config-repo-13258063817167056581/config-client.yml
2023-04-13 11:05:05 [SpringContextShutdownHook] INFO  o.s.s.c.ThreadPoolTaskExecutor - Shutting down ExecutorService 'applicationTaskExecutor'
2023-04-13 11:38:03 [background-preinit] INFO  o.h.validator.internal.util.Version - HV000001: Hibernate Validator 6.1.5.Final
2023-04-13 11:38:06 [main] INFO  c.m.demo.config.server.ConfigServer - No active profile set, falling back to default profiles: default
2023-04-13 11:38:11 [main] INFO  o.s.cloud.context.scope.GenericScope - BeanFactory id=2a519873-3bf9-3410-9240-bed5bf7485b8
2023-04-13 11:38:12 [main] INFO  o.s.b.w.e.tomcat.TomcatWebServer - Tomcat initialized with port(s): 8888 (http)
2023-04-13 11:38:12 [main] INFO  o.a.coyote.http11.Http11NioProtocol - Initializing ProtocolHandler ["http-nio-8888"]
2023-04-13 11:38:12 [main] INFO  o.a.catalina.core.StandardService - Starting service [Tomcat]
2023-04-13 11:38:12 [main] INFO  o.a.catalina.core.StandardEngine - Starting Servlet engine: [Apache Tomcat/9.0.38]
2023-04-13 11:38:12 [main] INFO  o.a.c.c.C.[Tomcat].[localhost].[/] - Initializing Spring embedded WebApplicationContext
2023-04-13 11:38:12 [main] INFO  o.s.b.w.s.c.ServletWebServerApplicationContext - Root WebApplicationContext: initialization completed in 6409 ms
2023-04-13 11:38:14 [main] INFO  o.s.s.c.ThreadPoolTaskExecutor - Initializing ExecutorService 'applicationTaskExecutor'
2023-04-13 11:38:21 [main] INFO  o.s.s.web.DefaultSecurityFilterChain - Creating filter chain: Ant [pattern='/encrypt/**'], []
2023-04-13 11:38:21 [main] INFO  o.s.s.web.DefaultSecurityFilterChain - Creating filter chain: Ant [pattern='/decrypt/**'], []
2023-04-13 11:38:21 [main] INFO  o.s.s.web.DefaultSecurityFilterChain - Creating filter chain: Ant [pattern='/actuator/**'], []
2023-04-13 11:38:21 [main] INFO  o.s.s.web.DefaultSecurityFilterChain - Creating filter chain: any request, [org.springframework.security.web.context.request.async.WebAsyncManagerIntegrationFilter@a0e33db, org.springframework.security.web.context.SecurityContextPersistenceFilter@229cb4d8, org.springframework.security.web.header.HeaderWriterFilter@2f8f40cc, org.springframework.security.web.csrf.CsrfFilter@69e36fe3, org.springframework.security.web.authentication.logout.LogoutFilter@1c2cdc67, org.springframework.security.web.authentication.UsernamePasswordAuthenticationFilter@2890e479, org.springframework.security.web.authentication.ui.DefaultLoginPageGeneratingFilter@63c4d16, org.springframework.security.web.authentication.ui.DefaultLogoutPageGeneratingFilter@3ef46749, org.springframework.security.web.authentication.www.BasicAuthenticationFilter@62b42406, org.springframework.security.web.savedrequest.RequestCacheAwareFilter@30ef32eb, org.springframework.security.web.servletapi.SecurityContextHolderAwareRequestFilter@1c135f63, org.springframework.security.web.authentication.AnonymousAuthenticationFilter@40b54762, org.springframework.security.web.session.SessionManagementFilter@5dd3727c, org.springframework.security.web.access.ExceptionTranslationFilter@252d8df6, org.springframework.security.web.access.intercept.FilterSecurityInterceptor@2e44cb34]
2023-04-13 11:38:22 [main] INFO  o.s.b.a.e.web.EndpointLinksResolver - Exposing 2 endpoint(s) beneath base path '/actuator'
2023-04-13 11:38:22 [main] INFO  o.a.coyote.http11.Http11NioProtocol - Starting ProtocolHandler ["http-nio-8888"]
2023-04-13 11:38:22 [main] INFO  o.s.b.w.e.tomcat.TomcatWebServer - Tomcat started on port(s): 8888 (http) with context path ''
2023-04-13 11:38:23 [main] INFO  c.m.demo.config.server.ConfigServer - Started ConfigServer in 20.871 seconds (JVM running for 22.39)
2023-04-13 11:38:51 [http-nio-8888-exec-1] INFO  o.a.c.c.C.[Tomcat].[localhost].[/] - Initializing Spring DispatcherServlet 'dispatcherServlet'
2023-04-13 11:38:51 [http-nio-8888-exec-1] INFO  o.s.web.servlet.DispatcherServlet - Initializing Servlet 'dispatcherServlet'
2023-04-13 11:38:51 [http-nio-8888-exec-1] INFO  o.s.web.servlet.DispatcherServlet - Completed initialization in 8 ms
2023-04-13 11:38:54 [http-nio-8888-exec-2] INFO  o.s.c.c.s.e.NativeEnvironmentRepository - Adding property source: file:/tmp/config-repo-12794713931545470781/config-client-twitter_to_kafka.yml
2023-04-13 11:38:54 [http-nio-8888-exec-2] INFO  o.s.c.c.s.e.NativeEnvironmentRepository - Adding property source: file:/tmp/config-repo-12794713931545470781/config-client.yml
2023-04-13 11:40:12 [http-nio-8888-exec-4] INFO  o.s.c.c.s.e.NativeEnvironmentRepository - Adding property source: file:/tmp/config-repo-12794713931545470781/config-client-kafka_to_elastic.yml
2023-04-13 11:40:12 [http-nio-8888-exec-4] INFO  o.s.c.c.s.e.NativeEnvironmentRepository - Adding property source: file:/tmp/config-repo-12794713931545470781/config-client.yml
2023-04-13 11:58:13 [SpringContextShutdownHook] INFO  o.s.s.c.ThreadPoolTaskExecutor - Shutting down ExecutorService 'applicationTaskExecutor'
2023-04-13 11:59:41 [background-preinit] INFO  o.h.validator.internal.util.Version - HV000001: Hibernate Validator 6.1.5.Final
2023-04-13 11:59:46 [main] INFO  c.m.demo.config.server.ConfigServer - No active profile set, falling back to default profiles: default
2023-04-13 11:59:52 [main] INFO  o.s.cloud.context.scope.GenericScope - BeanFactory id=2a519873-3bf9-3410-9240-bed5bf7485b8
2023-04-13 11:59:53 [main] INFO  o.s.b.w.e.tomcat.TomcatWebServer - Tomcat initialized with port(s): 8888 (http)
2023-04-13 11:59:53 [main] INFO  o.a.coyote.http11.Http11NioProtocol - Initializing ProtocolHandler ["http-nio-8888"]
2023-04-13 11:59:53 [main] INFO  o.a.catalina.core.StandardService - Starting service [Tomcat]
2023-04-13 11:59:53 [main] INFO  o.a.catalina.core.StandardEngine - Starting Servlet engine: [Apache Tomcat/9.0.38]
2023-04-13 11:59:53 [main] INFO  o.a.c.c.C.[Tomcat].[localhost].[/] - Initializing Spring embedded WebApplicationContext
2023-04-13 11:59:53 [main] INFO  o.s.b.w.s.c.ServletWebServerApplicationContext - Root WebApplicationContext: initialization completed in 7557 ms
2023-04-13 11:59:55 [main] INFO  o.s.s.c.ThreadPoolTaskExecutor - Initializing ExecutorService 'applicationTaskExecutor'
2023-04-13 12:00:05 [main] INFO  o.s.s.web.DefaultSecurityFilterChain - Creating filter chain: Ant [pattern='/encrypt/**'], []
2023-04-13 12:00:05 [main] INFO  o.s.s.web.DefaultSecurityFilterChain - Creating filter chain: Ant [pattern='/decrypt/**'], []
2023-04-13 12:00:05 [main] INFO  o.s.s.web.DefaultSecurityFilterChain - Creating filter chain: Ant [pattern='/actuator/**'], []
2023-04-13 12:00:05 [main] INFO  o.s.s.web.DefaultSecurityFilterChain - Creating filter chain: any request, [org.springframework.security.web.context.request.async.WebAsyncManagerIntegrationFilter@1dbc607d, org.springframework.security.web.context.SecurityContextPersistenceFilter@5dd3727c, org.springframework.security.web.header.HeaderWriterFilter@252d8df6, org.springframework.security.web.csrf.CsrfFilter@5f5a33ed, org.springframework.security.web.authentication.logout.LogoutFilter@4e647f39, org.springframework.security.web.authentication.UsernamePasswordAuthenticationFilter@23c72128, org.springframework.security.web.authentication.ui.DefaultLoginPageGeneratingFilter@b76b7d8, org.springframework.security.web.authentication.ui.DefaultLogoutPageGeneratingFilter@62b42406, org.springframework.security.web.authentication.www.BasicAuthenticationFilter@16944b58, org.springframework.security.web.savedrequest.RequestCacheAwareFilter@229cb4d8, org.springframework.security.web.servletapi.SecurityContextHolderAwareRequestFilter@5dce5c03, org.springframework.security.web.authentication.AnonymousAuthenticationFilter@a0e33db, org.springframework.security.web.session.SessionManagementFilter@2f8f40cc, org.springframework.security.web.access.ExceptionTranslationFilter@87220f1, org.springframework.security.web.access.intercept.FilterSecurityInterceptor@41026e5c]
2023-04-13 12:00:06 [main] INFO  o.s.b.a.e.web.EndpointLinksResolver - Exposing 2 endpoint(s) beneath base path '/actuator'
2023-04-13 12:00:06 [main] INFO  o.a.coyote.http11.Http11NioProtocol - Starting ProtocolHandler ["http-nio-8888"]
2023-04-13 12:00:06 [main] INFO  o.s.b.w.e.tomcat.TomcatWebServer - Tomcat started on port(s): 8888 (http) with context path ''
2023-04-13 12:00:06 [main] INFO  c.m.demo.config.server.ConfigServer - Started ConfigServer in 26.713 seconds (JVM running for 28.532)
2023-04-13 12:00:18 [http-nio-8888-exec-1] INFO  o.a.c.c.C.[Tomcat].[localhost].[/] - Initializing Spring DispatcherServlet 'dispatcherServlet'
2023-04-13 12:00:18 [http-nio-8888-exec-1] INFO  o.s.web.servlet.DispatcherServlet - Initializing Servlet 'dispatcherServlet'
2023-04-13 12:00:18 [http-nio-8888-exec-1] INFO  o.s.web.servlet.DispatcherServlet - Completed initialization in 17 ms
2023-04-13 12:00:25 [http-nio-8888-exec-2] INFO  o.s.c.c.s.e.NativeEnvironmentRepository - Adding property source: file:/tmp/config-repo-1084781292077988538/config-client-twitter_to_kafka.yml
2023-04-13 12:00:25 [http-nio-8888-exec-2] INFO  o.s.c.c.s.e.NativeEnvironmentRepository - Adding property source: file:/tmp/config-repo-1084781292077988538/config-client.yml
2023-04-13 12:07:33 [http-nio-8888-exec-4] INFO  o.s.c.c.s.e.NativeEnvironmentRepository - Adding property source: file:/tmp/config-repo-1084781292077988538/config-client-kafka_to_elastic.yml
2023-04-13 12:07:33 [http-nio-8888-exec-4] INFO  o.s.c.c.s.e.NativeEnvironmentRepository - Adding property source: file:/tmp/config-repo-1084781292077988538/config-client.yml
2023-04-13 12:08:48 [SpringContextShutdownHook] INFO  o.s.s.c.ThreadPoolTaskExecutor - Shutting down ExecutorService 'applicationTaskExecutor'
2023-04-13 12:16:36 [background-preinit] INFO  o.h.validator.internal.util.Version - HV000001: Hibernate Validator 6.1.5.Final
2023-04-13 12:16:40 [main] INFO  c.m.demo.config.server.ConfigServer - No active profile set, falling back to default profiles: default
2023-04-13 12:16:45 [main] INFO  o.s.cloud.context.scope.GenericScope - BeanFactory id=2a519873-3bf9-3410-9240-bed5bf7485b8
2023-04-13 12:16:46 [main] INFO  o.s.b.w.e.tomcat.TomcatWebServer - Tomcat initialized with port(s): 8888 (http)
2023-04-13 12:16:46 [main] INFO  o.a.coyote.http11.Http11NioProtocol - Initializing ProtocolHandler ["http-nio-8888"]
2023-04-13 12:16:46 [main] INFO  o.a.catalina.core.StandardService - Starting service [Tomcat]
2023-04-13 12:16:46 [main] INFO  o.a.catalina.core.StandardEngine - Starting Servlet engine: [Apache Tomcat/9.0.38]
2023-04-13 12:16:46 [main] INFO  o.a.c.c.C.[Tomcat].[localhost].[/] - Initializing Spring embedded WebApplicationContext
2023-04-13 12:16:46 [main] INFO  o.s.b.w.s.c.ServletWebServerApplicationContext - Root WebApplicationContext: initialization completed in 6387 ms
2023-04-13 12:16:48 [main] INFO  o.s.s.c.ThreadPoolTaskExecutor - Initializing ExecutorService 'applicationTaskExecutor'
2023-04-13 12:16:55 [main] INFO  o.s.s.web.DefaultSecurityFilterChain - Creating filter chain: Ant [pattern='/encrypt/**'], []
2023-04-13 12:16:55 [main] INFO  o.s.s.web.DefaultSecurityFilterChain - Creating filter chain: Ant [pattern='/decrypt/**'], []
2023-04-13 12:16:55 [main] INFO  o.s.s.web.DefaultSecurityFilterChain - Creating filter chain: Ant [pattern='/actuator/**'], []
2023-04-13 12:16:56 [main] INFO  o.s.s.web.DefaultSecurityFilterChain - Creating filter chain: any request, [org.springframework.security.web.context.request.async.WebAsyncManagerIntegrationFilter@2a984952, org.springframework.security.web.context.SecurityContextPersistenceFilter@2f8f40cc, org.springframework.security.web.header.HeaderWriterFilter@87220f1, org.springframework.security.web.csrf.CsrfFilter@56b751b1, org.springframework.security.web.authentication.logout.LogoutFilter@adc3344, org.springframework.security.web.authentication.UsernamePasswordAuthenticationFilter@731e0bff, org.springframework.security.web.authentication.ui.DefaultLoginPageGeneratingFilter@7d3bcd3, org.springframework.security.web.authentication.ui.DefaultLogoutPageGeneratingFilter@16944b58, org.springframework.security.web.authentication.www.BasicAuthenticationFilter@5d74507c, org.springframework.security.web.savedrequest.RequestCacheAwareFilter@5dd3727c, org.springframework.security.web.servletapi.SecurityContextHolderAwareRequestFilter@702cfbde, org.springframework.security.web.authentication.AnonymousAuthenticationFilter@1dbc607d, org.springframework.security.web.session.SessionManagementFilter@252d8df6, org.springframework.security.web.access.ExceptionTranslationFilter@37fca349, org.springframework.security.web.access.intercept.FilterSecurityInterceptor@549d14fe]
2023-04-13 12:16:56 [main] INFO  o.s.b.a.e.web.EndpointLinksResolver - Exposing 2 endpoint(s) beneath base path '/actuator'
2023-04-13 12:16:56 [main] INFO  o.a.coyote.http11.Http11NioProtocol - Starting ProtocolHandler ["http-nio-8888"]
2023-04-13 12:16:56 [main] INFO  o.s.b.w.e.tomcat.TomcatWebServer - Tomcat started on port(s): 8888 (http) with context path ''
2023-04-13 12:16:57 [main] INFO  c.m.demo.config.server.ConfigServer - Started ConfigServer in 23.622 seconds (JVM running for 25.612)
2023-04-13 12:17:02 [http-nio-8888-exec-2] INFO  o.a.c.c.C.[Tomcat].[localhost].[/] - Initializing Spring DispatcherServlet 'dispatcherServlet'
2023-04-13 12:17:02 [http-nio-8888-exec-2] INFO  o.s.web.servlet.DispatcherServlet - Initializing Servlet 'dispatcherServlet'
2023-04-13 12:17:02 [http-nio-8888-exec-2] INFO  o.s.web.servlet.DispatcherServlet - Completed initialization in 14 ms
2023-04-13 12:17:08 [http-nio-8888-exec-1] INFO  o.s.c.c.s.e.NativeEnvironmentRepository - Adding property source: file:/tmp/config-repo-10697875749509368127/config-client-twitter_to_kafka.yml
2023-04-13 12:17:08 [http-nio-8888-exec-1] INFO  o.s.c.c.s.e.NativeEnvironmentRepository - Adding property source: file:/tmp/config-repo-10697875749509368127/config-client.yml
2023-04-13 12:25:12 [SpringContextShutdownHook] INFO  o.s.s.c.ThreadPoolTaskExecutor - Shutting down ExecutorService 'applicationTaskExecutor'
2023-04-13 12:38:43 [background-preinit] INFO  o.h.validator.internal.util.Version - HV000001: Hibernate Validator 6.1.5.Final
2023-04-13 12:38:46 [main] INFO  c.m.demo.config.server.ConfigServer - No active profile set, falling back to default profiles: default
2023-04-13 12:38:50 [main] INFO  o.s.cloud.context.scope.GenericScope - BeanFactory id=2a519873-3bf9-3410-9240-bed5bf7485b8
2023-04-13 12:38:52 [main] INFO  o.s.b.w.e.tomcat.TomcatWebServer - Tomcat initialized with port(s): 8888 (http)
2023-04-13 12:38:52 [main] INFO  o.a.coyote.http11.Http11NioProtocol - Initializing ProtocolHandler ["http-nio-8888"]
2023-04-13 12:38:52 [main] INFO  o.a.catalina.core.StandardService - Starting service [Tomcat]
2023-04-13 12:38:52 [main] INFO  o.a.catalina.core.StandardEngine - Starting Servlet engine: [Apache Tomcat/9.0.38]
2023-04-13 12:38:52 [main] INFO  o.a.c.c.C.[Tomcat].[localhost].[/] - Initializing Spring embedded WebApplicationContext
2023-04-13 12:38:52 [main] INFO  o.s.b.w.s.c.ServletWebServerApplicationContext - Root WebApplicationContext: initialization completed in 6317 ms
2023-04-13 12:38:54 [main] INFO  o.s.s.c.ThreadPoolTaskExecutor - Initializing ExecutorService 'applicationTaskExecutor'
2023-04-13 12:39:02 [main] INFO  o.s.s.web.DefaultSecurityFilterChain - Creating filter chain: Ant [pattern='/encrypt/**'], []
2023-04-13 12:39:02 [main] INFO  o.s.s.web.DefaultSecurityFilterChain - Creating filter chain: Ant [pattern='/decrypt/**'], []
2023-04-13 12:39:02 [main] INFO  o.s.s.web.DefaultSecurityFilterChain - Creating filter chain: Ant [pattern='/actuator/**'], []
2023-04-13 12:39:02 [main] INFO  o.s.s.web.DefaultSecurityFilterChain - Creating filter chain: any request, [org.springframework.security.web.context.request.async.WebAsyncManagerIntegrationFilter@62b42406, org.springframework.security.web.context.SecurityContextPersistenceFilter@774013dc, org.springframework.security.web.header.HeaderWriterFilter@36638b59, org.springframework.security.web.csrf.CsrfFilter@5b59c3d, org.springframework.security.web.authentication.logout.LogoutFilter@778197c0, org.springframework.security.web.authentication.UsernamePasswordAuthenticationFilter@2bd2430f, org.springframework.security.web.authentication.ui.DefaultLoginPageGeneratingFilter@1c135f63, org.springframework.security.web.authentication.ui.DefaultLogoutPageGeneratingFilter@a0e33db, org.springframework.security.web.authentication.www.BasicAuthenticationFilter@1dbc607d, org.springframework.security.web.savedrequest.RequestCacheAwareFilter@76e9eed8, org.springframework.security.web.servletapi.SecurityContextHolderAwareRequestFilter@b76b7d8, org.springframework.security.web.authentication.AnonymousAuthenticationFilter@3ef46749, org.springframework.security.web.session.SessionManagementFilter@14d81f2c, org.springframework.security.web.access.ExceptionTranslationFilter@77998ea7, org.springframework.security.web.access.intercept.FilterSecurityInterceptor@12421766]
2023-04-13 12:39:02 [main] INFO  o.s.b.a.e.web.EndpointLinksResolver - Exposing 2 endpoint(s) beneath base path '/actuator'
2023-04-13 12:39:02 [main] INFO  o.a.coyote.http11.Http11NioProtocol - Starting ProtocolHandler ["http-nio-8888"]
2023-04-13 12:39:03 [main] INFO  o.s.b.w.e.tomcat.TomcatWebServer - Tomcat started on port(s): 8888 (http) with context path ''
2023-04-13 12:39:03 [main] INFO  c.m.demo.config.server.ConfigServer - Started ConfigServer in 20.623 seconds (JVM running for 21.858)
2023-04-13 12:39:18 [http-nio-8888-exec-1] INFO  o.a.c.c.C.[Tomcat].[localhost].[/] - Initializing Spring DispatcherServlet 'dispatcherServlet'
2023-04-13 12:39:18 [http-nio-8888-exec-1] INFO  o.s.web.servlet.DispatcherServlet - Initializing Servlet 'dispatcherServlet'
2023-04-13 12:39:18 [http-nio-8888-exec-1] INFO  o.s.web.servlet.DispatcherServlet - Completed initialization in 8 ms
2023-04-13 12:39:21 [http-nio-8888-exec-2] INFO  o.s.c.c.s.e.NativeEnvironmentRepository - Adding property source: file:/tmp/config-repo-5822156309853380054/config-client-twitter_to_kafka.yml
2023-04-13 12:39:21 [http-nio-8888-exec-2] INFO  o.s.c.c.s.e.NativeEnvironmentRepository - Adding property source: file:/tmp/config-repo-5822156309853380054/config-client.yml
2023-04-13 12:39:26 [http-nio-8888-exec-3] INFO  o.s.c.c.s.e.NativeEnvironmentRepository - Adding property source: file:/tmp/config-repo-5822156309853380054/config-client-kafka_to_elastic.yml
2023-04-13 12:39:26 [http-nio-8888-exec-3] INFO  o.s.c.c.s.e.NativeEnvironmentRepository - Adding property source: file:/tmp/config-repo-5822156309853380054/config-client.yml
2023-04-13 13:02:49 [SpringContextShutdownHook] INFO  o.s.s.c.ThreadPoolTaskExecutor - Shutting down ExecutorService 'applicationTaskExecutor'
2023-04-13 17:21:13 [background-preinit] INFO  o.h.validator.internal.util.Version - HV000001: Hibernate Validator 6.1.5.Final
2023-04-13 17:21:18 [main] INFO  c.m.demo.config.server.ConfigServer - No active profile set, falling back to default profiles: default
2023-04-13 17:21:24 [main] INFO  o.s.cloud.context.scope.GenericScope - BeanFactory id=2a519873-3bf9-3410-9240-bed5bf7485b8
2023-04-13 17:21:26 [main] INFO  o.s.b.w.e.tomcat.TomcatWebServer - Tomcat initialized with port(s): 8888 (http)
2023-04-13 17:21:26 [main] INFO  o.a.coyote.http11.Http11NioProtocol - Initializing ProtocolHandler ["http-nio-8888"]
2023-04-13 17:21:26 [main] INFO  o.a.catalina.core.StandardService - Starting service [Tomcat]
2023-04-13 17:21:26 [main] INFO  o.a.catalina.core.StandardEngine - Starting Servlet engine: [Apache Tomcat/9.0.38]
2023-04-13 17:21:27 [main] INFO  o.a.c.c.C.[Tomcat].[localhost].[/] - Initializing Spring embedded WebApplicationContext
2023-04-13 17:21:27 [main] INFO  o.s.b.w.s.c.ServletWebServerApplicationContext - Root WebApplicationContext: initialization completed in 8579 ms
2023-04-13 17:21:30 [main] INFO  o.s.s.c.ThreadPoolTaskExecutor - Initializing ExecutorService 'applicationTaskExecutor'
2023-04-13 17:21:41 [main] INFO  o.s.s.web.DefaultSecurityFilterChain - Creating filter chain: Ant [pattern='/encrypt/**'], []
2023-04-13 17:21:41 [main] INFO  o.s.s.web.DefaultSecurityFilterChain - Creating filter chain: Ant [pattern='/decrypt/**'], []
2023-04-13 17:21:41 [main] INFO  o.s.s.web.DefaultSecurityFilterChain - Creating filter chain: Ant [pattern='/actuator/**'], []
2023-04-13 17:21:41 [main] INFO  o.s.s.web.DefaultSecurityFilterChain - Creating filter chain: any request, [org.springframework.security.web.context.request.async.WebAsyncManagerIntegrationFilter@16944b58, org.springframework.security.web.context.SecurityContextPersistenceFilter@14d81f2c, org.springframework.security.web.header.HeaderWriterFilter@77998ea7, org.springframework.security.web.csrf.CsrfFilter@2f61de04, org.springframework.security.web.authentication.logout.LogoutFilter@484302ee, org.springframework.security.web.authentication.UsernamePasswordAuthenticationFilter@213ceb4e, org.springframework.security.web.authentication.ui.DefaultLoginPageGeneratingFilter@5dce5c03, org.springframework.security.web.authentication.ui.DefaultLogoutPageGeneratingFilter@1dbc607d, org.springframework.security.web.authentication.www.BasicAuthenticationFilter@2a984952, org.springframework.security.web.savedrequest.RequestCacheAwareFilter@774013dc, org.springframework.security.web.servletapi.SecurityContextHolderAwareRequestFilter@7d3bcd3, org.springframework.security.web.authentication.AnonymousAuthenticationFilter@62b42406, org.springframework.security.web.session.SessionManagementFilter@36638b59, org.springframework.security.web.access.ExceptionTranslationFilter@86377d5, org.springframework.security.web.access.intercept.FilterSecurityInterceptor@77d54a41]
2023-04-13 17:21:42 [main] INFO  o.s.b.a.e.web.EndpointLinksResolver - Exposing 2 endpoint(s) beneath base path '/actuator'
2023-04-13 17:21:42 [main] INFO  o.a.coyote.http11.Http11NioProtocol - Starting ProtocolHandler ["http-nio-8888"]
2023-04-13 17:21:42 [main] INFO  o.s.b.w.e.tomcat.TomcatWebServer - Tomcat started on port(s): 8888 (http) with context path ''
2023-04-13 17:21:42 [main] INFO  c.m.demo.config.server.ConfigServer - Started ConfigServer in 30.422 seconds (JVM running for 32.066)
2023-04-13 17:21:50 [http-nio-8888-exec-1] INFO  o.a.c.c.C.[Tomcat].[localhost].[/] - Initializing Spring DispatcherServlet 'dispatcherServlet'
2023-04-13 17:21:50 [http-nio-8888-exec-1] INFO  o.s.web.servlet.DispatcherServlet - Initializing Servlet 'dispatcherServlet'
2023-04-13 17:21:50 [http-nio-8888-exec-1] INFO  o.s.web.servlet.DispatcherServlet - Completed initialization in 18 ms
2023-04-13 17:21:57 [http-nio-8888-exec-2] INFO  o.s.c.c.s.e.NativeEnvironmentRepository - Adding property source: file:/tmp/config-repo-1939464639694726310/config-client-twitter_to_kafka.yml
2023-04-13 17:21:57 [http-nio-8888-exec-2] INFO  o.s.c.c.s.e.NativeEnvironmentRepository - Adding property source: file:/tmp/config-repo-1939464639694726310/config-client.yml
2023-04-13 17:22:04 [http-nio-8888-exec-3] INFO  o.s.c.c.s.e.NativeEnvironmentRepository - Adding property source: file:/tmp/config-repo-1939464639694726310/config-client-kafka_to_elastic.yml
2023-04-13 17:22:04 [http-nio-8888-exec-3] INFO  o.s.c.c.s.e.NativeEnvironmentRepository - Adding property source: file:/tmp/config-repo-1939464639694726310/config-client.yml
2023-04-13 17:25:02 [SpringContextShutdownHook] INFO  o.s.s.c.ThreadPoolTaskExecutor - Shutting down ExecutorService 'applicationTaskExecutor'
2023-04-13 18:14:50 [background-preinit] INFO  o.h.validator.internal.util.Version - HV000001: Hibernate Validator 6.1.5.Final
2023-04-13 18:14:54 [main] INFO  c.m.demo.config.server.ConfigServer - No active profile set, falling back to default profiles: default
2023-04-13 18:14:59 [main] INFO  o.s.cloud.context.scope.GenericScope - BeanFactory id=2a519873-3bf9-3410-9240-bed5bf7485b8
2023-04-13 18:15:00 [main] INFO  o.s.b.w.e.tomcat.TomcatWebServer - Tomcat initialized with port(s): 8888 (http)
2023-04-13 18:15:00 [main] INFO  o.a.coyote.http11.Http11NioProtocol - Initializing ProtocolHandler ["http-nio-8888"]
2023-04-13 18:15:00 [main] INFO  o.a.catalina.core.StandardService - Starting service [Tomcat]
2023-04-13 18:15:00 [main] INFO  o.a.catalina.core.StandardEngine - Starting Servlet engine: [Apache Tomcat/9.0.38]
2023-04-13 18:15:01 [main] INFO  o.a.c.c.C.[Tomcat].[localhost].[/] - Initializing Spring embedded WebApplicationContext
2023-04-13 18:15:01 [main] INFO  o.s.b.w.s.c.ServletWebServerApplicationContext - Root WebApplicationContext: initialization completed in 6170 ms
2023-04-13 18:15:03 [main] INFO  o.s.s.c.ThreadPoolTaskExecutor - Initializing ExecutorService 'applicationTaskExecutor'
2023-04-13 18:15:11 [main] INFO  o.s.s.web.DefaultSecurityFilterChain - Creating filter chain: Ant [pattern='/encrypt/**'], []
2023-04-13 18:15:12 [main] INFO  o.s.s.web.DefaultSecurityFilterChain - Creating filter chain: Ant [pattern='/decrypt/**'], []
2023-04-13 18:15:12 [main] INFO  o.s.s.web.DefaultSecurityFilterChain - Creating filter chain: Ant [pattern='/actuator/**'], []
2023-04-13 18:15:12 [main] INFO  o.s.s.web.DefaultSecurityFilterChain - Creating filter chain: any request, [org.springframework.security.web.context.request.async.WebAsyncManagerIntegrationFilter@2a984952, org.springframework.security.web.context.SecurityContextPersistenceFilter@2f8f40cc, org.springframework.security.web.header.HeaderWriterFilter@87220f1, org.springframework.security.web.csrf.CsrfFilter@56b751b1, org.springframework.security.web.authentication.logout.LogoutFilter@adc3344, org.springframework.security.web.authentication.UsernamePasswordAuthenticationFilter@731e0bff, org.springframework.security.web.authentication.ui.DefaultLoginPageGeneratingFilter@7d3bcd3, org.springframework.security.web.authentication.ui.DefaultLogoutPageGeneratingFilter@16944b58, org.springframework.security.web.authentication.www.BasicAuthenticationFilter@5d74507c, org.springframework.security.web.savedrequest.RequestCacheAwareFilter@5dd3727c, org.springframework.security.web.servletapi.SecurityContextHolderAwareRequestFilter@702cfbde, org.springframework.security.web.authentication.AnonymousAuthenticationFilter@1dbc607d, org.springframework.security.web.session.SessionManagementFilter@252d8df6, org.springframework.security.web.access.ExceptionTranslationFilter@37fca349, org.springframework.security.web.access.intercept.FilterSecurityInterceptor@549d14fe]
2023-04-13 18:15:13 [main] INFO  o.s.b.a.e.web.EndpointLinksResolver - Exposing 2 endpoint(s) beneath base path '/actuator'
2023-04-13 18:15:13 [main] INFO  o.a.coyote.http11.Http11NioProtocol - Starting ProtocolHandler ["http-nio-8888"]
2023-04-13 18:15:13 [main] INFO  o.s.b.w.e.tomcat.TomcatWebServer - Tomcat started on port(s): 8888 (http) with context path ''
2023-04-13 18:15:13 [main] INFO  c.m.demo.config.server.ConfigServer - Started ConfigServer in 24.084 seconds (JVM running for 25.692)
2023-04-13 18:16:08 [http-nio-8888-exec-1] INFO  o.a.c.c.C.[Tomcat].[localhost].[/] - Initializing Spring DispatcherServlet 'dispatcherServlet'
2023-04-13 18:16:08 [http-nio-8888-exec-1] INFO  o.s.web.servlet.DispatcherServlet - Initializing Servlet 'dispatcherServlet'
2023-04-13 18:16:08 [http-nio-8888-exec-1] INFO  o.s.web.servlet.DispatcherServlet - Completed initialization in 10 ms
2023-04-13 18:16:12 [http-nio-8888-exec-2] INFO  o.s.c.c.s.e.NativeEnvironmentRepository - Adding property source: file:/tmp/config-repo-7303294651605685923/config-client-twitter_to_kafka.yml
2023-04-13 18:16:12 [http-nio-8888-exec-2] INFO  o.s.c.c.s.e.NativeEnvironmentRepository - Adding property source: file:/tmp/config-repo-7303294651605685923/config-client.yml
2023-04-13 18:16:19 [http-nio-8888-exec-3] INFO  o.s.c.c.s.e.NativeEnvironmentRepository - Adding property source: file:/tmp/config-repo-7303294651605685923/config-client-kafka_to_elastic.yml
2023-04-13 18:16:19 [http-nio-8888-exec-3] INFO  o.s.c.c.s.e.NativeEnvironmentRepository - Adding property source: file:/tmp/config-repo-7303294651605685923/config-client.yml
2023-04-13 18:18:37 [SpringContextShutdownHook] INFO  o.s.s.c.ThreadPoolTaskExecutor - Shutting down ExecutorService 'applicationTaskExecutor'
2023-04-13 18:28:32 [background-preinit] INFO  o.h.validator.internal.util.Version - HV000001: Hibernate Validator 6.1.5.Final
2023-04-13 18:28:35 [main] INFO  c.m.demo.config.server.ConfigServer - No active profile set, falling back to default profiles: default
2023-04-13 18:28:40 [main] INFO  o.s.cloud.context.scope.GenericScope - BeanFactory id=2a519873-3bf9-3410-9240-bed5bf7485b8
2023-04-13 18:28:42 [main] INFO  o.s.b.w.e.tomcat.TomcatWebServer - Tomcat initialized with port(s): 8888 (http)
2023-04-13 18:28:42 [main] INFO  o.a.coyote.http11.Http11NioProtocol - Initializing ProtocolHandler ["http-nio-8888"]
2023-04-13 18:28:42 [main] INFO  o.a.catalina.core.StandardService - Starting service [Tomcat]
2023-04-13 18:28:42 [main] INFO  o.a.catalina.core.StandardEngine - Starting Servlet engine: [Apache Tomcat/9.0.38]
2023-04-13 18:28:43 [main] INFO  o.a.c.c.C.[Tomcat].[localhost].[/] - Initializing Spring embedded WebApplicationContext
2023-04-13 18:28:43 [main] INFO  o.s.b.w.s.c.ServletWebServerApplicationContext - Root WebApplicationContext: initialization completed in 7596 ms
2023-04-13 18:28:45 [main] INFO  o.s.s.c.ThreadPoolTaskExecutor - Initializing ExecutorService 'applicationTaskExecutor'
2023-04-13 18:28:55 [main] INFO  o.s.s.web.DefaultSecurityFilterChain - Creating filter chain: Ant [pattern='/encrypt/**'], []
2023-04-13 18:28:55 [main] INFO  o.s.s.web.DefaultSecurityFilterChain - Creating filter chain: Ant [pattern='/decrypt/**'], []
2023-04-13 18:28:55 [main] INFO  o.s.s.web.DefaultSecurityFilterChain - Creating filter chain: Ant [pattern='/actuator/**'], []
2023-04-13 18:28:55 [main] INFO  o.s.s.web.DefaultSecurityFilterChain - Creating filter chain: any request, [org.springframework.security.web.context.request.async.WebAsyncManagerIntegrationFilter@5d74507c, org.springframework.security.web.context.SecurityContextPersistenceFilter@36638b59, org.springframework.security.web.header.HeaderWriterFilter@86377d5, org.springframework.security.web.csrf.CsrfFilter@3c3cd13a, org.springframework.security.web.authentication.logout.LogoutFilter@3eb0fd88, org.springframework.security.web.authentication.UsernamePasswordAuthenticationFilter@2e44cb34, org.springframework.security.web.authentication.ui.DefaultLoginPageGeneratingFilter@702cfbde, org.springframework.security.web.authentication.ui.DefaultLogoutPageGeneratingFilter@2a984952, org.springframework.security.web.authentication.www.BasicAuthenticationFilter@c30f26d, org.springframework.security.web.savedrequest.RequestCacheAwareFilter@14d81f2c, org.springframework.security.web.servletapi.SecurityContextHolderAwareRequestFilter@391dfe7c, org.springframework.security.web.authentication.AnonymousAuthenticationFilter@16944b58, org.springframework.security.web.session.SessionManagementFilter@77998ea7, org.springframework.security.web.access.ExceptionTranslationFilter@68f2363, org.springframework.security.web.access.intercept.FilterSecurityInterceptor@5600a278]
2023-04-13 18:28:56 [main] INFO  o.s.b.a.e.web.EndpointLinksResolver - Exposing 2 endpoint(s) beneath base path '/actuator'
2023-04-13 18:28:56 [main] INFO  o.a.coyote.http11.Http11NioProtocol - Starting ProtocolHandler ["http-nio-8888"]
2023-04-13 18:28:56 [main] INFO  o.s.b.w.e.tomcat.TomcatWebServer - Tomcat started on port(s): 8888 (http) with context path ''
2023-04-13 18:28:57 [main] INFO  c.m.demo.config.server.ConfigServer - Started ConfigServer in 26.015 seconds (JVM running for 27.357)
2023-04-13 18:29:30 [http-nio-8888-exec-1] INFO  o.a.c.c.C.[Tomcat].[localhost].[/] - Initializing Spring DispatcherServlet 'dispatcherServlet'
2023-04-13 18:29:30 [http-nio-8888-exec-1] INFO  o.s.web.servlet.DispatcherServlet - Initializing Servlet 'dispatcherServlet'
2023-04-13 18:29:30 [http-nio-8888-exec-1] INFO  o.s.web.servlet.DispatcherServlet - Completed initialization in 10 ms
2023-04-13 18:29:36 [http-nio-8888-exec-3] INFO  o.s.c.c.s.e.NativeEnvironmentRepository - Adding property source: file:/tmp/config-repo-7512103085014384391/config-client-twitter_to_kafka.yml
2023-04-13 18:29:36 [http-nio-8888-exec-3] INFO  o.s.c.c.s.e.NativeEnvironmentRepository - Adding property source: file:/tmp/config-repo-7512103085014384391/config-client.yml
2023-04-13 18:29:42 [http-nio-8888-exec-2] INFO  o.s.c.c.s.e.NativeEnvironmentRepository - Adding property source: file:/tmp/config-repo-7512103085014384391/config-client-kafka_to_elastic.yml
2023-04-13 18:29:42 [http-nio-8888-exec-2] INFO  o.s.c.c.s.e.NativeEnvironmentRepository - Adding property source: file:/tmp/config-repo-7512103085014384391/config-client.yml
2023-04-13 18:31:29 [SpringContextShutdownHook] INFO  o.s.s.c.ThreadPoolTaskExecutor - Shutting down ExecutorService 'applicationTaskExecutor'
