2023-04-04 13:44:26 [background-preinit] INFO  o.h.validator.internal.util.Version - HV000001: Hibernate Validator 6.1.5.Final
2023-04-04 13:44:27 [main] INFO  c.m.demo.config.server.ConfigServer - No active profile set, falling back to default profiles: default
2023-04-04 13:44:29 [main] INFO  o.s.cloud.context.scope.GenericScope - BeanFactory id=2a519873-3bf9-3410-9240-bed5bf7485b8
2023-04-04 13:44:29 [main] INFO  o.s.b.w.e.tomcat.TomcatWebServer - Tomcat initialized with port(s): 8888 (http)
2023-04-04 13:44:29 [main] INFO  o.a.coyote.http11.Http11NioProtocol - Initializing ProtocolHandler ["http-nio-8888"]
2023-04-04 13:44:29 [main] INFO  o.a.catalina.core.StandardService - Starting service [Tomcat]
2023-04-04 13:44:29 [main] INFO  o.a.catalina.core.StandardEngine - Starting Servlet engine: [Apache Tomcat/9.0.38]
2023-04-04 13:44:29 [main] INFO  o.a.c.c.C.[Tomcat].[localhost].[/] - Initializing Spring embedded WebApplicationContext
2023-04-04 13:44:29 [main] INFO  o.s.b.w.s.c.ServletWebServerApplicationContext - Root WebApplicationContext: initialization completed in 1917 ms
2023-04-04 13:44:30 [main] INFO  o.s.s.c.ThreadPoolTaskExecutor - Initializing ExecutorService 'applicationTaskExecutor'
2023-04-04 13:44:33 [main] INFO  o.s.s.web.DefaultSecurityFilterChain - Creating filter chain: Ant [pattern='/encrypt/**'], []
2023-04-04 13:44:33 [main] INFO  o.s.s.web.DefaultSecurityFilterChain - Creating filter chain: Ant [pattern='/decrypt/**'], []
2023-04-04 13:44:33 [main] INFO  o.s.s.web.DefaultSecurityFilterChain - Creating filter chain: Ant [pattern='/actuator/**'], []
2023-04-04 13:44:33 [main] INFO  o.s.s.web.DefaultSecurityFilterChain - Creating filter chain: any request, [org.springframework.security.web.context.request.async.WebAsyncManagerIntegrationFilter@23c72128, org.springframework.security.web.context.SecurityContextPersistenceFilter@3cf06a01, org.springframework.security.web.header.HeaderWriterFilter@4f2fdf3d, org.springframework.security.web.csrf.CsrfFilter@5cb8580, org.springframework.security.web.authentication.logout.LogoutFilter@355493bf, org.springframework.security.web.authentication.UsernamePasswordAuthenticationFilter@6408be5, org.springframework.security.web.authentication.ui.DefaultLoginPageGeneratingFilter@5dd3727c, org.springframework.security.web.authentication.ui.DefaultLogoutPageGeneratingFilter@2bd2430f, org.springframework.security.web.authentication.www.BasicAuthenticationFilter@213ceb4e, org.springframework.security.web.savedrequest.RequestCacheAwareFilter@68f2363, org.springframework.security.web.servletapi.SecurityContextHolderAwareRequestFilter@14d81f2c, org.springframework.security.web.authentication.AnonymousAuthenticationFilter@2890e479, org.springframework.security.web.session.SessionManagementFilter@4af7ac25, org.springframework.security.web.access.ExceptionTranslationFilter@1d0b447b, org.springframework.security.web.access.intercept.FilterSecurityInterceptor@65503a26]
2023-04-04 13:44:33 [main] INFO  o.s.b.a.e.web.EndpointLinksResolver - Exposing 2 endpoint(s) beneath base path '/actuator'
2023-04-04 13:44:34 [main] INFO  o.a.coyote.http11.Http11NioProtocol - Starting ProtocolHandler ["http-nio-8888"]
2023-04-04 13:44:34 [main] INFO  o.s.b.w.e.tomcat.TomcatWebServer - Tomcat started on port(s): 8888 (http) with context path ''
2023-04-04 13:44:34 [main] INFO  c.m.demo.config.server.ConfigServer - Started ConfigServer in 8.223 seconds (JVM running for 8.99)
2023-04-04 13:45:05 [http-nio-8888-exec-1] INFO  o.a.c.c.C.[Tomcat].[localhost].[/] - Initializing Spring DispatcherServlet 'dispatcherServlet'
2023-04-04 13:45:05 [http-nio-8888-exec-1] INFO  o.s.web.servlet.DispatcherServlet - Initializing Servlet 'dispatcherServlet'
2023-04-04 13:45:05 [http-nio-8888-exec-1] INFO  o.s.web.servlet.DispatcherServlet - Completed initialization in 8 ms
2023-04-04 13:45:08 [http-nio-8888-exec-2] INFO  o.s.c.c.s.e.NativeEnvironmentRepository - Adding property source: file:/tmp/config-repo-148035183545483954/config-client-twitter_to_kafka.yml
2023-04-04 13:45:08 [http-nio-8888-exec-2] INFO  o.s.c.c.s.e.NativeEnvironmentRepository - Adding property source: file:/tmp/config-repo-148035183545483954/config-client.yml
2023-04-04 13:48:54 [SpringContextShutdownHook] INFO  o.s.s.c.ThreadPoolTaskExecutor - Shutting down ExecutorService 'applicationTaskExecutor'
2023-04-04 13:57:22 [background-preinit] INFO  o.h.validator.internal.util.Version - HV000001: Hibernate Validator 6.1.5.Final
2023-04-04 13:57:23 [main] INFO  c.m.demo.config.server.ConfigServer - No active profile set, falling back to default profiles: default
2023-04-04 13:57:25 [main] INFO  o.s.cloud.context.scope.GenericScope - BeanFactory id=2a519873-3bf9-3410-9240-bed5bf7485b8
2023-04-04 13:57:25 [main] INFO  o.s.b.w.e.tomcat.TomcatWebServer - Tomcat initialized with port(s): 8888 (http)
2023-04-04 13:57:25 [main] INFO  o.a.coyote.http11.Http11NioProtocol - Initializing ProtocolHandler ["http-nio-8888"]
2023-04-04 13:57:25 [main] INFO  o.a.catalina.core.StandardService - Starting service [Tomcat]
2023-04-04 13:57:25 [main] INFO  o.a.catalina.core.StandardEngine - Starting Servlet engine: [Apache Tomcat/9.0.38]
2023-04-04 13:57:25 [main] INFO  o.a.c.c.C.[Tomcat].[localhost].[/] - Initializing Spring embedded WebApplicationContext
2023-04-04 13:57:25 [main] INFO  o.s.b.w.s.c.ServletWebServerApplicationContext - Root WebApplicationContext: initialization completed in 1702 ms
2023-04-04 13:57:26 [main] INFO  o.s.s.c.ThreadPoolTaskExecutor - Initializing ExecutorService 'applicationTaskExecutor'
2023-04-04 13:57:29 [main] INFO  o.s.s.web.DefaultSecurityFilterChain - Creating filter chain: Ant [pattern='/encrypt/**'], []
2023-04-04 13:57:29 [main] INFO  o.s.s.web.DefaultSecurityFilterChain - Creating filter chain: Ant [pattern='/decrypt/**'], []
2023-04-04 13:57:29 [main] INFO  o.s.s.web.DefaultSecurityFilterChain - Creating filter chain: Ant [pattern='/actuator/**'], []
2023-04-04 13:57:29 [main] INFO  o.s.s.web.DefaultSecurityFilterChain - Creating filter chain: any request, [org.springframework.security.web.context.request.async.WebAsyncManagerIntegrationFilter@2e44cb34, org.springframework.security.web.context.SecurityContextPersistenceFilter@d180961, org.springframework.security.web.header.HeaderWriterFilter@6f65a203, org.springframework.security.web.csrf.CsrfFilter@30133a11, org.springframework.security.web.authentication.logout.LogoutFilter@174b8d0e, org.springframework.security.web.authentication.UsernamePasswordAuthenticationFilter@26d7cb0d, org.springframework.security.web.authentication.ui.DefaultLoginPageGeneratingFilter@36638b59, org.springframework.security.web.authentication.ui.DefaultLogoutPageGeneratingFilter@731e0bff, org.springframework.security.web.authentication.www.BasicAuthenticationFilter@12421766, org.springframework.security.web.savedrequest.RequestCacheAwareFilter@d978ab9, org.springframework.security.web.servletapi.SecurityContextHolderAwareRequestFilter@252d8df6, org.springframework.security.web.authentication.AnonymousAuthenticationFilter@213ceb4e, org.springframework.security.web.session.SessionManagementFilter@4de158ca, org.springframework.security.web.access.ExceptionTranslationFilter@48d31d25, org.springframework.security.web.access.intercept.FilterSecurityInterceptor@153c6603]
2023-04-04 13:57:29 [main] INFO  o.s.b.a.e.web.EndpointLinksResolver - Exposing 2 endpoint(s) beneath base path '/actuator'
2023-04-04 13:57:29 [main] INFO  o.a.coyote.http11.Http11NioProtocol - Starting ProtocolHandler ["http-nio-8888"]
2023-04-04 13:57:29 [main] INFO  o.s.b.w.e.tomcat.TomcatWebServer - Tomcat started on port(s): 8888 (http) with context path ''
2023-04-04 13:57:29 [main] INFO  c.m.demo.config.server.ConfigServer - Started ConfigServer in 7.406 seconds (JVM running for 8.104)
2023-04-04 13:58:26 [http-nio-8888-exec-1] INFO  o.a.c.c.C.[Tomcat].[localhost].[/] - Initializing Spring DispatcherServlet 'dispatcherServlet'
2023-04-04 13:58:26 [http-nio-8888-exec-1] INFO  o.s.web.servlet.DispatcherServlet - Initializing Servlet 'dispatcherServlet'
2023-04-04 13:58:26 [http-nio-8888-exec-1] INFO  o.s.web.servlet.DispatcherServlet - Completed initialization in 8 ms
2023-04-04 13:58:30 [http-nio-8888-exec-2] INFO  o.s.c.c.s.e.NativeEnvironmentRepository - Adding property source: file:/tmp/config-repo-12115370386317908570/config-client-twitter_to_kafka.yml
2023-04-04 13:58:30 [http-nio-8888-exec-2] INFO  o.s.c.c.s.e.NativeEnvironmentRepository - Adding property source: file:/tmp/config-repo-12115370386317908570/config-client.yml
2023-04-04 14:02:22 [http-nio-8888-exec-3] INFO  o.s.c.c.s.e.NativeEnvironmentRepository - Adding property source: file:/tmp/config-repo-12115370386317908570/config-client.yml
2023-04-04 14:15:49 [SpringContextShutdownHook] INFO  o.s.s.c.ThreadPoolTaskExecutor - Shutting down ExecutorService 'applicationTaskExecutor'
2023-04-04 14:25:52 [background-preinit] INFO  o.h.validator.internal.util.Version - HV000001: Hibernate Validator 6.1.5.Final
2023-04-04 14:25:54 [main] INFO  c.m.demo.config.server.ConfigServer - No active profile set, falling back to default profiles: default
2023-04-04 14:25:55 [main] INFO  o.s.cloud.context.scope.GenericScope - BeanFactory id=2a519873-3bf9-3410-9240-bed5bf7485b8
2023-04-04 14:25:55 [main] INFO  o.s.b.w.e.tomcat.TomcatWebServer - Tomcat initialized with port(s): 8888 (http)
2023-04-04 14:25:55 [main] INFO  o.a.coyote.http11.Http11NioProtocol - Initializing ProtocolHandler ["http-nio-8888"]
2023-04-04 14:25:55 [main] INFO  o.a.catalina.core.StandardService - Starting service [Tomcat]
2023-04-04 14:25:55 [main] INFO  o.a.catalina.core.StandardEngine - Starting Servlet engine: [Apache Tomcat/9.0.38]
2023-04-04 14:25:56 [main] INFO  o.a.c.c.C.[Tomcat].[localhost].[/] - Initializing Spring embedded WebApplicationContext
2023-04-04 14:25:56 [main] INFO  o.s.b.w.s.c.ServletWebServerApplicationContext - Root WebApplicationContext: initialization completed in 1937 ms
2023-04-04 14:25:56 [main] INFO  o.s.s.c.ThreadPoolTaskExecutor - Initializing ExecutorService 'applicationTaskExecutor'
2023-04-04 14:26:00 [main] INFO  o.s.s.web.DefaultSecurityFilterChain - Creating filter chain: Ant [pattern='/encrypt/**'], []
2023-04-04 14:26:00 [main] INFO  o.s.s.web.DefaultSecurityFilterChain - Creating filter chain: Ant [pattern='/decrypt/**'], []
2023-04-04 14:26:00 [main] INFO  o.s.s.web.DefaultSecurityFilterChain - Creating filter chain: Ant [pattern='/actuator/**'], []
2023-04-04 14:26:00 [main] INFO  o.s.s.web.DefaultSecurityFilterChain - Creating filter chain: any request, [org.springframework.security.web.context.request.async.WebAsyncManagerIntegrationFilter@2e44cb34, org.springframework.security.web.context.SecurityContextPersistenceFilter@d180961, org.springframework.security.web.header.HeaderWriterFilter@6f65a203, org.springframework.security.web.csrf.CsrfFilter@30133a11, org.springframework.security.web.authentication.logout.LogoutFilter@174b8d0e, org.springframework.security.web.authentication.UsernamePasswordAuthenticationFilter@26d7cb0d, org.springframework.security.web.authentication.ui.DefaultLoginPageGeneratingFilter@36638b59, org.springframework.security.web.authentication.ui.DefaultLogoutPageGeneratingFilter@731e0bff, org.springframework.security.web.authentication.www.BasicAuthenticationFilter@12421766, org.springframework.security.web.savedrequest.RequestCacheAwareFilter@d978ab9, org.springframework.security.web.servletapi.SecurityContextHolderAwareRequestFilter@252d8df6, org.springframework.security.web.authentication.AnonymousAuthenticationFilter@213ceb4e, org.springframework.security.web.session.SessionManagementFilter@4de158ca, org.springframework.security.web.access.ExceptionTranslationFilter@48d31d25, org.springframework.security.web.access.intercept.FilterSecurityInterceptor@153c6603]
2023-04-04 14:26:00 [main] INFO  o.s.b.a.e.web.EndpointLinksResolver - Exposing 2 endpoint(s) beneath base path '/actuator'
2023-04-04 14:26:00 [main] INFO  o.a.coyote.http11.Http11NioProtocol - Starting ProtocolHandler ["http-nio-8888"]
2023-04-04 14:26:00 [main] INFO  o.s.b.w.e.tomcat.TomcatWebServer - Tomcat started on port(s): 8888 (http) with context path ''
2023-04-04 14:26:00 [main] INFO  c.m.demo.config.server.ConfigServer - Started ConfigServer in 8.804 seconds (JVM running for 9.497)
2023-04-04 14:27:23 [http-nio-8888-exec-1] INFO  o.a.c.c.C.[Tomcat].[localhost].[/] - Initializing Spring DispatcherServlet 'dispatcherServlet'
2023-04-04 14:27:23 [http-nio-8888-exec-1] INFO  o.s.web.servlet.DispatcherServlet - Initializing Servlet 'dispatcherServlet'
2023-04-04 14:27:23 [http-nio-8888-exec-1] INFO  o.s.web.servlet.DispatcherServlet - Completed initialization in 9 ms
2023-04-04 14:27:27 [http-nio-8888-exec-2] INFO  o.s.c.c.s.e.NativeEnvironmentRepository - Adding property source: file:/tmp/config-repo-17852849697203644731/config-client-twitter_to_kafka.yml
2023-04-04 14:27:27 [http-nio-8888-exec-2] INFO  o.s.c.c.s.e.NativeEnvironmentRepository - Adding property source: file:/tmp/config-repo-17852849697203644731/config-client.yml
2023-04-04 14:28:49 [http-nio-8888-exec-6] INFO  o.s.c.c.s.e.NativeEnvironmentRepository - Adding property source: file:/tmp/config-repo-17852849697203644731/config-client.yml
2023-04-04 14:37:50 [SpringContextShutdownHook] INFO  o.s.s.c.ThreadPoolTaskExecutor - Shutting down ExecutorService 'applicationTaskExecutor'
