2023-04-14 09:24:15 [main] INFO  o.s.c.c.c.ConfigServicePropertySourceLocator - Fetching config from server at : http://config-server:8888
2023-04-14 09:24:16 [main] INFO  o.s.c.c.c.ConfigServicePropertySourceLocator - Located environment: name=kafka-to-elastic-service,config-client, profiles=[kafka_to_elastic], label=null, version=e6e8f12aae44e76276772f31efabfed0ef7b63b3, state=null
2023-04-14 09:24:16 [main] INFO  o.s.c.b.c.PropertySourceBootstrapConfiguration - Located property source: [BootstrapPropertySource {name='bootstrapProperties-configClient'}, BootstrapPropertySource {name='bootstrapProperties-https://github.com/software-dev2010/spring-cloud-config-server-repository/config-client-kafka_to_elastic.yml'}, BootstrapPropertySource {name='bootstrapProperties-https://github.com/software-dev2010/spring-cloud-config-server-repository/config-client.yml'}]
2023-04-14 09:24:16 [main] INFO  c.m.d.k.t.e.s.KafkaToElasticServiceApplication - The following profiles are active: kafka_to_elastic
2023-04-14 09:24:17 [main] INFO  o.s.d.r.c.RepositoryConfigurationDelegate - Bootstrapping Spring Data Elasticsearch repositories in DEFAULT mode.
2023-04-14 09:24:17 [main] INFO  o.s.d.r.c.RepositoryConfigurationDelegate - Finished Spring Data repository scanning in 219ms. Found 1 Elasticsearch repository interfaces.
2023-04-14 09:24:17 [main] INFO  o.s.d.r.c.RepositoryConfigurationDelegate - Bootstrapping Spring Data Reactive Elasticsearch repositories in DEFAULT mode.
2023-04-14 09:24:17 [main] INFO  o.s.d.r.c.RepositoryConfigurationDelegate - Finished Spring Data repository scanning in 11ms. Found 0 Reactive Elasticsearch repository interfaces.
2023-04-14 09:24:17 [main] INFO  o.s.cloud.context.scope.GenericScope - BeanFactory id=b101aa65-c189-3b94-a608-5d41220acfc9
2023-04-14 09:24:17 [main] INFO  o.s.c.s.PostProcessorRegistrationDelegate$BeanPostProcessorChecker - Bean 'org.springframework.retry.annotation.RetryConfiguration' of type [org.springframework.retry.annotation.RetryConfiguration$$EnhancerBySpringCGLIB$$49ddc986] is not eligible for getting processed by all BeanPostProcessors (for example: not eligible for auto-proxying)
2023-04-14 09:24:18 [main] INFO  o.a.k.c.admin.AdminClientConfig - AdminClientConfig values: 
	bootstrap.servers = [kafka-broker-1:9092, kafka-broker-2:9092, kafka-broker-3:9092]
	client.dns.lookup = default
	client.id = 
	connections.max.idle.ms = 300000
	default.api.timeout.ms = 60000
	metadata.max.age.ms = 300000
	metric.reporters = []
	metrics.num.samples = 2
	metrics.recording.level = INFO
	metrics.sample.window.ms = 30000
	receive.buffer.bytes = 65536
	reconnect.backoff.max.ms = 1000
	reconnect.backoff.ms = 50
	request.timeout.ms = 30000
	retries = 2147483647
	retry.backoff.ms = 100
	sasl.client.callback.handler.class = null
	sasl.jaas.config = null
	sasl.kerberos.kinit.cmd = /usr/bin/kinit
	sasl.kerberos.min.time.before.relogin = 60000
	sasl.kerberos.service.name = null
	sasl.kerberos.ticket.renew.jitter = 0.05
	sasl.kerberos.ticket.renew.window.factor = 0.8
	sasl.login.callback.handler.class = null
	sasl.login.class = null
	sasl.login.refresh.buffer.seconds = 300
	sasl.login.refresh.min.period.seconds = 60
	sasl.login.refresh.window.factor = 0.8
	sasl.login.refresh.window.jitter = 0.05
	sasl.mechanism = GSSAPI
	security.protocol = PLAINTEXT
	security.providers = null
	send.buffer.bytes = 131072
	ssl.cipher.suites = null
	ssl.enabled.protocols = [TLSv1.2]
	ssl.endpoint.identification.algorithm = https
	ssl.key.password = null
	ssl.keymanager.algorithm = SunX509
	ssl.keystore.location = null
	ssl.keystore.password = null
	ssl.keystore.type = JKS
	ssl.protocol = TLSv1.2
	ssl.provider = null
	ssl.secure.random.implementation = null
	ssl.trustmanager.algorithm = PKIX
	ssl.truststore.location = null
	ssl.truststore.password = null
	ssl.truststore.type = JKS

2023-04-14 09:24:18 [main] INFO  o.a.kafka.common.utils.AppInfoParser - Kafka version: 2.5.1
2023-04-14 09:24:18 [main] INFO  o.a.kafka.common.utils.AppInfoParser - Kafka commitId: 0efa8fb0f4c73d92
2023-04-14 09:24:18 [main] INFO  o.a.kafka.common.utils.AppInfoParser - Kafka startTimeMs: 1681464258297
2023-04-14 09:24:18 [main] WARN  o.s.data.convert.CustomConversions - Registering converter from class org.springframework.data.geo.Point to interface java.util.Map as writing converter although it doesn't convert to a store-supported type! You might want to check your annotation setup at the converter implementation.
2023-04-14 09:24:18 [main] WARN  o.s.data.convert.CustomConversions - Registering converter from interface java.util.Map to class org.springframework.data.geo.Point as reading converter although it doesn't convert from a store-supported type! You might want to check your annotation setup at the converter implementation.
2023-04-14 09:24:18 [main] WARN  o.s.data.convert.CustomConversions - Registering converter from class org.springframework.data.elasticsearch.core.geo.GeoPoint to interface java.util.Map as writing converter although it doesn't convert to a store-supported type! You might want to check your annotation setup at the converter implementation.
2023-04-14 09:24:18 [main] WARN  o.s.data.convert.CustomConversions - Registering converter from interface java.util.Map to class org.springframework.data.elasticsearch.core.geo.GeoPoint as reading converter although it doesn't convert from a store-supported type! You might want to check your annotation setup at the converter implementation.
2023-04-14 09:24:18 [main] WARN  o.s.data.convert.CustomConversions - Registering converter from class org.springframework.data.geo.Point to interface java.util.Map as writing converter although it doesn't convert to a store-supported type! You might want to check your annotation setup at the converter implementation.
2023-04-14 09:24:18 [main] WARN  o.s.data.convert.CustomConversions - Registering converter from interface java.util.Map to class org.springframework.data.geo.Point as reading converter although it doesn't convert from a store-supported type! You might want to check your annotation setup at the converter implementation.
2023-04-14 09:24:18 [main] WARN  o.s.data.convert.CustomConversions - Registering converter from class org.springframework.data.elasticsearch.core.geo.GeoPoint to interface java.util.Map as writing converter although it doesn't convert to a store-supported type! You might want to check your annotation setup at the converter implementation.
2023-04-14 09:24:18 [main] WARN  o.s.data.convert.CustomConversions - Registering converter from interface java.util.Map to class org.springframework.data.elasticsearch.core.geo.GeoPoint as reading converter although it doesn't convert from a store-supported type! You might want to check your annotation setup at the converter implementation.
2023-04-14 09:24:19 [main] WARN  org.elasticsearch.client.RestClient - request [GET http://elastic-1:9200/] returned 1 warnings: [299 Elasticsearch-7.13.2-4d960a0733be83dd2543ca018aa4ddc42e956800 "Elasticsearch built-in security features are not enabled. Without authentication, your cluster could be accessible to anyone. See https://www.elastic.co/guide/en/elasticsearch/reference/7.13/security-minimal-setup.html to enable security."]
2023-04-14 09:24:19 [main] INFO  o.s.d.e.support.VersionInfo - Version Spring Data Elasticsearch: 4.0.4.RELEASE
2023-04-14 09:24:19 [main] INFO  o.s.d.e.support.VersionInfo - Version Elasticsearch Client in build: 7.6.2
2023-04-14 09:24:19 [main] INFO  o.s.d.e.support.VersionInfo - Version Elasticsearch Client used: 7.13.2
2023-04-14 09:24:19 [main] WARN  o.s.d.e.support.VersionInfo - Version mismatch in between Elasticsearch Clients build/use: 7.6.2 - 7.13.2
2023-04-14 09:24:19 [main] INFO  o.s.d.e.support.VersionInfo - Version Elasticsearch cluster: 7.13.2
2023-04-14 09:24:19 [main] WARN  org.elasticsearch.client.RestClient - request [HEAD http://elastic-1:9200/twitter-index?ignore_throttled=false&ignore_unavailable=false&expand_wildcards=open%2Cclosed&allow_no_indices=false] returned 1 warnings: [299 Elasticsearch-7.13.2-4d960a0733be83dd2543ca018aa4ddc42e956800 "Elasticsearch built-in security features are not enabled. Without authentication, your cluster could be accessible to anyone. See https://www.elastic.co/guide/en/elasticsearch/reference/7.13/security-minimal-setup.html to enable security."]
2023-04-14 09:24:19 [main] INFO  o.s.b.a.s.r.ReactiveUserDetailsServiceAutoConfiguration - 

Using generated security password: cd6c477f-c06f-4f52-bb0b-0946cd41173b

2023-04-14 09:24:20 [main] INFO  o.s.b.w.e.netty.NettyWebServer - Netty started on port(s): 8182
2023-04-14 09:24:20 [main] INFO  c.m.d.k.t.e.s.KafkaToElasticServiceApplication - Started KafkaToElasticServiceApplication in 5.974 seconds (JVM running for 6.83)
2023-04-14 09:24:20 [main] INFO  c.m.d.k.a.client.KafkaAdminClient - Reading kafka topic [twitter-topic], attempt 0
2023-04-14 09:24:20 [main] INFO  c.m.d.k.t.e.s.c.i.TwitterKafkaConsumer - Topics with name twitter-topic is ready for operations!
2023-04-14 09:24:20 [main] INFO  o.a.k.c.consumer.ConsumerConfig - ConsumerConfig values: 
	allow.auto.create.topics = true
	auto.commit.interval.ms = 5000
	auto.offset.reset = earliest
	bootstrap.servers = [kafka-broker-1:9092, kafka-broker-2:9092, kafka-broker-3:9092]
	check.crcs = true
	client.dns.lookup = default
	client.id = 
	client.rack = 
	connections.max.idle.ms = 540000
	default.api.timeout.ms = 60000
	enable.auto.commit = false
	exclude.internal.topics = true
	fetch.max.bytes = 52428800
	fetch.max.wait.ms = 500
	fetch.min.bytes = 1
	group.id = twitter-topic-consumer
	group.instance.id = null
	heartbeat.interval.ms = 3000
	interceptor.classes = []
	internal.leave.group.on.close = true
	isolation.level = read_uncommitted
	key.deserializer = class org.apache.kafka.common.serialization.LongDeserializer
	max.partition.fetch.bytes = 1048576
	max.poll.interval.ms = 300000
	max.poll.records = 500
	metadata.max.age.ms = 300000
	metric.reporters = []
	metrics.num.samples = 2
	metrics.recording.level = INFO
	metrics.sample.window.ms = 30000
	partition.assignment.strategy = [class org.apache.kafka.clients.consumer.RangeAssignor]
	receive.buffer.bytes = 65536
	reconnect.backoff.max.ms = 1000
	reconnect.backoff.ms = 50
	request.timeout.ms = 30000
	retry.backoff.ms = 100
	sasl.client.callback.handler.class = null
	sasl.jaas.config = null
	sasl.kerberos.kinit.cmd = /usr/bin/kinit
	sasl.kerberos.min.time.before.relogin = 60000
	sasl.kerberos.service.name = null
	sasl.kerberos.ticket.renew.jitter = 0.05
	sasl.kerberos.ticket.renew.window.factor = 0.8
	sasl.login.callback.handler.class = null
	sasl.login.class = null
	sasl.login.refresh.buffer.seconds = 300
	sasl.login.refresh.min.period.seconds = 60
	sasl.login.refresh.window.factor = 0.8
	sasl.login.refresh.window.jitter = 0.05
	sasl.mechanism = GSSAPI
	security.protocol = PLAINTEXT
	security.providers = null
	send.buffer.bytes = 131072
	session.timeout.ms = 10000
	ssl.cipher.suites = null
	ssl.enabled.protocols = [TLSv1.2]
	ssl.endpoint.identification.algorithm = https
	ssl.key.password = null
	ssl.keymanager.algorithm = SunX509
	ssl.keystore.location = null
	ssl.keystore.password = null
	ssl.keystore.type = JKS
	ssl.protocol = TLSv1.2
	ssl.provider = null
	ssl.secure.random.implementation = null
	ssl.trustmanager.algorithm = PKIX
	ssl.truststore.location = null
	ssl.truststore.password = null
	ssl.truststore.type = JKS
	value.deserializer = class io.confluent.kafka.serializers.KafkaAvroDeserializer

2023-04-14 09:24:20 [main] INFO  i.c.k.s.KafkaAvroDeserializerConfig - KafkaAvroDeserializerConfig values: 
	bearer.auth.token = [hidden]
	proxy.port = -1
	schema.reflection = false
	auto.register.schemas = true
	max.schemas.per.subject = 1000
	basic.auth.credentials.source = URL
	specific.avro.reader = true
	value.subject.name.strategy = class io.confluent.kafka.serializers.subject.TopicNameStrategy
	schema.registry.url = [http://schema-registry:8081]
	basic.auth.user.info = [hidden]
	proxy.host = 
	use.latest.version = false
	schema.registry.basic.auth.user.info = [hidden]
	bearer.auth.credentials.source = STATIC_TOKEN
	key.subject.name.strategy = class io.confluent.kafka.serializers.subject.TopicNameStrategy

2023-04-14 09:24:20 [main] INFO  o.a.kafka.common.utils.AppInfoParser - Kafka version: 2.5.1
2023-04-14 09:24:20 [main] INFO  o.a.kafka.common.utils.AppInfoParser - Kafka commitId: 0efa8fb0f4c73d92
2023-04-14 09:24:20 [main] INFO  o.a.kafka.common.utils.AppInfoParser - Kafka startTimeMs: 1681464260648
2023-04-14 09:24:20 [main] INFO  o.a.k.clients.consumer.KafkaConsumer - [Consumer clientId=consumer-twitter-topic-consumer-1, groupId=twitter-topic-consumer] Subscribed to topic(s): twitter-topic
2023-04-14 09:24:20 [main] INFO  o.s.s.c.ThreadPoolTaskScheduler - Initializing ExecutorService
2023-04-14 09:24:20 [main] INFO  o.a.k.c.consumer.ConsumerConfig - ConsumerConfig values: 
	allow.auto.create.topics = true
	auto.commit.interval.ms = 5000
	auto.offset.reset = earliest
	bootstrap.servers = [kafka-broker-1:9092, kafka-broker-2:9092, kafka-broker-3:9092]
	check.crcs = true
	client.dns.lookup = default
	client.id = 
	client.rack = 
	connections.max.idle.ms = 540000
	default.api.timeout.ms = 60000
	enable.auto.commit = false
	exclude.internal.topics = true
	fetch.max.bytes = 52428800
	fetch.max.wait.ms = 500
	fetch.min.bytes = 1
	group.id = twitter-topic-consumer
	group.instance.id = null
	heartbeat.interval.ms = 3000
	interceptor.classes = []
	internal.leave.group.on.close = true
	isolation.level = read_uncommitted
	key.deserializer = class org.apache.kafka.common.serialization.LongDeserializer
	max.partition.fetch.bytes = 1048576
	max.poll.interval.ms = 300000
	max.poll.records = 500
	metadata.max.age.ms = 300000
	metric.reporters = []
	metrics.num.samples = 2
	metrics.recording.level = INFO
	metrics.sample.window.ms = 30000
	partition.assignment.strategy = [class org.apache.kafka.clients.consumer.RangeAssignor]
	receive.buffer.bytes = 65536
	reconnect.backoff.max.ms = 1000
	reconnect.backoff.ms = 50
	request.timeout.ms = 30000
	retry.backoff.ms = 100
	sasl.client.callback.handler.class = null
	sasl.jaas.config = null
	sasl.kerberos.kinit.cmd = /usr/bin/kinit
	sasl.kerberos.min.time.before.relogin = 60000
	sasl.kerberos.service.name = null
	sasl.kerberos.ticket.renew.jitter = 0.05
	sasl.kerberos.ticket.renew.window.factor = 0.8
	sasl.login.callback.handler.class = null
	sasl.login.class = null
	sasl.login.refresh.buffer.seconds = 300
	sasl.login.refresh.min.period.seconds = 60
	sasl.login.refresh.window.factor = 0.8
	sasl.login.refresh.window.jitter = 0.05
	sasl.mechanism = GSSAPI
	security.protocol = PLAINTEXT
	security.providers = null
	send.buffer.bytes = 131072
	session.timeout.ms = 10000
	ssl.cipher.suites = null
	ssl.enabled.protocols = [TLSv1.2]
	ssl.endpoint.identification.algorithm = https
	ssl.key.password = null
	ssl.keymanager.algorithm = SunX509
	ssl.keystore.location = null
	ssl.keystore.password = null
	ssl.keystore.type = JKS
	ssl.protocol = TLSv1.2
	ssl.provider = null
	ssl.secure.random.implementation = null
	ssl.trustmanager.algorithm = PKIX
	ssl.truststore.location = null
	ssl.truststore.password = null
	ssl.truststore.type = JKS
	value.deserializer = class io.confluent.kafka.serializers.KafkaAvroDeserializer

2023-04-14 09:24:20 [main] INFO  i.c.k.s.KafkaAvroDeserializerConfig - KafkaAvroDeserializerConfig values: 
	bearer.auth.token = [hidden]
	proxy.port = -1
	schema.reflection = false
	auto.register.schemas = true
	max.schemas.per.subject = 1000
	basic.auth.credentials.source = URL
	specific.avro.reader = true
	value.subject.name.strategy = class io.confluent.kafka.serializers.subject.TopicNameStrategy
	schema.registry.url = [http://schema-registry:8081]
	basic.auth.user.info = [hidden]
	proxy.host = 
	use.latest.version = false
	schema.registry.basic.auth.user.info = [hidden]
	bearer.auth.credentials.source = STATIC_TOKEN
	key.subject.name.strategy = class io.confluent.kafka.serializers.subject.TopicNameStrategy

2023-04-14 09:24:20 [main] INFO  o.a.kafka.common.utils.AppInfoParser - Kafka version: 2.5.1
2023-04-14 09:24:20 [main] INFO  o.a.kafka.common.utils.AppInfoParser - Kafka commitId: 0efa8fb0f4c73d92
2023-04-14 09:24:20 [main] INFO  o.a.kafka.common.utils.AppInfoParser - Kafka startTimeMs: 1681464260690
2023-04-14 09:24:20 [main] INFO  o.a.k.clients.consumer.KafkaConsumer - [Consumer clientId=consumer-twitter-topic-consumer-2, groupId=twitter-topic-consumer] Subscribed to topic(s): twitter-topic
2023-04-14 09:24:20 [main] INFO  o.s.s.c.ThreadPoolTaskScheduler - Initializing ExecutorService
2023-04-14 09:24:20 [main] INFO  o.a.k.c.consumer.ConsumerConfig - ConsumerConfig values: 
	allow.auto.create.topics = true
	auto.commit.interval.ms = 5000
	auto.offset.reset = earliest
	bootstrap.servers = [kafka-broker-1:9092, kafka-broker-2:9092, kafka-broker-3:9092]
	check.crcs = true
	client.dns.lookup = default
	client.id = 
	client.rack = 
	connections.max.idle.ms = 540000
	default.api.timeout.ms = 60000
	enable.auto.commit = false
	exclude.internal.topics = true
	fetch.max.bytes = 52428800
	fetch.max.wait.ms = 500
	fetch.min.bytes = 1
	group.id = twitter-topic-consumer
	group.instance.id = null
	heartbeat.interval.ms = 3000
	interceptor.classes = []
	internal.leave.group.on.close = true
	isolation.level = read_uncommitted
	key.deserializer = class org.apache.kafka.common.serialization.LongDeserializer
	max.partition.fetch.bytes = 1048576
	max.poll.interval.ms = 300000
	max.poll.records = 500
	metadata.max.age.ms = 300000
	metric.reporters = []
	metrics.num.samples = 2
	metrics.recording.level = INFO
	metrics.sample.window.ms = 30000
	partition.assignment.strategy = [class org.apache.kafka.clients.consumer.RangeAssignor]
	receive.buffer.bytes = 65536
	reconnect.backoff.max.ms = 1000
	reconnect.backoff.ms = 50
	request.timeout.ms = 30000
	retry.backoff.ms = 100
	sasl.client.callback.handler.class = null
	sasl.jaas.config = null
	sasl.kerberos.kinit.cmd = /usr/bin/kinit
	sasl.kerberos.min.time.before.relogin = 60000
	sasl.kerberos.service.name = null
	sasl.kerberos.ticket.renew.jitter = 0.05
	sasl.kerberos.ticket.renew.window.factor = 0.8
	sasl.login.callback.handler.class = null
	sasl.login.class = null
	sasl.login.refresh.buffer.seconds = 300
	sasl.login.refresh.min.period.seconds = 60
	sasl.login.refresh.window.factor = 0.8
	sasl.login.refresh.window.jitter = 0.05
	sasl.mechanism = GSSAPI
	security.protocol = PLAINTEXT
	security.providers = null
	send.buffer.bytes = 131072
	session.timeout.ms = 10000
	ssl.cipher.suites = null
	ssl.enabled.protocols = [TLSv1.2]
	ssl.endpoint.identification.algorithm = https
	ssl.key.password = null
	ssl.keymanager.algorithm = SunX509
	ssl.keystore.location = null
	ssl.keystore.password = null
	ssl.keystore.type = JKS
	ssl.protocol = TLSv1.2
	ssl.provider = null
	ssl.secure.random.implementation = null
	ssl.trustmanager.algorithm = PKIX
	ssl.truststore.location = null
	ssl.truststore.password = null
	ssl.truststore.type = JKS
	value.deserializer = class io.confluent.kafka.serializers.KafkaAvroDeserializer

2023-04-14 09:24:20 [main] INFO  i.c.k.s.KafkaAvroDeserializerConfig - KafkaAvroDeserializerConfig values: 
	bearer.auth.token = [hidden]
	proxy.port = -1
	schema.reflection = false
	auto.register.schemas = true
	max.schemas.per.subject = 1000
	basic.auth.credentials.source = URL
	specific.avro.reader = true
	value.subject.name.strategy = class io.confluent.kafka.serializers.subject.TopicNameStrategy
	schema.registry.url = [http://schema-registry:8081]
	basic.auth.user.info = [hidden]
	proxy.host = 
	use.latest.version = false
	schema.registry.basic.auth.user.info = [hidden]
	bearer.auth.credentials.source = STATIC_TOKEN
	key.subject.name.strategy = class io.confluent.kafka.serializers.subject.TopicNameStrategy

2023-04-14 09:24:20 [twitter-topic-consumer-0-C-1] INFO  org.apache.kafka.clients.Metadata - [Consumer clientId=consumer-twitter-topic-consumer-1, groupId=twitter-topic-consumer] Cluster ID: l00QKfwISb-U4zgLnnSVvw
2023-04-14 09:24:20 [twitter-topic-consumer-1-C-1] INFO  org.apache.kafka.clients.Metadata - [Consumer clientId=consumer-twitter-topic-consumer-2, groupId=twitter-topic-consumer] Cluster ID: l00QKfwISb-U4zgLnnSVvw
2023-04-14 09:24:20 [main] INFO  o.a.kafka.common.utils.AppInfoParser - Kafka version: 2.5.1
2023-04-14 09:24:20 [main] INFO  o.a.kafka.common.utils.AppInfoParser - Kafka commitId: 0efa8fb0f4c73d92
2023-04-14 09:24:20 [main] INFO  o.a.kafka.common.utils.AppInfoParser - Kafka startTimeMs: 1681464260726
2023-04-14 09:24:20 [main] INFO  o.a.k.clients.consumer.KafkaConsumer - [Consumer clientId=consumer-twitter-topic-consumer-3, groupId=twitter-topic-consumer] Subscribed to topic(s): twitter-topic
2023-04-14 09:24:20 [main] INFO  o.s.s.c.ThreadPoolTaskScheduler - Initializing ExecutorService
2023-04-14 09:24:20 [twitter-topic-consumer-2-C-1] INFO  org.apache.kafka.clients.Metadata - [Consumer clientId=consumer-twitter-topic-consumer-3, groupId=twitter-topic-consumer] Cluster ID: l00QKfwISb-U4zgLnnSVvw
2023-04-14 09:24:22 [twitter-topic-consumer-1-C-1] INFO  o.a.k.c.c.i.AbstractCoordinator - [Consumer clientId=consumer-twitter-topic-consumer-2, groupId=twitter-topic-consumer] Discovered group coordinator kafka-broker-3:9092 (id: 2147483644 rack: null)
2023-04-14 09:24:22 [twitter-topic-consumer-1-C-1] INFO  o.a.k.c.c.i.AbstractCoordinator - [Consumer clientId=consumer-twitter-topic-consumer-2, groupId=twitter-topic-consumer] (Re-)joining group
2023-04-14 09:24:22 [twitter-topic-consumer-2-C-1] INFO  o.a.k.c.c.i.AbstractCoordinator - [Consumer clientId=consumer-twitter-topic-consumer-3, groupId=twitter-topic-consumer] Discovered group coordinator kafka-broker-3:9092 (id: 2147483644 rack: null)
2023-04-14 09:24:22 [twitter-topic-consumer-2-C-1] INFO  o.a.k.c.c.i.AbstractCoordinator - [Consumer clientId=consumer-twitter-topic-consumer-3, groupId=twitter-topic-consumer] (Re-)joining group
2023-04-14 09:24:22 [twitter-topic-consumer-0-C-1] INFO  o.a.k.c.c.i.AbstractCoordinator - [Consumer clientId=consumer-twitter-topic-consumer-1, groupId=twitter-topic-consumer] Discovered group coordinator kafka-broker-3:9092 (id: 2147483644 rack: null)
2023-04-14 09:24:22 [twitter-topic-consumer-0-C-1] INFO  o.a.k.c.c.i.AbstractCoordinator - [Consumer clientId=consumer-twitter-topic-consumer-1, groupId=twitter-topic-consumer] (Re-)joining group
2023-04-14 09:24:28 [twitter-topic-consumer-2-C-1] INFO  o.a.k.c.c.i.ConsumerCoordinator - [Consumer clientId=consumer-twitter-topic-consumer-3, groupId=twitter-topic-consumer] Finished assignment for group at generation 1: {consumer-twitter-topic-consumer-2-b75fe763-2249-49dc-b232-991bb531e625=Assignment(partitions=[twitter-topic-1]), consumer-twitter-topic-consumer-1-e5eaa41c-2d14-453d-a280-cb6855c611a4=Assignment(partitions=[twitter-topic-0]), consumer-twitter-topic-consumer-3-f50d1d98-3bf9-485b-970a-c97ef1721689=Assignment(partitions=[twitter-topic-2])}
2023-04-14 09:24:28 [twitter-topic-consumer-0-C-1] INFO  o.a.k.c.c.i.AbstractCoordinator - [Consumer clientId=consumer-twitter-topic-consumer-1, groupId=twitter-topic-consumer] Successfully joined group with generation 1
2023-04-14 09:24:28 [twitter-topic-consumer-1-C-1] INFO  o.a.k.c.c.i.AbstractCoordinator - [Consumer clientId=consumer-twitter-topic-consumer-2, groupId=twitter-topic-consumer] Successfully joined group with generation 1
2023-04-14 09:24:28 [twitter-topic-consumer-2-C-1] INFO  o.a.k.c.c.i.AbstractCoordinator - [Consumer clientId=consumer-twitter-topic-consumer-3, groupId=twitter-topic-consumer] Successfully joined group with generation 1
2023-04-14 09:24:28 [twitter-topic-consumer-2-C-1] INFO  o.a.k.c.c.i.ConsumerCoordinator - [Consumer clientId=consumer-twitter-topic-consumer-3, groupId=twitter-topic-consumer] Adding newly assigned partitions: twitter-topic-2
2023-04-14 09:24:28 [twitter-topic-consumer-0-C-1] INFO  o.a.k.c.c.i.ConsumerCoordinator - [Consumer clientId=consumer-twitter-topic-consumer-1, groupId=twitter-topic-consumer] Adding newly assigned partitions: twitter-topic-0
2023-04-14 09:24:28 [twitter-topic-consumer-1-C-1] INFO  o.a.k.c.c.i.ConsumerCoordinator - [Consumer clientId=consumer-twitter-topic-consumer-2, groupId=twitter-topic-consumer] Adding newly assigned partitions: twitter-topic-1
2023-04-14 09:24:28 [twitter-topic-consumer-2-C-1] INFO  o.a.k.c.c.i.ConsumerCoordinator - [Consumer clientId=consumer-twitter-topic-consumer-3, groupId=twitter-topic-consumer] Found no committed offset for partition twitter-topic-2
2023-04-14 09:24:28 [twitter-topic-consumer-1-C-1] INFO  o.a.k.c.c.i.ConsumerCoordinator - [Consumer clientId=consumer-twitter-topic-consumer-2, groupId=twitter-topic-consumer] Found no committed offset for partition twitter-topic-1
2023-04-14 09:24:28 [twitter-topic-consumer-0-C-1] INFO  o.a.k.c.c.i.ConsumerCoordinator - [Consumer clientId=consumer-twitter-topic-consumer-1, groupId=twitter-topic-consumer] Found no committed offset for partition twitter-topic-0
2023-04-14 09:24:28 [twitter-topic-consumer-1-C-1] INFO  o.a.k.c.c.i.SubscriptionState - [Consumer clientId=consumer-twitter-topic-consumer-2, groupId=twitter-topic-consumer] Resetting offset for partition twitter-topic-1 to offset 0.
2023-04-14 09:24:28 [twitter-topic-consumer-1-C-1] INFO  o.s.k.l.KafkaMessageListenerContainer - twitter-topic-consumer: partitions assigned: [twitter-topic-1]
2023-04-14 09:24:28 [twitter-topic-consumer-0-C-1] INFO  o.a.k.c.c.i.SubscriptionState - [Consumer clientId=consumer-twitter-topic-consumer-1, groupId=twitter-topic-consumer] Resetting offset for partition twitter-topic-0 to offset 0.
2023-04-14 09:24:28 [twitter-topic-consumer-2-C-1] INFO  o.a.k.c.c.i.SubscriptionState - [Consumer clientId=consumer-twitter-topic-consumer-3, groupId=twitter-topic-consumer] Resetting offset for partition twitter-topic-2 to offset 0.
2023-04-14 09:24:28 [twitter-topic-consumer-0-C-1] INFO  o.s.k.l.KafkaMessageListenerContainer - twitter-topic-consumer: partitions assigned: [twitter-topic-0]
2023-04-14 09:24:28 [twitter-topic-consumer-2-C-1] INFO  o.s.k.l.KafkaMessageListenerContainer - twitter-topic-consumer: partitions assigned: [twitter-topic-2]
2023-04-14 09:24:28 [twitter-topic-consumer-0-C-1] INFO  c.m.d.k.t.e.s.c.i.TwitterKafkaConsumer - 1 number of message received with keys [4011217522639337570], partitions [0] and offsets [0], sending it to elastic: Thread id 51
2023-04-14 09:24:28 [twitter-topic-consumer-2-C-1] INFO  c.m.d.k.t.e.s.c.i.TwitterKafkaConsumer - 1 number of message received with keys [6649695591157686026], partitions [2] and offsets [0], sending it to elastic: Thread id 55
2023-04-14 09:24:29 [twitter-topic-consumer-2-C-1] WARN  org.elasticsearch.client.RestClient - request [POST http://elastic-1:9200/_bulk?timeout=1m] returned 1 warnings: [299 Elasticsearch-7.13.2-4d960a0733be83dd2543ca018aa4ddc42e956800 "Elasticsearch built-in security features are not enabled. Without authentication, your cluster could be accessible to anyone. See https://www.elastic.co/guide/en/elasticsearch/reference/7.13/security-minimal-setup.html to enable security."]
2023-04-14 09:24:29 [twitter-topic-consumer-0-C-1] WARN  org.elasticsearch.client.RestClient - request [POST http://elastic-1:9200/_bulk?timeout=1m] returned 1 warnings: [299 Elasticsearch-7.13.2-4d960a0733be83dd2543ca018aa4ddc42e956800 "Elasticsearch built-in security features are not enabled. Without authentication, your cluster could be accessible to anyone. See https://www.elastic.co/guide/en/elasticsearch/reference/7.13/security-minimal-setup.html to enable security."]
2023-04-14 09:24:29 [twitter-topic-consumer-2-C-1] INFO  c.m.d.e.i.c.s.i.TwitterElasticIndexClient - Documents indexed successfully with type: com.microservices.demo.elastic.model.index.impl.TwitterIndexModel and ids: [5373731182376744191]
2023-04-14 09:24:29 [twitter-topic-consumer-0-C-1] INFO  c.m.d.e.i.c.s.i.TwitterElasticIndexClient - Documents indexed successfully with type: com.microservices.demo.elastic.model.index.impl.TwitterIndexModel and ids: [2769664900051457365]
2023-04-14 09:24:29 [twitter-topic-consumer-2-C-1] INFO  c.m.d.k.t.e.s.c.i.TwitterKafkaConsumer - Documents saved to elasticsearch with ids 5373731182376744191
2023-04-14 09:24:29 [twitter-topic-consumer-0-C-1] INFO  c.m.d.k.t.e.s.c.i.TwitterKafkaConsumer - Documents saved to elasticsearch with ids 2769664900051457365
2023-04-14 09:24:33 [twitter-topic-consumer-2-C-1] INFO  c.m.d.k.t.e.s.c.i.TwitterKafkaConsumer - 1 number of message received with keys [3246580975548279158], partitions [2] and offsets [1], sending it to elastic: Thread id 55
2023-04-14 09:24:33 [twitter-topic-consumer-2-C-1] WARN  org.elasticsearch.client.RestClient - request [POST http://elastic-1:9200/_bulk?timeout=1m] returned 1 warnings: [299 Elasticsearch-7.13.2-4d960a0733be83dd2543ca018aa4ddc42e956800 "Elasticsearch built-in security features are not enabled. Without authentication, your cluster could be accessible to anyone. See https://www.elastic.co/guide/en/elasticsearch/reference/7.13/security-minimal-setup.html to enable security."]
2023-04-14 09:24:33 [twitter-topic-consumer-2-C-1] INFO  c.m.d.e.i.c.s.i.TwitterElasticIndexClient - Documents indexed successfully with type: com.microservices.demo.elastic.model.index.impl.TwitterIndexModel and ids: [5431340448965943993]
2023-04-14 09:24:33 [twitter-topic-consumer-2-C-1] INFO  c.m.d.k.t.e.s.c.i.TwitterKafkaConsumer - Documents saved to elasticsearch with ids 5431340448965943993
2023-04-14 09:24:43 [twitter-topic-consumer-2-C-1] INFO  c.m.d.k.t.e.s.c.i.TwitterKafkaConsumer - 1 number of message received with keys [5236947940730721354], partitions [2] and offsets [2], sending it to elastic: Thread id 55
2023-04-14 09:24:43 [twitter-topic-consumer-2-C-1] WARN  org.elasticsearch.client.RestClient - request [POST http://elastic-1:9200/_bulk?timeout=1m] returned 1 warnings: [299 Elasticsearch-7.13.2-4d960a0733be83dd2543ca018aa4ddc42e956800 "Elasticsearch built-in security features are not enabled. Without authentication, your cluster could be accessible to anyone. See https://www.elastic.co/guide/en/elasticsearch/reference/7.13/security-minimal-setup.html to enable security."]
2023-04-14 09:24:43 [twitter-topic-consumer-2-C-1] INFO  c.m.d.e.i.c.s.i.TwitterElasticIndexClient - Documents indexed successfully with type: com.microservices.demo.elastic.model.index.impl.TwitterIndexModel and ids: [7254212245308202066]
2023-04-14 09:24:43 [twitter-topic-consumer-2-C-1] INFO  c.m.d.k.t.e.s.c.i.TwitterKafkaConsumer - Documents saved to elasticsearch with ids 7254212245308202066
2023-04-14 09:24:53 [twitter-topic-consumer-2-C-1] INFO  c.m.d.k.t.e.s.c.i.TwitterKafkaConsumer - 1 number of message received with keys [3111466906094418844], partitions [2] and offsets [3], sending it to elastic: Thread id 55
2023-04-14 09:24:53 [twitter-topic-consumer-2-C-1] WARN  org.elasticsearch.client.RestClient - request [POST http://elastic-1:9200/_bulk?timeout=1m] returned 1 warnings: [299 Elasticsearch-7.13.2-4d960a0733be83dd2543ca018aa4ddc42e956800 "Elasticsearch built-in security features are not enabled. Without authentication, your cluster could be accessible to anyone. See https://www.elastic.co/guide/en/elasticsearch/reference/7.13/security-minimal-setup.html to enable security."]
2023-04-14 09:24:53 [twitter-topic-consumer-2-C-1] INFO  c.m.d.e.i.c.s.i.TwitterElasticIndexClient - Documents indexed successfully with type: com.microservices.demo.elastic.model.index.impl.TwitterIndexModel and ids: [9168930096366205428]
2023-04-14 09:24:53 [twitter-topic-consumer-2-C-1] INFO  c.m.d.k.t.e.s.c.i.TwitterKafkaConsumer - Documents saved to elasticsearch with ids 9168930096366205428
2023-04-14 09:25:03 [twitter-topic-consumer-1-C-1] INFO  c.m.d.k.t.e.s.c.i.TwitterKafkaConsumer - 1 number of message received with keys [140076541277787648], partitions [1] and offsets [0], sending it to elastic: Thread id 53
2023-04-14 09:25:03 [twitter-topic-consumer-1-C-1] WARN  org.elasticsearch.client.RestClient - request [POST http://elastic-1:9200/_bulk?timeout=1m] returned 1 warnings: [299 Elasticsearch-7.13.2-4d960a0733be83dd2543ca018aa4ddc42e956800 "Elasticsearch built-in security features are not enabled. Without authentication, your cluster could be accessible to anyone. See https://www.elastic.co/guide/en/elasticsearch/reference/7.13/security-minimal-setup.html to enable security."]
2023-04-14 09:25:03 [twitter-topic-consumer-1-C-1] INFO  c.m.d.e.i.c.s.i.TwitterElasticIndexClient - Documents indexed successfully with type: com.microservices.demo.elastic.model.index.impl.TwitterIndexModel and ids: [5822999819532497003]
2023-04-14 09:25:03 [twitter-topic-consumer-1-C-1] INFO  c.m.d.k.t.e.s.c.i.TwitterKafkaConsumer - Documents saved to elasticsearch with ids 5822999819532497003
2023-04-14 09:25:13 [twitter-topic-consumer-1-C-1] INFO  c.m.d.k.t.e.s.c.i.TwitterKafkaConsumer - 1 number of message received with keys [8964240701112393235], partitions [1] and offsets [1], sending it to elastic: Thread id 53
2023-04-14 09:25:13 [twitter-topic-consumer-1-C-1] WARN  org.elasticsearch.client.RestClient - request [POST http://elastic-1:9200/_bulk?timeout=1m] returned 1 warnings: [299 Elasticsearch-7.13.2-4d960a0733be83dd2543ca018aa4ddc42e956800 "Elasticsearch built-in security features are not enabled. Without authentication, your cluster could be accessible to anyone. See https://www.elastic.co/guide/en/elasticsearch/reference/7.13/security-minimal-setup.html to enable security."]
2023-04-14 09:25:13 [twitter-topic-consumer-1-C-1] INFO  c.m.d.e.i.c.s.i.TwitterElasticIndexClient - Documents indexed successfully with type: com.microservices.demo.elastic.model.index.impl.TwitterIndexModel and ids: [8957331915682731886]
2023-04-14 09:25:13 [twitter-topic-consumer-1-C-1] INFO  c.m.d.k.t.e.s.c.i.TwitterKafkaConsumer - Documents saved to elasticsearch with ids 8957331915682731886
2023-04-14 09:25:23 [twitter-topic-consumer-1-C-1] INFO  c.m.d.k.t.e.s.c.i.TwitterKafkaConsumer - 1 number of message received with keys [2227576371934391279], partitions [1] and offsets [2], sending it to elastic: Thread id 53
2023-04-14 09:25:23 [twitter-topic-consumer-1-C-1] WARN  org.elasticsearch.client.RestClient - request [POST http://elastic-1:9200/_bulk?timeout=1m] returned 1 warnings: [299 Elasticsearch-7.13.2-4d960a0733be83dd2543ca018aa4ddc42e956800 "Elasticsearch built-in security features are not enabled. Without authentication, your cluster could be accessible to anyone. See https://www.elastic.co/guide/en/elasticsearch/reference/7.13/security-minimal-setup.html to enable security."]
2023-04-14 09:25:23 [twitter-topic-consumer-1-C-1] INFO  c.m.d.e.i.c.s.i.TwitterElasticIndexClient - Documents indexed successfully with type: com.microservices.demo.elastic.model.index.impl.TwitterIndexModel and ids: [1427323307130950368]
2023-04-14 09:25:23 [twitter-topic-consumer-1-C-1] INFO  c.m.d.k.t.e.s.c.i.TwitterKafkaConsumer - Documents saved to elasticsearch with ids 1427323307130950368
2023-04-14 09:25:33 [twitter-topic-consumer-0-C-1] INFO  c.m.d.k.t.e.s.c.i.TwitterKafkaConsumer - 1 number of message received with keys [6365278698750798843], partitions [0] and offsets [1], sending it to elastic: Thread id 51
2023-04-14 09:25:33 [twitter-topic-consumer-0-C-1] WARN  org.elasticsearch.client.RestClient - request [POST http://elastic-1:9200/_bulk?timeout=1m] returned 1 warnings: [299 Elasticsearch-7.13.2-4d960a0733be83dd2543ca018aa4ddc42e956800 "Elasticsearch built-in security features are not enabled. Without authentication, your cluster could be accessible to anyone. See https://www.elastic.co/guide/en/elasticsearch/reference/7.13/security-minimal-setup.html to enable security."]
2023-04-14 09:25:33 [twitter-topic-consumer-0-C-1] INFO  c.m.d.e.i.c.s.i.TwitterElasticIndexClient - Documents indexed successfully with type: com.microservices.demo.elastic.model.index.impl.TwitterIndexModel and ids: [1875266051450823421]
2023-04-14 09:25:33 [twitter-topic-consumer-0-C-1] INFO  c.m.d.k.t.e.s.c.i.TwitterKafkaConsumer - Documents saved to elasticsearch with ids 1875266051450823421
2023-04-14 09:25:43 [twitter-topic-consumer-0-C-1] INFO  c.m.d.k.t.e.s.c.i.TwitterKafkaConsumer - 1 number of message received with keys [8652877090461115276], partitions [0] and offsets [2], sending it to elastic: Thread id 51
2023-04-14 09:25:43 [twitter-topic-consumer-0-C-1] WARN  org.elasticsearch.client.RestClient - request [POST http://elastic-1:9200/_bulk?timeout=1m] returned 1 warnings: [299 Elasticsearch-7.13.2-4d960a0733be83dd2543ca018aa4ddc42e956800 "Elasticsearch built-in security features are not enabled. Without authentication, your cluster could be accessible to anyone. See https://www.elastic.co/guide/en/elasticsearch/reference/7.13/security-minimal-setup.html to enable security."]
2023-04-14 09:25:43 [twitter-topic-consumer-0-C-1] INFO  c.m.d.e.i.c.s.i.TwitterElasticIndexClient - Documents indexed successfully with type: com.microservices.demo.elastic.model.index.impl.TwitterIndexModel and ids: [1561705314649624766]
2023-04-14 09:25:43 [twitter-topic-consumer-0-C-1] INFO  c.m.d.k.t.e.s.c.i.TwitterKafkaConsumer - Documents saved to elasticsearch with ids 1561705314649624766
2023-04-14 09:25:53 [twitter-topic-consumer-1-C-1] INFO  c.m.d.k.t.e.s.c.i.TwitterKafkaConsumer - 1 number of message received with keys [2485914905769931390], partitions [1] and offsets [3], sending it to elastic: Thread id 53
2023-04-14 09:25:53 [twitter-topic-consumer-1-C-1] WARN  org.elasticsearch.client.RestClient - request [POST http://elastic-1:9200/_bulk?timeout=1m] returned 1 warnings: [299 Elasticsearch-7.13.2-4d960a0733be83dd2543ca018aa4ddc42e956800 "Elasticsearch built-in security features are not enabled. Without authentication, your cluster could be accessible to anyone. See https://www.elastic.co/guide/en/elasticsearch/reference/7.13/security-minimal-setup.html to enable security."]
2023-04-14 09:25:53 [twitter-topic-consumer-1-C-1] INFO  c.m.d.e.i.c.s.i.TwitterElasticIndexClient - Documents indexed successfully with type: com.microservices.demo.elastic.model.index.impl.TwitterIndexModel and ids: [8336366953778160180]
2023-04-14 09:25:53 [twitter-topic-consumer-1-C-1] INFO  c.m.d.k.t.e.s.c.i.TwitterKafkaConsumer - Documents saved to elasticsearch with ids 8336366953778160180
2023-04-14 09:26:03 [twitter-topic-consumer-1-C-1] INFO  c.m.d.k.t.e.s.c.i.TwitterKafkaConsumer - 1 number of message received with keys [4615400440820704833], partitions [1] and offsets [4], sending it to elastic: Thread id 53
2023-04-14 09:26:03 [twitter-topic-consumer-1-C-1] WARN  org.elasticsearch.client.RestClient - request [POST http://elastic-1:9200/_bulk?timeout=1m] returned 1 warnings: [299 Elasticsearch-7.13.2-4d960a0733be83dd2543ca018aa4ddc42e956800 "Elasticsearch built-in security features are not enabled. Without authentication, your cluster could be accessible to anyone. See https://www.elastic.co/guide/en/elasticsearch/reference/7.13/security-minimal-setup.html to enable security."]
2023-04-14 09:26:03 [twitter-topic-consumer-1-C-1] INFO  c.m.d.e.i.c.s.i.TwitterElasticIndexClient - Documents indexed successfully with type: com.microservices.demo.elastic.model.index.impl.TwitterIndexModel and ids: [1929467880893599320]
2023-04-14 09:26:03 [twitter-topic-consumer-1-C-1] INFO  c.m.d.k.t.e.s.c.i.TwitterKafkaConsumer - Documents saved to elasticsearch with ids 1929467880893599320
