2023-03-30 14:16:26 [main] INFO  c.m.d.t.t.k.s.TwitterToKafkaServiceApplication - Starting TwitterToKafkaServiceApplication v0.0.1-SNAPSHOT on 6c30748f605a with PID 1 (/workspace/BOOT-INF/classes started by cnb in /workspace)
2023-03-30 14:16:26 [main] INFO  c.m.d.t.t.k.s.TwitterToKafkaServiceApplication - No active profile set, falling back to default profiles: default
2023-03-30 14:16:28 [main] INFO  o.a.k.c.admin.AdminClientConfig - AdminClientConfig values: 
	bootstrap.servers = [kafka-broker-1:9092, kafka-broker-2:9092, kafka-broker-3:9092]
	client.dns.lookup = default
	client.id = 
	connections.max.idle.ms = 300000
	default.api.timeout.ms = 60000
	metadata.max.age.ms = 300000
	metric.reporters = []
	metrics.num.samples = 2
	metrics.recording.level = INFO
	metrics.sample.window.ms = 30000
	receive.buffer.bytes = 65536
	reconnect.backoff.max.ms = 1000
	reconnect.backoff.ms = 50
	request.timeout.ms = 30000
	retries = 2147483647
	retry.backoff.ms = 100
	sasl.client.callback.handler.class = null
	sasl.jaas.config = null
	sasl.kerberos.kinit.cmd = /usr/bin/kinit
	sasl.kerberos.min.time.before.relogin = 60000
	sasl.kerberos.service.name = null
	sasl.kerberos.ticket.renew.jitter = 0.05
	sasl.kerberos.ticket.renew.window.factor = 0.8
	sasl.login.callback.handler.class = null
	sasl.login.class = null
	sasl.login.refresh.buffer.seconds = 300
	sasl.login.refresh.min.period.seconds = 60
	sasl.login.refresh.window.factor = 0.8
	sasl.login.refresh.window.jitter = 0.05
	sasl.mechanism = GSSAPI
	security.protocol = PLAINTEXT
	security.providers = null
	send.buffer.bytes = 131072
	ssl.cipher.suites = null
	ssl.enabled.protocols = [TLSv1.2]
	ssl.endpoint.identification.algorithm = https
	ssl.key.password = null
	ssl.keymanager.algorithm = SunX509
	ssl.keystore.location = null
	ssl.keystore.password = null
	ssl.keystore.type = JKS
	ssl.protocol = TLSv1.2
	ssl.provider = null
	ssl.secure.random.implementation = null
	ssl.trustmanager.algorithm = PKIX
	ssl.truststore.location = null
	ssl.truststore.password = null
	ssl.truststore.type = JKS

2023-03-30 14:16:28 [main] INFO  o.a.kafka.common.utils.AppInfoParser - Kafka version: 2.5.1
2023-03-30 14:16:28 [main] INFO  o.a.kafka.common.utils.AppInfoParser - Kafka commitId: 0efa8fb0f4c73d92
2023-03-30 14:16:28 [main] INFO  o.a.kafka.common.utils.AppInfoParser - Kafka startTimeMs: 1680185788530
2023-03-30 14:16:28 [kafka-admin-client-thread | adminclient-1] WARN  o.apache.kafka.clients.NetworkClient - [AdminClient clientId=adminclient-1] Connection to node -3 (kafka-broker-3/172.18.0.4:9092) could not be established. Broker may not be available.
2023-03-30 14:16:28 [kafka-admin-client-thread | adminclient-1] WARN  o.apache.kafka.clients.NetworkClient - [AdminClient clientId=adminclient-1] Connection to node -1 (kafka-broker-1/172.18.0.6:9092) could not be established. Broker may not be available.
2023-03-30 14:16:28 [kafka-admin-client-thread | adminclient-1] WARN  o.apache.kafka.clients.NetworkClient - [AdminClient clientId=adminclient-1] Connection to node -2 (kafka-broker-2/172.18.0.5:9092) could not be established. Broker may not be available.
2023-03-30 14:16:28 [kafka-admin-client-thread | adminclient-1] WARN  o.apache.kafka.clients.NetworkClient - [AdminClient clientId=adminclient-1] Connection to node -1 (kafka-broker-1/172.18.0.6:9092) could not be established. Broker may not be available.
2023-03-30 14:16:28 [kafka-admin-client-thread | adminclient-1] WARN  o.apache.kafka.clients.NetworkClient - [AdminClient clientId=adminclient-1] Connection to node -2 (kafka-broker-2/172.18.0.5:9092) could not be established. Broker may not be available.
2023-03-30 14:16:28 [kafka-admin-client-thread | adminclient-1] WARN  o.apache.kafka.clients.NetworkClient - [AdminClient clientId=adminclient-1] Connection to node -3 (kafka-broker-3/172.18.0.4:9092) could not be established. Broker may not be available.
2023-03-30 14:16:28 [kafka-admin-client-thread | adminclient-1] WARN  o.apache.kafka.clients.NetworkClient - [AdminClient clientId=adminclient-1] Connection to node -3 (kafka-broker-3/172.18.0.4:9092) could not be established. Broker may not be available.
2023-03-30 14:16:28 [kafka-admin-client-thread | adminclient-1] WARN  o.apache.kafka.clients.NetworkClient - [AdminClient clientId=adminclient-1] Connection to node -1 (kafka-broker-1/172.18.0.6:9092) could not be established. Broker may not be available.
2023-03-30 14:16:28 [kafka-admin-client-thread | adminclient-1] WARN  o.apache.kafka.clients.NetworkClient - [AdminClient clientId=adminclient-1] Connection to node -2 (kafka-broker-2/172.18.0.5:9092) could not be established. Broker may not be available.
2023-03-30 14:16:29 [kafka-admin-client-thread | adminclient-1] WARN  o.apache.kafka.clients.NetworkClient - [AdminClient clientId=adminclient-1] Connection to node -3 (kafka-broker-3/172.18.0.4:9092) could not be established. Broker may not be available.
2023-03-30 14:16:29 [kafka-admin-client-thread | adminclient-1] WARN  o.apache.kafka.clients.NetworkClient - [AdminClient clientId=adminclient-1] Connection to node -2 (kafka-broker-2/172.18.0.5:9092) could not be established. Broker may not be available.
2023-03-30 14:16:29 [kafka-admin-client-thread | adminclient-1] WARN  o.apache.kafka.clients.NetworkClient - [AdminClient clientId=adminclient-1] Connection to node -1 (kafka-broker-1/172.18.0.6:9092) could not be established. Broker may not be available.
2023-03-30 14:16:29 [kafka-admin-client-thread | adminclient-1] WARN  o.apache.kafka.clients.NetworkClient - [AdminClient clientId=adminclient-1] Connection to node -3 (kafka-broker-3/172.18.0.4:9092) could not be established. Broker may not be available.
2023-03-30 14:16:29 [kafka-admin-client-thread | adminclient-1] WARN  o.apache.kafka.clients.NetworkClient - [AdminClient clientId=adminclient-1] Connection to node -2 (kafka-broker-2/172.18.0.5:9092) could not be established. Broker may not be available.
2023-03-30 14:16:29 [kafka-admin-client-thread | adminclient-1] WARN  o.apache.kafka.clients.NetworkClient - [AdminClient clientId=adminclient-1] Connection to node -1 (kafka-broker-1/172.18.0.6:9092) could not be established. Broker may not be available.
2023-03-30 14:16:30 [main] INFO  o.s.b.w.e.netty.NettyWebServer - Netty started on port(s): 8080
2023-03-30 14:16:30 [main] INFO  c.m.d.t.t.k.s.TwitterToKafkaServiceApplication - Started TwitterToKafkaServiceApplication in 3.983 seconds (JVM running for 4.689)
2023-03-30 14:16:30 [main] INFO  c.m.d.t.t.k.s.TwitterToKafkaServiceApplication - App starts...
2023-03-30 14:16:30 [main] INFO  c.m.d.k.a.client.KafkaAdminClient - Creating 1 topic(s), attempts 0
2023-03-30 14:16:30 [main] INFO  c.m.d.k.a.client.KafkaAdminClient - Create topic result [KafkaFuture{value=null,exception=null,done=false}]
2023-03-30 14:16:30 [main] INFO  c.m.d.k.a.client.KafkaAdminClient - Reading kafka topic [twitter-topic], attempt 0
2023-03-30 14:16:30 [kafka-admin-client-thread | adminclient-1] WARN  o.apache.kafka.clients.NetworkClient - [AdminClient clientId=adminclient-1] Connection to node -2 (kafka-broker-2/172.18.0.5:9092) could not be established. Broker may not be available.
2023-03-30 14:16:30 [kafka-admin-client-thread | adminclient-1] WARN  o.apache.kafka.clients.NetworkClient - [AdminClient clientId=adminclient-1] Connection to node -3 (kafka-broker-3/172.18.0.4:9092) could not be established. Broker may not be available.
2023-03-30 14:16:30 [kafka-admin-client-thread | adminclient-1] WARN  o.apache.kafka.clients.NetworkClient - [AdminClient clientId=adminclient-1] Connection to node -1 (kafka-broker-1/172.18.0.6:9092) could not be established. Broker may not be available.
2023-03-30 14:16:31 [kafka-admin-client-thread | adminclient-1] WARN  o.apache.kafka.clients.NetworkClient - [AdminClient clientId=adminclient-1] Connection to node -2 (kafka-broker-2/172.18.0.5:9092) could not be established. Broker may not be available.
2023-03-30 14:16:31 [kafka-admin-client-thread | adminclient-1] WARN  o.apache.kafka.clients.NetworkClient - [AdminClient clientId=adminclient-1] Connection to node -1 (kafka-broker-1/172.18.0.6:9092) could not be established. Broker may not be available.
2023-03-30 14:16:31 [kafka-admin-client-thread | adminclient-1] WARN  o.apache.kafka.clients.NetworkClient - [AdminClient clientId=adminclient-1] Connection to node -3 (kafka-broker-3/172.18.0.4:9092) could not be established. Broker may not be available.
2023-03-30 14:16:32 [kafka-admin-client-thread | adminclient-1] WARN  o.apache.kafka.clients.NetworkClient - [AdminClient clientId=adminclient-1] Connection to node -3 (kafka-broker-3/172.18.0.4:9092) could not be established. Broker may not be available.
2023-03-30 14:16:32 [kafka-admin-client-thread | adminclient-1] WARN  o.apache.kafka.clients.NetworkClient - [AdminClient clientId=adminclient-1] Connection to node -2 (kafka-broker-2/172.18.0.5:9092) could not be established. Broker may not be available.
2023-03-30 14:16:32 [kafka-admin-client-thread | adminclient-1] WARN  o.apache.kafka.clients.NetworkClient - [AdminClient clientId=adminclient-1] Connection to node -1 (kafka-broker-1/172.18.0.6:9092) could not be established. Broker may not be available.
2023-03-30 14:16:33 [kafka-admin-client-thread | adminclient-1] WARN  o.apache.kafka.clients.NetworkClient - [AdminClient clientId=adminclient-1] Connection to node -1 (kafka-broker-1/172.18.0.6:9092) could not be established. Broker may not be available.
2023-03-30 14:16:36 [main] INFO  c.m.d.k.a.client.KafkaAdminClient - Reading kafka topic [twitter-topic], attempt 0
2023-03-30 14:16:38 [main] INFO  c.m.d.t.t.k.s.i.i.KafkaStreamInitializer - Topics with name twitter-topic is ready for operations!
2023-03-30 14:16:38 [main] INFO  c.m.d.t.t.k.s.r.i.MockKafkaStreamRunner - Starting mock filtering twitter streams for keywords [Java, Microservices, Spring, Kafka, Elasticsearch]
2023-03-30 14:16:38 [pool-1-thread-1] INFO  c.m.d.t.t.k.s.l.TwitterKafkaStatusListener - Received status text libero elit massa amet congue congue Microservices massa massa ultricies Lorem elit sending to kafka topic twitter-topic
2023-03-30 14:16:38 [pool-1-thread-1] INFO  c.m.d.k.p.s.i.TwitterKafkaProducer - Sending message='{"userId": 8976459670381006871, "id": 8830049852403447119, "text": "libero elit massa amet congue congue Microservices massa massa ultricies Lorem elit", "createdAt": 1680185798000}' to topic='twitter-topic'
2023-03-30 14:16:38 [pool-1-thread-1] INFO  o.a.k.c.producer.ProducerConfig - ProducerConfig values: 
	acks = -1
	batch.size = 1638400
	bootstrap.servers = [kafka-broker-1:9092, kafka-broker-2:9092, kafka-broker-3:9092]
	buffer.memory = 33554432
	client.dns.lookup = default
	client.id = producer-1
	compression.type = snappy
	connections.max.idle.ms = 540000
	delivery.timeout.ms = 120000
	enable.idempotence = false
	interceptor.classes = []
	key.serializer = class org.apache.kafka.common.serialization.LongSerializer
	linger.ms = 5
	max.block.ms = 60000
	max.in.flight.requests.per.connection = 5
	max.request.size = 1048576
	metadata.max.age.ms = 300000
	metadata.max.idle.ms = 300000
	metric.reporters = []
	metrics.num.samples = 2
	metrics.recording.level = INFO
	metrics.sample.window.ms = 30000
	partitioner.class = class org.apache.kafka.clients.producer.internals.DefaultPartitioner
	receive.buffer.bytes = 32768
	reconnect.backoff.max.ms = 1000
	reconnect.backoff.ms = 50
	request.timeout.ms = 60000
	retries = 5
	retry.backoff.ms = 100
	sasl.client.callback.handler.class = null
	sasl.jaas.config = null
	sasl.kerberos.kinit.cmd = /usr/bin/kinit
	sasl.kerberos.min.time.before.relogin = 60000
	sasl.kerberos.service.name = null
	sasl.kerberos.ticket.renew.jitter = 0.05
	sasl.kerberos.ticket.renew.window.factor = 0.8
	sasl.login.callback.handler.class = null
	sasl.login.class = null
	sasl.login.refresh.buffer.seconds = 300
	sasl.login.refresh.min.period.seconds = 60
	sasl.login.refresh.window.factor = 0.8
	sasl.login.refresh.window.jitter = 0.05
	sasl.mechanism = GSSAPI
	security.protocol = PLAINTEXT
	security.providers = null
	send.buffer.bytes = 131072
	ssl.cipher.suites = null
	ssl.enabled.protocols = [TLSv1.2]
	ssl.endpoint.identification.algorithm = https
	ssl.key.password = null
	ssl.keymanager.algorithm = SunX509
	ssl.keystore.location = null
	ssl.keystore.password = null
	ssl.keystore.type = JKS
	ssl.protocol = TLSv1.2
	ssl.provider = null
	ssl.secure.random.implementation = null
	ssl.trustmanager.algorithm = PKIX
	ssl.truststore.location = null
	ssl.truststore.password = null
	ssl.truststore.type = JKS
	transaction.timeout.ms = 60000
	transactional.id = null
	value.serializer = class io.confluent.kafka.serializers.KafkaAvroSerializer

2023-03-30 14:16:38 [pool-1-thread-1] INFO  i.c.k.s.KafkaAvroSerializerConfig - KafkaAvroSerializerConfig values: 
	bearer.auth.token = [hidden]
	proxy.port = -1
	schema.reflection = false
	auto.register.schemas = true
	max.schemas.per.subject = 1000
	basic.auth.credentials.source = URL
	value.subject.name.strategy = class io.confluent.kafka.serializers.subject.TopicNameStrategy
	schema.registry.url = [http://schema-registry:8081]
	basic.auth.user.info = [hidden]
	proxy.host = 
	use.latest.version = false
	schema.registry.basic.auth.user.info = [hidden]
	bearer.auth.credentials.source = STATIC_TOKEN
	key.subject.name.strategy = class io.confluent.kafka.serializers.subject.TopicNameStrategy

2023-03-30 14:16:38 [pool-1-thread-1] WARN  o.a.k.c.producer.ProducerConfig - The configuration 'internal.auto.downgrade.txn.commit' was supplied but isn't a known config.
2023-03-30 14:16:38 [pool-1-thread-1] INFO  o.a.kafka.common.utils.AppInfoParser - Kafka version: 2.5.1
2023-03-30 14:16:38 [pool-1-thread-1] INFO  o.a.kafka.common.utils.AppInfoParser - Kafka commitId: 0efa8fb0f4c73d92
2023-03-30 14:16:38 [pool-1-thread-1] INFO  o.a.kafka.common.utils.AppInfoParser - Kafka startTimeMs: 1680185798958
2023-03-30 14:16:38 [kafka-producer-network-thread | producer-1] INFO  org.apache.kafka.clients.Metadata - [Producer clientId=producer-1] Cluster ID: _V4ZmaJ0TRatDfgxpPdTXg
2023-03-30 14:16:49 [pool-1-thread-1] INFO  c.m.d.t.t.k.s.l.TwitterKafkaStatusListener - Received status text massa consectetuer elit purus massa Microservices ipsum purus porttitor sending to kafka topic twitter-topic
2023-03-30 14:16:49 [pool-1-thread-1] INFO  c.m.d.k.p.s.i.TwitterKafkaProducer - Sending message='{"userId": 6796648822164710842, "id": 5341254727886369830, "text": "massa consectetuer elit purus massa Microservices ipsum purus porttitor", "createdAt": 1680185809000}' to topic='twitter-topic'
2023-03-30 14:16:59 [pool-1-thread-1] INFO  c.m.d.t.t.k.s.l.TwitterKafkaStatusListener - Received status text malesuada posuere Lorem purus ultricies Lorem Elasticsearch massa sed consectetuer libero Fusce sending to kafka topic twitter-topic
2023-03-30 14:16:59 [pool-1-thread-1] INFO  c.m.d.k.p.s.i.TwitterKafkaProducer - Sending message='{"userId": 1395773661682697811, "id": 415236132215012125, "text": "malesuada posuere Lorem purus ultricies Lorem Elasticsearch massa sed consectetuer libero Fusce", "createdAt": 1680185819000}' to topic='twitter-topic'
2023-03-30 14:17:09 [pool-1-thread-1] INFO  c.m.d.t.t.k.s.l.TwitterKafkaStatusListener - Received status text ultricies ultricies Fusce porttitor Kafka malesuada Maecenas lectus sending to kafka topic twitter-topic
2023-03-30 14:17:09 [pool-1-thread-1] INFO  c.m.d.k.p.s.i.TwitterKafkaProducer - Sending message='{"userId": 1875212015911200574, "id": 4774037441304432726, "text": "ultricies ultricies Fusce porttitor Kafka malesuada Maecenas lectus", "createdAt": 1680185829000}' to topic='twitter-topic'
2023-03-30 14:17:19 [pool-1-thread-1] INFO  c.m.d.t.t.k.s.l.TwitterKafkaStatusListener - Received status text magna purus posuere sit consectetuer posuere posuere Elasticsearch lectus porttitor sit malesuada porttitor Maecenas sending to kafka topic twitter-topic
2023-03-30 14:17:19 [pool-1-thread-1] INFO  c.m.d.k.p.s.i.TwitterKafkaProducer - Sending message='{"userId": 5282661535748718862, "id": 258548421016894041, "text": "magna purus posuere sit consectetuer posuere posuere Elasticsearch lectus porttitor sit malesuada porttitor Maecenas", "createdAt": 1680185839000}' to topic='twitter-topic'
2023-03-30 14:17:29 [pool-1-thread-1] INFO  c.m.d.t.t.k.s.l.TwitterKafkaStatusListener - Received status text lectus ipsum consectetuer sit Java sit Lorem porttitor sending to kafka topic twitter-topic
2023-03-30 14:17:29 [pool-1-thread-1] INFO  c.m.d.k.p.s.i.TwitterKafkaProducer - Sending message='{"userId": 2907296265437143956, "id": 8225781469523620157, "text": "lectus ipsum consectetuer sit Java sit Lorem porttitor", "createdAt": 1680185849000}' to topic='twitter-topic'
2023-03-30 14:17:39 [pool-1-thread-1] INFO  c.m.d.t.t.k.s.l.TwitterKafkaStatusListener - Received status text consectetuer sed amet lectus elit ultricies dolor Elasticsearch pulvinar ultricies lectus sit sed porttitor sending to kafka topic twitter-topic
2023-03-30 14:17:39 [pool-1-thread-1] INFO  c.m.d.k.p.s.i.TwitterKafkaProducer - Sending message='{"userId": 94871429966794151, "id": 9040955327583664092, "text": "consectetuer sed amet lectus elit ultricies dolor Elasticsearch pulvinar ultricies lectus sit sed porttitor", "createdAt": 1680185859000}' to topic='twitter-topic'
2023-03-30 14:17:49 [pool-1-thread-1] INFO  c.m.d.t.t.k.s.l.TwitterKafkaStatusListener - Received status text magna massa amet ipsum lectus sit Elasticsearch magna malesuada elit posuere pulvinar sending to kafka topic twitter-topic
2023-03-30 14:17:49 [pool-1-thread-1] INFO  c.m.d.k.p.s.i.TwitterKafkaProducer - Sending message='{"userId": 1837917447892027242, "id": 8763440807836688750, "text": "magna massa amet ipsum lectus sit Elasticsearch magna malesuada elit posuere pulvinar", "createdAt": 1680185869000}' to topic='twitter-topic'
2023-03-30 14:17:59 [pool-1-thread-1] INFO  c.m.d.t.t.k.s.l.TwitterKafkaStatusListener - Received status text Lorem amet purus ultricies porttitor dolor lectus Spring sed magna Maecenas lectus sed sending to kafka topic twitter-topic
2023-03-30 14:17:59 [pool-1-thread-1] INFO  c.m.d.k.p.s.i.TwitterKafkaProducer - Sending message='{"userId": 4786091869045605934, "id": 1702933890692875245, "text": "Lorem amet purus ultricies porttitor dolor lectus Spring sed magna Maecenas lectus sed", "createdAt": 1680185879000}' to topic='twitter-topic'
2023-03-30 14:18:09 [pool-1-thread-1] INFO  c.m.d.t.t.k.s.l.TwitterKafkaStatusListener - Received status text adipiscing sed massa purus Maecenas Java Maecenas congue posuere sending to kafka topic twitter-topic
2023-03-30 14:18:09 [pool-1-thread-1] INFO  c.m.d.k.p.s.i.TwitterKafkaProducer - Sending message='{"userId": 7817155895467890475, "id": 4043344005024748433, "text": "adipiscing sed massa purus Maecenas Java Maecenas congue posuere", "createdAt": 1680185889000}' to topic='twitter-topic'
2023-03-30 14:18:19 [pool-1-thread-1] INFO  c.m.d.t.t.k.s.l.TwitterKafkaStatusListener - Received status text pulvinar pulvinar purus amet Kafka lectus libero adipiscing sending to kafka topic twitter-topic
2023-03-30 14:18:19 [pool-1-thread-1] INFO  c.m.d.k.p.s.i.TwitterKafkaProducer - Sending message='{"userId": 7251442240508917598, "id": 1207970264920197927, "text": "pulvinar pulvinar purus amet Kafka lectus libero adipiscing", "createdAt": 1680185899000}' to topic='twitter-topic'
2023-03-30 14:18:29 [pool-1-thread-1] INFO  c.m.d.t.t.k.s.l.TwitterKafkaStatusListener - Received status text lectus sit Lorem Maecenas Lorem Elasticsearch massa dolor posuere consectetuer sending to kafka topic twitter-topic
2023-03-30 14:18:29 [pool-1-thread-1] INFO  c.m.d.k.p.s.i.TwitterKafkaProducer - Sending message='{"userId": 3174477229057010344, "id": 440042074048833940, "text": "lectus sit Lorem Maecenas Lorem Elasticsearch massa dolor posuere consectetuer", "createdAt": 1680185909000}' to topic='twitter-topic'
2023-03-30 14:18:39 [pool-1-thread-1] INFO  c.m.d.t.t.k.s.l.TwitterKafkaStatusListener - Received status text purus dolor ultricies adipiscing sit sed Elasticsearch dolor posuere posuere Fusce sending to kafka topic twitter-topic
2023-03-30 14:18:39 [pool-1-thread-1] INFO  c.m.d.k.p.s.i.TwitterKafkaProducer - Sending message='{"userId": 2801478392499984391, "id": 3298836111930159366, "text": "purus dolor ultricies adipiscing sit sed Elasticsearch dolor posuere posuere Fusce", "createdAt": 1680185919000}' to topic='twitter-topic'
2023-03-30 14:18:49 [pool-1-thread-1] INFO  c.m.d.t.t.k.s.l.TwitterKafkaStatusListener - Received status text adipiscing Fusce consectetuer consectetuer pulvinar ipsum ultricies Spring sit ultricies lectus magna malesuada magna sending to kafka topic twitter-topic
2023-03-30 14:18:49 [pool-1-thread-1] INFO  c.m.d.k.p.s.i.TwitterKafkaProducer - Sending message='{"userId": 210351051573908215, "id": 7497742533674603527, "text": "adipiscing Fusce consectetuer consectetuer pulvinar ipsum ultricies Spring sit ultricies lectus magna malesuada magna", "createdAt": 1680185929000}' to topic='twitter-topic'
2023-03-30 14:18:59 [pool-1-thread-1] INFO  c.m.d.t.t.k.s.l.TwitterKafkaStatusListener - Received status text massa amet Maecenas Elasticsearch malesuada dolor sending to kafka topic twitter-topic
2023-03-30 14:18:59 [pool-1-thread-1] INFO  c.m.d.k.p.s.i.TwitterKafkaProducer - Sending message='{"userId": 7536224751920763296, "id": 5008616748365779091, "text": "massa amet Maecenas Elasticsearch malesuada dolor", "createdAt": 1680185939000}' to topic='twitter-topic'
2023-03-30 14:19:09 [pool-1-thread-1] INFO  c.m.d.t.t.k.s.l.TwitterKafkaStatusListener - Received status text amet posuere posuere purus ipsum congue Microservices sed purus lectus libero sending to kafka topic twitter-topic
2023-03-30 14:19:09 [pool-1-thread-1] INFO  c.m.d.k.p.s.i.TwitterKafkaProducer - Sending message='{"userId": 8250637124081410517, "id": 181034620420547619, "text": "amet posuere posuere purus ipsum congue Microservices sed purus lectus libero", "createdAt": 1680185949000}' to topic='twitter-topic'
2023-03-30 14:19:19 [pool-1-thread-1] INFO  c.m.d.t.t.k.s.l.TwitterKafkaStatusListener - Received status text dolor consectetuer dolor massa Spring purus pulvinar sending to kafka topic twitter-topic
2023-03-30 14:19:19 [pool-1-thread-1] INFO  c.m.d.k.p.s.i.TwitterKafkaProducer - Sending message='{"userId": 1103419035499138017, "id": 893410763098062244, "text": "dolor consectetuer dolor massa Spring purus pulvinar", "createdAt": 1680185959000}' to topic='twitter-topic'
2023-03-30 14:19:29 [pool-1-thread-1] INFO  c.m.d.t.t.k.s.l.TwitterKafkaStatusListener - Received status text Lorem magna massa adipiscing Spring elit ipsum lectus sending to kafka topic twitter-topic
2023-03-30 14:19:29 [pool-1-thread-1] INFO  c.m.d.k.p.s.i.TwitterKafkaProducer - Sending message='{"userId": 5388145569783244220, "id": 2851663657979716955, "text": "Lorem magna massa adipiscing Spring elit ipsum lectus", "createdAt": 1680185969000}' to topic='twitter-topic'
2023-03-30 14:19:39 [pool-1-thread-1] INFO  c.m.d.t.t.k.s.l.TwitterKafkaStatusListener - Received status text Lorem dolor dolor Maecenas Spring massa consectetuer sending to kafka topic twitter-topic
2023-03-30 14:19:39 [pool-1-thread-1] INFO  c.m.d.k.p.s.i.TwitterKafkaProducer - Sending message='{"userId": 633406481716092300, "id": 401293653482387124, "text": "Lorem dolor dolor Maecenas Spring massa consectetuer", "createdAt": 1680185979000}' to topic='twitter-topic'
2023-03-30 14:19:49 [pool-1-thread-1] INFO  c.m.d.t.t.k.s.l.TwitterKafkaStatusListener - Received status text dolor sit congue pulvinar porttitor Elasticsearch posuere consectetuer Lorem sending to kafka topic twitter-topic
2023-03-30 14:19:49 [pool-1-thread-1] INFO  c.m.d.k.p.s.i.TwitterKafkaProducer - Sending message='{"userId": 7470867779937402908, "id": 4572508988051425037, "text": "dolor sit congue pulvinar porttitor Elasticsearch posuere consectetuer Lorem", "createdAt": 1680185989000}' to topic='twitter-topic'
2023-03-30 14:19:59 [pool-1-thread-1] INFO  c.m.d.t.t.k.s.l.TwitterKafkaStatusListener - Received status text porttitor ipsum Maecenas sit lectus massa malesuada Elasticsearch purus dolor pulvinar consectetuer Maecenas Lorem sending to kafka topic twitter-topic
2023-03-30 14:19:59 [pool-1-thread-1] INFO  c.m.d.k.p.s.i.TwitterKafkaProducer - Sending message='{"userId": 7190677422994252422, "id": 8735548944751741166, "text": "porttitor ipsum Maecenas sit lectus massa malesuada Elasticsearch purus dolor pulvinar consectetuer Maecenas Lorem", "createdAt": 1680185999000}' to topic='twitter-topic'
2023-03-30 14:20:09 [pool-1-thread-1] INFO  c.m.d.t.t.k.s.l.TwitterKafkaStatusListener - Received status text consectetuer porttitor magna posuere purus sed consectetuer Java congue pulvinar posuere adipiscing adipiscing ultricies sending to kafka topic twitter-topic
2023-03-30 14:20:09 [pool-1-thread-1] INFO  c.m.d.k.p.s.i.TwitterKafkaProducer - Sending message='{"userId": 6593047311956689713, "id": 477660382777999150, "text": "consectetuer porttitor magna posuere purus sed consectetuer Java congue pulvinar posuere adipiscing adipiscing ultricies", "createdAt": 1680186009000}' to topic='twitter-topic'
2023-03-30 14:20:19 [pool-1-thread-1] INFO  c.m.d.t.t.k.s.l.TwitterKafkaStatusListener - Received status text posuere libero Fusce adipiscing sed malesuada Kafka sed lectus elit purus sending to kafka topic twitter-topic
2023-03-30 14:20:19 [pool-1-thread-1] INFO  c.m.d.k.p.s.i.TwitterKafkaProducer - Sending message='{"userId": 1558035397377571747, "id": 6925088672691491084, "text": "posuere libero Fusce adipiscing sed malesuada Kafka sed lectus elit purus", "createdAt": 1680186019000}' to topic='twitter-topic'
2023-03-30 14:20:29 [pool-1-thread-1] INFO  c.m.d.t.t.k.s.l.TwitterKafkaStatusListener - Received status text posuere elit libero congue Maecenas adipiscing lectus Elasticsearch Lorem Lorem massa adipiscing ultricies sending to kafka topic twitter-topic
2023-03-30 14:20:29 [pool-1-thread-1] INFO  c.m.d.k.p.s.i.TwitterKafkaProducer - Sending message='{"userId": 2355804158414100266, "id": 5848271623378598364, "text": "posuere elit libero congue Maecenas adipiscing lectus Elasticsearch Lorem Lorem massa adipiscing ultricies", "createdAt": 1680186029000}' to topic='twitter-topic'
2023-03-30 14:20:39 [pool-1-thread-1] INFO  c.m.d.t.t.k.s.l.TwitterKafkaStatusListener - Received status text ultricies massa porttitor Maecenas posuere congue pulvinar magna Microservices elit ipsum elit Maecenas posuere amet sending to kafka topic twitter-topic
2023-03-30 14:20:39 [pool-1-thread-1] INFO  c.m.d.k.p.s.i.TwitterKafkaProducer - Sending message='{"userId": 6932769294881202261, "id": 7615039497112764247, "text": "ultricies massa porttitor Maecenas posuere congue pulvinar magna Microservices elit ipsum elit Maecenas posuere amet", "createdAt": 1680186039000}' to topic='twitter-topic'
2023-03-30 14:20:49 [pool-1-thread-1] INFO  c.m.d.t.t.k.s.l.TwitterKafkaStatusListener - Received status text posuere lectus dolor sed Java porttitor Maecenas massa sending to kafka topic twitter-topic
2023-03-30 14:20:49 [pool-1-thread-1] INFO  c.m.d.k.p.s.i.TwitterKafkaProducer - Sending message='{"userId": 631730389272182225, "id": 136036935808287084, "text": "posuere lectus dolor sed Java porttitor Maecenas massa", "createdAt": 1680186049000}' to topic='twitter-topic'
2023-03-30 14:20:59 [pool-1-thread-1] INFO  c.m.d.t.t.k.s.l.TwitterKafkaStatusListener - Received status text sit congue libero ipsum magna Microservices Fusce consectetuer posuere sending to kafka topic twitter-topic
2023-03-30 14:20:59 [pool-1-thread-1] INFO  c.m.d.k.p.s.i.TwitterKafkaProducer - Sending message='{"userId": 1598011422569606219, "id": 408181249791948830, "text": "sit congue libero ipsum magna Microservices Fusce consectetuer posuere", "createdAt": 1680186059000}' to topic='twitter-topic'
2023-03-30 14:21:09 [pool-1-thread-1] INFO  c.m.d.t.t.k.s.l.TwitterKafkaStatusListener - Received status text magna lectus porttitor libero Lorem Spring lectus sit adipiscing sending to kafka topic twitter-topic
2023-03-30 14:21:09 [pool-1-thread-1] INFO  c.m.d.k.p.s.i.TwitterKafkaProducer - Sending message='{"userId": 7686819150839046805, "id": 1474893600687031041, "text": "magna lectus porttitor libero Lorem Spring lectus sit adipiscing", "createdAt": 1680186069000}' to topic='twitter-topic'
2023-03-30 14:21:19 [pool-1-thread-1] INFO  c.m.d.t.t.k.s.l.TwitterKafkaStatusListener - Received status text elit massa pulvinar Fusce lectus pulvinar Elasticsearch pulvinar posuere posuere sit pulvinar sending to kafka topic twitter-topic
2023-03-30 14:21:19 [pool-1-thread-1] INFO  c.m.d.k.p.s.i.TwitterKafkaProducer - Sending message='{"userId": 8193577113310095401, "id": 4480170905349936067, "text": "elit massa pulvinar Fusce lectus pulvinar Elasticsearch pulvinar posuere posuere sit pulvinar", "createdAt": 1680186079000}' to topic='twitter-topic'
2023-03-30 14:21:29 [pool-1-thread-1] INFO  c.m.d.t.t.k.s.l.TwitterKafkaStatusListener - Received status text purus posuere consectetuer elit elit Java magna Lorem Fusce sending to kafka topic twitter-topic
2023-03-30 14:21:29 [pool-1-thread-1] INFO  c.m.d.k.p.s.i.TwitterKafkaProducer - Sending message='{"userId": 8280007721632328690, "id": 7974539192103306639, "text": "purus posuere consectetuer elit elit Java magna Lorem Fusce", "createdAt": 1680186089000}' to topic='twitter-topic'
2023-03-30 14:21:39 [pool-1-thread-1] INFO  c.m.d.t.t.k.s.l.TwitterKafkaStatusListener - Received status text libero ultricies magna pulvinar libero congue Lorem Java sit libero sed sit amet malesuada sending to kafka topic twitter-topic
2023-03-30 14:21:39 [pool-1-thread-1] INFO  c.m.d.k.p.s.i.TwitterKafkaProducer - Sending message='{"userId": 2189907234454804111, "id": 7501327520195489633, "text": "libero ultricies magna pulvinar libero congue Lorem Java sit libero sed sit amet malesuada", "createdAt": 1680186099000}' to topic='twitter-topic'
2023-03-30 14:21:49 [pool-1-thread-1] INFO  c.m.d.t.t.k.s.l.TwitterKafkaStatusListener - Received status text libero purus malesuada dolor posuere adipiscing Kafka pulvinar purus lectus sed ultricies sending to kafka topic twitter-topic
2023-03-30 14:21:49 [pool-1-thread-1] INFO  c.m.d.k.p.s.i.TwitterKafkaProducer - Sending message='{"userId": 2014531585028451733, "id": 286010408493482430, "text": "libero purus malesuada dolor posuere adipiscing Kafka pulvinar purus lectus sed ultricies", "createdAt": 1680186109000}' to topic='twitter-topic'
2023-03-30 14:21:59 [pool-1-thread-1] INFO  c.m.d.t.t.k.s.l.TwitterKafkaStatusListener - Received status text consectetuer adipiscing adipiscing malesuada massa massa lectus libero Spring pulvinar consectetuer amet consectetuer porttitor magna Fusce sending to kafka topic twitter-topic
2023-03-30 14:21:59 [pool-1-thread-1] INFO  c.m.d.k.p.s.i.TwitterKafkaProducer - Sending message='{"userId": 3334049052603581211, "id": 5867134734754249748, "text": "consectetuer adipiscing adipiscing malesuada massa massa lectus libero Spring pulvinar consectetuer amet consectetuer porttitor magna Fusce", "createdAt": 1680186119000}' to topic='twitter-topic'
2023-03-30 14:22:09 [pool-1-thread-1] INFO  c.m.d.t.t.k.s.l.TwitterKafkaStatusListener - Received status text sed pulvinar ultricies porttitor consectetuer Fusce congue Elasticsearch elit sed massa Lorem lectus sending to kafka topic twitter-topic
2023-03-30 14:22:09 [pool-1-thread-1] INFO  c.m.d.k.p.s.i.TwitterKafkaProducer - Sending message='{"userId": 989152007647924876, "id": 55440648215297973, "text": "sed pulvinar ultricies porttitor consectetuer Fusce congue Elasticsearch elit sed massa Lorem lectus", "createdAt": 1680186129000}' to topic='twitter-topic'
2023-03-30 14:22:19 [pool-1-thread-1] INFO  c.m.d.t.t.k.s.l.TwitterKafkaStatusListener - Received status text Lorem Lorem Fusce consectetuer lectus elit Elasticsearch elit ultricies consectetuer massa sending to kafka topic twitter-topic
2023-03-30 14:22:19 [pool-1-thread-1] INFO  c.m.d.k.p.s.i.TwitterKafkaProducer - Sending message='{"userId": 6013933200650378408, "id": 5335742641147392336, "text": "Lorem Lorem Fusce consectetuer lectus elit Elasticsearch elit ultricies consectetuer massa", "createdAt": 1680186139000}' to topic='twitter-topic'
2023-03-30 14:22:29 [pool-1-thread-1] INFO  c.m.d.t.t.k.s.l.TwitterKafkaStatusListener - Received status text sit purus Fusce malesuada sed lectus sit Spring dolor malesuada lectus libero elit sending to kafka topic twitter-topic
2023-03-30 14:22:29 [pool-1-thread-1] INFO  c.m.d.k.p.s.i.TwitterKafkaProducer - Sending message='{"userId": 6806751013678081872, "id": 5781244141465213094, "text": "sit purus Fusce malesuada sed lectus sit Spring dolor malesuada lectus libero elit", "createdAt": 1680186149000}' to topic='twitter-topic'
2023-03-30 14:22:39 [pool-1-thread-1] INFO  c.m.d.t.t.k.s.l.TwitterKafkaStatusListener - Received status text massa consectetuer malesuada sed Microservices magna consectetuer dolor sending to kafka topic twitter-topic
2023-03-30 14:22:39 [pool-1-thread-1] INFO  c.m.d.k.p.s.i.TwitterKafkaProducer - Sending message='{"userId": 2169760819086754145, "id": 3262299699918157981, "text": "massa consectetuer malesuada sed Microservices magna consectetuer dolor", "createdAt": 1680186159000}' to topic='twitter-topic'
2023-03-30 14:22:49 [pool-1-thread-1] INFO  c.m.d.t.t.k.s.l.TwitterKafkaStatusListener - Received status text Lorem sed ultricies Microservices congue porttitor sending to kafka topic twitter-topic
2023-03-30 14:22:49 [pool-1-thread-1] INFO  c.m.d.k.p.s.i.TwitterKafkaProducer - Sending message='{"userId": 8359838333185494888, "id": 2078700865068886303, "text": "Lorem sed ultricies Microservices congue porttitor", "createdAt": 1680186169000}' to topic='twitter-topic'
2023-03-30 14:22:59 [pool-1-thread-1] INFO  c.m.d.t.t.k.s.l.TwitterKafkaStatusListener - Received status text libero ultricies massa Maecenas porttitor consectetuer Java congue congue consectetuer sit Lorem sending to kafka topic twitter-topic
2023-03-30 14:22:59 [pool-1-thread-1] INFO  c.m.d.k.p.s.i.TwitterKafkaProducer - Sending message='{"userId": 4101216303361497319, "id": 3976036413385812020, "text": "libero ultricies massa Maecenas porttitor consectetuer Java congue congue consectetuer sit Lorem", "createdAt": 1680186179000}' to topic='twitter-topic'
2023-03-30 14:23:09 [pool-1-thread-1] INFO  c.m.d.t.t.k.s.l.TwitterKafkaStatusListener - Received status text Fusce amet amet sed lectus Spring amet ipsum ipsum massa sending to kafka topic twitter-topic
2023-03-30 14:23:09 [pool-1-thread-1] INFO  c.m.d.k.p.s.i.TwitterKafkaProducer - Sending message='{"userId": 4378675357920958459, "id": 6328067093634898884, "text": "Fusce amet amet sed lectus Spring amet ipsum ipsum massa", "createdAt": 1680186189000}' to topic='twitter-topic'
2023-03-30 14:23:19 [pool-1-thread-1] INFO  c.m.d.t.t.k.s.l.TwitterKafkaStatusListener - Received status text ultricies massa Lorem sit Lorem Elasticsearch Maecenas congue pulvinar magna sending to kafka topic twitter-topic
2023-03-30 14:23:19 [pool-1-thread-1] INFO  c.m.d.k.p.s.i.TwitterKafkaProducer - Sending message='{"userId": 4530364623381068888, "id": 8073972403029408061, "text": "ultricies massa Lorem sit Lorem Elasticsearch Maecenas congue pulvinar magna", "createdAt": 1680186199000}' to topic='twitter-topic'
2023-03-30 14:23:29 [pool-1-thread-1] INFO  c.m.d.t.t.k.s.l.TwitterKafkaStatusListener - Received status text consectetuer sed ipsum elit purus purus congue Microservices porttitor sit porttitor congue sed sending to kafka topic twitter-topic
2023-03-30 14:23:29 [pool-1-thread-1] INFO  c.m.d.k.p.s.i.TwitterKafkaProducer - Sending message='{"userId": 10923048023021278, "id": 4406806639861226655, "text": "consectetuer sed ipsum elit purus purus congue Microservices porttitor sit porttitor congue sed", "createdAt": 1680186209000}' to topic='twitter-topic'
2023-03-30 14:23:39 [pool-1-thread-1] INFO  c.m.d.t.t.k.s.l.TwitterKafkaStatusListener - Received status text magna malesuada sed Lorem porttitor Elasticsearch adipiscing sed dolor pulvinar sending to kafka topic twitter-topic
2023-03-30 14:23:39 [pool-1-thread-1] INFO  c.m.d.k.p.s.i.TwitterKafkaProducer - Sending message='{"userId": 8223094155276921738, "id": 4619266030528507797, "text": "magna malesuada sed Lorem porttitor Elasticsearch adipiscing sed dolor pulvinar", "createdAt": 1680186219000}' to topic='twitter-topic'
2023-03-30 14:23:49 [pool-1-thread-1] INFO  c.m.d.t.t.k.s.l.TwitterKafkaStatusListener - Received status text congue consectetuer amet libero amet Java Maecenas magna Fusce sending to kafka topic twitter-topic
2023-03-30 14:23:49 [pool-1-thread-1] INFO  c.m.d.k.p.s.i.TwitterKafkaProducer - Sending message='{"userId": 1832767506155927312, "id": 4403045792249818750, "text": "congue consectetuer amet libero amet Java Maecenas magna Fusce", "createdAt": 1680186229000}' to topic='twitter-topic'
2023-03-30 14:23:59 [pool-1-thread-1] INFO  c.m.d.t.t.k.s.l.TwitterKafkaStatusListener - Received status text libero massa pulvinar libero magna Kafka adipiscing malesuada adipiscing sending to kafka topic twitter-topic
2023-03-30 14:23:59 [pool-1-thread-1] INFO  c.m.d.k.p.s.i.TwitterKafkaProducer - Sending message='{"userId": 4995015547024397125, "id": 1807983740111868999, "text": "libero massa pulvinar libero magna Kafka adipiscing malesuada adipiscing", "createdAt": 1680186239000}' to topic='twitter-topic'
2023-03-30 14:24:09 [pool-1-thread-1] INFO  c.m.d.t.t.k.s.l.TwitterKafkaStatusListener - Received status text porttitor porttitor sit Java purus malesuada sending to kafka topic twitter-topic
2023-03-30 14:24:09 [pool-1-thread-1] INFO  c.m.d.k.p.s.i.TwitterKafkaProducer - Sending message='{"userId": 5797433090759114735, "id": 4611681523949378310, "text": "porttitor porttitor sit Java purus malesuada", "createdAt": 1680186249000}' to topic='twitter-topic'
2023-03-30 14:24:19 [pool-1-thread-1] INFO  c.m.d.t.t.k.s.l.TwitterKafkaStatusListener - Received status text dolor Lorem pulvinar ultricies sit sit Maecenas Java dolor dolor ipsum adipiscing ultricies sending to kafka topic twitter-topic
2023-03-30 14:24:19 [pool-1-thread-1] INFO  c.m.d.k.p.s.i.TwitterKafkaProducer - Sending message='{"userId": 3598071621312300813, "id": 6108157851300132992, "text": "dolor Lorem pulvinar ultricies sit sit Maecenas Java dolor dolor ipsum adipiscing ultricies", "createdAt": 1680186259000}' to topic='twitter-topic'
2023-03-30 14:24:29 [pool-1-thread-1] INFO  c.m.d.t.t.k.s.l.TwitterKafkaStatusListener - Received status text congue pulvinar amet Java purus congue sending to kafka topic twitter-topic
2023-03-30 14:24:29 [pool-1-thread-1] INFO  c.m.d.k.p.s.i.TwitterKafkaProducer - Sending message='{"userId": 8180102569489037237, "id": 4206080797542129723, "text": "congue pulvinar amet Java purus congue", "createdAt": 1680186269000}' to topic='twitter-topic'
2023-03-30 14:24:39 [pool-1-thread-1] INFO  c.m.d.t.t.k.s.l.TwitterKafkaStatusListener - Received status text porttitor Fusce massa ipsum porttitor magna amet posuere Java Lorem sit posuere malesuada ipsum elit sending to kafka topic twitter-topic
2023-03-30 14:24:39 [pool-1-thread-1] INFO  c.m.d.k.p.s.i.TwitterKafkaProducer - Sending message='{"userId": 8967582536325370800, "id": 2585524452348944969, "text": "porttitor Fusce massa ipsum porttitor magna amet posuere Java Lorem sit posuere malesuada ipsum elit", "createdAt": 1680186279000}' to topic='twitter-topic'
2023-03-30 14:24:49 [pool-1-thread-1] INFO  c.m.d.t.t.k.s.l.TwitterKafkaStatusListener - Received status text ipsum sed consectetuer Microservices magna magna sending to kafka topic twitter-topic
2023-03-30 14:24:49 [pool-1-thread-1] INFO  c.m.d.k.p.s.i.TwitterKafkaProducer - Sending message='{"userId": 980406296308912821, "id": 613506325043127171, "text": "ipsum sed consectetuer Microservices magna magna", "createdAt": 1680186289000}' to topic='twitter-topic'
2023-03-30 14:24:59 [pool-1-thread-1] INFO  c.m.d.t.t.k.s.l.TwitterKafkaStatusListener - Received status text pulvinar consectetuer sit consectetuer sit Elasticsearch purus purus magna sending to kafka topic twitter-topic
2023-03-30 14:24:59 [pool-1-thread-1] INFO  c.m.d.k.p.s.i.TwitterKafkaProducer - Sending message='{"userId": 6054330478340123517, "id": 7315238350808017609, "text": "pulvinar consectetuer sit consectetuer sit Elasticsearch purus purus magna", "createdAt": 1680186299000}' to topic='twitter-topic'
2023-03-30 14:25:09 [pool-1-thread-1] INFO  c.m.d.t.t.k.s.l.TwitterKafkaStatusListener - Received status text lectus magna Fusce malesuada consectetuer pulvinar ultricies Maecenas Spring Lorem pulvinar malesuada consectetuer amet pulvinar ultricies sending to kafka topic twitter-topic
2023-03-30 14:25:09 [pool-1-thread-1] INFO  c.m.d.k.p.s.i.TwitterKafkaProducer - Sending message='{"userId": 1766559273561962898, "id": 4374215482248848896, "text": "lectus magna Fusce malesuada consectetuer pulvinar ultricies Maecenas Spring Lorem pulvinar malesuada consectetuer amet pulvinar ultricies", "createdAt": 1680186309000}' to topic='twitter-topic'
2023-03-30 14:25:19 [pool-1-thread-1] INFO  c.m.d.t.t.k.s.l.TwitterKafkaStatusListener - Received status text pulvinar porttitor Lorem elit malesuada Kafka Lorem consectetuer libero sending to kafka topic twitter-topic
2023-03-30 14:25:19 [pool-1-thread-1] INFO  c.m.d.k.p.s.i.TwitterKafkaProducer - Sending message='{"userId": 4422572302948892984, "id": 2723512284174380371, "text": "pulvinar porttitor Lorem elit malesuada Kafka Lorem consectetuer libero", "createdAt": 1680186319000}' to topic='twitter-topic'
2023-03-30 14:25:29 [pool-1-thread-1] INFO  c.m.d.t.t.k.s.l.TwitterKafkaStatusListener - Received status text Maecenas dolor sit Fusce Kafka Maecenas Fusce sending to kafka topic twitter-topic
2023-03-30 14:25:29 [pool-1-thread-1] INFO  c.m.d.k.p.s.i.TwitterKafkaProducer - Sending message='{"userId": 1433242037547043907, "id": 3171277570567780664, "text": "Maecenas dolor sit Fusce Kafka Maecenas Fusce", "createdAt": 1680186329000}' to topic='twitter-topic'
2023-03-30 14:25:39 [pool-1-thread-1] INFO  c.m.d.t.t.k.s.l.TwitterKafkaStatusListener - Received status text sed libero sit porttitor elit consectetuer dolor Elasticsearch elit elit massa adipiscing Maecenas dolor sending to kafka topic twitter-topic
2023-03-30 14:25:39 [pool-1-thread-1] INFO  c.m.d.k.p.s.i.TwitterKafkaProducer - Sending message='{"userId": 4649164349887403001, "id": 8141020654629885733, "text": "sed libero sit porttitor elit consectetuer dolor Elasticsearch elit elit massa adipiscing Maecenas dolor", "createdAt": 1680186339000}' to topic='twitter-topic'
2023-03-30 14:25:49 [pool-1-thread-1] INFO  c.m.d.t.t.k.s.l.TwitterKafkaStatusListener - Received status text ipsum consectetuer Maecenas adipiscing Lorem adipiscing malesuada libero Spring elit ipsum Lorem lectus Lorem ultricies sit sending to kafka topic twitter-topic
2023-03-30 14:25:49 [pool-1-thread-1] INFO  c.m.d.k.p.s.i.TwitterKafkaProducer - Sending message='{"userId": 4075999203456940241, "id": 5919504333309351793, "text": "ipsum consectetuer Maecenas adipiscing Lorem adipiscing malesuada libero Spring elit ipsum Lorem lectus Lorem ultricies sit", "createdAt": 1680186349000}' to topic='twitter-topic'
2023-03-30 14:25:59 [pool-1-thread-1] INFO  c.m.d.t.t.k.s.l.TwitterKafkaStatusListener - Received status text ultricies lectus sed sed Maecenas Elasticsearch purus sed congue elit sending to kafka topic twitter-topic
2023-03-30 14:25:59 [pool-1-thread-1] INFO  c.m.d.k.p.s.i.TwitterKafkaProducer - Sending message='{"userId": 4588161627279178666, "id": 6559942744437374346, "text": "ultricies lectus sed sed Maecenas Elasticsearch purus sed congue elit", "createdAt": 1680186359000}' to topic='twitter-topic'
2023-03-30 14:26:09 [pool-1-thread-1] INFO  c.m.d.t.t.k.s.l.TwitterKafkaStatusListener - Received status text elit consectetuer dolor adipiscing porttitor dolor amet Java Lorem libero Lorem pulvinar ultricies sending to kafka topic twitter-topic
2023-03-30 14:26:09 [pool-1-thread-1] INFO  c.m.d.k.p.s.i.TwitterKafkaProducer - Sending message='{"userId": 8654101798860297115, "id": 6079027157137508819, "text": "elit consectetuer dolor adipiscing porttitor dolor amet Java Lorem libero Lorem pulvinar ultricies", "createdAt": 1680186369000}' to topic='twitter-topic'
2023-03-30 14:26:19 [pool-1-thread-1] INFO  c.m.d.t.t.k.s.l.TwitterKafkaStatusListener - Received status text Maecenas consectetuer pulvinar libero magna Kafka massa malesuada congue sending to kafka topic twitter-topic
2023-03-30 14:26:19 [pool-1-thread-1] INFO  c.m.d.k.p.s.i.TwitterKafkaProducer - Sending message='{"userId": 3810698484092844327, "id": 1229144398786826651, "text": "Maecenas consectetuer pulvinar libero magna Kafka massa malesuada congue", "createdAt": 1680186379000}' to topic='twitter-topic'
2023-03-30 14:26:29 [pool-1-thread-1] INFO  c.m.d.t.t.k.s.l.TwitterKafkaStatusListener - Received status text adipiscing ultricies pulvinar magna libero ultricies purus Kafka purus amet ultricies posuere magna Maecenas sending to kafka topic twitter-topic
2023-03-30 14:26:29 [pool-1-thread-1] INFO  c.m.d.k.p.s.i.TwitterKafkaProducer - Sending message='{"userId": 8250041143274460064, "id": 6757085928143492091, "text": "adipiscing ultricies pulvinar magna libero ultricies purus Kafka purus amet ultricies posuere magna Maecenas", "createdAt": 1680186389000}' to topic='twitter-topic'
2023-03-30 14:26:39 [pool-1-thread-1] INFO  c.m.d.t.t.k.s.l.TwitterKafkaStatusListener - Received status text pulvinar magna sed sed Microservices dolor adipiscing magna sending to kafka topic twitter-topic
2023-03-30 14:26:39 [pool-1-thread-1] INFO  c.m.d.k.p.s.i.TwitterKafkaProducer - Sending message='{"userId": 7961960245505831268, "id": 667698236897502468, "text": "pulvinar magna sed sed Microservices dolor adipiscing magna", "createdAt": 1680186399000}' to topic='twitter-topic'
2023-03-30 14:26:49 [pool-1-thread-1] INFO  c.m.d.t.t.k.s.l.TwitterKafkaStatusListener - Received status text posuere consectetuer sit Spring sed posuere sending to kafka topic twitter-topic
2023-03-30 14:26:49 [pool-1-thread-1] INFO  c.m.d.k.p.s.i.TwitterKafkaProducer - Sending message='{"userId": 5265446688563957075, "id": 4187517847528964526, "text": "posuere consectetuer sit Spring sed posuere", "createdAt": 1680186409000}' to topic='twitter-topic'
2023-03-30 14:26:59 [pool-1-thread-1] INFO  c.m.d.t.t.k.s.l.TwitterKafkaStatusListener - Received status text magna ipsum dolor porttitor Maecenas Spring lectus purus congue Fusce sending to kafka topic twitter-topic
2023-03-30 14:26:59 [pool-1-thread-1] INFO  c.m.d.k.p.s.i.TwitterKafkaProducer - Sending message='{"userId": 3443770241098462264, "id": 2530455139845303482, "text": "magna ipsum dolor porttitor Maecenas Spring lectus purus congue Fusce", "createdAt": 1680186419000}' to topic='twitter-topic'
2023-03-30 14:27:09 [pool-1-thread-1] INFO  c.m.d.t.t.k.s.l.TwitterKafkaStatusListener - Received status text porttitor porttitor lectus magna adipiscing Kafka Fusce elit sed adipiscing sending to kafka topic twitter-topic
2023-03-30 14:27:09 [pool-1-thread-1] INFO  c.m.d.k.p.s.i.TwitterKafkaProducer - Sending message='{"userId": 9063643385741434759, "id": 8083346585748821043, "text": "porttitor porttitor lectus magna adipiscing Kafka Fusce elit sed adipiscing", "createdAt": 1680186429000}' to topic='twitter-topic'
2023-03-30 14:27:19 [pool-1-thread-1] INFO  c.m.d.t.t.k.s.l.TwitterKafkaStatusListener - Received status text ipsum congue porttitor Elasticsearch adipiscing pulvinar sending to kafka topic twitter-topic
2023-03-30 14:27:19 [pool-1-thread-1] INFO  c.m.d.k.p.s.i.TwitterKafkaProducer - Sending message='{"userId": 8468263690998305767, "id": 6121232250762713950, "text": "ipsum congue porttitor Elasticsearch adipiscing pulvinar", "createdAt": 1680186439000}' to topic='twitter-topic'
2023-03-30 14:27:29 [pool-1-thread-1] INFO  c.m.d.t.t.k.s.l.TwitterKafkaStatusListener - Received status text ultricies consectetuer magna dolor Lorem magna Elasticsearch ipsum ipsum sit sit posuere sending to kafka topic twitter-topic
2023-03-30 14:27:29 [pool-1-thread-1] INFO  c.m.d.k.p.s.i.TwitterKafkaProducer - Sending message='{"userId": 5783482013950048666, "id": 8598786377439819929, "text": "ultricies consectetuer magna dolor Lorem magna Elasticsearch ipsum ipsum sit sit posuere", "createdAt": 1680186449000}' to topic='twitter-topic'
2023-03-30 14:27:39 [pool-1-thread-1] INFO  c.m.d.t.t.k.s.l.TwitterKafkaStatusListener - Received status text congue massa ultricies Maecenas congue magna Java consectetuer lectus ultricies magna sending to kafka topic twitter-topic
2023-03-30 14:27:39 [pool-1-thread-1] INFO  c.m.d.k.p.s.i.TwitterKafkaProducer - Sending message='{"userId": 1668715935864345912, "id": 8227649549006554400, "text": "congue massa ultricies Maecenas congue magna Java consectetuer lectus ultricies magna", "createdAt": 1680186459000}' to topic='twitter-topic'
2023-03-30 14:27:49 [pool-1-thread-1] INFO  c.m.d.t.t.k.s.l.TwitterKafkaStatusListener - Received status text Maecenas adipiscing malesuada pulvinar posuere amet magna Kafka congue posuere amet ultricies amet sending to kafka topic twitter-topic
2023-03-30 14:27:49 [pool-1-thread-1] INFO  c.m.d.k.p.s.i.TwitterKafkaProducer - Sending message='{"userId": 2113337785133345640, "id": 1344341165444415307, "text": "Maecenas adipiscing malesuada pulvinar posuere amet magna Kafka congue posuere amet ultricies amet", "createdAt": 1680186469000}' to topic='twitter-topic'
2023-03-30 14:27:59 [pool-1-thread-1] INFO  c.m.d.t.t.k.s.l.TwitterKafkaStatusListener - Received status text posuere adipiscing massa adipiscing Spring consectetuer magna sending to kafka topic twitter-topic
2023-03-30 14:27:59 [pool-1-thread-1] INFO  c.m.d.k.p.s.i.TwitterKafkaProducer - Sending message='{"userId": 5455601755163499269, "id": 3549332099664929054, "text": "posuere adipiscing massa adipiscing Spring consectetuer magna", "createdAt": 1680186479000}' to topic='twitter-topic'
2023-03-30 14:28:09 [SpringContextShutdownHook] INFO  c.m.d.k.p.s.i.TwitterKafkaProducer - Closing kafka producer!
2023-03-30 14:28:09 [SpringContextShutdownHook] INFO  o.a.k.clients.producer.KafkaProducer - [Producer clientId=producer-1] Closing the Kafka producer with timeoutMillis = 30000 ms.
2023-03-30 14:28:09 [pool-1-thread-1] INFO  c.m.d.t.t.k.s.l.TwitterKafkaStatusListener - Received status text Maecenas massa pulvinar purus massa malesuada Kafka elit magna sit adipiscing libero sending to kafka topic twitter-topic
2023-03-30 14:28:09 [pool-1-thread-1] INFO  c.m.d.k.p.s.i.TwitterKafkaProducer - Sending message='{"userId": 8451815748090240928, "id": 6833426719390818817, "text": "Maecenas massa pulvinar purus massa malesuada Kafka elit magna sit adipiscing libero", "createdAt": 1680186489000}' to topic='twitter-topic'
2023-03-30 14:28:09 [pool-1-thread-1] INFO  o.a.k.c.producer.ProducerConfig - ProducerConfig values: 
	acks = -1
	batch.size = 1638400
	bootstrap.servers = [kafka-broker-1:9092, kafka-broker-2:9092, kafka-broker-3:9092]
	buffer.memory = 33554432
	client.dns.lookup = default
	client.id = producer-2
	compression.type = snappy
	connections.max.idle.ms = 540000
	delivery.timeout.ms = 120000
	enable.idempotence = false
	interceptor.classes = []
	key.serializer = class org.apache.kafka.common.serialization.LongSerializer
	linger.ms = 5
	max.block.ms = 60000
	max.in.flight.requests.per.connection = 5
	max.request.size = 1048576
	metadata.max.age.ms = 300000
	metadata.max.idle.ms = 300000
	metric.reporters = []
	metrics.num.samples = 2
	metrics.recording.level = INFO
	metrics.sample.window.ms = 30000
	partitioner.class = class org.apache.kafka.clients.producer.internals.DefaultPartitioner
	receive.buffer.bytes = 32768
	reconnect.backoff.max.ms = 1000
	reconnect.backoff.ms = 50
	request.timeout.ms = 60000
	retries = 5
	retry.backoff.ms = 100
	sasl.client.callback.handler.class = null
	sasl.jaas.config = null
	sasl.kerberos.kinit.cmd = /usr/bin/kinit
	sasl.kerberos.min.time.before.relogin = 60000
	sasl.kerberos.service.name = null
	sasl.kerberos.ticket.renew.jitter = 0.05
	sasl.kerberos.ticket.renew.window.factor = 0.8
	sasl.login.callback.handler.class = null
	sasl.login.class = null
	sasl.login.refresh.buffer.seconds = 300
	sasl.login.refresh.min.period.seconds = 60
	sasl.login.refresh.window.factor = 0.8
	sasl.login.refresh.window.jitter = 0.05
	sasl.mechanism = GSSAPI
	security.protocol = PLAINTEXT
	security.providers = null
	send.buffer.bytes = 131072
	ssl.cipher.suites = null
	ssl.enabled.protocols = [TLSv1.2]
	ssl.endpoint.identification.algorithm = https
	ssl.key.password = null
	ssl.keymanager.algorithm = SunX509
	ssl.keystore.location = null
	ssl.keystore.password = null
	ssl.keystore.type = JKS
	ssl.protocol = TLSv1.2
	ssl.provider = null
	ssl.secure.random.implementation = null
	ssl.trustmanager.algorithm = PKIX
	ssl.truststore.location = null
	ssl.truststore.password = null
	ssl.truststore.type = JKS
	transaction.timeout.ms = 60000
	transactional.id = null
	value.serializer = class io.confluent.kafka.serializers.KafkaAvroSerializer

2023-03-30 14:28:09 [pool-1-thread-1] INFO  i.c.k.s.KafkaAvroSerializerConfig - KafkaAvroSerializerConfig values: 
	bearer.auth.token = [hidden]
	proxy.port = -1
	schema.reflection = false
	auto.register.schemas = true
	max.schemas.per.subject = 1000
	basic.auth.credentials.source = URL
	value.subject.name.strategy = class io.confluent.kafka.serializers.subject.TopicNameStrategy
	schema.registry.url = [http://schema-registry:8081]
	basic.auth.user.info = [hidden]
	proxy.host = 
	use.latest.version = false
	schema.registry.basic.auth.user.info = [hidden]
	bearer.auth.credentials.source = STATIC_TOKEN
	key.subject.name.strategy = class io.confluent.kafka.serializers.subject.TopicNameStrategy

2023-03-30 14:28:09 [pool-1-thread-1] WARN  o.a.k.c.producer.ProducerConfig - The configuration 'internal.auto.downgrade.txn.commit' was supplied but isn't a known config.
2023-03-30 14:28:09 [pool-1-thread-1] INFO  o.a.kafka.common.utils.AppInfoParser - Kafka version: 2.5.1
2023-03-30 14:28:09 [pool-1-thread-1] INFO  o.a.kafka.common.utils.AppInfoParser - Kafka commitId: 0efa8fb0f4c73d92
2023-03-30 14:28:09 [pool-1-thread-1] INFO  o.a.kafka.common.utils.AppInfoParser - Kafka startTimeMs: 1680186489829
2023-03-30 14:28:09 [kafka-producer-network-thread | producer-2] INFO  org.apache.kafka.clients.Metadata - [Producer clientId=producer-2] Cluster ID: _V4ZmaJ0TRatDfgxpPdTXg
